2023:04:12 10:26:21.078 [background-preinit] INFO  org.hibernate.validator.internal.util.Version - HV000001: Hibernate Validator 8.0.0.Final
2023:04:12 10:26:21.160 [restartedMain] INFO  com.nnk.springboot.Application - Starting Application using Java 19.0.2 with PID 13088 (C:\Users\ebonn\projets\Poseidon\Poseiden-skeleton\target\classes started by ebonn in C:\Users\ebonn\projets\Poseidon)
2023:04:12 10:26:21.168 [restartedMain] INFO  com.nnk.springboot.Application - No active profile set, falling back to 1 default profile: "default"
2023:04:12 10:26:21.274 [restartedMain] INFO  org.springframework.boot.devtools.env.DevToolsPropertyDefaultsPostProcessor - Devtools property defaults active! Set 'spring.devtools.add-properties' to 'false' to disable
2023:04:12 10:26:21.276 [restartedMain] INFO  org.springframework.boot.devtools.env.DevToolsPropertyDefaultsPostProcessor - For additional web related logging consider setting the 'logging.level.web' property to 'DEBUG'
2023:04:12 10:26:22.830 [restartedMain] INFO  org.springframework.data.repository.config.RepositoryConfigurationDelegate - Bootstrapping Spring Data JPA repositories in DEFAULT mode.
2023:04:12 10:26:22.988 [restartedMain] INFO  org.springframework.data.repository.config.RepositoryConfigurationDelegate - Finished Spring Data repository scanning in 128 ms. Found 6 JPA repository interfaces.
2023:04:12 10:26:24.216 [restartedMain] INFO  org.springframework.boot.web.embedded.tomcat.TomcatWebServer - Tomcat initialized with port(s): 8080 (http)
2023:04:12 10:26:24.247 [restartedMain] INFO  org.apache.coyote.http11.Http11NioProtocol - Initializing ProtocolHandler ["http-nio-8080"]
2023:04:12 10:26:24.249 [restartedMain] INFO  org.apache.catalina.core.StandardService - Starting service [Tomcat]
2023:04:12 10:26:24.250 [restartedMain] INFO  org.apache.catalina.core.StandardEngine - Starting Servlet engine: [Apache Tomcat/10.1.1]
2023:04:12 10:26:24.395 [restartedMain] INFO  org.apache.catalina.core.ContainerBase.[Tomcat].[localhost].[/] - Initializing Spring embedded WebApplicationContext
2023:04:12 10:26:24.398 [restartedMain] INFO  org.springframework.boot.web.servlet.context.ServletWebServerApplicationContext - Root WebApplicationContext: initialization completed in 3118 ms
2023:04:12 10:26:24.559 [restartedMain] WARN  org.apache.catalina.core.ContainerBase.[Tomcat].[localhost].[/] - Cannot deserialize session attribute [SPRING_SECURITY_CONTEXT] for session [0053DB94E384C815C2FA51C251340D2E]
2023:04:12 10:26:24.562 [restartedMain] ERROR org.apache.catalina.session.StandardManager - Exception loading sessions from persistent storage
java.lang.ClassCastException: class java.io.ObjectStreamClass cannot be cast to class java.lang.String (java.io.ObjectStreamClass and java.lang.String are in module java.base of loader 'bootstrap')
	at java.io.ObjectInputStream.readTypeString(ObjectInputStream.java:1837) ~[?:?]
	at java.io.ObjectStreamClass.readNonProxy(ObjectStreamClass.java:708) ~[?:?]
	at java.io.ObjectInputStream.readClassDescriptor(ObjectInputStream.java:1012) ~[?:?]
	at java.io.ObjectInputStream.readNonProxyDesc(ObjectInputStream.java:2048) ~[?:?]
	at java.io.ObjectInputStream.readClassDesc(ObjectInputStream.java:1925) ~[?:?]
	at java.io.ObjectInputStream.readOrdinaryObject(ObjectInputStream.java:2248) ~[?:?]
	at java.io.ObjectInputStream.readObject0(ObjectInputStream.java:1760) ~[?:?]
	at java.io.ObjectInputStream.readObject(ObjectInputStream.java:538) ~[?:?]
	at java.io.ObjectInputStream.readObject(ObjectInputStream.java:496) ~[?:?]
	at org.apache.catalina.session.StandardSession.doReadObject(StandardSession.java:1505) ~[tomcat-embed-core-10.1.1.jar:10.1.1]
	at org.apache.catalina.session.StandardSession.readObjectData(StandardSession.java:1033) ~[tomcat-embed-core-10.1.1.jar:10.1.1]
	at org.apache.catalina.session.StandardManager.doLoad(StandardManager.java:219) ~[tomcat-embed-core-10.1.1.jar:10.1.1]
	at org.apache.catalina.session.StandardManager.load(StandardManager.java:162) ~[tomcat-embed-core-10.1.1.jar:10.1.1]
	at org.apache.catalina.session.StandardManager.startInternal(StandardManager.java:356) ~[tomcat-embed-core-10.1.1.jar:10.1.1]
	at org.apache.catalina.util.LifecycleBase.start(LifecycleBase.java:183) ~[tomcat-embed-core-10.1.1.jar:10.1.1]
	at org.apache.catalina.core.StandardContext.startInternal(StandardContext.java:5181) ~[tomcat-embed-core-10.1.1.jar:10.1.1]
	at org.apache.catalina.util.LifecycleBase.start(LifecycleBase.java:183) ~[tomcat-embed-core-10.1.1.jar:10.1.1]
	at org.apache.catalina.core.ContainerBase$StartChild.call(ContainerBase.java:1396) ~[tomcat-embed-core-10.1.1.jar:10.1.1]
	at org.apache.catalina.core.ContainerBase$StartChild.call(ContainerBase.java:1386) ~[tomcat-embed-core-10.1.1.jar:10.1.1]
	at java.util.concurrent.FutureTask.run(FutureTask.java:317) ~[?:?]
	at org.apache.tomcat.util.threads.InlineExecutorService.execute(InlineExecutorService.java:75) ~[tomcat-embed-core-10.1.1.jar:10.1.1]
	at java.util.concurrent.AbstractExecutorService.submit(AbstractExecutorService.java:145) ~[?:?]
	at org.apache.catalina.core.ContainerBase.startInternal(ContainerBase.java:919) ~[tomcat-embed-core-10.1.1.jar:10.1.1]
	at org.apache.catalina.core.StandardHost.startInternal(StandardHost.java:886) ~[tomcat-embed-core-10.1.1.jar:10.1.1]
	at org.apache.catalina.util.LifecycleBase.start(LifecycleBase.java:183) ~[tomcat-embed-core-10.1.1.jar:10.1.1]
	at org.apache.catalina.core.ContainerBase$StartChild.call(ContainerBase.java:1396) ~[tomcat-embed-core-10.1.1.jar:10.1.1]
	at org.apache.catalina.core.ContainerBase$StartChild.call(ContainerBase.java:1386) ~[tomcat-embed-core-10.1.1.jar:10.1.1]
	at java.util.concurrent.FutureTask.run(FutureTask.java:317) ~[?:?]
	at org.apache.tomcat.util.threads.InlineExecutorService.execute(InlineExecutorService.java:75) ~[tomcat-embed-core-10.1.1.jar:10.1.1]
	at java.util.concurrent.AbstractExecutorService.submit(AbstractExecutorService.java:145) ~[?:?]
	at org.apache.catalina.core.ContainerBase.startInternal(ContainerBase.java:919) ~[tomcat-embed-core-10.1.1.jar:10.1.1]
	at org.apache.catalina.core.StandardEngine.startInternal(StandardEngine.java:252) ~[tomcat-embed-core-10.1.1.jar:10.1.1]
	at org.apache.catalina.util.LifecycleBase.start(LifecycleBase.java:183) ~[tomcat-embed-core-10.1.1.jar:10.1.1]
	at org.apache.catalina.core.StandardService.startInternal(StandardService.java:432) ~[tomcat-embed-core-10.1.1.jar:10.1.1]
	at org.apache.catalina.util.LifecycleBase.start(LifecycleBase.java:183) ~[tomcat-embed-core-10.1.1.jar:10.1.1]
	at org.apache.catalina.core.StandardServer.startInternal(StandardServer.java:926) ~[tomcat-embed-core-10.1.1.jar:10.1.1]
	at org.apache.catalina.util.LifecycleBase.start(LifecycleBase.java:183) ~[tomcat-embed-core-10.1.1.jar:10.1.1]
	at org.apache.catalina.startup.Tomcat.start(Tomcat.java:485) ~[tomcat-embed-core-10.1.1.jar:10.1.1]
	at org.springframework.boot.web.embedded.tomcat.TomcatWebServer.initialize(TomcatWebServer.java:129) ~[spring-boot-3.0.0.jar:3.0.0]
	at org.springframework.boot.web.embedded.tomcat.TomcatWebServer.<init>(TomcatWebServer.java:110) ~[spring-boot-3.0.0.jar:3.0.0]
	at org.springframework.boot.web.embedded.tomcat.TomcatServletWebServerFactory.getTomcatWebServer(TomcatServletWebServerFactory.java:486) ~[spring-boot-3.0.0.jar:3.0.0]
	at org.springframework.boot.web.embedded.tomcat.TomcatServletWebServerFactory.getWebServer(TomcatServletWebServerFactory.java:210) ~[spring-boot-3.0.0.jar:3.0.0]
	at org.springframework.boot.web.servlet.context.ServletWebServerApplicationContext.createWebServer(ServletWebServerApplicationContext.java:183) ~[spring-boot-3.0.0.jar:3.0.0]
	at org.springframework.boot.web.servlet.context.ServletWebServerApplicationContext.onRefresh(ServletWebServerApplicationContext.java:161) ~[spring-boot-3.0.0.jar:3.0.0]
	at org.springframework.context.support.AbstractApplicationContext.refresh(AbstractApplicationContext.java:578) ~[spring-context-6.0.2.jar:6.0.2]
	at org.springframework.boot.web.servlet.context.ServletWebServerApplicationContext.refresh(ServletWebServerApplicationContext.java:146) ~[spring-boot-3.0.0.jar:3.0.0]
	at org.springframework.boot.SpringApplication.refresh(SpringApplication.java:730) ~[spring-boot-3.0.0.jar:3.0.0]
	at org.springframework.boot.SpringApplication.refreshContext(SpringApplication.java:432) ~[spring-boot-3.0.0.jar:3.0.0]
	at org.springframework.boot.SpringApplication.run(SpringApplication.java:308) ~[spring-boot-3.0.0.jar:3.0.0]
	at org.springframework.boot.SpringApplication.run(SpringApplication.java:1302) ~[spring-boot-3.0.0.jar:3.0.0]
	at org.springframework.boot.SpringApplication.run(SpringApplication.java:1291) ~[spring-boot-3.0.0.jar:3.0.0]
	at com.nnk.springboot.Application.main(Application.java:11) ~[classes/:?]
	at jdk.internal.reflect.DirectMethodHandleAccessor.invoke(DirectMethodHandleAccessor.java:104) ~[?:?]
	at java.lang.reflect.Method.invoke(Method.java:578) ~[?:?]
	at org.springframework.boot.devtools.restart.RestartLauncher.run(RestartLauncher.java:49) ~[spring-boot-devtools-3.0.0.jar:3.0.0]
2023:04:12 10:26:24.865 [restartedMain] INFO  org.hibernate.jpa.internal.util.LogHelper - HHH000204: Processing PersistenceUnitInfo [name: default]
2023:04:12 10:26:25.037 [restartedMain] INFO  org.hibernate.Version - HHH000412: Hibernate ORM core version 6.1.5.Final
2023:04:12 10:26:25.406 [restartedMain] WARN  org.hibernate.orm.deprecation - HHH90000021: Encountered deprecated setting [javax.persistence.sharedCache.mode], use [jakarta.persistence.sharedCache.mode] instead
2023:04:12 10:26:25.588 [restartedMain] INFO  com.zaxxer.hikari.HikariDataSource - HikariPool-1 - Starting...
2023:04:12 10:26:26.137 [restartedMain] INFO  com.zaxxer.hikari.pool.HikariPool - HikariPool-1 - Added connection com.mysql.cj.jdbc.ConnectionImpl@24b5d3c0
2023:04:12 10:26:26.139 [restartedMain] INFO  com.zaxxer.hikari.HikariDataSource - HikariPool-1 - Start completed.
2023:04:12 10:26:26.241 [restartedMain] INFO  SQL dialect - HHH000400: Using dialect: org.hibernate.dialect.MySQLDialect
2023:04:12 10:26:27.868 [restartedMain] INFO  org.hibernate.engine.transaction.jta.platform.internal.JtaPlatformInitiator - HHH000490: Using JtaPlatform implementation: [org.hibernate.engine.transaction.jta.platform.internal.NoJtaPlatform]
2023:04:12 10:26:27.877 [restartedMain] INFO  org.springframework.orm.jpa.LocalContainerEntityManagerFactoryBean - Initialized JPA EntityManagerFactory for persistence unit 'default'
2023:04:12 10:26:28.704 [restartedMain] WARN  org.springframework.boot.autoconfigure.orm.jpa.JpaBaseConfiguration$JpaWebConfiguration - spring.jpa.open-in-view is enabled by default. Therefore, database queries may be performed during view rendering. Explicitly configure spring.jpa.open-in-view to disable this warning
2023:04:12 10:26:29.392 [restartedMain] INFO  org.springframework.security.web.DefaultSecurityFilterChain - Will secure any request with [org.springframework.security.web.session.DisableEncodeUrlFilter@fbda4bb, org.springframework.security.web.context.request.async.WebAsyncManagerIntegrationFilter@4ee50e49, org.springframework.security.web.context.SecurityContextHolderFilter@b13a3fb, org.springframework.security.web.header.HeaderWriterFilter@289f1a23, org.springframework.security.web.csrf.CsrfFilter@7c4a4bcb, org.springframework.security.web.authentication.logout.LogoutFilter@6c0b556c, org.springframework.security.oauth2.client.web.OAuth2AuthorizationRequestRedirectFilter@4902456b, org.springframework.security.oauth2.client.web.OAuth2LoginAuthenticationFilter@1481a27, org.springframework.security.web.authentication.UsernamePasswordAuthenticationFilter@25f8a7ee, org.springframework.security.web.authentication.ui.DefaultLoginPageGeneratingFilter@209505d8, org.springframework.security.web.authentication.ui.DefaultLogoutPageGeneratingFilter@45273013, org.springframework.security.web.authentication.www.BasicAuthenticationFilter@29502bac, org.springframework.security.web.savedrequest.RequestCacheAwareFilter@138be1ec, org.springframework.security.web.servletapi.SecurityContextHolderAwareRequestFilter@6801481d, org.springframework.security.web.authentication.AnonymousAuthenticationFilter@1affcd1, org.springframework.security.web.access.ExceptionTranslationFilter@1e0119d4, org.springframework.security.web.access.intercept.AuthorizationFilter@7c1829a5]
2023:04:12 10:26:29.832 [restartedMain] INFO  org.springframework.boot.devtools.autoconfigure.OptionalLiveReloadServer - LiveReload server is running on port 35729
2023:04:12 10:26:29.852 [restartedMain] INFO  org.apache.coyote.http11.Http11NioProtocol - Starting ProtocolHandler ["http-nio-8080"]
2023:04:12 10:26:29.900 [restartedMain] INFO  org.springframework.boot.web.embedded.tomcat.TomcatWebServer - Tomcat started on port(s): 8080 (http) with context path ''
2023:04:12 10:26:29.913 [restartedMain] INFO  com.nnk.springboot.Application - Started Application in 9.395 seconds (process running for 11.171)
2023:04:12 10:27:07.720 [http-nio-8080-exec-2] INFO  org.apache.catalina.core.ContainerBase.[Tomcat].[localhost].[/] - Initializing Spring DispatcherServlet 'dispatcherServlet'
2023:04:12 10:27:07.721 [http-nio-8080-exec-2] INFO  org.springframework.web.servlet.DispatcherServlet - Initializing Servlet 'dispatcherServlet'
2023:04:12 10:27:07.724 [http-nio-8080-exec-2] INFO  org.springframework.web.servlet.DispatcherServlet - Completed initialization in 3 ms
2023:04:12 10:27:37.959 [http-nio-8080-exec-7] INFO  com.nnk.springboot.MyAppLogger - user not found
2023:04:12 10:27:38.075 [http-nio-8080-exec-7] INFO  com.nnk.springboot.MyAppLogger - user not found
2023:04:12 10:34:00.116 [SpringApplicationShutdownHook] INFO  org.springframework.orm.jpa.LocalContainerEntityManagerFactoryBean - Closing JPA EntityManagerFactory for persistence unit 'default'
2023:04:12 10:34:00.122 [SpringApplicationShutdownHook] INFO  com.zaxxer.hikari.HikariDataSource - HikariPool-1 - Shutdown initiated...
2023:04:12 10:34:00.139 [SpringApplicationShutdownHook] INFO  com.zaxxer.hikari.HikariDataSource - HikariPool-1 - Shutdown completed.
2023:04:12 12:46:14.222 [background-preinit] INFO  org.hibernate.validator.internal.util.Version - HV000001: Hibernate Validator 8.0.0.Final
2023:04:12 12:46:14.269 [restartedMain] INFO  com.nnk.springboot.Application - Starting Application using Java 19.0.2 with PID 23384 (C:\Users\ebonn\projets\Poseidon\Poseiden-skeleton\target\classes started by ebonn in C:\Users\ebonn\projets\Poseidon)
2023:04:12 12:46:14.275 [restartedMain] INFO  com.nnk.springboot.Application - No active profile set, falling back to 1 default profile: "default"
2023:04:12 12:46:14.346 [restartedMain] INFO  org.springframework.boot.devtools.env.DevToolsPropertyDefaultsPostProcessor - Devtools property defaults active! Set 'spring.devtools.add-properties' to 'false' to disable
2023:04:12 12:46:14.346 [restartedMain] INFO  org.springframework.boot.devtools.env.DevToolsPropertyDefaultsPostProcessor - For additional web related logging consider setting the 'logging.level.web' property to 'DEBUG'
2023:04:12 12:46:15.441 [restartedMain] INFO  org.springframework.data.repository.config.RepositoryConfigurationDelegate - Bootstrapping Spring Data JPA repositories in DEFAULT mode.
2023:04:12 12:46:15.527 [restartedMain] INFO  org.springframework.data.repository.config.RepositoryConfigurationDelegate - Finished Spring Data repository scanning in 75 ms. Found 6 JPA repository interfaces.
2023:04:12 12:46:16.524 [restartedMain] INFO  org.springframework.boot.web.embedded.tomcat.TomcatWebServer - Tomcat initialized with port(s): 8080 (http)
2023:04:12 12:46:16.549 [restartedMain] INFO  org.apache.coyote.http11.Http11NioProtocol - Initializing ProtocolHandler ["http-nio-8080"]
2023:04:12 12:46:16.552 [restartedMain] INFO  org.apache.catalina.core.StandardService - Starting service [Tomcat]
2023:04:12 12:46:16.557 [restartedMain] INFO  org.apache.catalina.core.StandardEngine - Starting Servlet engine: [Apache Tomcat/10.1.1]
2023:04:12 12:46:16.676 [restartedMain] INFO  org.apache.catalina.core.ContainerBase.[Tomcat].[localhost].[/] - Initializing Spring embedded WebApplicationContext
2023:04:12 12:46:16.681 [restartedMain] INFO  org.springframework.boot.web.servlet.context.ServletWebServerApplicationContext - Root WebApplicationContext: initialization completed in 2328 ms
2023:04:12 12:46:17.052 [restartedMain] INFO  org.hibernate.jpa.internal.util.LogHelper - HHH000204: Processing PersistenceUnitInfo [name: default]
2023:04:12 12:46:17.134 [restartedMain] INFO  org.hibernate.Version - HHH000412: Hibernate ORM core version 6.1.5.Final
2023:04:12 12:46:17.393 [restartedMain] WARN  org.hibernate.orm.deprecation - HHH90000021: Encountered deprecated setting [javax.persistence.sharedCache.mode], use [jakarta.persistence.sharedCache.mode] instead
2023:04:12 12:46:17.528 [restartedMain] INFO  com.zaxxer.hikari.HikariDataSource - HikariPool-1 - Starting...
2023:04:12 12:46:17.855 [restartedMain] INFO  com.zaxxer.hikari.pool.HikariPool - HikariPool-1 - Added connection com.mysql.cj.jdbc.ConnectionImpl@2b106511
2023:04:12 12:46:17.857 [restartedMain] INFO  com.zaxxer.hikari.HikariDataSource - HikariPool-1 - Start completed.
2023:04:12 12:46:17.915 [restartedMain] INFO  SQL dialect - HHH000400: Using dialect: org.hibernate.dialect.MySQLDialect
2023:04:12 12:46:19.156 [restartedMain] INFO  org.hibernate.engine.transaction.jta.platform.internal.JtaPlatformInitiator - HHH000490: Using JtaPlatform implementation: [org.hibernate.engine.transaction.jta.platform.internal.NoJtaPlatform]
2023:04:12 12:46:19.165 [restartedMain] INFO  org.springframework.orm.jpa.LocalContainerEntityManagerFactoryBean - Initialized JPA EntityManagerFactory for persistence unit 'default'
2023:04:12 12:46:19.772 [restartedMain] WARN  org.springframework.boot.autoconfigure.orm.jpa.JpaBaseConfiguration$JpaWebConfiguration - spring.jpa.open-in-view is enabled by default. Therefore, database queries may be performed during view rendering. Explicitly configure spring.jpa.open-in-view to disable this warning
2023:04:12 12:46:20.255 [restartedMain] INFO  org.springframework.security.web.DefaultSecurityFilterChain - Will secure any request with [org.springframework.security.web.session.DisableEncodeUrlFilter@35e8905c, org.springframework.security.web.context.request.async.WebAsyncManagerIntegrationFilter@2e5196c1, org.springframework.security.web.context.SecurityContextHolderFilter@51d4fcfc, org.springframework.security.web.header.HeaderWriterFilter@15aae8c2, org.springframework.security.web.csrf.CsrfFilter@661e0f16, org.springframework.security.web.authentication.logout.LogoutFilter@255a1652, org.springframework.security.oauth2.client.web.OAuth2AuthorizationRequestRedirectFilter@514a0748, org.springframework.security.oauth2.client.web.OAuth2LoginAuthenticationFilter@e32a212, org.springframework.security.web.authentication.UsernamePasswordAuthenticationFilter@3dd9cf9, org.springframework.security.web.authentication.ui.DefaultLoginPageGeneratingFilter@8364a91, org.springframework.security.web.authentication.ui.DefaultLogoutPageGeneratingFilter@3da7ba9c, org.springframework.security.web.authentication.www.BasicAuthenticationFilter@dd4afe, org.springframework.security.web.savedrequest.RequestCacheAwareFilter@2848d982, org.springframework.security.web.servletapi.SecurityContextHolderAwareRequestFilter@74bfe043, org.springframework.security.web.authentication.AnonymousAuthenticationFilter@6f2eb1a3, org.springframework.security.web.access.ExceptionTranslationFilter@5ddb3113, org.springframework.security.web.access.intercept.AuthorizationFilter@6be8224b]
2023:04:12 12:46:20.578 [restartedMain] INFO  org.springframework.boot.devtools.autoconfigure.OptionalLiveReloadServer - LiveReload server is running on port 35729
2023:04:12 12:46:20.592 [restartedMain] INFO  org.apache.coyote.http11.Http11NioProtocol - Starting ProtocolHandler ["http-nio-8080"]
2023:04:12 12:46:20.611 [restartedMain] INFO  org.springframework.boot.web.embedded.tomcat.TomcatWebServer - Tomcat started on port(s): 8080 (http) with context path ''
2023:04:12 12:46:20.626 [restartedMain] INFO  com.nnk.springboot.Application - Started Application in 6.857 seconds (process running for 8.458)
2023:04:12 12:46:53.120 [http-nio-8080-exec-1] INFO  org.apache.catalina.core.ContainerBase.[Tomcat].[localhost].[/] - Initializing Spring DispatcherServlet 'dispatcherServlet'
2023:04:12 12:46:53.121 [http-nio-8080-exec-1] INFO  org.springframework.web.servlet.DispatcherServlet - Initializing Servlet 'dispatcherServlet'
2023:04:12 12:46:53.122 [http-nio-8080-exec-1] INFO  org.springframework.web.servlet.DispatcherServlet - Completed initialization in 1 ms
2023:04:12 12:47:17.863 [http-nio-8080-exec-7] INFO  com.nnk.springboot.MyAppLogger - user found
2023:04:12 12:47:17.978 [http-nio-8080-exec-8] INFO  com.nnk.springboot.MyAppLogger - REQUEST /
2023:04:12 12:47:34.787 [http-nio-8080-exec-1] INFO  com.nnk.springboot.MyAppLogger - REQUEST /bidList/list
2023:04:12 12:47:34.826 [http-nio-8080-exec-1] INFO  com.nnk.springboot.MyAppLogger - attribute listOfBidList added to Model
2023:04:12 12:48:13.667 [SpringApplicationShutdownHook] INFO  org.springframework.orm.jpa.LocalContainerEntityManagerFactoryBean - Closing JPA EntityManagerFactory for persistence unit 'default'
2023:04:12 12:48:13.671 [SpringApplicationShutdownHook] INFO  com.zaxxer.hikari.HikariDataSource - HikariPool-1 - Shutdown initiated...
2023:04:12 12:48:13.682 [SpringApplicationShutdownHook] INFO  com.zaxxer.hikari.HikariDataSource - HikariPool-1 - Shutdown completed.
