2023:04:06 15:29:29.147 [background-preinit] INFO  org.hibernate.validator.internal.util.Version - HV000001: Hibernate Validator 8.0.0.Final
2023:04:06 15:29:29.207 [restartedMain] INFO  com.nnk.springboot.Application - Starting Application using Java 19.0.2 with PID 17316 (C:\Users\ebonn\projets\Poseidon\Poseiden-skeleton\target\classes started by ebonn in C:\Users\ebonn\projets\Poseidon)
2023:04:06 15:29:29.211 [restartedMain] INFO  com.nnk.springboot.Application - No active profile set, falling back to 1 default profile: "default"
2023:04:06 15:29:29.280 [restartedMain] INFO  org.springframework.boot.devtools.env.DevToolsPropertyDefaultsPostProcessor - Devtools property defaults active! Set 'spring.devtools.add-properties' to 'false' to disable
2023:04:06 15:29:29.281 [restartedMain] INFO  org.springframework.boot.devtools.env.DevToolsPropertyDefaultsPostProcessor - For additional web related logging consider setting the 'logging.level.web' property to 'DEBUG'
2023:04:06 15:29:30.502 [restartedMain] INFO  org.springframework.data.repository.config.RepositoryConfigurationDelegate - Bootstrapping Spring Data JPA repositories in DEFAULT mode.
2023:04:06 15:29:30.599 [restartedMain] INFO  org.springframework.data.repository.config.RepositoryConfigurationDelegate - Finished Spring Data repository scanning in 84 ms. Found 6 JPA repository interfaces.
2023:04:06 15:29:31.616 [restartedMain] INFO  org.springframework.boot.web.embedded.tomcat.TomcatWebServer - Tomcat initialized with port(s): 8080 (http)
2023:04:06 15:29:31.644 [restartedMain] INFO  org.apache.coyote.http11.Http11NioProtocol - Initializing ProtocolHandler ["http-nio-8080"]
2023:04:06 15:29:31.646 [restartedMain] INFO  org.apache.catalina.core.StandardService - Starting service [Tomcat]
2023:04:06 15:29:31.647 [restartedMain] INFO  org.apache.catalina.core.StandardEngine - Starting Servlet engine: [Apache Tomcat/10.1.1]
2023:04:06 15:29:31.762 [restartedMain] INFO  org.apache.catalina.core.ContainerBase.[Tomcat].[localhost].[/] - Initializing Spring embedded WebApplicationContext
2023:04:06 15:29:31.766 [restartedMain] INFO  org.springframework.boot.web.servlet.context.ServletWebServerApplicationContext - Root WebApplicationContext: initialization completed in 2481 ms
2023:04:06 15:29:32.047 [restartedMain] INFO  org.hibernate.jpa.internal.util.LogHelper - HHH000204: Processing PersistenceUnitInfo [name: default]
2023:04:06 15:29:32.132 [restartedMain] INFO  org.hibernate.Version - HHH000412: Hibernate ORM core version 6.1.5.Final
2023:04:06 15:29:32.404 [restartedMain] WARN  org.hibernate.orm.deprecation - HHH90000021: Encountered deprecated setting [javax.persistence.sharedCache.mode], use [jakarta.persistence.sharedCache.mode] instead
2023:04:06 15:29:32.555 [restartedMain] INFO  com.zaxxer.hikari.HikariDataSource - HikariPool-1 - Starting...
2023:04:06 15:29:32.969 [restartedMain] INFO  com.zaxxer.hikari.pool.HikariPool - HikariPool-1 - Added connection com.mysql.cj.jdbc.ConnectionImpl@5df93548
2023:04:06 15:29:32.972 [restartedMain] INFO  com.zaxxer.hikari.HikariDataSource - HikariPool-1 - Start completed.
2023:04:06 15:29:33.046 [restartedMain] INFO  SQL dialect - HHH000400: Using dialect: org.hibernate.dialect.MySQLDialect
2023:04:06 15:29:34.224 [restartedMain] INFO  org.hibernate.engine.transaction.jta.platform.internal.JtaPlatformInitiator - HHH000490: Using JtaPlatform implementation: [org.hibernate.engine.transaction.jta.platform.internal.NoJtaPlatform]
2023:04:06 15:29:34.234 [restartedMain] INFO  org.springframework.orm.jpa.LocalContainerEntityManagerFactoryBean - Initialized JPA EntityManagerFactory for persistence unit 'default'
2023:04:06 15:29:34.850 [restartedMain] WARN  org.springframework.boot.autoconfigure.orm.jpa.JpaBaseConfiguration$JpaWebConfiguration - spring.jpa.open-in-view is enabled by default. Therefore, database queries may be performed during view rendering. Explicitly configure spring.jpa.open-in-view to disable this warning
2023:04:06 15:29:35.378 [restartedMain] INFO  org.springframework.security.web.DefaultSecurityFilterChain - Will secure any request with [org.springframework.security.web.session.DisableEncodeUrlFilter@12fb73b8, org.springframework.security.web.context.request.async.WebAsyncManagerIntegrationFilter@11234f19, org.springframework.security.web.context.SecurityContextHolderFilter@69c075da, org.springframework.security.web.header.HeaderWriterFilter@48d543ce, org.springframework.security.web.csrf.CsrfFilter@12c47704, org.springframework.security.web.authentication.logout.LogoutFilter@7be8f664, org.springframework.security.oauth2.client.web.OAuth2AuthorizationRequestRedirectFilter@6072c0fe, org.springframework.security.oauth2.client.web.OAuth2LoginAuthenticationFilter@1eb3ad0b, org.springframework.security.web.authentication.UsernamePasswordAuthenticationFilter@710bb9d4, org.springframework.security.web.authentication.ui.DefaultLoginPageGeneratingFilter@23a8288, org.springframework.security.web.authentication.ui.DefaultLogoutPageGeneratingFilter@7e24d64d, org.springframework.security.web.authentication.www.BasicAuthenticationFilter@8aaed34, org.springframework.security.web.savedrequest.RequestCacheAwareFilter@99233c4, org.springframework.security.web.servletapi.SecurityContextHolderAwareRequestFilter@6856b3b4, org.springframework.security.web.authentication.AnonymousAuthenticationFilter@779f5a8f, org.springframework.security.web.access.ExceptionTranslationFilter@3b8c9a5f, org.springframework.security.web.access.intercept.AuthorizationFilter@25423b54]
2023:04:06 15:29:35.773 [restartedMain] INFO  org.springframework.boot.devtools.autoconfigure.OptionalLiveReloadServer - LiveReload server is running on port 35729
2023:04:06 15:29:35.792 [restartedMain] INFO  org.apache.coyote.http11.Http11NioProtocol - Starting ProtocolHandler ["http-nio-8080"]
2023:04:06 15:29:35.825 [restartedMain] INFO  org.springframework.boot.web.embedded.tomcat.TomcatWebServer - Tomcat started on port(s): 8080 (http) with context path ''
2023:04:06 15:29:35.842 [restartedMain] INFO  com.nnk.springboot.Application - Started Application in 7.08 seconds (process running for 9.184)
2023:04:06 15:37:04.151 [HikariPool-1 housekeeper] WARN  com.zaxxer.hikari.pool.HikariPool - HikariPool-1 - Thread starvation or clock leap detected (housekeeper delta=1m30s967ms718µs400ns).
2023:04:06 15:38:23.252 [http-nio-8080-exec-1] INFO  org.apache.catalina.core.ContainerBase.[Tomcat].[localhost].[/] - Initializing Spring DispatcherServlet 'dispatcherServlet'
2023:04:06 15:38:23.253 [http-nio-8080-exec-1] INFO  org.springframework.web.servlet.DispatcherServlet - Initializing Servlet 'dispatcherServlet'
2023:04:06 15:38:23.255 [http-nio-8080-exec-1] INFO  org.springframework.web.servlet.DispatcherServlet - Completed initialization in 2 ms
2023:04:06 15:38:38.511 [http-nio-8080-exec-7] INFO  com.nnk.springboot.MyAppLogger - user found
2023:04:06 15:38:38.834 [http-nio-8080-exec-8] INFO  com.nnk.springboot.MyAppLogger - REQUEST /
2023:04:06 15:38:43.767 [http-nio-8080-exec-1] INFO  com.nnk.springboot.MyAppLogger - REQUEST /ruleName/list
2023:04:06 15:38:43.844 [http-nio-8080-exec-1] INFO  com.nnk.springboot.MyAppLogger - attribute listOfRuleNames added to Model
2023:04:06 15:38:48.755 [http-nio-8080-exec-3] INFO  com.nnk.springboot.MyAppLogger - GET /rulename/update/{id} with id 3
2023:04:06 15:38:48.798 [http-nio-8080-exec-3] INFO  com.nnk.springboot.MyAppLogger - attribute added to model : rulename with id 3
2023:04:06 15:38:56.947 [http-nio-8080-exec-5] INFO  com.nnk.springboot.MyAppLogger - POST /ruleName/update/{id} with id 3
2023:04:06 15:38:57.069 [http-nio-8080-exec-5] INFO  com.nnk.springboot.MyAppLogger - attribute listOfRulenames added to model
2023:04:06 15:38:57.084 [http-nio-8080-exec-6] INFO  com.nnk.springboot.MyAppLogger - REQUEST /ruleName/list
2023:04:06 15:38:57.097 [http-nio-8080-exec-6] INFO  com.nnk.springboot.MyAppLogger - attribute listOfRuleNames added to Model
2023:04:06 15:39:01.405 [http-nio-8080-exec-8] INFO  com.nnk.springboot.MyAppLogger - GET form /ruleName/add
2023:04:06 15:39:12.035 [http-nio-8080-exec-10] INFO  com.nnk.springboot.MyAppLogger - POST /ruleName/validate
2023:04:06 15:39:12.090 [http-nio-8080-exec-10] INFO  com.nnk.springboot.MyAppLogger - ruleName validated with id 4
2023:04:06 15:39:12.103 [http-nio-8080-exec-1] INFO  com.nnk.springboot.MyAppLogger - REQUEST /ruleName/list
2023:04:06 15:39:12.118 [http-nio-8080-exec-1] INFO  com.nnk.springboot.MyAppLogger - attribute listOfRuleNames added to Model
2023:04:06 15:39:16.404 [http-nio-8080-exec-3] INFO  com.nnk.springboot.MyAppLogger - GET /rulename/delete/{id}
2023:04:06 15:39:16.446 [http-nio-8080-exec-3] INFO  com.nnk.springboot.MyAppLogger - rulename with id 4deleted
2023:04:06 15:39:16.456 [http-nio-8080-exec-4] INFO  com.nnk.springboot.MyAppLogger - REQUEST /ruleName/list
2023:04:06 15:39:16.467 [http-nio-8080-exec-4] INFO  com.nnk.springboot.MyAppLogger - attribute listOfRuleNames added to Model
2023:04:06 15:39:23.909 [http-nio-8080-exec-6] INFO  com.nnk.springboot.MyAppLogger - REQUEST /trade/list
2023:04:06 15:39:23.955 [http-nio-8080-exec-6] INFO  com.nnk.springboot.MyAppLogger - attribute listOfTrades added to Model
2023:04:06 15:39:30.742 [http-nio-8080-exec-9] INFO  com.nnk.springboot.MyAppLogger - GET form /trade/add
2023:04:06 15:39:42.897 [http-nio-8080-exec-1] INFO  com.nnk.springboot.MyAppLogger - POST /trade/validate
2023:04:06 15:39:42.913 [http-nio-8080-exec-1] INFO  com.nnk.springboot.MyAppLogger - trade validated with id 4
2023:04:06 15:39:42.925 [http-nio-8080-exec-2] INFO  com.nnk.springboot.MyAppLogger - REQUEST /trade/list
2023:04:06 15:39:42.940 [http-nio-8080-exec-2] INFO  com.nnk.springboot.MyAppLogger - attribute listOfTrades added to Model
2023:04:06 15:39:46.480 [http-nio-8080-exec-4] INFO  com.nnk.springboot.MyAppLogger - GET /trade/update/{id} with id 4
2023:04:06 15:39:46.493 [http-nio-8080-exec-4] INFO  com.nnk.springboot.MyAppLogger - attribute added to model : trade with id 4
2023:04:06 15:39:48.451 [http-nio-8080-exec-6] INFO  com.nnk.springboot.MyAppLogger - POST /trade/update{id} with id 4
2023:04:06 15:39:48.479 [http-nio-8080-exec-6] INFO  com.nnk.springboot.MyAppLogger - attribute listOfTrades added to model
2023:04:06 15:39:48.489 [http-nio-8080-exec-7] INFO  com.nnk.springboot.MyAppLogger - REQUEST /trade/list
2023:04:06 15:39:48.505 [http-nio-8080-exec-7] INFO  com.nnk.springboot.MyAppLogger - attribute listOfTrades added to Model
2023:04:06 15:39:54.394 [http-nio-8080-exec-9] INFO  com.nnk.springboot.MyAppLogger - GET /trade/update/{id} with id 4
2023:04:06 15:39:54.412 [http-nio-8080-exec-9] INFO  com.nnk.springboot.MyAppLogger - attribute added to model : trade with id 4
2023:04:06 15:40:00.527 [http-nio-8080-exec-1] INFO  com.nnk.springboot.MyAppLogger - POST /trade/update{id} with id 4
2023:04:06 15:40:00.570 [http-nio-8080-exec-1] INFO  com.nnk.springboot.MyAppLogger - attribute listOfTrades added to model
2023:04:06 15:40:00.581 [http-nio-8080-exec-2] INFO  com.nnk.springboot.MyAppLogger - REQUEST /trade/list
2023:04:06 15:40:00.593 [http-nio-8080-exec-2] INFO  com.nnk.springboot.MyAppLogger - attribute listOfTrades added to Model
2023:04:06 15:40:17.612 [http-nio-8080-exec-4] INFO  com.nnk.springboot.MyAppLogger - GET /trade/delete/{id} with id 4
2023:04:06 15:40:17.643 [http-nio-8080-exec-4] INFO  com.nnk.springboot.MyAppLogger - trade with id 4deleted
2023:04:06 15:40:17.655 [http-nio-8080-exec-5] INFO  com.nnk.springboot.MyAppLogger - REQUEST /trade/list
2023:04:06 15:40:17.668 [http-nio-8080-exec-5] INFO  com.nnk.springboot.MyAppLogger - attribute listOfTrades added to Model
2023:04:06 15:40:20.437 [http-nio-8080-exec-7] INFO  com.nnk.springboot.MyAppLogger - REQUEST /rating/list
2023:04:06 15:40:20.465 [http-nio-8080-exec-7] INFO  com.nnk.springboot.MyAppLogger - attribute ratingList added to Model
2023:04:06 15:40:27.106 [http-nio-8080-exec-9] INFO  com.nnk.springboot.MyAppLogger - GET form /rating/add
2023:04:06 15:40:58.636 [http-nio-8080-exec-2] INFO  com.nnk.springboot.MyAppLogger - POST /rating/validate
2023:04:06 15:40:58.652 [http-nio-8080-exec-2] INFO  com.nnk.springboot.MyAppLogger - rating validated with id 4
2023:04:06 15:40:58.666 [http-nio-8080-exec-3] INFO  com.nnk.springboot.MyAppLogger - REQUEST /rating/list
2023:04:06 15:40:58.676 [http-nio-8080-exec-3] INFO  com.nnk.springboot.MyAppLogger - attribute ratingList added to Model
2023:04:06 15:41:01.463 [http-nio-8080-exec-5] INFO  com.nnk.springboot.MyAppLogger - GET /rating/update/{id} with id 4
2023:04:06 15:41:01.475 [http-nio-8080-exec-5] INFO  com.nnk.springboot.MyAppLogger - attribute added to Model : rating with id 4
2023:04:06 15:41:05.447 [http-nio-8080-exec-7] INFO  com.nnk.springboot.MyAppLogger - POST /rating/update/{id} with id 4
2023:04:06 15:41:05.480 [http-nio-8080-exec-7] INFO  com.nnk.springboot.MyAppLogger - listOfRatings added to model
2023:04:06 15:41:05.493 [http-nio-8080-exec-8] INFO  com.nnk.springboot.MyAppLogger - REQUEST /rating/list
2023:04:06 15:41:05.505 [http-nio-8080-exec-8] INFO  com.nnk.springboot.MyAppLogger - attribute ratingList added to Model
2023:04:06 15:41:07.787 [http-nio-8080-exec-10] INFO  com.nnk.springboot.MyAppLogger - GET /rating/delete/{id} with id 4
2023:04:06 15:41:07.806 [http-nio-8080-exec-10] INFO  com.nnk.springboot.MyAppLogger - rating with id 4deleted
2023:04:06 15:41:07.818 [http-nio-8080-exec-1] INFO  com.nnk.springboot.MyAppLogger - REQUEST /rating/list
2023:04:06 15:41:07.826 [http-nio-8080-exec-1] INFO  com.nnk.springboot.MyAppLogger - attribute ratingList added to Model
2023:04:06 15:41:15.894 [http-nio-8080-exec-3] INFO  com.nnk.springboot.MyAppLogger - REQUEST /curvePoint/list
2023:04:06 15:41:15.959 [http-nio-8080-exec-3] INFO  com.nnk.springboot.MyAppLogger - attribute listOfCurvepoints added to Model
2023:04:06 15:41:18.542 [http-nio-8080-exec-5] INFO  com.nnk.springboot.MyAppLogger - GET form /curvePoint/add
2023:04:06 15:43:14.575 [http-nio-8080-exec-9] INFO  com.nnk.springboot.MyAppLogger - POST /curvePoint/validate
2023:04:06 15:43:14.591 [http-nio-8080-exec-9] INFO  com.nnk.springboot.MyAppLogger - curvePoint validated with id 5
2023:04:06 15:43:14.602 [http-nio-8080-exec-10] INFO  com.nnk.springboot.MyAppLogger - REQUEST /curvePoint/list
2023:04:06 15:43:14.610 [http-nio-8080-exec-10] INFO  com.nnk.springboot.MyAppLogger - attribute listOfCurvepoints added to Model
2023:04:06 15:43:18.675 [http-nio-8080-exec-2] INFO  com.nnk.springboot.MyAppLogger - GET /curvePoint/update/{id} with id 5
2023:04:06 15:43:18.688 [http-nio-8080-exec-2] INFO  com.nnk.springboot.MyAppLogger - attribute added to Model : curvePoint with id 5
2023:04:06 15:43:23.069 [http-nio-8080-exec-4] INFO  com.nnk.springboot.MyAppLogger - POST /curvePoint/update/{id}
2023:04:06 15:43:23.102 [http-nio-8080-exec-4] INFO  com.nnk.springboot.MyAppLogger - attribute listOfCurvepoints added to model
2023:04:06 15:43:23.113 [http-nio-8080-exec-5] INFO  com.nnk.springboot.MyAppLogger - REQUEST /curvePoint/list
2023:04:06 15:43:23.124 [http-nio-8080-exec-5] INFO  com.nnk.springboot.MyAppLogger - attribute listOfCurvepoints added to Model
2023:04:06 15:43:25.081 [http-nio-8080-exec-7] INFO  com.nnk.springboot.MyAppLogger - GET /curvePoint/delete/{id} with id 5
2023:04:06 15:43:25.138 [http-nio-8080-exec-7] INFO  com.nnk.springboot.MyAppLogger - curvePoint with id 5deleted
2023:04:06 15:43:25.148 [http-nio-8080-exec-8] INFO  com.nnk.springboot.MyAppLogger - REQUEST /curvePoint/list
2023:04:06 15:43:25.158 [http-nio-8080-exec-8] INFO  com.nnk.springboot.MyAppLogger - attribute listOfCurvepoints added to Model
2023:04:06 15:43:27.551 [http-nio-8080-exec-10] INFO  com.nnk.springboot.MyAppLogger - REQUEST /bidList/list
2023:04:06 15:43:27.620 [http-nio-8080-exec-10] INFO  com.nnk.springboot.MyAppLogger - attribute listOfBidList added to Model
2023:04:06 15:43:31.382 [http-nio-8080-exec-2] INFO  com.nnk.springboot.MyAppLogger - GET form /bidList/add
2023:04:06 15:43:44.466 [http-nio-8080-exec-4] INFO  com.nnk.springboot.MyAppLogger - POST /bidList/validate
2023:04:06 15:43:44.480 [http-nio-8080-exec-4] INFO  com.nnk.springboot.MyAppLogger - bidlist validated with account fifth
2023:04:06 15:43:44.490 [http-nio-8080-exec-5] INFO  com.nnk.springboot.MyAppLogger - REQUEST /bidList/list
2023:04:06 15:43:44.503 [http-nio-8080-exec-5] INFO  com.nnk.springboot.MyAppLogger - attribute listOfBidList added to Model
2023:04:06 15:43:46.828 [http-nio-8080-exec-7] INFO  com.nnk.springboot.MyAppLogger - GET /bidList/update/{id} with id 9
2023:04:06 15:43:46.839 [http-nio-8080-exec-7] INFO  com.nnk.springboot.MyAppLogger - attribute added to Model : bidList with id 9
2023:04:06 15:43:50.655 [http-nio-8080-exec-9] INFO  com.nnk.springboot.MyAppLogger - POST /bidList/update/{id} with id 9
2023:04:06 15:43:50.688 [http-nio-8080-exec-9] INFO  com.nnk.springboot.MyAppLogger - attribute listOfBidList added to model
2023:04:06 15:43:50.697 [http-nio-8080-exec-10] INFO  com.nnk.springboot.MyAppLogger - REQUEST /bidList/list
2023:04:06 15:43:50.709 [http-nio-8080-exec-10] INFO  com.nnk.springboot.MyAppLogger - attribute listOfBidList added to Model
2023:04:06 15:43:53.453 [http-nio-8080-exec-2] INFO  com.nnk.springboot.MyAppLogger - GET /bidList/delete/{id} with id 9
2023:04:06 15:43:53.509 [http-nio-8080-exec-2] INFO  com.nnk.springboot.MyAppLogger - bidList with id 9deleted
2023:04:06 15:43:53.519 [http-nio-8080-exec-3] INFO  com.nnk.springboot.MyAppLogger - REQUEST /bidList/list
2023:04:06 15:43:53.530 [http-nio-8080-exec-3] INFO  com.nnk.springboot.MyAppLogger - attribute listOfBidList added to Model
2023:04:06 15:49:40.680 [HikariPool-1 housekeeper] WARN  com.zaxxer.hikari.pool.HikariPool - HikariPool-1 - Thread starvation or clock leap detected (housekeeper delta=2m36s369ms498µs900ns).
2023:04:06 15:52:50.520 [SpringApplicationShutdownHook] INFO  org.springframework.orm.jpa.LocalContainerEntityManagerFactoryBean - Closing JPA EntityManagerFactory for persistence unit 'default'
2023:04:06 15:52:50.525 [SpringApplicationShutdownHook] INFO  com.zaxxer.hikari.HikariDataSource - HikariPool-1 - Shutdown initiated...
2023:04:06 15:52:50.546 [SpringApplicationShutdownHook] INFO  com.zaxxer.hikari.HikariDataSource - HikariPool-1 - Shutdown completed.
2023:04:06 18:01:21.078 [background-preinit] INFO  org.hibernate.validator.internal.util.Version - HV000001: Hibernate Validator 8.0.0.Final
2023:04:06 18:01:21.146 [restartedMain] INFO  com.nnk.springboot.Application - Starting Application using Java 19.0.2 with PID 19716 (C:\Users\ebonn\projets\Poseidon\Poseiden-skeleton\target\classes started by ebonn in C:\Users\ebonn\projets\Poseidon)
2023:04:06 18:01:21.153 [restartedMain] INFO  com.nnk.springboot.Application - No active profile set, falling back to 1 default profile: "default"
2023:04:06 18:01:21.238 [restartedMain] INFO  org.springframework.boot.devtools.env.DevToolsPropertyDefaultsPostProcessor - Devtools property defaults active! Set 'spring.devtools.add-properties' to 'false' to disable
2023:04:06 18:01:21.239 [restartedMain] INFO  org.springframework.boot.devtools.env.DevToolsPropertyDefaultsPostProcessor - For additional web related logging consider setting the 'logging.level.web' property to 'DEBUG'
2023:04:06 18:01:22.468 [restartedMain] INFO  org.springframework.data.repository.config.RepositoryConfigurationDelegate - Bootstrapping Spring Data JPA repositories in DEFAULT mode.
2023:04:06 18:01:22.576 [restartedMain] INFO  org.springframework.data.repository.config.RepositoryConfigurationDelegate - Finished Spring Data repository scanning in 91 ms. Found 6 JPA repository interfaces.
2023:04:06 18:01:23.743 [restartedMain] INFO  org.springframework.boot.web.embedded.tomcat.TomcatWebServer - Tomcat initialized with port(s): 8080 (http)
2023:04:06 18:01:23.768 [restartedMain] INFO  org.apache.coyote.http11.Http11NioProtocol - Initializing ProtocolHandler ["http-nio-8080"]
2023:04:06 18:01:23.770 [restartedMain] INFO  org.apache.catalina.core.StandardService - Starting service [Tomcat]
2023:04:06 18:01:23.771 [restartedMain] INFO  org.apache.catalina.core.StandardEngine - Starting Servlet engine: [Apache Tomcat/10.1.1]
2023:04:06 18:01:23.888 [restartedMain] INFO  org.apache.catalina.core.ContainerBase.[Tomcat].[localhost].[/] - Initializing Spring embedded WebApplicationContext
2023:04:06 18:01:23.892 [restartedMain] INFO  org.springframework.boot.web.servlet.context.ServletWebServerApplicationContext - Root WebApplicationContext: initialization completed in 2648 ms
2023:04:06 18:01:24.303 [restartedMain] INFO  org.hibernate.jpa.internal.util.LogHelper - HHH000204: Processing PersistenceUnitInfo [name: default]
2023:04:06 18:01:24.398 [restartedMain] INFO  org.hibernate.Version - HHH000412: Hibernate ORM core version 6.1.5.Final
2023:04:06 18:01:24.708 [restartedMain] WARN  org.hibernate.orm.deprecation - HHH90000021: Encountered deprecated setting [javax.persistence.sharedCache.mode], use [jakarta.persistence.sharedCache.mode] instead
2023:04:06 18:01:24.876 [restartedMain] INFO  com.zaxxer.hikari.HikariDataSource - HikariPool-1 - Starting...
2023:04:06 18:01:25.239 [restartedMain] INFO  com.zaxxer.hikari.pool.HikariPool - HikariPool-1 - Added connection com.mysql.cj.jdbc.ConnectionImpl@3692d3af
2023:04:06 18:01:25.241 [restartedMain] INFO  com.zaxxer.hikari.HikariDataSource - HikariPool-1 - Start completed.
2023:04:06 18:01:25.298 [restartedMain] INFO  SQL dialect - HHH000400: Using dialect: org.hibernate.dialect.MySQLDialect
2023:04:06 18:01:26.587 [restartedMain] INFO  org.hibernate.engine.transaction.jta.platform.internal.JtaPlatformInitiator - HHH000490: Using JtaPlatform implementation: [org.hibernate.engine.transaction.jta.platform.internal.NoJtaPlatform]
2023:04:06 18:01:26.599 [restartedMain] INFO  org.springframework.orm.jpa.LocalContainerEntityManagerFactoryBean - Initialized JPA EntityManagerFactory for persistence unit 'default'
2023:04:06 18:01:27.300 [restartedMain] WARN  org.springframework.boot.autoconfigure.orm.jpa.JpaBaseConfiguration$JpaWebConfiguration - spring.jpa.open-in-view is enabled by default. Therefore, database queries may be performed during view rendering. Explicitly configure spring.jpa.open-in-view to disable this warning
2023:04:06 18:01:27.888 [restartedMain] INFO  org.springframework.security.web.DefaultSecurityFilterChain - Will secure any request with [org.springframework.security.web.session.DisableEncodeUrlFilter@4e5b2f21, org.springframework.security.web.context.request.async.WebAsyncManagerIntegrationFilter@6232fa27, org.springframework.security.web.context.SecurityContextHolderFilter@2b010618, org.springframework.security.web.header.HeaderWriterFilter@a491fc8, org.springframework.security.web.csrf.CsrfFilter@23df749, org.springframework.security.web.authentication.logout.LogoutFilter@3766b3fd, org.springframework.security.oauth2.client.web.OAuth2AuthorizationRequestRedirectFilter@5c74fc4c, org.springframework.security.oauth2.client.web.OAuth2LoginAuthenticationFilter@710bb9d4, org.springframework.security.web.authentication.UsernamePasswordAuthenticationFilter@2dc98fec, org.springframework.security.web.authentication.ui.DefaultLoginPageGeneratingFilter@490a9606, org.springframework.security.web.authentication.ui.DefaultLogoutPageGeneratingFilter@5d02ecc1, org.springframework.security.web.authentication.www.BasicAuthenticationFilter@5853ac99, org.springframework.security.web.savedrequest.RequestCacheAwareFilter@3d936f75, org.springframework.security.web.servletapi.SecurityContextHolderAwareRequestFilter@2ee24c0, org.springframework.security.web.authentication.AnonymousAuthenticationFilter@71f298a2, org.springframework.security.web.access.ExceptionTranslationFilter@1d079acd, org.springframework.security.web.access.intercept.AuthorizationFilter@728d8260]
2023:04:06 18:01:28.309 [restartedMain] INFO  org.springframework.boot.devtools.autoconfigure.OptionalLiveReloadServer - LiveReload server is running on port 35729
2023:04:06 18:01:28.330 [restartedMain] INFO  org.apache.coyote.http11.Http11NioProtocol - Starting ProtocolHandler ["http-nio-8080"]
2023:04:06 18:01:28.361 [restartedMain] INFO  org.springframework.boot.web.embedded.tomcat.TomcatWebServer - Tomcat started on port(s): 8080 (http) with context path ''
2023:04:06 18:01:28.378 [restartedMain] INFO  com.nnk.springboot.Application - Started Application in 7.797 seconds (process running for 9.394)
2023:04:06 18:01:42.826 [http-nio-8080-exec-1] INFO  org.apache.catalina.core.ContainerBase.[Tomcat].[localhost].[/] - Initializing Spring DispatcherServlet 'dispatcherServlet'
2023:04:06 18:01:42.826 [http-nio-8080-exec-1] INFO  org.springframework.web.servlet.DispatcherServlet - Initializing Servlet 'dispatcherServlet'
2023:04:06 18:01:42.827 [http-nio-8080-exec-1] INFO  org.springframework.web.servlet.DispatcherServlet - Completed initialization in 1 ms
2023:04:06 18:01:52.621 [http-nio-8080-exec-5] INFO  com.nnk.springboot.MyAppLogger - user found
2023:04:06 18:01:52.743 [http-nio-8080-exec-6] INFO  com.nnk.springboot.MyAppLogger - REQUEST /
2023:04:06 18:02:06.782 [http-nio-8080-exec-8] INFO  com.nnk.springboot.MyAppLogger - REQUEST /bidList/list
2023:04:06 18:02:06.818 [http-nio-8080-exec-8] INFO  com.nnk.springboot.MyAppLogger - attribute listOfBidList added to Model
2023:04:06 18:02:09.711 [http-nio-8080-exec-10] INFO  com.nnk.springboot.MyAppLogger - GET form /bidList/add
2023:04:06 18:02:11.233 [http-nio-8080-exec-3] INFO  com.nnk.springboot.MyAppLogger - POST /bidList/validate
2023:04:06 18:02:11.233 [http-nio-8080-exec-3] ERROR com.nnk.springboot.MyAppLogger - BidList to create has errors
2023:04:06 18:03:39.726 [http-nio-8080-exec-6] INFO  com.nnk.springboot.MyAppLogger - GET form /bidList/add
2023:04:06 18:03:41.461 [http-nio-8080-exec-8] INFO  com.nnk.springboot.MyAppLogger - REQUEST /bidList/list
2023:04:06 18:03:41.471 [http-nio-8080-exec-8] INFO  com.nnk.springboot.MyAppLogger - attribute listOfBidList added to Model
2023:04:06 18:03:44.118 [http-nio-8080-exec-10] INFO  com.nnk.springboot.MyAppLogger - REQUEST /trade/list
2023:04:06 18:03:44.129 [http-nio-8080-exec-10] INFO  com.nnk.springboot.MyAppLogger - attribute listOfTrades added to Model
2023:04:06 18:03:46.179 [http-nio-8080-exec-3] INFO  com.nnk.springboot.MyAppLogger - GET form /trade/add
2023:04:06 18:03:48.313 [http-nio-8080-exec-4] INFO  com.nnk.springboot.MyAppLogger - POST /trade/validate
2023:04:06 18:03:48.370 [http-nio-8080-exec-4] INFO  com.nnk.springboot.MyAppLogger - trade validated with id 5
2023:04:06 18:03:48.380 [http-nio-8080-exec-5] INFO  com.nnk.springboot.MyAppLogger - REQUEST /trade/list
2023:04:06 18:03:48.386 [http-nio-8080-exec-5] INFO  com.nnk.springboot.MyAppLogger - attribute listOfTrades added to Model
2023:04:06 18:03:54.238 [http-nio-8080-exec-7] INFO  com.nnk.springboot.MyAppLogger - GET form /trade/add
2023:04:06 18:03:56.201 [http-nio-8080-exec-9] INFO  com.nnk.springboot.MyAppLogger - REQUEST /trade/list
2023:04:06 18:03:56.208 [http-nio-8080-exec-9] INFO  com.nnk.springboot.MyAppLogger - attribute listOfTrades added to Model
2023:04:06 18:03:57.159 [http-nio-8080-exec-1] INFO  com.nnk.springboot.MyAppLogger - REQUEST /bidList/list
2023:04:06 18:03:57.169 [http-nio-8080-exec-1] INFO  com.nnk.springboot.MyAppLogger - attribute listOfBidList added to Model
2023:04:06 18:03:59.678 [http-nio-8080-exec-2] INFO  com.nnk.springboot.MyAppLogger - GET form /bidList/add
2023:04:06 18:04:01.553 [http-nio-8080-exec-5] INFO  com.nnk.springboot.MyAppLogger - POST /bidList/validate
2023:04:06 18:04:01.553 [http-nio-8080-exec-5] ERROR com.nnk.springboot.MyAppLogger - BidList to create has errors
2023:04:06 18:04:31.502 [http-nio-8080-exec-7] INFO  com.nnk.springboot.MyAppLogger - POST /bidList/validate
2023:04:06 18:04:31.511 [http-nio-8080-exec-7] INFO  com.nnk.springboot.MyAppLogger - bidlist validated with account secondAccount
2023:04:06 18:04:31.518 [http-nio-8080-exec-8] INFO  com.nnk.springboot.MyAppLogger - REQUEST /bidList/list
2023:04:06 18:04:31.526 [http-nio-8080-exec-8] INFO  com.nnk.springboot.MyAppLogger - attribute listOfBidList added to Model
2023:04:06 18:06:30.648 [http-nio-8080-exec-3] INFO  com.nnk.springboot.MyAppLogger - REQUEST /curvePoint/list
2023:04:06 18:06:30.659 [http-nio-8080-exec-3] INFO  com.nnk.springboot.MyAppLogger - attribute listOfCurvepoints added to Model
2023:04:06 18:06:32.840 [http-nio-8080-exec-4] INFO  com.nnk.springboot.MyAppLogger - GET form /curvePoint/add
2023:04:06 18:06:43.847 [http-nio-8080-exec-6] INFO  com.nnk.springboot.MyAppLogger - POST /curvePoint/validate
2023:04:06 18:06:43.848 [http-nio-8080-exec-6] ERROR com.nnk.springboot.MyAppLogger - curvepoint to create has errors
2023:04:06 18:23:17.626 [http-nio-8080-exec-10] INFO  com.nnk.springboot.MyAppLogger - POST /curvePoint/validate
2023:04:06 18:23:17.627 [http-nio-8080-exec-10] ERROR com.nnk.springboot.MyAppLogger - curvepoint to create has errors
2023:04:06 18:23:25.053 [http-nio-8080-exec-3] INFO  com.nnk.springboot.MyAppLogger - POST /curvePoint/validate
2023:04:06 18:23:25.053 [http-nio-8080-exec-3] ERROR com.nnk.springboot.MyAppLogger - curvepoint to create has errors
2023:04:06 18:25:10.100 [http-nio-8080-exec-7] INFO  com.nnk.springboot.MyAppLogger - REQUEST /
2023:04:06 18:25:10.622 [http-nio-8080-exec-9] INFO  com.nnk.springboot.MyAppLogger - REQUEST /
2023:04:06 18:25:15.073 [http-nio-8080-exec-1] INFO  com.nnk.springboot.MyAppLogger - REQUEST /curvePoint/list
2023:04:06 18:25:15.083 [http-nio-8080-exec-1] INFO  com.nnk.springboot.MyAppLogger - attribute listOfCurvepoints added to Model
2023:04:06 18:25:21.948 [http-nio-8080-exec-2] INFO  com.nnk.springboot.MyAppLogger - REQUEST /bidList/list
2023:04:06 18:25:21.959 [http-nio-8080-exec-2] INFO  com.nnk.springboot.MyAppLogger - attribute listOfBidList added to Model
2023:04:06 18:25:39.832 [http-nio-8080-exec-5] INFO  com.nnk.springboot.MyAppLogger - GET form /bidList/add
2023:04:06 18:25:56.564 [http-nio-8080-exec-8] INFO  com.nnk.springboot.MyAppLogger - POST /bidList/validate
2023:04:06 18:25:56.574 [http-nio-8080-exec-8] INFO  com.nnk.springboot.MyAppLogger - bidlist validated with account 1
2023:04:06 18:25:56.578 [http-nio-8080-exec-9] INFO  com.nnk.springboot.MyAppLogger - REQUEST /bidList/list
2023:04:06 18:25:56.585 [http-nio-8080-exec-9] INFO  com.nnk.springboot.MyAppLogger - attribute listOfBidList added to Model
2023:04:06 18:26:01.253 [http-nio-8080-exec-1] INFO  com.nnk.springboot.MyAppLogger - GET /bidList/delete/{id} with id 11
2023:04:06 18:26:01.298 [http-nio-8080-exec-1] INFO  com.nnk.springboot.MyAppLogger - bidList with id 11deleted
2023:04:06 18:26:01.304 [http-nio-8080-exec-3] INFO  com.nnk.springboot.MyAppLogger - REQUEST /bidList/list
2023:04:06 18:26:01.312 [http-nio-8080-exec-3] INFO  com.nnk.springboot.MyAppLogger - attribute listOfBidList added to Model
2023:04:06 18:26:03.448 [http-nio-8080-exec-4] INFO  com.nnk.springboot.MyAppLogger - GET form /bidList/add
2023:04:06 18:26:12.692 [http-nio-8080-exec-6] INFO  com.nnk.springboot.MyAppLogger - POST /bidList/validate
2023:04:06 18:26:12.700 [http-nio-8080-exec-6] INFO  com.nnk.springboot.MyAppLogger - bidlist validated with account 
2023:04:06 18:26:12.706 [http-nio-8080-exec-7] INFO  com.nnk.springboot.MyAppLogger - REQUEST /bidList/list
2023:04:06 18:26:12.713 [http-nio-8080-exec-7] INFO  com.nnk.springboot.MyAppLogger - attribute listOfBidList added to Model
2023:04:06 18:27:18.275 [http-nio-8080-exec-1] INFO  com.nnk.springboot.MyAppLogger - GET /bidList/delete/{id} with id 12
2023:04:06 18:27:18.301 [http-nio-8080-exec-1] INFO  com.nnk.springboot.MyAppLogger - bidList with id 12deleted
2023:04:06 18:27:18.308 [http-nio-8080-exec-3] INFO  com.nnk.springboot.MyAppLogger - REQUEST /bidList/list
2023:04:06 18:27:18.313 [http-nio-8080-exec-3] INFO  com.nnk.springboot.MyAppLogger - attribute listOfBidList added to Model
2023:04:06 18:27:19.727 [http-nio-8080-exec-4] INFO  com.nnk.springboot.MyAppLogger - GET form /bidList/add
2023:04:06 18:27:27.305 [http-nio-8080-exec-6] INFO  com.nnk.springboot.MyAppLogger - POST /bidList/validate
2023:04:06 18:27:27.313 [http-nio-8080-exec-6] INFO  com.nnk.springboot.MyAppLogger - bidlist validated with account 1
2023:04:06 18:27:27.319 [http-nio-8080-exec-7] INFO  com.nnk.springboot.MyAppLogger - REQUEST /bidList/list
2023:04:06 18:27:27.324 [http-nio-8080-exec-7] INFO  com.nnk.springboot.MyAppLogger - attribute listOfBidList added to Model
2023:04:06 18:27:39.593 [http-nio-8080-exec-9] INFO  com.nnk.springboot.MyAppLogger - GET /bidList/delete/{id} with id 10
2023:04:06 18:27:39.618 [http-nio-8080-exec-9] INFO  com.nnk.springboot.MyAppLogger - bidList with id 10deleted
2023:04:06 18:27:39.624 [http-nio-8080-exec-10] INFO  com.nnk.springboot.MyAppLogger - REQUEST /bidList/list
2023:04:06 18:27:39.632 [http-nio-8080-exec-10] INFO  com.nnk.springboot.MyAppLogger - attribute listOfBidList added to Model
2023:04:06 18:27:41.831 [http-nio-8080-exec-3] INFO  com.nnk.springboot.MyAppLogger - GET /bidList/delete/{id} with id 13
2023:04:06 18:27:41.844 [http-nio-8080-exec-3] INFO  com.nnk.springboot.MyAppLogger - bidList with id 13deleted
2023:04:06 18:27:41.849 [http-nio-8080-exec-2] INFO  com.nnk.springboot.MyAppLogger - REQUEST /bidList/list
2023:04:06 18:27:41.857 [http-nio-8080-exec-2] INFO  com.nnk.springboot.MyAppLogger - attribute listOfBidList added to Model
2023:04:06 18:27:43.542 [http-nio-8080-exec-5] INFO  com.nnk.springboot.MyAppLogger - GET form /bidList/add
2023:04:06 18:27:49.188 [http-nio-8080-exec-7] INFO  com.nnk.springboot.MyAppLogger - POST /bidList/validate
2023:04:06 18:27:49.188 [http-nio-8080-exec-7] ERROR com.nnk.springboot.MyAppLogger - BidList to create has errors
2023:04:06 18:31:10.406 [SpringApplicationShutdownHook] INFO  org.springframework.orm.jpa.LocalContainerEntityManagerFactoryBean - Closing JPA EntityManagerFactory for persistence unit 'default'
2023:04:06 18:31:10.410 [SpringApplicationShutdownHook] INFO  com.zaxxer.hikari.HikariDataSource - HikariPool-1 - Shutdown initiated...
2023:04:06 18:31:10.420 [SpringApplicationShutdownHook] INFO  com.zaxxer.hikari.HikariDataSource - HikariPool-1 - Shutdown completed.
2023:04:06 18:31:21.822 [background-preinit] INFO  org.hibernate.validator.internal.util.Version - HV000001: Hibernate Validator 8.0.0.Final
2023:04:06 18:31:21.895 [restartedMain] INFO  com.nnk.springboot.Application - Starting Application using Java 19.0.2 with PID 25304 (C:\Users\ebonn\projets\Poseidon\Poseiden-skeleton\target\classes started by ebonn in C:\Users\ebonn\projets\Poseidon)
2023:04:06 18:31:21.902 [restartedMain] INFO  com.nnk.springboot.Application - No active profile set, falling back to 1 default profile: "default"
2023:04:06 18:31:22.009 [restartedMain] INFO  org.springframework.boot.devtools.env.DevToolsPropertyDefaultsPostProcessor - Devtools property defaults active! Set 'spring.devtools.add-properties' to 'false' to disable
2023:04:06 18:31:22.009 [restartedMain] INFO  org.springframework.boot.devtools.env.DevToolsPropertyDefaultsPostProcessor - For additional web related logging consider setting the 'logging.level.web' property to 'DEBUG'
2023:04:06 18:31:23.332 [restartedMain] INFO  org.springframework.data.repository.config.RepositoryConfigurationDelegate - Bootstrapping Spring Data JPA repositories in DEFAULT mode.
2023:04:06 18:31:23.434 [restartedMain] INFO  org.springframework.data.repository.config.RepositoryConfigurationDelegate - Finished Spring Data repository scanning in 91 ms. Found 6 JPA repository interfaces.
2023:04:06 18:31:25.034 [restartedMain] INFO  org.springframework.boot.web.embedded.tomcat.TomcatWebServer - Tomcat initialized with port(s): 8080 (http)
2023:04:06 18:31:25.075 [restartedMain] INFO  org.apache.coyote.http11.Http11NioProtocol - Initializing ProtocolHandler ["http-nio-8080"]
2023:04:06 18:31:25.082 [restartedMain] INFO  org.apache.catalina.core.StandardService - Starting service [Tomcat]
2023:04:06 18:31:25.112 [restartedMain] INFO  org.apache.catalina.core.StandardEngine - Starting Servlet engine: [Apache Tomcat/10.1.1]
2023:04:06 18:31:25.350 [restartedMain] INFO  org.apache.catalina.core.ContainerBase.[Tomcat].[localhost].[/] - Initializing Spring embedded WebApplicationContext
2023:04:06 18:31:25.356 [restartedMain] INFO  org.springframework.boot.web.servlet.context.ServletWebServerApplicationContext - Root WebApplicationContext: initialization completed in 3339 ms
2023:04:06 18:31:25.580 [restartedMain] WARN  org.apache.catalina.core.ContainerBase.[Tomcat].[localhost].[/] - Cannot deserialize session attribute [SPRING_SECURITY_CONTEXT] for session [3935E6CEE25C5E609F565C6856805B58]
2023:04:06 18:31:25.582 [restartedMain] ERROR org.apache.catalina.session.StandardManager - Exception loading sessions from persistent storage
java.lang.ClassCastException: class java.io.ObjectStreamClass cannot be cast to class java.lang.String (java.io.ObjectStreamClass and java.lang.String are in module java.base of loader 'bootstrap')
	at java.io.ObjectInputStream.readTypeString(ObjectInputStream.java:1837) ~[?:?]
	at java.io.ObjectStreamClass.readNonProxy(ObjectStreamClass.java:708) ~[?:?]
	at java.io.ObjectInputStream.readClassDescriptor(ObjectInputStream.java:1012) ~[?:?]
	at java.io.ObjectInputStream.readNonProxyDesc(ObjectInputStream.java:2048) ~[?:?]
	at java.io.ObjectInputStream.readClassDesc(ObjectInputStream.java:1925) ~[?:?]
	at java.io.ObjectInputStream.readOrdinaryObject(ObjectInputStream.java:2248) ~[?:?]
	at java.io.ObjectInputStream.readObject0(ObjectInputStream.java:1760) ~[?:?]
	at java.io.ObjectInputStream.readObject(ObjectInputStream.java:538) ~[?:?]
	at java.io.ObjectInputStream.readObject(ObjectInputStream.java:496) ~[?:?]
	at org.apache.catalina.session.StandardSession.doReadObject(StandardSession.java:1505) ~[tomcat-embed-core-10.1.1.jar:10.1.1]
	at org.apache.catalina.session.StandardSession.readObjectData(StandardSession.java:1033) ~[tomcat-embed-core-10.1.1.jar:10.1.1]
	at org.apache.catalina.session.StandardManager.doLoad(StandardManager.java:219) ~[tomcat-embed-core-10.1.1.jar:10.1.1]
	at org.apache.catalina.session.StandardManager.load(StandardManager.java:162) ~[tomcat-embed-core-10.1.1.jar:10.1.1]
	at org.apache.catalina.session.StandardManager.startInternal(StandardManager.java:356) ~[tomcat-embed-core-10.1.1.jar:10.1.1]
	at org.apache.catalina.util.LifecycleBase.start(LifecycleBase.java:183) ~[tomcat-embed-core-10.1.1.jar:10.1.1]
	at org.apache.catalina.core.StandardContext.startInternal(StandardContext.java:5181) ~[tomcat-embed-core-10.1.1.jar:10.1.1]
	at org.apache.catalina.util.LifecycleBase.start(LifecycleBase.java:183) ~[tomcat-embed-core-10.1.1.jar:10.1.1]
	at org.apache.catalina.core.ContainerBase$StartChild.call(ContainerBase.java:1396) ~[tomcat-embed-core-10.1.1.jar:10.1.1]
	at org.apache.catalina.core.ContainerBase$StartChild.call(ContainerBase.java:1386) ~[tomcat-embed-core-10.1.1.jar:10.1.1]
	at java.util.concurrent.FutureTask.run(FutureTask.java:317) ~[?:?]
	at org.apache.tomcat.util.threads.InlineExecutorService.execute(InlineExecutorService.java:75) ~[tomcat-embed-core-10.1.1.jar:10.1.1]
	at java.util.concurrent.AbstractExecutorService.submit(AbstractExecutorService.java:145) ~[?:?]
	at org.apache.catalina.core.ContainerBase.startInternal(ContainerBase.java:919) ~[tomcat-embed-core-10.1.1.jar:10.1.1]
	at org.apache.catalina.core.StandardHost.startInternal(StandardHost.java:886) ~[tomcat-embed-core-10.1.1.jar:10.1.1]
	at org.apache.catalina.util.LifecycleBase.start(LifecycleBase.java:183) ~[tomcat-embed-core-10.1.1.jar:10.1.1]
	at org.apache.catalina.core.ContainerBase$StartChild.call(ContainerBase.java:1396) ~[tomcat-embed-core-10.1.1.jar:10.1.1]
	at org.apache.catalina.core.ContainerBase$StartChild.call(ContainerBase.java:1386) ~[tomcat-embed-core-10.1.1.jar:10.1.1]
	at java.util.concurrent.FutureTask.run(FutureTask.java:317) ~[?:?]
	at org.apache.tomcat.util.threads.InlineExecutorService.execute(InlineExecutorService.java:75) ~[tomcat-embed-core-10.1.1.jar:10.1.1]
	at java.util.concurrent.AbstractExecutorService.submit(AbstractExecutorService.java:145) ~[?:?]
	at org.apache.catalina.core.ContainerBase.startInternal(ContainerBase.java:919) ~[tomcat-embed-core-10.1.1.jar:10.1.1]
	at org.apache.catalina.core.StandardEngine.startInternal(StandardEngine.java:252) ~[tomcat-embed-core-10.1.1.jar:10.1.1]
	at org.apache.catalina.util.LifecycleBase.start(LifecycleBase.java:183) ~[tomcat-embed-core-10.1.1.jar:10.1.1]
	at org.apache.catalina.core.StandardService.startInternal(StandardService.java:432) ~[tomcat-embed-core-10.1.1.jar:10.1.1]
	at org.apache.catalina.util.LifecycleBase.start(LifecycleBase.java:183) ~[tomcat-embed-core-10.1.1.jar:10.1.1]
	at org.apache.catalina.core.StandardServer.startInternal(StandardServer.java:926) ~[tomcat-embed-core-10.1.1.jar:10.1.1]
	at org.apache.catalina.util.LifecycleBase.start(LifecycleBase.java:183) ~[tomcat-embed-core-10.1.1.jar:10.1.1]
	at org.apache.catalina.startup.Tomcat.start(Tomcat.java:485) ~[tomcat-embed-core-10.1.1.jar:10.1.1]
	at org.springframework.boot.web.embedded.tomcat.TomcatWebServer.initialize(TomcatWebServer.java:129) ~[spring-boot-3.0.0.jar:3.0.0]
	at org.springframework.boot.web.embedded.tomcat.TomcatWebServer.<init>(TomcatWebServer.java:110) ~[spring-boot-3.0.0.jar:3.0.0]
	at org.springframework.boot.web.embedded.tomcat.TomcatServletWebServerFactory.getTomcatWebServer(TomcatServletWebServerFactory.java:486) ~[spring-boot-3.0.0.jar:3.0.0]
	at org.springframework.boot.web.embedded.tomcat.TomcatServletWebServerFactory.getWebServer(TomcatServletWebServerFactory.java:210) ~[spring-boot-3.0.0.jar:3.0.0]
	at org.springframework.boot.web.servlet.context.ServletWebServerApplicationContext.createWebServer(ServletWebServerApplicationContext.java:183) ~[spring-boot-3.0.0.jar:3.0.0]
	at org.springframework.boot.web.servlet.context.ServletWebServerApplicationContext.onRefresh(ServletWebServerApplicationContext.java:161) ~[spring-boot-3.0.0.jar:3.0.0]
	at org.springframework.context.support.AbstractApplicationContext.refresh(AbstractApplicationContext.java:578) ~[spring-context-6.0.2.jar:6.0.2]
	at org.springframework.boot.web.servlet.context.ServletWebServerApplicationContext.refresh(ServletWebServerApplicationContext.java:146) ~[spring-boot-3.0.0.jar:3.0.0]
	at org.springframework.boot.SpringApplication.refresh(SpringApplication.java:730) ~[spring-boot-3.0.0.jar:3.0.0]
	at org.springframework.boot.SpringApplication.refreshContext(SpringApplication.java:432) ~[spring-boot-3.0.0.jar:3.0.0]
	at org.springframework.boot.SpringApplication.run(SpringApplication.java:308) ~[spring-boot-3.0.0.jar:3.0.0]
	at org.springframework.boot.SpringApplication.run(SpringApplication.java:1302) ~[spring-boot-3.0.0.jar:3.0.0]
	at org.springframework.boot.SpringApplication.run(SpringApplication.java:1291) ~[spring-boot-3.0.0.jar:3.0.0]
	at com.nnk.springboot.Application.main(Application.java:11) ~[classes/:?]
	at jdk.internal.reflect.DirectMethodHandleAccessor.invoke(DirectMethodHandleAccessor.java:104) ~[?:?]
	at java.lang.reflect.Method.invoke(Method.java:578) ~[?:?]
	at org.springframework.boot.devtools.restart.RestartLauncher.run(RestartLauncher.java:49) ~[spring-boot-devtools-3.0.0.jar:3.0.0]
2023:04:06 18:31:25.956 [restartedMain] INFO  org.hibernate.jpa.internal.util.LogHelper - HHH000204: Processing PersistenceUnitInfo [name: default]
2023:04:06 18:31:26.146 [restartedMain] INFO  org.hibernate.Version - HHH000412: Hibernate ORM core version 6.1.5.Final
2023:04:06 18:31:26.725 [restartedMain] WARN  org.hibernate.orm.deprecation - HHH90000021: Encountered deprecated setting [javax.persistence.sharedCache.mode], use [jakarta.persistence.sharedCache.mode] instead
2023:04:06 18:31:26.939 [restartedMain] INFO  com.zaxxer.hikari.HikariDataSource - HikariPool-1 - Starting...
2023:04:06 18:31:27.436 [restartedMain] INFO  com.zaxxer.hikari.pool.HikariPool - HikariPool-1 - Added connection com.mysql.cj.jdbc.ConnectionImpl@63bef3b0
2023:04:06 18:31:27.439 [restartedMain] INFO  com.zaxxer.hikari.HikariDataSource - HikariPool-1 - Start completed.
2023:04:06 18:31:27.522 [restartedMain] INFO  SQL dialect - HHH000400: Using dialect: org.hibernate.dialect.MySQLDialect
2023:04:06 18:31:29.003 [restartedMain] INFO  org.hibernate.metamodel.internal.EntityInstantiatorPojoStandard - HHH000182: No default (no-argument) constructor for class: com.nnk.springboot.domain.BidList (class must be instantiated by Interceptor)
2023:04:06 18:31:29.274 [restartedMain] INFO  org.hibernate.engine.transaction.jta.platform.internal.JtaPlatformInitiator - HHH000490: Using JtaPlatform implementation: [org.hibernate.engine.transaction.jta.platform.internal.NoJtaPlatform]
2023:04:06 18:31:29.286 [restartedMain] INFO  org.springframework.orm.jpa.LocalContainerEntityManagerFactoryBean - Initialized JPA EntityManagerFactory for persistence unit 'default'
2023:04:06 18:31:30.114 [restartedMain] WARN  org.springframework.boot.autoconfigure.orm.jpa.JpaBaseConfiguration$JpaWebConfiguration - spring.jpa.open-in-view is enabled by default. Therefore, database queries may be performed during view rendering. Explicitly configure spring.jpa.open-in-view to disable this warning
2023:04:06 18:31:30.882 [restartedMain] INFO  org.springframework.security.web.DefaultSecurityFilterChain - Will secure any request with [org.springframework.security.web.session.DisableEncodeUrlFilter@7eec3c1d, org.springframework.security.web.context.request.async.WebAsyncManagerIntegrationFilter@5c3744a9, org.springframework.security.web.context.SecurityContextHolderFilter@26558acd, org.springframework.security.web.header.HeaderWriterFilter@5c1b81cf, org.springframework.security.web.csrf.CsrfFilter@7c789ae8, org.springframework.security.web.authentication.logout.LogoutFilter@25f8a7ee, org.springframework.security.oauth2.client.web.OAuth2AuthorizationRequestRedirectFilter@5fde8913, org.springframework.security.oauth2.client.web.OAuth2LoginAuthenticationFilter@53ce26f7, org.springframework.security.web.authentication.UsernamePasswordAuthenticationFilter@6560877d, org.springframework.security.web.authentication.ui.DefaultLoginPageGeneratingFilter@6c0b556c, org.springframework.security.web.authentication.ui.DefaultLogoutPageGeneratingFilter@39fd3b68, org.springframework.security.web.authentication.www.BasicAuthenticationFilter@30001a0e, org.springframework.security.web.savedrequest.RequestCacheAwareFilter@389d21b1, org.springframework.security.web.servletapi.SecurityContextHolderAwareRequestFilter@556d20de, org.springframework.security.web.authentication.AnonymousAuthenticationFilter@5bc57fa5, org.springframework.security.web.access.ExceptionTranslationFilter@e414c8b, org.springframework.security.web.access.intercept.AuthorizationFilter@26630da5]
2023:04:06 18:31:31.470 [restartedMain] INFO  org.springframework.boot.devtools.autoconfigure.OptionalLiveReloadServer - LiveReload server is running on port 35729
2023:04:06 18:31:31.496 [restartedMain] INFO  org.apache.coyote.http11.Http11NioProtocol - Starting ProtocolHandler ["http-nio-8080"]
2023:04:06 18:31:31.539 [restartedMain] INFO  org.springframework.boot.web.embedded.tomcat.TomcatWebServer - Tomcat started on port(s): 8080 (http) with context path ''
2023:04:06 18:31:31.561 [restartedMain] INFO  com.nnk.springboot.Application - Started Application in 10.279 seconds (process running for 12.035)
2023:04:06 18:31:33.049 [http-nio-8080-exec-2] INFO  org.apache.catalina.core.ContainerBase.[Tomcat].[localhost].[/] - Initializing Spring DispatcherServlet 'dispatcherServlet'
2023:04:06 18:31:33.050 [http-nio-8080-exec-2] INFO  org.springframework.web.servlet.DispatcherServlet - Initializing Servlet 'dispatcherServlet'
2023:04:06 18:31:33.052 [http-nio-8080-exec-2] INFO  org.springframework.web.servlet.DispatcherServlet - Completed initialization in 1 ms
2023:04:06 18:31:49.005 [http-nio-8080-exec-5] INFO  com.nnk.springboot.MyAppLogger - user found
2023:04:06 18:31:49.149 [http-nio-8080-exec-6] INFO  com.nnk.springboot.MyAppLogger - REQUEST /
2023:04:06 18:31:53.371 [http-nio-8080-exec-8] INFO  com.nnk.springboot.MyAppLogger - REQUEST /bidList/list
2023:04:06 18:31:53.426 [http-nio-8080-exec-8] ERROR org.apache.catalina.core.ContainerBase.[Tomcat].[localhost].[/].[dispatcherServlet] - Servlet.service() for servlet [dispatcherServlet] in context with path [] threw exception [Request processing failed: org.springframework.orm.jpa.JpaSystemException: No default constructor for entity:  : com.nnk.springboot.domain.BidList] with root cause
org.hibernate.InstantiationException: No default constructor for entity:  : com.nnk.springboot.domain.BidList
	at org.hibernate.metamodel.internal.EntityInstantiatorPojoStandard.instantiate(EntityInstantiatorPojoStandard.java:101) ~[hibernate-core-6.1.5.Final.jar:6.1.5.Final]
	at org.hibernate.persister.entity.AbstractEntityPersister.instantiate(AbstractEntityPersister.java:5207) ~[hibernate-core-6.1.5.Final.jar:6.1.5.Final]
	at org.hibernate.internal.SessionImpl.instantiate(SessionImpl.java:1477) ~[hibernate-core-6.1.5.Final.jar:6.1.5.Final]
	at org.hibernate.internal.SessionImpl.instantiate(SessionImpl.java:1461) ~[hibernate-core-6.1.5.Final.jar:6.1.5.Final]
	at org.hibernate.sql.results.graph.entity.AbstractEntityInitializer.resolveInstance(AbstractEntityInitializer.java:598) ~[hibernate-core-6.1.5.Final.jar:6.1.5.Final]
	at org.hibernate.sql.results.graph.entity.AbstractEntityInitializer.resolveInstance(AbstractEntityInitializer.java:477) ~[hibernate-core-6.1.5.Final.jar:6.1.5.Final]
	at org.hibernate.sql.results.internal.StandardRowReader.coordinateInitializers(StandardRowReader.java:141) ~[hibernate-core-6.1.5.Final.jar:6.1.5.Final]
	at org.hibernate.sql.results.internal.StandardRowReader.readRow(StandardRowReader.java:98) ~[hibernate-core-6.1.5.Final.jar:6.1.5.Final]
	at org.hibernate.sql.results.spi.ListResultsConsumer.consume(ListResultsConsumer.java:143) ~[hibernate-core-6.1.5.Final.jar:6.1.5.Final]
	at org.hibernate.sql.results.spi.ListResultsConsumer.consume(ListResultsConsumer.java:32) ~[hibernate-core-6.1.5.Final.jar:6.1.5.Final]
	at org.hibernate.sql.exec.internal.JdbcSelectExecutorStandardImpl.doExecuteQuery(JdbcSelectExecutorStandardImpl.java:443) ~[hibernate-core-6.1.5.Final.jar:6.1.5.Final]
	at org.hibernate.sql.exec.internal.JdbcSelectExecutorStandardImpl.executeQuery(JdbcSelectExecutorStandardImpl.java:166) ~[hibernate-core-6.1.5.Final.jar:6.1.5.Final]
	at org.hibernate.sql.exec.internal.JdbcSelectExecutorStandardImpl.list(JdbcSelectExecutorStandardImpl.java:91) ~[hibernate-core-6.1.5.Final.jar:6.1.5.Final]
	at org.hibernate.sql.exec.spi.JdbcSelectExecutor.list(JdbcSelectExecutor.java:31) ~[hibernate-core-6.1.5.Final.jar:6.1.5.Final]
	at org.hibernate.query.sqm.internal.ConcreteSqmSelectQueryPlan.lambda$new$0(ConcreteSqmSelectQueryPlan.java:102) ~[hibernate-core-6.1.5.Final.jar:6.1.5.Final]
	at org.hibernate.query.sqm.internal.ConcreteSqmSelectQueryPlan.withCacheableSqmInterpretation(ConcreteSqmSelectQueryPlan.java:305) ~[hibernate-core-6.1.5.Final.jar:6.1.5.Final]
	at org.hibernate.query.sqm.internal.ConcreteSqmSelectQueryPlan.performList(ConcreteSqmSelectQueryPlan.java:246) ~[hibernate-core-6.1.5.Final.jar:6.1.5.Final]
	at org.hibernate.query.sqm.internal.QuerySqmImpl.doList(QuerySqmImpl.java:546) ~[hibernate-core-6.1.5.Final.jar:6.1.5.Final]
	at org.hibernate.query.spi.AbstractSelectionQuery.list(AbstractSelectionQuery.java:363) ~[hibernate-core-6.1.5.Final.jar:6.1.5.Final]
	at org.hibernate.query.sqm.internal.QuerySqmImpl.list(QuerySqmImpl.java:1032) ~[hibernate-core-6.1.5.Final.jar:6.1.5.Final]
	at org.hibernate.query.Query.getResultList(Query.java:94) ~[hibernate-core-6.1.5.Final.jar:6.1.5.Final]
	at org.springframework.data.jpa.repository.support.SimpleJpaRepository.findAll(SimpleJpaRepository.java:405) ~[spring-data-jpa-3.0.0.jar:3.0.0]
	at org.springframework.data.jpa.repository.support.SimpleJpaRepository.findAll(SimpleJpaRepository.java:90) ~[spring-data-jpa-3.0.0.jar:3.0.0]
	at jdk.internal.reflect.DirectMethodHandleAccessor.invoke(DirectMethodHandleAccessor.java:104) ~[?:?]
	at java.lang.reflect.Method.invoke(Method.java:578) ~[?:?]
	at org.springframework.data.repository.core.support.RepositoryMethodInvoker$RepositoryFragmentMethodInvoker.lambda$new$0(RepositoryMethodInvoker.java:288) ~[spring-data-commons-3.0.0.jar:3.0.0]
	at org.springframework.data.repository.core.support.RepositoryMethodInvoker.doInvoke(RepositoryMethodInvoker.java:136) ~[spring-data-commons-3.0.0.jar:3.0.0]
	at org.springframework.data.repository.core.support.RepositoryMethodInvoker.invoke(RepositoryMethodInvoker.java:120) ~[spring-data-commons-3.0.0.jar:3.0.0]
	at org.springframework.data.repository.core.support.RepositoryComposition$RepositoryFragments.invoke(RepositoryComposition.java:516) ~[spring-data-commons-3.0.0.jar:3.0.0]
	at org.springframework.data.repository.core.support.RepositoryComposition.invoke(RepositoryComposition.java:285) ~[spring-data-commons-3.0.0.jar:3.0.0]
	at org.springframework.data.repository.core.support.RepositoryFactorySupport$ImplementationMethodExecutionInterceptor.invoke(RepositoryFactorySupport.java:628) ~[spring-data-commons-3.0.0.jar:3.0.0]
	at org.springframework.aop.framework.ReflectiveMethodInvocation.proceed(ReflectiveMethodInvocation.java:184) ~[spring-aop-6.0.2.jar:6.0.2]
	at org.springframework.data.repository.core.support.QueryExecutorMethodInterceptor.doInvoke(QueryExecutorMethodInterceptor.java:168) ~[spring-data-commons-3.0.0.jar:3.0.0]
	at org.springframework.data.repository.core.support.QueryExecutorMethodInterceptor.invoke(QueryExecutorMethodInterceptor.java:143) ~[spring-data-commons-3.0.0.jar:3.0.0]
	at org.springframework.aop.framework.ReflectiveMethodInvocation.proceed(ReflectiveMethodInvocation.java:184) ~[spring-aop-6.0.2.jar:6.0.2]
	at org.springframework.data.projection.DefaultMethodInvokingMethodInterceptor.invoke(DefaultMethodInvokingMethodInterceptor.java:77) ~[spring-data-commons-3.0.0.jar:3.0.0]
	at org.springframework.aop.framework.ReflectiveMethodInvocation.proceed(ReflectiveMethodInvocation.java:184) ~[spring-aop-6.0.2.jar:6.0.2]
	at org.springframework.transaction.interceptor.TransactionInterceptor$1.proceedWithInvocation(TransactionInterceptor.java:123) ~[spring-tx-6.0.2.jar:6.0.2]
	at org.springframework.transaction.interceptor.TransactionAspectSupport.invokeWithinTransaction(TransactionAspectSupport.java:388) ~[spring-tx-6.0.2.jar:6.0.2]
	at org.springframework.transaction.interceptor.TransactionInterceptor.invoke(TransactionInterceptor.java:119) ~[spring-tx-6.0.2.jar:6.0.2]
	at org.springframework.aop.framework.ReflectiveMethodInvocation.proceed(ReflectiveMethodInvocation.java:184) ~[spring-aop-6.0.2.jar:6.0.2]
	at org.springframework.dao.support.PersistenceExceptionTranslationInterceptor.invoke(PersistenceExceptionTranslationInterceptor.java:137) ~[spring-tx-6.0.2.jar:6.0.2]
	at org.springframework.aop.framework.ReflectiveMethodInvocation.proceed(ReflectiveMethodInvocation.java:184) ~[spring-aop-6.0.2.jar:6.0.2]
	at org.springframework.data.jpa.repository.support.CrudMethodMetadataPostProcessor$CrudMethodMetadataPopulatingMethodInterceptor.invoke(CrudMethodMetadataPostProcessor.java:163) ~[spring-data-jpa-3.0.0.jar:3.0.0]
	at org.springframework.aop.framework.ReflectiveMethodInvocation.proceed(ReflectiveMethodInvocation.java:184) ~[spring-aop-6.0.2.jar:6.0.2]
	at org.springframework.aop.interceptor.ExposeInvocationInterceptor.invoke(ExposeInvocationInterceptor.java:97) ~[spring-aop-6.0.2.jar:6.0.2]
	at org.springframework.aop.framework.ReflectiveMethodInvocation.proceed(ReflectiveMethodInvocation.java:184) ~[spring-aop-6.0.2.jar:6.0.2]
	at org.springframework.aop.framework.JdkDynamicAopProxy.invoke(JdkDynamicAopProxy.java:218) ~[spring-aop-6.0.2.jar:6.0.2]
	at jdk.proxy4.$Proxy129.findAll(Unknown Source) ~[?:?]
	at com.nnk.springboot.services.BidListService.findAll(BidListService.java:22) ~[classes/:?]
	at com.nnk.springboot.controllers.BidListController.home(BidListController.java:36) ~[classes/:?]
	at jdk.internal.reflect.DirectMethodHandleAccessor.invoke(DirectMethodHandleAccessor.java:104) ~[?:?]
	at java.lang.reflect.Method.invoke(Method.java:578) ~[?:?]
	at org.springframework.web.method.support.InvocableHandlerMethod.doInvoke(InvocableHandlerMethod.java:207) ~[spring-web-6.0.2.jar:6.0.2]
	at org.springframework.web.method.support.InvocableHandlerMethod.invokeForRequest(InvocableHandlerMethod.java:152) ~[spring-web-6.0.2.jar:6.0.2]
	at org.springframework.web.servlet.mvc.method.annotation.ServletInvocableHandlerMethod.invokeAndHandle(ServletInvocableHandlerMethod.java:117) ~[spring-webmvc-6.0.2.jar:6.0.2]
	at org.springframework.web.servlet.mvc.method.annotation.RequestMappingHandlerAdapter.invokeHandlerMethod(RequestMappingHandlerAdapter.java:884) ~[spring-webmvc-6.0.2.jar:6.0.2]
	at org.springframework.web.servlet.mvc.method.annotation.RequestMappingHandlerAdapter.handleInternal(RequestMappingHandlerAdapter.java:797) ~[spring-webmvc-6.0.2.jar:6.0.2]
	at org.springframework.web.servlet.mvc.method.AbstractHandlerMethodAdapter.handle(AbstractHandlerMethodAdapter.java:87) ~[spring-webmvc-6.0.2.jar:6.0.2]
	at org.springframework.web.servlet.DispatcherServlet.doDispatch(DispatcherServlet.java:1080) ~[spring-webmvc-6.0.2.jar:6.0.2]
	at org.springframework.web.servlet.DispatcherServlet.doService(DispatcherServlet.java:973) ~[spring-webmvc-6.0.2.jar:6.0.2]
	at org.springframework.web.servlet.FrameworkServlet.processRequest(FrameworkServlet.java:1003) ~[spring-webmvc-6.0.2.jar:6.0.2]
	at org.springframework.web.servlet.FrameworkServlet.doGet(FrameworkServlet.java:895) ~[spring-webmvc-6.0.2.jar:6.0.2]
	at jakarta.servlet.http.HttpServlet.service(HttpServlet.java:705) ~[tomcat-embed-core-10.1.1.jar:6.0]
	at org.springframework.web.servlet.FrameworkServlet.service(FrameworkServlet.java:880) ~[spring-webmvc-6.0.2.jar:6.0.2]
	at jakarta.servlet.http.HttpServlet.service(HttpServlet.java:814) ~[tomcat-embed-core-10.1.1.jar:6.0]
	at org.apache.catalina.core.ApplicationFilterChain.internalDoFilter(ApplicationFilterChain.java:223) ~[tomcat-embed-core-10.1.1.jar:10.1.1]
	at org.apache.catalina.core.ApplicationFilterChain.doFilter(ApplicationFilterChain.java:158) ~[tomcat-embed-core-10.1.1.jar:10.1.1]
	at org.apache.tomcat.websocket.server.WsFilter.doFilter(WsFilter.java:53) ~[tomcat-embed-websocket-10.1.1.jar:10.1.1]
	at org.apache.catalina.core.ApplicationFilterChain.internalDoFilter(ApplicationFilterChain.java:185) ~[tomcat-embed-core-10.1.1.jar:10.1.1]
	at org.apache.catalina.core.ApplicationFilterChain.doFilter(ApplicationFilterChain.java:158) ~[tomcat-embed-core-10.1.1.jar:10.1.1]
	at org.springframework.security.web.FilterChainProxy.lambda$doFilterInternal$3(FilterChainProxy.java:231) ~[spring-security-web-6.0.0.jar:6.0.0]
	at org.springframework.security.web.FilterChainProxy$VirtualFilterChain.doFilter(FilterChainProxy.java:365) ~[spring-security-web-6.0.0.jar:6.0.0]
	at org.springframework.security.web.access.intercept.AuthorizationFilter.doFilter(AuthorizationFilter.java:100) ~[spring-security-web-6.0.0.jar:6.0.0]
	at org.springframework.security.web.FilterChainProxy$VirtualFilterChain.doFilter(FilterChainProxy.java:374) ~[spring-security-web-6.0.0.jar:6.0.0]
	at org.springframework.security.web.access.ExceptionTranslationFilter.doFilter(ExceptionTranslationFilter.java:126) ~[spring-security-web-6.0.0.jar:6.0.0]
	at org.springframework.security.web.access.ExceptionTranslationFilter.doFilter(ExceptionTranslationFilter.java:120) ~[spring-security-web-6.0.0.jar:6.0.0]
	at org.springframework.security.web.FilterChainProxy$VirtualFilterChain.doFilter(FilterChainProxy.java:374) ~[spring-security-web-6.0.0.jar:6.0.0]
	at org.springframework.security.web.authentication.AnonymousAuthenticationFilter.doFilter(AnonymousAuthenticationFilter.java:100) ~[spring-security-web-6.0.0.jar:6.0.0]
	at org.springframework.security.web.FilterChainProxy$VirtualFilterChain.doFilter(FilterChainProxy.java:374) ~[spring-security-web-6.0.0.jar:6.0.0]
	at org.springframework.security.web.servletapi.SecurityContextHolderAwareRequestFilter.doFilter(SecurityContextHolderAwareRequestFilter.java:179) ~[spring-security-web-6.0.0.jar:6.0.0]
	at org.springframework.security.web.FilterChainProxy$VirtualFilterChain.doFilter(FilterChainProxy.java:374) ~[spring-security-web-6.0.0.jar:6.0.0]
	at org.springframework.security.web.savedrequest.RequestCacheAwareFilter.doFilter(RequestCacheAwareFilter.java:63) ~[spring-security-web-6.0.0.jar:6.0.0]
	at org.springframework.security.web.FilterChainProxy$VirtualFilterChain.doFilter(FilterChainProxy.java:374) ~[spring-security-web-6.0.0.jar:6.0.0]
	at org.springframework.security.web.authentication.www.BasicAuthenticationFilter.doFilterInternal(BasicAuthenticationFilter.java:170) ~[spring-security-web-6.0.0.jar:6.0.0]
	at org.springframework.web.filter.OncePerRequestFilter.doFilter(OncePerRequestFilter.java:116) ~[spring-web-6.0.2.jar:6.0.2]
	at org.springframework.security.web.FilterChainProxy$VirtualFilterChain.doFilter(FilterChainProxy.java:374) ~[spring-security-web-6.0.0.jar:6.0.0]
	at org.springframework.security.web.authentication.ui.DefaultLogoutPageGeneratingFilter.doFilterInternal(DefaultLogoutPageGeneratingFilter.java:58) ~[spring-security-web-6.0.0.jar:6.0.0]
	at org.springframework.web.filter.OncePerRequestFilter.doFilter(OncePerRequestFilter.java:116) ~[spring-web-6.0.2.jar:6.0.2]
	at org.springframework.security.web.FilterChainProxy$VirtualFilterChain.doFilter(FilterChainProxy.java:374) ~[spring-security-web-6.0.0.jar:6.0.0]
	at org.springframework.security.web.authentication.ui.DefaultLoginPageGeneratingFilter.doFilter(DefaultLoginPageGeneratingFilter.java:188) ~[spring-security-web-6.0.0.jar:6.0.0]
	at org.springframework.security.web.authentication.ui.DefaultLoginPageGeneratingFilter.doFilter(DefaultLoginPageGeneratingFilter.java:174) ~[spring-security-web-6.0.0.jar:6.0.0]
	at org.springframework.security.web.FilterChainProxy$VirtualFilterChain.doFilter(FilterChainProxy.java:374) ~[spring-security-web-6.0.0.jar:6.0.0]
	at org.springframework.security.web.authentication.AbstractAuthenticationProcessingFilter.doFilter(AbstractAuthenticationProcessingFilter.java:227) ~[spring-security-web-6.0.0.jar:6.0.0]
	at org.springframework.security.web.authentication.AbstractAuthenticationProcessingFilter.doFilter(AbstractAuthenticationProcessingFilter.java:221) ~[spring-security-web-6.0.0.jar:6.0.0]
	at org.springframework.security.web.FilterChainProxy$VirtualFilterChain.doFilter(FilterChainProxy.java:374) ~[spring-security-web-6.0.0.jar:6.0.0]
	at org.springframework.security.web.authentication.AbstractAuthenticationProcessingFilter.doFilter(AbstractAuthenticationProcessingFilter.java:227) ~[spring-security-web-6.0.0.jar:6.0.0]
	at org.springframework.security.web.authentication.AbstractAuthenticationProcessingFilter.doFilter(AbstractAuthenticationProcessingFilter.java:221) ~[spring-security-web-6.0.0.jar:6.0.0]
	at org.springframework.security.web.FilterChainProxy$VirtualFilterChain.doFilter(FilterChainProxy.java:374) ~[spring-security-web-6.0.0.jar:6.0.0]
	at org.springframework.security.oauth2.client.web.OAuth2AuthorizationRequestRedirectFilter.doFilterInternal(OAuth2AuthorizationRequestRedirectFilter.java:181) ~[spring-security-oauth2-client-6.0.0.jar:6.0.0]
	at org.springframework.web.filter.OncePerRequestFilter.doFilter(OncePerRequestFilter.java:116) ~[spring-web-6.0.2.jar:6.0.2]
	at org.springframework.security.web.FilterChainProxy$VirtualFilterChain.doFilter(FilterChainProxy.java:374) ~[spring-security-web-6.0.0.jar:6.0.0]
	at org.springframework.security.web.authentication.logout.LogoutFilter.doFilter(LogoutFilter.java:107) ~[spring-security-web-6.0.0.jar:6.0.0]
	at org.springframework.security.web.authentication.logout.LogoutFilter.doFilter(LogoutFilter.java:93) ~[spring-security-web-6.0.0.jar:6.0.0]
	at org.springframework.security.web.FilterChainProxy$VirtualFilterChain.doFilter(FilterChainProxy.java:374) ~[spring-security-web-6.0.0.jar:6.0.0]
	at org.springframework.security.web.csrf.CsrfFilter.doFilterInternal(CsrfFilter.java:116) ~[spring-security-web-6.0.0.jar:6.0.0]
	at org.springframework.web.filter.OncePerRequestFilter.doFilter(OncePerRequestFilter.java:116) ~[spring-web-6.0.2.jar:6.0.2]
	at org.springframework.security.web.FilterChainProxy$VirtualFilterChain.doFilter(FilterChainProxy.java:374) ~[spring-security-web-6.0.0.jar:6.0.0]
	at org.springframework.security.web.header.HeaderWriterFilter.doHeadersAfter(HeaderWriterFilter.java:90) ~[spring-security-web-6.0.0.jar:6.0.0]
	at org.springframework.security.web.header.HeaderWriterFilter.doFilterInternal(HeaderWriterFilter.java:75) ~[spring-security-web-6.0.0.jar:6.0.0]
	at org.springframework.web.filter.OncePerRequestFilter.doFilter(OncePerRequestFilter.java:116) ~[spring-web-6.0.2.jar:6.0.2]
	at org.springframework.security.web.FilterChainProxy$VirtualFilterChain.doFilter(FilterChainProxy.java:374) ~[spring-security-web-6.0.0.jar:6.0.0]
	at org.springframework.security.web.context.SecurityContextHolderFilter.doFilterInternal(SecurityContextHolderFilter.java:69) ~[spring-security-web-6.0.0.jar:6.0.0]
	at org.springframework.web.filter.OncePerRequestFilter.doFilter(OncePerRequestFilter.java:116) ~[spring-web-6.0.2.jar:6.0.2]
	at org.springframework.security.web.FilterChainProxy$VirtualFilterChain.doFilter(FilterChainProxy.java:374) ~[spring-security-web-6.0.0.jar:6.0.0]
	at org.springframework.security.web.context.request.async.WebAsyncManagerIntegrationFilter.doFilterInternal(WebAsyncManagerIntegrationFilter.java:62) ~[spring-security-web-6.0.0.jar:6.0.0]
	at org.springframework.web.filter.OncePerRequestFilter.doFilter(OncePerRequestFilter.java:116) ~[spring-web-6.0.2.jar:6.0.2]
	at org.springframework.security.web.FilterChainProxy$VirtualFilterChain.doFilter(FilterChainProxy.java:374) ~[spring-security-web-6.0.0.jar:6.0.0]
	at org.springframework.security.web.session.DisableEncodeUrlFilter.doFilterInternal(DisableEncodeUrlFilter.java:42) ~[spring-security-web-6.0.0.jar:6.0.0]
	at org.springframework.web.filter.OncePerRequestFilter.doFilter(OncePerRequestFilter.java:116) ~[spring-web-6.0.2.jar:6.0.2]
	at org.springframework.security.web.FilterChainProxy$VirtualFilterChain.doFilter(FilterChainProxy.java:374) ~[spring-security-web-6.0.0.jar:6.0.0]
	at org.springframework.security.web.FilterChainProxy.doFilterInternal(FilterChainProxy.java:233) ~[spring-security-web-6.0.0.jar:6.0.0]
	at org.springframework.security.web.FilterChainProxy.doFilter(FilterChainProxy.java:191) ~[spring-security-web-6.0.0.jar:6.0.0]
	at org.springframework.web.filter.DelegatingFilterProxy.invokeDelegate(DelegatingFilterProxy.java:351) ~[spring-web-6.0.2.jar:6.0.2]
	at org.springframework.web.filter.DelegatingFilterProxy.doFilter(DelegatingFilterProxy.java:267) ~[spring-web-6.0.2.jar:6.0.2]
	at org.apache.catalina.core.ApplicationFilterChain.internalDoFilter(ApplicationFilterChain.java:185) ~[tomcat-embed-core-10.1.1.jar:10.1.1]
	at org.apache.catalina.core.ApplicationFilterChain.doFilter(ApplicationFilterChain.java:158) ~[tomcat-embed-core-10.1.1.jar:10.1.1]
	at org.springframework.web.filter.RequestContextFilter.doFilterInternal(RequestContextFilter.java:100) ~[spring-web-6.0.2.jar:6.0.2]
	at org.springframework.web.filter.OncePerRequestFilter.doFilter(OncePerRequestFilter.java:116) ~[spring-web-6.0.2.jar:6.0.2]
	at org.apache.catalina.core.ApplicationFilterChain.internalDoFilter(ApplicationFilterChain.java:185) ~[tomcat-embed-core-10.1.1.jar:10.1.1]
	at org.apache.catalina.core.ApplicationFilterChain.doFilter(ApplicationFilterChain.java:158) ~[tomcat-embed-core-10.1.1.jar:10.1.1]
	at org.springframework.web.filter.FormContentFilter.doFilterInternal(FormContentFilter.java:93) ~[spring-web-6.0.2.jar:6.0.2]
	at org.springframework.web.filter.OncePerRequestFilter.doFilter(OncePerRequestFilter.java:116) ~[spring-web-6.0.2.jar:6.0.2]
	at org.apache.catalina.core.ApplicationFilterChain.internalDoFilter(ApplicationFilterChain.java:185) ~[tomcat-embed-core-10.1.1.jar:10.1.1]
	at org.apache.catalina.core.ApplicationFilterChain.doFilter(ApplicationFilterChain.java:158) ~[tomcat-embed-core-10.1.1.jar:10.1.1]
	at org.springframework.web.filter.CharacterEncodingFilter.doFilterInternal(CharacterEncodingFilter.java:201) ~[spring-web-6.0.2.jar:6.0.2]
	at org.springframework.web.filter.OncePerRequestFilter.doFilter(OncePerRequestFilter.java:116) ~[spring-web-6.0.2.jar:6.0.2]
	at org.apache.catalina.core.ApplicationFilterChain.internalDoFilter(ApplicationFilterChain.java:185) ~[tomcat-embed-core-10.1.1.jar:10.1.1]
	at org.apache.catalina.core.ApplicationFilterChain.doFilter(ApplicationFilterChain.java:158) ~[tomcat-embed-core-10.1.1.jar:10.1.1]
	at org.apache.catalina.core.StandardWrapperValve.invoke(StandardWrapperValve.java:197) ~[tomcat-embed-core-10.1.1.jar:10.1.1]
	at org.apache.catalina.core.StandardContextValve.invoke(StandardContextValve.java:97) ~[tomcat-embed-core-10.1.1.jar:10.1.1]
	at org.apache.catalina.authenticator.AuthenticatorBase.invoke(AuthenticatorBase.java:542) ~[tomcat-embed-core-10.1.1.jar:10.1.1]
	at org.apache.catalina.core.StandardHostValve.invoke(StandardHostValve.java:119) ~[tomcat-embed-core-10.1.1.jar:10.1.1]
	at org.apache.catalina.valves.ErrorReportValve.invoke(ErrorReportValve.java:92) ~[tomcat-embed-core-10.1.1.jar:10.1.1]
	at org.apache.catalina.core.StandardEngineValve.invoke(StandardEngineValve.java:78) ~[tomcat-embed-core-10.1.1.jar:10.1.1]
	at org.apache.catalina.connector.CoyoteAdapter.service(CoyoteAdapter.java:357) ~[tomcat-embed-core-10.1.1.jar:10.1.1]
	at org.apache.coyote.http11.Http11Processor.service(Http11Processor.java:400) ~[tomcat-embed-core-10.1.1.jar:10.1.1]
	at org.apache.coyote.AbstractProcessorLight.process(AbstractProcessorLight.java:65) ~[tomcat-embed-core-10.1.1.jar:10.1.1]
	at org.apache.coyote.AbstractProtocol$ConnectionHandler.process(AbstractProtocol.java:861) ~[tomcat-embed-core-10.1.1.jar:10.1.1]
	at org.apache.tomcat.util.net.NioEndpoint$SocketProcessor.doRun(NioEndpoint.java:1739) ~[tomcat-embed-core-10.1.1.jar:10.1.1]
	at org.apache.tomcat.util.net.SocketProcessorBase.run(SocketProcessorBase.java:52) ~[tomcat-embed-core-10.1.1.jar:10.1.1]
	at org.apache.tomcat.util.threads.ThreadPoolExecutor.runWorker(ThreadPoolExecutor.java:1191) ~[tomcat-embed-core-10.1.1.jar:10.1.1]
	at org.apache.tomcat.util.threads.ThreadPoolExecutor$Worker.run(ThreadPoolExecutor.java:659) ~[tomcat-embed-core-10.1.1.jar:10.1.1]
	at org.apache.tomcat.util.threads.TaskThread$WrappingRunnable.run(TaskThread.java:61) ~[tomcat-embed-core-10.1.1.jar:10.1.1]
	at java.lang.Thread.run(Thread.java:1589) ~[?:?]
2023:04:06 18:32:11.031 [SpringApplicationShutdownHook] INFO  org.springframework.orm.jpa.LocalContainerEntityManagerFactoryBean - Closing JPA EntityManagerFactory for persistence unit 'default'
2023:04:06 18:32:11.036 [SpringApplicationShutdownHook] INFO  com.zaxxer.hikari.HikariDataSource - HikariPool-1 - Shutdown initiated...
2023:04:06 18:32:11.047 [SpringApplicationShutdownHook] INFO  com.zaxxer.hikari.HikariDataSource - HikariPool-1 - Shutdown completed.
2023:04:06 18:32:23.305 [background-preinit] INFO  org.hibernate.validator.internal.util.Version - HV000001: Hibernate Validator 8.0.0.Final
2023:04:06 18:32:23.412 [restartedMain] INFO  com.nnk.springboot.Application - Starting Application using Java 19.0.2 with PID 12168 (C:\Users\ebonn\projets\Poseidon\Poseiden-skeleton\target\classes started by ebonn in C:\Users\ebonn\projets\Poseidon)
2023:04:06 18:32:23.422 [restartedMain] INFO  com.nnk.springboot.Application - No active profile set, falling back to 1 default profile: "default"
2023:04:06 18:32:23.534 [restartedMain] INFO  org.springframework.boot.devtools.env.DevToolsPropertyDefaultsPostProcessor - Devtools property defaults active! Set 'spring.devtools.add-properties' to 'false' to disable
2023:04:06 18:32:23.535 [restartedMain] INFO  org.springframework.boot.devtools.env.DevToolsPropertyDefaultsPostProcessor - For additional web related logging consider setting the 'logging.level.web' property to 'DEBUG'
2023:04:06 18:32:25.412 [restartedMain] INFO  org.springframework.data.repository.config.RepositoryConfigurationDelegate - Bootstrapping Spring Data JPA repositories in DEFAULT mode.
2023:04:06 18:32:25.563 [restartedMain] INFO  org.springframework.data.repository.config.RepositoryConfigurationDelegate - Finished Spring Data repository scanning in 133 ms. Found 6 JPA repository interfaces.
2023:04:06 18:32:27.346 [restartedMain] INFO  org.springframework.boot.web.embedded.tomcat.TomcatWebServer - Tomcat initialized with port(s): 8080 (http)
2023:04:06 18:32:27.366 [restartedMain] INFO  org.apache.coyote.http11.Http11NioProtocol - Initializing ProtocolHandler ["http-nio-8080"]
2023:04:06 18:32:27.369 [restartedMain] INFO  org.apache.catalina.core.StandardService - Starting service [Tomcat]
2023:04:06 18:32:27.370 [restartedMain] INFO  org.apache.catalina.core.StandardEngine - Starting Servlet engine: [Apache Tomcat/10.1.1]
2023:04:06 18:32:27.519 [restartedMain] INFO  org.apache.catalina.core.ContainerBase.[Tomcat].[localhost].[/] - Initializing Spring embedded WebApplicationContext
2023:04:06 18:32:27.522 [restartedMain] INFO  org.springframework.boot.web.servlet.context.ServletWebServerApplicationContext - Root WebApplicationContext: initialization completed in 3983 ms
2023:04:06 18:32:27.672 [restartedMain] WARN  org.apache.catalina.core.ContainerBase.[Tomcat].[localhost].[/] - Cannot deserialize session attribute [SPRING_SECURITY_CONTEXT] for session [3C039D2D01615FECE6380D433702A062]
2023:04:06 18:32:27.674 [restartedMain] ERROR org.apache.catalina.session.StandardManager - Exception loading sessions from persistent storage
java.lang.ClassCastException: class java.io.ObjectStreamClass cannot be cast to class java.lang.String (java.io.ObjectStreamClass and java.lang.String are in module java.base of loader 'bootstrap')
	at java.io.ObjectInputStream.readTypeString(ObjectInputStream.java:1837) ~[?:?]
	at java.io.ObjectStreamClass.readNonProxy(ObjectStreamClass.java:708) ~[?:?]
	at java.io.ObjectInputStream.readClassDescriptor(ObjectInputStream.java:1012) ~[?:?]
	at java.io.ObjectInputStream.readNonProxyDesc(ObjectInputStream.java:2048) ~[?:?]
	at java.io.ObjectInputStream.readClassDesc(ObjectInputStream.java:1925) ~[?:?]
	at java.io.ObjectInputStream.readOrdinaryObject(ObjectInputStream.java:2248) ~[?:?]
	at java.io.ObjectInputStream.readObject0(ObjectInputStream.java:1760) ~[?:?]
	at java.io.ObjectInputStream.readObject(ObjectInputStream.java:538) ~[?:?]
	at java.io.ObjectInputStream.readObject(ObjectInputStream.java:496) ~[?:?]
	at org.apache.catalina.session.StandardSession.doReadObject(StandardSession.java:1505) ~[tomcat-embed-core-10.1.1.jar:10.1.1]
	at org.apache.catalina.session.StandardSession.readObjectData(StandardSession.java:1033) ~[tomcat-embed-core-10.1.1.jar:10.1.1]
	at org.apache.catalina.session.StandardManager.doLoad(StandardManager.java:219) ~[tomcat-embed-core-10.1.1.jar:10.1.1]
	at org.apache.catalina.session.StandardManager.load(StandardManager.java:162) ~[tomcat-embed-core-10.1.1.jar:10.1.1]
	at org.apache.catalina.session.StandardManager.startInternal(StandardManager.java:356) ~[tomcat-embed-core-10.1.1.jar:10.1.1]
	at org.apache.catalina.util.LifecycleBase.start(LifecycleBase.java:183) ~[tomcat-embed-core-10.1.1.jar:10.1.1]
	at org.apache.catalina.core.StandardContext.startInternal(StandardContext.java:5181) ~[tomcat-embed-core-10.1.1.jar:10.1.1]
	at org.apache.catalina.util.LifecycleBase.start(LifecycleBase.java:183) ~[tomcat-embed-core-10.1.1.jar:10.1.1]
	at org.apache.catalina.core.ContainerBase$StartChild.call(ContainerBase.java:1396) ~[tomcat-embed-core-10.1.1.jar:10.1.1]
	at org.apache.catalina.core.ContainerBase$StartChild.call(ContainerBase.java:1386) ~[tomcat-embed-core-10.1.1.jar:10.1.1]
	at java.util.concurrent.FutureTask.run(FutureTask.java:317) ~[?:?]
	at org.apache.tomcat.util.threads.InlineExecutorService.execute(InlineExecutorService.java:75) ~[tomcat-embed-core-10.1.1.jar:10.1.1]
	at java.util.concurrent.AbstractExecutorService.submit(AbstractExecutorService.java:145) ~[?:?]
	at org.apache.catalina.core.ContainerBase.startInternal(ContainerBase.java:919) ~[tomcat-embed-core-10.1.1.jar:10.1.1]
	at org.apache.catalina.core.StandardHost.startInternal(StandardHost.java:886) ~[tomcat-embed-core-10.1.1.jar:10.1.1]
	at org.apache.catalina.util.LifecycleBase.start(LifecycleBase.java:183) ~[tomcat-embed-core-10.1.1.jar:10.1.1]
	at org.apache.catalina.core.ContainerBase$StartChild.call(ContainerBase.java:1396) ~[tomcat-embed-core-10.1.1.jar:10.1.1]
	at org.apache.catalina.core.ContainerBase$StartChild.call(ContainerBase.java:1386) ~[tomcat-embed-core-10.1.1.jar:10.1.1]
	at java.util.concurrent.FutureTask.run(FutureTask.java:317) ~[?:?]
	at org.apache.tomcat.util.threads.InlineExecutorService.execute(InlineExecutorService.java:75) ~[tomcat-embed-core-10.1.1.jar:10.1.1]
	at java.util.concurrent.AbstractExecutorService.submit(AbstractExecutorService.java:145) ~[?:?]
	at org.apache.catalina.core.ContainerBase.startInternal(ContainerBase.java:919) ~[tomcat-embed-core-10.1.1.jar:10.1.1]
	at org.apache.catalina.core.StandardEngine.startInternal(StandardEngine.java:252) ~[tomcat-embed-core-10.1.1.jar:10.1.1]
	at org.apache.catalina.util.LifecycleBase.start(LifecycleBase.java:183) ~[tomcat-embed-core-10.1.1.jar:10.1.1]
	at org.apache.catalina.core.StandardService.startInternal(StandardService.java:432) ~[tomcat-embed-core-10.1.1.jar:10.1.1]
	at org.apache.catalina.util.LifecycleBase.start(LifecycleBase.java:183) ~[tomcat-embed-core-10.1.1.jar:10.1.1]
	at org.apache.catalina.core.StandardServer.startInternal(StandardServer.java:926) ~[tomcat-embed-core-10.1.1.jar:10.1.1]
	at org.apache.catalina.util.LifecycleBase.start(LifecycleBase.java:183) ~[tomcat-embed-core-10.1.1.jar:10.1.1]
	at org.apache.catalina.startup.Tomcat.start(Tomcat.java:485) ~[tomcat-embed-core-10.1.1.jar:10.1.1]
	at org.springframework.boot.web.embedded.tomcat.TomcatWebServer.initialize(TomcatWebServer.java:129) ~[spring-boot-3.0.0.jar:3.0.0]
	at org.springframework.boot.web.embedded.tomcat.TomcatWebServer.<init>(TomcatWebServer.java:110) ~[spring-boot-3.0.0.jar:3.0.0]
	at org.springframework.boot.web.embedded.tomcat.TomcatServletWebServerFactory.getTomcatWebServer(TomcatServletWebServerFactory.java:486) ~[spring-boot-3.0.0.jar:3.0.0]
	at org.springframework.boot.web.embedded.tomcat.TomcatServletWebServerFactory.getWebServer(TomcatServletWebServerFactory.java:210) ~[spring-boot-3.0.0.jar:3.0.0]
	at org.springframework.boot.web.servlet.context.ServletWebServerApplicationContext.createWebServer(ServletWebServerApplicationContext.java:183) ~[spring-boot-3.0.0.jar:3.0.0]
	at org.springframework.boot.web.servlet.context.ServletWebServerApplicationContext.onRefresh(ServletWebServerApplicationContext.java:161) ~[spring-boot-3.0.0.jar:3.0.0]
	at org.springframework.context.support.AbstractApplicationContext.refresh(AbstractApplicationContext.java:578) ~[spring-context-6.0.2.jar:6.0.2]
	at org.springframework.boot.web.servlet.context.ServletWebServerApplicationContext.refresh(ServletWebServerApplicationContext.java:146) ~[spring-boot-3.0.0.jar:3.0.0]
	at org.springframework.boot.SpringApplication.refresh(SpringApplication.java:730) ~[spring-boot-3.0.0.jar:3.0.0]
	at org.springframework.boot.SpringApplication.refreshContext(SpringApplication.java:432) ~[spring-boot-3.0.0.jar:3.0.0]
	at org.springframework.boot.SpringApplication.run(SpringApplication.java:308) ~[spring-boot-3.0.0.jar:3.0.0]
	at org.springframework.boot.SpringApplication.run(SpringApplication.java:1302) ~[spring-boot-3.0.0.jar:3.0.0]
	at org.springframework.boot.SpringApplication.run(SpringApplication.java:1291) ~[spring-boot-3.0.0.jar:3.0.0]
	at com.nnk.springboot.Application.main(Application.java:11) ~[classes/:?]
	at jdk.internal.reflect.DirectMethodHandleAccessor.invoke(DirectMethodHandleAccessor.java:104) ~[?:?]
	at java.lang.reflect.Method.invoke(Method.java:578) ~[?:?]
	at org.springframework.boot.devtools.restart.RestartLauncher.run(RestartLauncher.java:49) ~[spring-boot-devtools-3.0.0.jar:3.0.0]
2023:04:06 18:32:27.897 [restartedMain] INFO  org.hibernate.jpa.internal.util.LogHelper - HHH000204: Processing PersistenceUnitInfo [name: default]
2023:04:06 18:32:28.034 [restartedMain] INFO  org.hibernate.Version - HHH000412: Hibernate ORM core version 6.1.5.Final
2023:04:06 18:32:28.398 [restartedMain] WARN  org.hibernate.orm.deprecation - HHH90000021: Encountered deprecated setting [javax.persistence.sharedCache.mode], use [jakarta.persistence.sharedCache.mode] instead
2023:04:06 18:32:28.678 [restartedMain] INFO  com.zaxxer.hikari.HikariDataSource - HikariPool-1 - Starting...
2023:04:06 18:32:29.305 [restartedMain] INFO  com.zaxxer.hikari.pool.HikariPool - HikariPool-1 - Added connection com.mysql.cj.jdbc.ConnectionImpl@6dbf56a2
2023:04:06 18:32:29.309 [restartedMain] INFO  com.zaxxer.hikari.HikariDataSource - HikariPool-1 - Start completed.
2023:04:06 18:32:29.410 [restartedMain] INFO  SQL dialect - HHH000400: Using dialect: org.hibernate.dialect.MySQLDialect
2023:04:06 18:32:31.534 [restartedMain] INFO  org.hibernate.engine.transaction.jta.platform.internal.JtaPlatformInitiator - HHH000490: Using JtaPlatform implementation: [org.hibernate.engine.transaction.jta.platform.internal.NoJtaPlatform]
2023:04:06 18:32:31.551 [restartedMain] INFO  org.springframework.orm.jpa.LocalContainerEntityManagerFactoryBean - Initialized JPA EntityManagerFactory for persistence unit 'default'
2023:04:06 18:32:32.585 [restartedMain] WARN  org.springframework.boot.autoconfigure.orm.jpa.JpaBaseConfiguration$JpaWebConfiguration - spring.jpa.open-in-view is enabled by default. Therefore, database queries may be performed during view rendering. Explicitly configure spring.jpa.open-in-view to disable this warning
2023:04:06 18:32:33.407 [restartedMain] INFO  org.springframework.security.web.DefaultSecurityFilterChain - Will secure any request with [org.springframework.security.web.session.DisableEncodeUrlFilter@4140e8df, org.springframework.security.web.context.request.async.WebAsyncManagerIntegrationFilter@1ad82b3b, org.springframework.security.web.context.SecurityContextHolderFilter@3c2d98fd, org.springframework.security.web.header.HeaderWriterFilter@6647939a, org.springframework.security.web.csrf.CsrfFilter@1432e7cf, org.springframework.security.web.authentication.logout.LogoutFilter@35605a3f, org.springframework.security.oauth2.client.web.OAuth2AuthorizationRequestRedirectFilter@332a6877, org.springframework.security.oauth2.client.web.OAuth2LoginAuthenticationFilter@52813854, org.springframework.security.web.authentication.UsernamePasswordAuthenticationFilter@103d2194, org.springframework.security.web.authentication.ui.DefaultLoginPageGeneratingFilter@6a0ca7aa, org.springframework.security.web.authentication.ui.DefaultLogoutPageGeneratingFilter@6c7bfe40, org.springframework.security.web.authentication.www.BasicAuthenticationFilter@25ee19c4, org.springframework.security.web.savedrequest.RequestCacheAwareFilter@7896a9c5, org.springframework.security.web.servletapi.SecurityContextHolderAwareRequestFilter@431604e3, org.springframework.security.web.authentication.AnonymousAuthenticationFilter@2b17ccb4, org.springframework.security.web.access.ExceptionTranslationFilter@5d02ecc1, org.springframework.security.web.access.intercept.AuthorizationFilter@448e9bb2]
2023:04:06 18:32:34.044 [restartedMain] INFO  org.springframework.boot.devtools.autoconfigure.OptionalLiveReloadServer - LiveReload server is running on port 35729
2023:04:06 18:32:34.074 [restartedMain] INFO  org.apache.coyote.http11.Http11NioProtocol - Starting ProtocolHandler ["http-nio-8080"]
2023:04:06 18:32:34.122 [restartedMain] INFO  org.springframework.boot.web.embedded.tomcat.TomcatWebServer - Tomcat started on port(s): 8080 (http) with context path ''
2023:04:06 18:32:34.146 [restartedMain] INFO  com.nnk.springboot.Application - Started Application in 11.597 seconds (process running for 13.727)
2023:04:06 18:32:37.802 [http-nio-8080-exec-1] INFO  org.apache.catalina.core.ContainerBase.[Tomcat].[localhost].[/] - Initializing Spring DispatcherServlet 'dispatcherServlet'
2023:04:06 18:32:37.803 [http-nio-8080-exec-1] INFO  org.springframework.web.servlet.DispatcherServlet - Initializing Servlet 'dispatcherServlet'
2023:04:06 18:32:37.806 [http-nio-8080-exec-1] INFO  org.springframework.web.servlet.DispatcherServlet - Completed initialization in 3 ms
2023:04:06 18:32:49.057 [http-nio-8080-exec-5] INFO  com.nnk.springboot.MyAppLogger - user found
2023:04:06 18:32:49.187 [http-nio-8080-exec-6] INFO  com.nnk.springboot.MyAppLogger - REQUEST /
2023:04:06 18:32:53.929 [http-nio-8080-exec-8] INFO  com.nnk.springboot.MyAppLogger - REQUEST /bidList/list
2023:04:06 18:32:53.963 [http-nio-8080-exec-8] INFO  com.nnk.springboot.MyAppLogger - attribute listOfBidList added to Model
2023:04:06 18:58:19.429 [SpringApplicationShutdownHook] INFO  org.springframework.orm.jpa.LocalContainerEntityManagerFactoryBean - Closing JPA EntityManagerFactory for persistence unit 'default'
2023:04:06 18:58:19.434 [SpringApplicationShutdownHook] INFO  com.zaxxer.hikari.HikariDataSource - HikariPool-1 - Shutdown initiated...
2023:04:06 18:58:19.449 [SpringApplicationShutdownHook] INFO  com.zaxxer.hikari.HikariDataSource - HikariPool-1 - Shutdown completed.
