2023:04:20 16:23:00.443 [background-preinit] INFO  org.hibernate.validator.internal.util.Version - HV000001: Hibernate Validator 8.0.0.Final
2023:04:20 16:23:00.533 [restartedMain] INFO  com.nnk.springboot.Application - Starting Application using Java 19.0.2 with PID 18284 (C:\Users\ebonn\projets\Poseidon\Poseiden-skeleton\target\classes started by ebonn in C:\Users\ebonn\projets\Poseidon)
2023:04:20 16:23:00.539 [restartedMain] INFO  com.nnk.springboot.Application - No active profile set, falling back to 1 default profile: "default"
2023:04:20 16:23:00.617 [restartedMain] INFO  org.springframework.boot.devtools.env.DevToolsPropertyDefaultsPostProcessor - Devtools property defaults active! Set 'spring.devtools.add-properties' to 'false' to disable
2023:04:20 16:23:00.617 [restartedMain] INFO  org.springframework.boot.devtools.env.DevToolsPropertyDefaultsPostProcessor - For additional web related logging consider setting the 'logging.level.web' property to 'DEBUG'
2023:04:20 16:23:01.972 [restartedMain] INFO  org.springframework.data.repository.config.RepositoryConfigurationDelegate - Bootstrapping Spring Data JPA repositories in DEFAULT mode.
2023:04:20 16:23:02.143 [restartedMain] INFO  org.springframework.data.repository.config.RepositoryConfigurationDelegate - Finished Spring Data repository scanning in 160 ms. Found 6 JPA repository interfaces.
2023:04:20 16:23:03.646 [restartedMain] INFO  org.springframework.boot.web.embedded.tomcat.TomcatWebServer - Tomcat initialized with port(s): 8080 (http)
2023:04:20 16:23:03.663 [restartedMain] INFO  org.apache.coyote.http11.Http11NioProtocol - Initializing ProtocolHandler ["http-nio-8080"]
2023:04:20 16:23:03.664 [restartedMain] INFO  org.apache.catalina.core.StandardService - Starting service [Tomcat]
2023:04:20 16:23:03.665 [restartedMain] INFO  org.apache.catalina.core.StandardEngine - Starting Servlet engine: [Apache Tomcat/10.1.1]
2023:04:20 16:23:03.837 [restartedMain] INFO  org.apache.catalina.core.ContainerBase.[Tomcat].[localhost].[/] - Initializing Spring embedded WebApplicationContext
2023:04:20 16:23:03.847 [restartedMain] INFO  org.springframework.boot.web.servlet.context.ServletWebServerApplicationContext - Root WebApplicationContext: initialization completed in 3219 ms
2023:04:20 16:23:04.325 [restartedMain] INFO  org.hibernate.jpa.internal.util.LogHelper - HHH000204: Processing PersistenceUnitInfo [name: default]
2023:04:20 16:23:04.425 [restartedMain] INFO  org.hibernate.Version - HHH000412: Hibernate ORM core version 6.1.5.Final
2023:04:20 16:23:04.798 [restartedMain] WARN  org.hibernate.orm.deprecation - HHH90000021: Encountered deprecated setting [javax.persistence.sharedCache.mode], use [jakarta.persistence.sharedCache.mode] instead
2023:04:20 16:23:05.077 [restartedMain] INFO  com.zaxxer.hikari.HikariDataSource - HikariPool-1 - Starting...
2023:04:20 16:23:05.621 [restartedMain] INFO  com.zaxxer.hikari.pool.HikariPool - HikariPool-1 - Added connection com.mysql.cj.jdbc.ConnectionImpl@3cbc2654
2023:04:20 16:23:05.623 [restartedMain] INFO  com.zaxxer.hikari.HikariDataSource - HikariPool-1 - Start completed.
2023:04:20 16:23:05.668 [restartedMain] INFO  SQL dialect - HHH000400: Using dialect: org.hibernate.dialect.MySQLDialect
2023:04:20 16:23:07.265 [restartedMain] INFO  org.hibernate.engine.transaction.jta.platform.internal.JtaPlatformInitiator - HHH000490: Using JtaPlatform implementation: [org.hibernate.engine.transaction.jta.platform.internal.NoJtaPlatform]
2023:04:20 16:23:07.298 [restartedMain] INFO  org.springframework.orm.jpa.LocalContainerEntityManagerFactoryBean - Initialized JPA EntityManagerFactory for persistence unit 'default'
2023:04:20 16:23:08.094 [restartedMain] WARN  org.springframework.boot.autoconfigure.orm.jpa.JpaBaseConfiguration$JpaWebConfiguration - spring.jpa.open-in-view is enabled by default. Therefore, database queries may be performed during view rendering. Explicitly configure spring.jpa.open-in-view to disable this warning
2023:04:20 16:23:08.749 [restartedMain] INFO  org.springframework.security.web.DefaultSecurityFilterChain - Will secure any request with [org.springframework.security.web.session.DisableEncodeUrlFilter@3c8d019c, org.springframework.security.web.context.request.async.WebAsyncManagerIntegrationFilter@3a211eda, org.springframework.security.web.context.SecurityContextHolderFilter@6d9f0d49, org.springframework.security.web.header.HeaderWriterFilter@30b150e3, org.springframework.security.web.csrf.CsrfFilter@6b501898, org.springframework.security.web.authentication.logout.LogoutFilter@4199d547, org.springframework.security.oauth2.client.web.OAuth2AuthorizationRequestRedirectFilter@4b036f28, org.springframework.security.oauth2.client.web.OAuth2LoginAuthenticationFilter@6efd1ae5, org.springframework.security.web.authentication.UsernamePasswordAuthenticationFilter@78e569e4, org.springframework.security.web.authentication.ui.DefaultLoginPageGeneratingFilter@448d9709, org.springframework.security.web.authentication.ui.DefaultLogoutPageGeneratingFilter@3e63e509, org.springframework.security.web.authentication.www.BasicAuthenticationFilter@3d2f65b2, org.springframework.security.web.savedrequest.RequestCacheAwareFilter@78878fed, org.springframework.security.web.servletapi.SecurityContextHolderAwareRequestFilter@1e61bc40, org.springframework.security.web.authentication.AnonymousAuthenticationFilter@7b600af9, org.springframework.security.web.access.ExceptionTranslationFilter@1cd614af, org.springframework.security.web.access.intercept.AuthorizationFilter@6786997a]
2023:04:20 16:23:09.374 [restartedMain] INFO  org.springframework.boot.devtools.autoconfigure.OptionalLiveReloadServer - LiveReload server is running on port 35729
2023:04:20 16:23:09.400 [restartedMain] INFO  org.apache.coyote.http11.Http11NioProtocol - Starting ProtocolHandler ["http-nio-8080"]
2023:04:20 16:23:09.443 [restartedMain] INFO  org.springframework.boot.web.embedded.tomcat.TomcatWebServer - Tomcat started on port(s): 8080 (http) with context path ''
2023:04:20 16:23:09.456 [restartedMain] INFO  com.nnk.springboot.Application - Started Application in 9.557 seconds (process running for 10.962)
2023:04:20 16:23:17.627 [http-nio-8080-exec-1] INFO  org.apache.catalina.core.ContainerBase.[Tomcat].[localhost].[/] - Initializing Spring DispatcherServlet 'dispatcherServlet'
2023:04:20 16:23:17.628 [http-nio-8080-exec-1] INFO  org.springframework.web.servlet.DispatcherServlet - Initializing Servlet 'dispatcherServlet'
2023:04:20 16:23:17.630 [http-nio-8080-exec-1] INFO  org.springframework.web.servlet.DispatcherServlet - Completed initialization in 1 ms
2023:04:20 16:23:47.094 [http-nio-8080-exec-5] INFO  com.nnk.springboot.MyAppLogger - user found
2023:04:20 16:23:47.206 [http-nio-8080-exec-7] INFO  com.nnk.springboot.MyAppLogger - REQUEST /
2023:04:20 17:02:19.801 [File Watcher] INFO  org.springframework.boot.devtools.autoconfigure.LocalDevToolsAutoConfiguration$RestartingClassPathChangeChangedEventListener - Restarting due to 1 class path change (0 additions, 1 deletion, 0 modifications)
2023:04:20 17:02:19.826 [Thread-5] INFO  org.apache.coyote.http11.Http11NioProtocol - Pausing ProtocolHandler ["http-nio-8080"]
2023:04:20 17:02:19.826 [Thread-5] INFO  org.apache.catalina.core.StandardService - Stopping service [Tomcat]
2023:04:20 17:02:19.828 [Thread-5] INFO  org.apache.catalina.core.ContainerBase.[Tomcat].[localhost].[/] - Destroying Spring FrameworkServlet 'dispatcherServlet'
2023:04:20 17:02:19.832 [Thread-5] INFO  org.apache.coyote.http11.Http11NioProtocol - Stopping ProtocolHandler ["http-nio-8080"]
2023:04:20 17:02:19.836 [Thread-5] INFO  org.apache.coyote.http11.Http11NioProtocol - Destroying ProtocolHandler ["http-nio-8080"]
2023:04:20 17:02:19.840 [Thread-5] INFO  org.springframework.orm.jpa.LocalContainerEntityManagerFactoryBean - Closing JPA EntityManagerFactory for persistence unit 'default'
2023:04:20 17:02:19.845 [Thread-5] INFO  com.zaxxer.hikari.HikariDataSource - HikariPool-1 - Shutdown initiated...
2023:04:20 17:02:19.858 [Thread-5] INFO  com.zaxxer.hikari.HikariDataSource - HikariPool-1 - Shutdown completed.
2023:04:20 17:02:20.037 [restartedMain] INFO  com.nnk.springboot.Application - Starting Application using Java 19.0.2 with PID 18284 (C:\Users\ebonn\projets\Poseidon\Poseiden-skeleton\target\classes started by ebonn in C:\Users\ebonn\projets\Poseidon)
2023:04:20 17:02:20.039 [restartedMain] INFO  com.nnk.springboot.Application - No active profile set, falling back to 1 default profile: "default"
2023:04:20 17:02:20.372 [restartedMain] INFO  org.springframework.data.repository.config.RepositoryConfigurationDelegate - Bootstrapping Spring Data JPA repositories in DEFAULT mode.
2023:04:20 17:02:20.423 [restartedMain] INFO  org.springframework.data.repository.config.RepositoryConfigurationDelegate - Finished Spring Data repository scanning in 50 ms. Found 6 JPA repository interfaces.
2023:04:20 17:02:20.608 [restartedMain] INFO  org.springframework.boot.web.embedded.tomcat.TomcatWebServer - Tomcat initialized with port(s): 8080 (http)
2023:04:20 17:02:20.609 [restartedMain] INFO  org.apache.coyote.http11.Http11NioProtocol - Initializing ProtocolHandler ["http-nio-8080"]
2023:04:20 17:02:20.610 [restartedMain] INFO  org.apache.catalina.core.StandardService - Starting service [Tomcat]
2023:04:20 17:02:20.611 [restartedMain] INFO  org.apache.catalina.core.StandardEngine - Starting Servlet engine: [Apache Tomcat/10.1.1]
2023:04:20 17:02:20.650 [restartedMain] INFO  org.apache.catalina.core.ContainerBase.[Tomcat].[localhost].[/] - Initializing Spring embedded WebApplicationContext
2023:04:20 17:02:20.651 [restartedMain] INFO  org.springframework.boot.web.servlet.context.ServletWebServerApplicationContext - Root WebApplicationContext: initialization completed in 607 ms
2023:04:20 17:02:20.702 [restartedMain] INFO  org.hibernate.jpa.internal.util.LogHelper - HHH000204: Processing PersistenceUnitInfo [name: default]
2023:04:20 17:02:20.708 [restartedMain] WARN  org.hibernate.orm.deprecation - HHH90000021: Encountered deprecated setting [javax.persistence.sharedCache.mode], use [jakarta.persistence.sharedCache.mode] instead
2023:04:20 17:02:20.714 [restartedMain] INFO  com.zaxxer.hikari.HikariDataSource - HikariPool-2 - Starting...
2023:04:20 17:02:20.736 [restartedMain] INFO  com.zaxxer.hikari.pool.HikariPool - HikariPool-2 - Added connection com.mysql.cj.jdbc.ConnectionImpl@540eb401
2023:04:20 17:02:20.736 [restartedMain] INFO  com.zaxxer.hikari.HikariDataSource - HikariPool-2 - Start completed.
2023:04:20 17:02:20.739 [restartedMain] INFO  SQL dialect - HHH000400: Using dialect: org.hibernate.dialect.MySQLDialect
2023:04:20 17:02:20.959 [restartedMain] INFO  org.hibernate.engine.transaction.jta.platform.internal.JtaPlatformInitiator - HHH000490: Using JtaPlatform implementation: [org.hibernate.engine.transaction.jta.platform.internal.NoJtaPlatform]
2023:04:20 17:02:20.959 [restartedMain] INFO  org.springframework.orm.jpa.LocalContainerEntityManagerFactoryBean - Initialized JPA EntityManagerFactory for persistence unit 'default'
2023:04:20 17:02:21.190 [restartedMain] WARN  org.springframework.boot.autoconfigure.orm.jpa.JpaBaseConfiguration$JpaWebConfiguration - spring.jpa.open-in-view is enabled by default. Therefore, database queries may be performed during view rendering. Explicitly configure spring.jpa.open-in-view to disable this warning
2023:04:20 17:02:21.280 [restartedMain] INFO  org.springframework.security.web.DefaultSecurityFilterChain - Will secure any request with [org.springframework.security.web.session.DisableEncodeUrlFilter@6f4cfdd, org.springframework.security.web.context.request.async.WebAsyncManagerIntegrationFilter@bc07f96, org.springframework.security.web.context.SecurityContextHolderFilter@68436411, org.springframework.security.web.header.HeaderWriterFilter@25461dc7, org.springframework.security.web.csrf.CsrfFilter@439859c1, org.springframework.security.web.authentication.logout.LogoutFilter@63bbd447, org.springframework.security.oauth2.client.web.OAuth2AuthorizationRequestRedirectFilter@70525867, org.springframework.security.oauth2.client.web.OAuth2LoginAuthenticationFilter@11ec214e, org.springframework.security.web.authentication.UsernamePasswordAuthenticationFilter@2f1f90c, org.springframework.security.web.authentication.ui.DefaultLoginPageGeneratingFilter@5a011377, org.springframework.security.web.authentication.ui.DefaultLogoutPageGeneratingFilter@69b39fe9, org.springframework.security.web.authentication.www.BasicAuthenticationFilter@3fd51b5d, org.springframework.security.web.savedrequest.RequestCacheAwareFilter@69146e89, org.springframework.security.web.servletapi.SecurityContextHolderAwareRequestFilter@4fbc9762, org.springframework.security.web.authentication.AnonymousAuthenticationFilter@19a525c0, org.springframework.security.web.access.ExceptionTranslationFilter@799be2b3, org.springframework.security.web.access.intercept.AuthorizationFilter@1adf700b]
2023:04:20 17:02:21.442 [restartedMain] INFO  org.springframework.boot.devtools.autoconfigure.OptionalLiveReloadServer - LiveReload server is running on port 35729
2023:04:20 17:02:21.453 [restartedMain] INFO  org.apache.coyote.http11.Http11NioProtocol - Starting ProtocolHandler ["http-nio-8080"]
2023:04:20 17:02:21.469 [restartedMain] INFO  org.springframework.boot.web.embedded.tomcat.TomcatWebServer - Tomcat started on port(s): 8080 (http) with context path ''
2023:04:20 17:02:21.474 [restartedMain] INFO  com.nnk.springboot.Application - Started Application in 1.516 seconds (process running for 2362.98)
2023:04:20 17:02:21.477 [restartedMain] INFO  org.springframework.boot.devtools.autoconfigure.ConditionEvaluationDeltaLoggingListener - Condition evaluation unchanged
2023:04:20 17:02:23.951 [File Watcher] INFO  org.springframework.boot.devtools.autoconfigure.LocalDevToolsAutoConfiguration$RestartingClassPathChangeChangedEventListener - Restarting due to 2 class path changes (1 addition, 1 deletion, 0 modifications)
2023:04:20 17:02:23.968 [Thread-7] INFO  org.apache.coyote.http11.Http11NioProtocol - Pausing ProtocolHandler ["http-nio-8080"]
2023:04:20 17:02:23.968 [Thread-7] INFO  org.apache.catalina.core.StandardService - Stopping service [Tomcat]
2023:04:20 17:02:23.971 [Thread-7] INFO  org.apache.coyote.http11.Http11NioProtocol - Stopping ProtocolHandler ["http-nio-8080"]
2023:04:20 17:02:23.972 [Thread-7] INFO  org.apache.coyote.http11.Http11NioProtocol - Destroying ProtocolHandler ["http-nio-8080"]
2023:04:20 17:02:23.975 [Thread-7] INFO  org.springframework.orm.jpa.LocalContainerEntityManagerFactoryBean - Closing JPA EntityManagerFactory for persistence unit 'default'
2023:04:20 17:02:23.977 [Thread-7] INFO  com.zaxxer.hikari.HikariDataSource - HikariPool-2 - Shutdown initiated...
2023:04:20 17:02:23.984 [Thread-7] INFO  com.zaxxer.hikari.HikariDataSource - HikariPool-2 - Shutdown completed.
2023:04:20 17:02:24.129 [restartedMain] INFO  com.nnk.springboot.Application - Starting Application using Java 19.0.2 with PID 18284 (C:\Users\ebonn\projets\Poseidon\Poseiden-skeleton\target\classes started by ebonn in C:\Users\ebonn\projets\Poseidon)
2023:04:20 17:02:24.131 [restartedMain] INFO  com.nnk.springboot.Application - No active profile set, falling back to 1 default profile: "default"
2023:04:20 17:02:24.470 [restartedMain] INFO  org.springframework.data.repository.config.RepositoryConfigurationDelegate - Bootstrapping Spring Data JPA repositories in DEFAULT mode.
2023:04:20 17:02:24.519 [restartedMain] INFO  org.springframework.data.repository.config.RepositoryConfigurationDelegate - Finished Spring Data repository scanning in 48 ms. Found 6 JPA repository interfaces.
2023:04:20 17:02:24.777 [restartedMain] INFO  org.springframework.boot.web.embedded.tomcat.TomcatWebServer - Tomcat initialized with port(s): 8080 (http)
2023:04:20 17:02:24.779 [restartedMain] INFO  org.apache.coyote.http11.Http11NioProtocol - Initializing ProtocolHandler ["http-nio-8080"]
2023:04:20 17:02:24.780 [restartedMain] INFO  org.apache.catalina.core.StandardService - Starting service [Tomcat]
2023:04:20 17:02:24.780 [restartedMain] INFO  org.apache.catalina.core.StandardEngine - Starting Servlet engine: [Apache Tomcat/10.1.1]
2023:04:20 17:02:24.829 [restartedMain] INFO  org.apache.catalina.core.ContainerBase.[Tomcat].[localhost].[/] - Initializing Spring embedded WebApplicationContext
2023:04:20 17:02:24.829 [restartedMain] INFO  org.springframework.boot.web.servlet.context.ServletWebServerApplicationContext - Root WebApplicationContext: initialization completed in 694 ms
2023:04:20 17:02:24.878 [restartedMain] INFO  org.hibernate.jpa.internal.util.LogHelper - HHH000204: Processing PersistenceUnitInfo [name: default]
2023:04:20 17:02:24.882 [restartedMain] WARN  org.hibernate.orm.deprecation - HHH90000021: Encountered deprecated setting [javax.persistence.sharedCache.mode], use [jakarta.persistence.sharedCache.mode] instead
2023:04:20 17:02:24.893 [restartedMain] INFO  com.zaxxer.hikari.HikariDataSource - HikariPool-3 - Starting...
2023:04:20 17:02:24.916 [restartedMain] INFO  com.zaxxer.hikari.pool.HikariPool - HikariPool-3 - Added connection com.mysql.cj.jdbc.ConnectionImpl@6c642805
2023:04:20 17:02:24.916 [restartedMain] INFO  com.zaxxer.hikari.HikariDataSource - HikariPool-3 - Start completed.
2023:04:20 17:02:24.918 [restartedMain] INFO  SQL dialect - HHH000400: Using dialect: org.hibernate.dialect.MySQLDialect
2023:04:20 17:02:25.102 [restartedMain] INFO  org.hibernate.engine.transaction.jta.platform.internal.JtaPlatformInitiator - HHH000490: Using JtaPlatform implementation: [org.hibernate.engine.transaction.jta.platform.internal.NoJtaPlatform]
2023:04:20 17:02:25.103 [restartedMain] INFO  org.springframework.orm.jpa.LocalContainerEntityManagerFactoryBean - Initialized JPA EntityManagerFactory for persistence unit 'default'
2023:04:20 17:02:25.293 [restartedMain] WARN  org.springframework.boot.autoconfigure.orm.jpa.JpaBaseConfiguration$JpaWebConfiguration - spring.jpa.open-in-view is enabled by default. Therefore, database queries may be performed during view rendering. Explicitly configure spring.jpa.open-in-view to disable this warning
2023:04:20 17:02:25.381 [restartedMain] INFO  org.springframework.security.web.DefaultSecurityFilterChain - Will secure any request with [org.springframework.security.web.session.DisableEncodeUrlFilter@2ad4ce9e, org.springframework.security.web.context.request.async.WebAsyncManagerIntegrationFilter@542ae26, org.springframework.security.web.context.SecurityContextHolderFilter@7b4c274e, org.springframework.security.web.header.HeaderWriterFilter@72a121cf, org.springframework.security.web.csrf.CsrfFilter@561e2f69, org.springframework.security.web.authentication.logout.LogoutFilter@2ea5b6b8, org.springframework.security.oauth2.client.web.OAuth2AuthorizationRequestRedirectFilter@334d352a, org.springframework.security.oauth2.client.web.OAuth2LoginAuthenticationFilter@1d3297fa, org.springframework.security.web.authentication.UsernamePasswordAuthenticationFilter@4edc3cae, org.springframework.security.web.authentication.ui.DefaultLoginPageGeneratingFilter@193ba9a7, org.springframework.security.web.authentication.ui.DefaultLogoutPageGeneratingFilter@5ffc2fc1, org.springframework.security.web.authentication.www.BasicAuthenticationFilter@4d4f43c9, org.springframework.security.web.savedrequest.RequestCacheAwareFilter@5c8e3a29, org.springframework.security.web.servletapi.SecurityContextHolderAwareRequestFilter@626f437c, org.springframework.security.web.authentication.AnonymousAuthenticationFilter@56f8ee83, org.springframework.security.web.access.ExceptionTranslationFilter@3d7065e9, org.springframework.security.web.access.intercept.AuthorizationFilter@72fb954c]
2023:04:20 17:02:25.449 [restartedMain] INFO  org.springframework.boot.devtools.autoconfigure.OptionalLiveReloadServer - LiveReload server is running on port 35729
2023:04:20 17:02:25.456 [restartedMain] INFO  org.apache.coyote.http11.Http11NioProtocol - Starting ProtocolHandler ["http-nio-8080"]
2023:04:20 17:02:25.463 [restartedMain] INFO  org.springframework.boot.web.embedded.tomcat.TomcatWebServer - Tomcat started on port(s): 8080 (http) with context path ''
2023:04:20 17:02:25.467 [restartedMain] INFO  com.nnk.springboot.Application - Started Application in 1.405 seconds (process running for 2366.973)
2023:04:20 17:02:25.469 [restartedMain] INFO  org.springframework.boot.devtools.autoconfigure.ConditionEvaluationDeltaLoggingListener - Condition evaluation unchanged
2023:04:20 17:18:32.999 [File Watcher] INFO  org.springframework.boot.devtools.autoconfigure.LocalDevToolsAutoConfiguration$RestartingClassPathChangeChangedEventListener - Restarting due to 1 class path change (1 addition, 0 deletions, 0 modifications)
2023:04:20 17:18:33.014 [Thread-11] INFO  org.apache.coyote.http11.Http11NioProtocol - Pausing ProtocolHandler ["http-nio-8080"]
2023:04:20 17:18:33.015 [Thread-11] INFO  org.apache.catalina.core.StandardService - Stopping service [Tomcat]
2023:04:20 17:18:33.019 [Thread-11] INFO  org.apache.coyote.http11.Http11NioProtocol - Stopping ProtocolHandler ["http-nio-8080"]
2023:04:20 17:18:33.020 [Thread-11] INFO  org.apache.coyote.http11.Http11NioProtocol - Destroying ProtocolHandler ["http-nio-8080"]
2023:04:20 17:18:33.021 [Thread-11] INFO  org.springframework.orm.jpa.LocalContainerEntityManagerFactoryBean - Closing JPA EntityManagerFactory for persistence unit 'default'
2023:04:20 17:18:33.022 [Thread-11] INFO  com.zaxxer.hikari.HikariDataSource - HikariPool-3 - Shutdown initiated...
2023:04:20 17:18:33.029 [Thread-11] INFO  com.zaxxer.hikari.HikariDataSource - HikariPool-3 - Shutdown completed.
2023:04:20 17:18:33.141 [restartedMain] INFO  com.nnk.springboot.Application - Starting Application using Java 19.0.2 with PID 18284 (C:\Users\ebonn\projets\Poseidon\Poseiden-skeleton\target\classes started by ebonn in C:\Users\ebonn\projets\Poseidon)
2023:04:20 17:18:33.141 [restartedMain] INFO  com.nnk.springboot.Application - No active profile set, falling back to 1 default profile: "default"
2023:04:20 17:18:33.391 [restartedMain] INFO  org.springframework.data.repository.config.RepositoryConfigurationDelegate - Bootstrapping Spring Data JPA repositories in DEFAULT mode.
2023:04:20 17:18:33.414 [restartedMain] INFO  org.springframework.data.repository.config.RepositoryConfigurationDelegate - Finished Spring Data repository scanning in 22 ms. Found 6 JPA repository interfaces.
2023:04:20 17:18:33.527 [restartedMain] INFO  org.springframework.boot.web.embedded.tomcat.TomcatWebServer - Tomcat initialized with port(s): 8080 (http)
2023:04:20 17:18:33.527 [restartedMain] INFO  org.apache.coyote.http11.Http11NioProtocol - Initializing ProtocolHandler ["http-nio-8080"]
2023:04:20 17:18:33.528 [restartedMain] INFO  org.apache.catalina.core.StandardService - Starting service [Tomcat]
2023:04:20 17:18:33.528 [restartedMain] INFO  org.apache.catalina.core.StandardEngine - Starting Servlet engine: [Apache Tomcat/10.1.1]
2023:04:20 17:18:33.569 [restartedMain] INFO  org.apache.catalina.core.ContainerBase.[Tomcat].[localhost].[/] - Initializing Spring embedded WebApplicationContext
2023:04:20 17:18:33.569 [restartedMain] INFO  org.springframework.boot.web.servlet.context.ServletWebServerApplicationContext - Root WebApplicationContext: initialization completed in 425 ms
2023:04:20 17:18:33.595 [restartedMain] INFO  org.hibernate.jpa.internal.util.LogHelper - HHH000204: Processing PersistenceUnitInfo [name: default]
2023:04:20 17:18:33.598 [restartedMain] WARN  org.hibernate.orm.deprecation - HHH90000021: Encountered deprecated setting [javax.persistence.sharedCache.mode], use [jakarta.persistence.sharedCache.mode] instead
2023:04:20 17:18:33.602 [restartedMain] INFO  com.zaxxer.hikari.HikariDataSource - HikariPool-4 - Starting...
2023:04:20 17:18:33.617 [restartedMain] INFO  com.zaxxer.hikari.pool.HikariPool - HikariPool-4 - Added connection com.mysql.cj.jdbc.ConnectionImpl@367f77c6
2023:04:20 17:18:33.617 [restartedMain] INFO  com.zaxxer.hikari.HikariDataSource - HikariPool-4 - Start completed.
2023:04:20 17:18:33.618 [restartedMain] INFO  SQL dialect - HHH000400: Using dialect: org.hibernate.dialect.MySQLDialect
2023:04:20 17:18:33.768 [restartedMain] INFO  org.hibernate.engine.transaction.jta.platform.internal.JtaPlatformInitiator - HHH000490: Using JtaPlatform implementation: [org.hibernate.engine.transaction.jta.platform.internal.NoJtaPlatform]
2023:04:20 17:18:33.771 [restartedMain] INFO  org.springframework.orm.jpa.LocalContainerEntityManagerFactoryBean - Initialized JPA EntityManagerFactory for persistence unit 'default'
2023:04:20 17:18:33.910 [restartedMain] WARN  org.springframework.boot.autoconfigure.orm.jpa.JpaBaseConfiguration$JpaWebConfiguration - spring.jpa.open-in-view is enabled by default. Therefore, database queries may be performed during view rendering. Explicitly configure spring.jpa.open-in-view to disable this warning
2023:04:20 17:18:33.973 [restartedMain] INFO  org.springframework.security.web.DefaultSecurityFilterChain - Will secure any request with [org.springframework.security.web.session.DisableEncodeUrlFilter@7d808055, org.springframework.security.web.context.request.async.WebAsyncManagerIntegrationFilter@5b65dea4, org.springframework.security.web.context.SecurityContextHolderFilter@3d3e5a01, org.springframework.security.web.header.HeaderWriterFilter@682672d3, org.springframework.security.web.csrf.CsrfFilter@2cf873bf, org.springframework.security.web.authentication.logout.LogoutFilter@20b77565, org.springframework.security.oauth2.client.web.OAuth2AuthorizationRequestRedirectFilter@268f5ee6, org.springframework.security.oauth2.client.web.OAuth2LoginAuthenticationFilter@7afbe646, org.springframework.security.web.authentication.UsernamePasswordAuthenticationFilter@2a118a53, org.springframework.security.web.authentication.ui.DefaultLoginPageGeneratingFilter@18c95b63, org.springframework.security.web.authentication.ui.DefaultLogoutPageGeneratingFilter@741d340, org.springframework.security.web.authentication.www.BasicAuthenticationFilter@3196dd59, org.springframework.security.web.savedrequest.RequestCacheAwareFilter@5234b392, org.springframework.security.web.servletapi.SecurityContextHolderAwareRequestFilter@4322093e, org.springframework.security.web.authentication.AnonymousAuthenticationFilter@222ddc38, org.springframework.security.web.access.ExceptionTranslationFilter@7bfd5f5d, org.springframework.security.web.access.intercept.AuthorizationFilter@21cfbce5]
2023:04:20 17:18:34.026 [restartedMain] INFO  org.springframework.boot.devtools.autoconfigure.OptionalLiveReloadServer - LiveReload server is running on port 35729
2023:04:20 17:18:34.031 [restartedMain] INFO  org.apache.coyote.http11.Http11NioProtocol - Starting ProtocolHandler ["http-nio-8080"]
2023:04:20 17:18:34.034 [restartedMain] INFO  org.springframework.boot.web.embedded.tomcat.TomcatWebServer - Tomcat started on port(s): 8080 (http) with context path ''
2023:04:20 17:18:34.038 [restartedMain] INFO  com.nnk.springboot.Application - Started Application in 0.949 seconds (process running for 3335.543)
2023:04:20 17:18:34.039 [restartedMain] INFO  org.springframework.boot.devtools.autoconfigure.ConditionEvaluationDeltaLoggingListener - Condition evaluation unchanged
2023:04:20 17:42:27.819 [http-nio-8080-exec-1] INFO  org.apache.catalina.core.ContainerBase.[Tomcat].[localhost].[/] - Initializing Spring DispatcherServlet 'dispatcherServlet'
2023:04:20 17:42:27.819 [http-nio-8080-exec-1] INFO  org.springframework.web.servlet.DispatcherServlet - Initializing Servlet 'dispatcherServlet'
2023:04:20 17:42:27.821 [http-nio-8080-exec-1] INFO  org.springframework.web.servlet.DispatcherServlet - Completed initialization in 2 ms
2023:04:20 17:46:16.247 [SpringApplicationShutdownHook] INFO  org.springframework.orm.jpa.LocalContainerEntityManagerFactoryBean - Closing JPA EntityManagerFactory for persistence unit 'default'
2023:04:20 17:46:16.247 [SpringApplicationShutdownHook] INFO  com.zaxxer.hikari.HikariDataSource - HikariPool-4 - Shutdown initiated...
2023:04:20 17:46:16.253 [SpringApplicationShutdownHook] INFO  com.zaxxer.hikari.HikariDataSource - HikariPool-4 - Shutdown completed.
2023:04:20 21:08:26.815 [background-preinit] INFO  org.hibernate.validator.internal.util.Version - HV000001: Hibernate Validator 8.0.0.Final
2023:04:20 21:08:26.911 [restartedMain] INFO  com.nnk.springboot.Application - Starting Application using Java 19.0.2 with PID 26096 (C:\Users\ebonn\projets\Poseidon\Poseiden-skeleton\target\classes started by ebonn in C:\Users\ebonn\projets\Poseidon)
2023:04:20 21:08:26.923 [restartedMain] INFO  com.nnk.springboot.Application - No active profile set, falling back to 1 default profile: "default"
2023:04:20 21:08:27.077 [restartedMain] INFO  org.springframework.boot.devtools.env.DevToolsPropertyDefaultsPostProcessor - Devtools property defaults active! Set 'spring.devtools.add-properties' to 'false' to disable
2023:04:20 21:08:27.077 [restartedMain] INFO  org.springframework.boot.devtools.env.DevToolsPropertyDefaultsPostProcessor - For additional web related logging consider setting the 'logging.level.web' property to 'DEBUG'
2023:04:20 21:08:29.331 [restartedMain] INFO  org.springframework.data.repository.config.RepositoryConfigurationDelegate - Bootstrapping Spring Data JPA repositories in DEFAULT mode.
2023:04:20 21:08:29.493 [restartedMain] INFO  org.springframework.data.repository.config.RepositoryConfigurationDelegate - Finished Spring Data repository scanning in 142 ms. Found 6 JPA repository interfaces.
2023:04:20 21:08:31.324 [restartedMain] INFO  org.springframework.boot.web.embedded.tomcat.TomcatWebServer - Tomcat initialized with port(s): 8080 (http)
2023:04:20 21:08:31.351 [restartedMain] INFO  org.apache.coyote.http11.Http11NioProtocol - Initializing ProtocolHandler ["http-nio-8080"]
2023:04:20 21:08:31.353 [restartedMain] INFO  org.apache.catalina.core.StandardService - Starting service [Tomcat]
2023:04:20 21:08:31.355 [restartedMain] INFO  org.apache.catalina.core.StandardEngine - Starting Servlet engine: [Apache Tomcat/10.1.1]
2023:04:20 21:08:31.538 [restartedMain] INFO  org.apache.catalina.core.ContainerBase.[Tomcat].[localhost].[/] - Initializing Spring embedded WebApplicationContext
2023:04:20 21:08:31.542 [restartedMain] INFO  org.springframework.boot.web.servlet.context.ServletWebServerApplicationContext - Root WebApplicationContext: initialization completed in 4459 ms
2023:04:20 21:08:32.035 [restartedMain] INFO  org.hibernate.jpa.internal.util.LogHelper - HHH000204: Processing PersistenceUnitInfo [name: default]
2023:04:20 21:08:32.125 [restartedMain] INFO  org.hibernate.Version - HHH000412: Hibernate ORM core version 6.1.5.Final
2023:04:20 21:08:32.499 [restartedMain] WARN  org.hibernate.orm.deprecation - HHH90000021: Encountered deprecated setting [javax.persistence.sharedCache.mode], use [jakarta.persistence.sharedCache.mode] instead
2023:04:20 21:08:32.776 [restartedMain] INFO  com.zaxxer.hikari.HikariDataSource - HikariPool-1 - Starting...
2023:04:20 21:08:33.387 [restartedMain] INFO  com.zaxxer.hikari.pool.HikariPool - HikariPool-1 - Added connection com.mysql.cj.jdbc.ConnectionImpl@773e64b7
2023:04:20 21:08:33.389 [restartedMain] INFO  com.zaxxer.hikari.HikariDataSource - HikariPool-1 - Start completed.
2023:04:20 21:08:33.490 [restartedMain] INFO  SQL dialect - HHH000400: Using dialect: org.hibernate.dialect.MySQLDialect
2023:04:20 21:08:35.485 [restartedMain] INFO  org.hibernate.engine.transaction.jta.platform.internal.JtaPlatformInitiator - HHH000490: Using JtaPlatform implementation: [org.hibernate.engine.transaction.jta.platform.internal.NoJtaPlatform]
2023:04:20 21:08:35.502 [restartedMain] INFO  org.springframework.orm.jpa.LocalContainerEntityManagerFactoryBean - Initialized JPA EntityManagerFactory for persistence unit 'default'
2023:04:20 21:08:36.388 [restartedMain] WARN  org.springframework.boot.autoconfigure.orm.jpa.JpaBaseConfiguration$JpaWebConfiguration - spring.jpa.open-in-view is enabled by default. Therefore, database queries may be performed during view rendering. Explicitly configure spring.jpa.open-in-view to disable this warning
2023:04:20 21:08:37.176 [restartedMain] INFO  org.springframework.security.web.DefaultSecurityFilterChain - Will secure any request with [org.springframework.security.web.session.DisableEncodeUrlFilter@5c965fb0, org.springframework.security.web.context.request.async.WebAsyncManagerIntegrationFilter@62e5e4b5, org.springframework.security.web.context.SecurityContextHolderFilter@d2acde, org.springframework.security.web.header.HeaderWriterFilter@641d8a22, org.springframework.security.web.csrf.CsrfFilter@66771252, org.springframework.security.web.authentication.logout.LogoutFilter@78bd9ed5, org.springframework.security.oauth2.client.web.OAuth2AuthorizationRequestRedirectFilter@1c48671e, org.springframework.security.oauth2.client.web.OAuth2LoginAuthenticationFilter@2fa22dea, org.springframework.security.web.authentication.UsernamePasswordAuthenticationFilter@28be7f37, org.springframework.security.web.authentication.ui.DefaultLoginPageGeneratingFilter@712b26e5, org.springframework.security.web.authentication.ui.DefaultLogoutPageGeneratingFilter@7c0a6e19, org.springframework.security.web.authentication.www.BasicAuthenticationFilter@6878e5ab, org.springframework.security.web.savedrequest.RequestCacheAwareFilter@11f6cc6e, org.springframework.security.web.servletapi.SecurityContextHolderAwareRequestFilter@75b37146, org.springframework.security.web.authentication.AnonymousAuthenticationFilter@1c964f04, org.springframework.security.web.access.ExceptionTranslationFilter@6e684dea, org.springframework.security.web.access.intercept.AuthorizationFilter@168d4078]
2023:04:20 21:08:37.721 [restartedMain] INFO  org.springframework.boot.devtools.autoconfigure.OptionalLiveReloadServer - LiveReload server is running on port 35729
2023:04:20 21:08:37.745 [restartedMain] INFO  org.apache.coyote.http11.Http11NioProtocol - Starting ProtocolHandler ["http-nio-8080"]
2023:04:20 21:08:37.782 [restartedMain] INFO  org.springframework.boot.web.embedded.tomcat.TomcatWebServer - Tomcat started on port(s): 8080 (http) with context path ''
2023:04:20 21:08:37.801 [restartedMain] INFO  com.nnk.springboot.Application - Started Application in 11.575 seconds (process running for 26.833)
2023:04:20 21:09:05.924 [http-nio-8080-exec-1] INFO  org.apache.catalina.core.ContainerBase.[Tomcat].[localhost].[/] - Initializing Spring DispatcherServlet 'dispatcherServlet'
2023:04:20 21:09:05.925 [http-nio-8080-exec-1] INFO  org.springframework.web.servlet.DispatcherServlet - Initializing Servlet 'dispatcherServlet'
2023:04:20 21:09:05.930 [http-nio-8080-exec-1] INFO  org.springframework.web.servlet.DispatcherServlet - Completed initialization in 3 ms
2023:04:20 21:09:48.018 [http-nio-8080-exec-7] INFO  com.nnk.springboot.MyAppLogger - user found
2023:04:20 21:09:48.373 [http-nio-8080-exec-10] INFO  com.nnk.springboot.MyAppLogger - REQUEST /trade/list
2023:04:20 21:09:48.445 [http-nio-8080-exec-10] INFO  com.nnk.springboot.MyAppLogger - attribute listOfTrades added to Model
2023:04:20 21:11:33.724 [http-nio-8080-exec-3] INFO  com.nnk.springboot.MyAppLogger - REQUEST /trade/list
2023:04:20 21:11:33.746 [http-nio-8080-exec-3] INFO  com.nnk.springboot.MyAppLogger - attribute listOfTrades added to Model
2023:04:20 21:11:41.386 [http-nio-8080-exec-6] INFO  com.nnk.springboot.MyAppLogger - GET form /trade/add
2023:04:20 21:12:01.930 [http-nio-8080-exec-10] INFO  com.nnk.springboot.MyAppLogger - POST /trade/validate
2023:04:20 21:12:01.930 [http-nio-8080-exec-10] ERROR com.nnk.springboot.MyAppLogger - trade to create has errors
2023:04:20 21:12:10.149 [http-nio-8080-exec-9] INFO  com.nnk.springboot.MyAppLogger - POST /trade/validate
2023:04:20 21:12:10.317 [http-nio-8080-exec-9] INFO  com.nnk.springboot.MyAppLogger - trade validated with id 8
2023:04:20 21:12:10.342 [http-nio-8080-exec-1] INFO  com.nnk.springboot.MyAppLogger - REQUEST /trade/list
2023:04:20 21:12:10.363 [http-nio-8080-exec-1] INFO  com.nnk.springboot.MyAppLogger - attribute listOfTrades added to Model
2023:04:20 21:12:14.888 [http-nio-8080-exec-2] INFO  com.nnk.springboot.MyAppLogger - GET /trade/update/{id} with id 2
2023:04:20 21:12:14.924 [http-nio-8080-exec-2] INFO  com.nnk.springboot.MyAppLogger - attribute added to model : trade with id 2
2023:04:20 21:12:21.441 [http-nio-8080-exec-5] INFO  com.nnk.springboot.MyAppLogger - POST /trade/update{id} with id 2
2023:04:20 21:12:21.515 [http-nio-8080-exec-5] INFO  com.nnk.springboot.MyAppLogger - attribute listOfTrades added to model
2023:04:20 21:12:21.528 [http-nio-8080-exec-6] INFO  com.nnk.springboot.MyAppLogger - REQUEST /trade/list
2023:04:20 21:12:21.546 [http-nio-8080-exec-6] INFO  com.nnk.springboot.MyAppLogger - attribute listOfTrades added to Model
2023:04:20 21:12:25.362 [http-nio-8080-exec-10] INFO  com.nnk.springboot.MyAppLogger - GET /trade/delete/{id} with id 2
2023:04:20 21:12:25.419 [http-nio-8080-exec-10] INFO  com.nnk.springboot.MyAppLogger - trade with id 2 deleted
2023:04:20 21:12:25.433 [http-nio-8080-exec-8] INFO  com.nnk.springboot.MyAppLogger - REQUEST /trade/list
2023:04:20 21:12:25.449 [http-nio-8080-exec-8] INFO  com.nnk.springboot.MyAppLogger - attribute listOfTrades added to Model
2023:04:20 21:13:07.243 [http-nio-8080-exec-3] INFO  com.nnk.springboot.MyAppLogger - user found
2023:04:20 21:13:07.542 [http-nio-8080-exec-5] INFO  com.nnk.springboot.MyAppLogger - REQUEST /
2023:04:20 21:13:10.361 [http-nio-8080-exec-7] INFO  com.nnk.springboot.MyAppLogger - REQUEST /user/list
2023:04:20 21:13:52.043 [http-nio-8080-exec-8] INFO  com.nnk.springboot.MyAppLogger - REQUEST /
2023:04:20 21:14:17.317 [http-nio-8080-exec-4] INFO  com.nnk.springboot.MyAppLogger - REQUEST /
2023:04:20 21:15:43.328 [SpringApplicationShutdownHook] INFO  org.springframework.orm.jpa.LocalContainerEntityManagerFactoryBean - Closing JPA EntityManagerFactory for persistence unit 'default'
2023:04:20 21:15:43.349 [SpringApplicationShutdownHook] INFO  com.zaxxer.hikari.HikariDataSource - HikariPool-1 - Shutdown initiated...
2023:04:20 21:15:43.391 [SpringApplicationShutdownHook] INFO  com.zaxxer.hikari.HikariDataSource - HikariPool-1 - Shutdown completed.
