2023:04:13 09:28:55.281 [main] INFO  org.springframework.test.context.support.AnnotationConfigContextLoaderUtils - Could not detect default configuration classes for test class [com.nnk.springboot.ServicesTest.BidListServiceTest]: BidListServiceTest does not declare any static, non-private, non-final, nested classes annotated with @Configuration.
2023:04:13 09:28:55.497 [main] INFO  org.springframework.boot.test.context.SpringBootTestContextBootstrapper - Found @SpringBootConfiguration com.nnk.springboot.Application for test class com.nnk.springboot.ServicesTest.BidListServiceTest
2023:04:13 09:28:55.959 [background-preinit] INFO  org.hibernate.validator.internal.util.Version - HV000001: Hibernate Validator 8.0.0.Final
2023:04:13 09:28:55.989 [main] INFO  com.nnk.springboot.ServicesTest.BidListServiceTest - Starting BidListServiceTest using Java 19.0.2 with PID 12812 (started by ebonn in C:\Users\ebonn\projets\Poseidon\Poseiden-skeleton)
2023:04:13 09:28:55.994 [main] INFO  com.nnk.springboot.ServicesTest.BidListServiceTest - No active profile set, falling back to 1 default profile: "default"
2023:04:13 09:28:57.103 [main] INFO  org.springframework.data.repository.config.RepositoryConfigurationDelegate - Bootstrapping Spring Data JPA repositories in DEFAULT mode.
2023:04:13 09:28:57.184 [main] INFO  org.springframework.data.repository.config.RepositoryConfigurationDelegate - Finished Spring Data repository scanning in 71 ms. Found 6 JPA repository interfaces.
2023:04:13 09:28:57.949 [main] INFO  org.hibernate.jpa.internal.util.LogHelper - HHH000204: Processing PersistenceUnitInfo [name: default]
2023:04:13 09:28:58.029 [main] INFO  org.hibernate.Version - HHH000412: Hibernate ORM core version 6.1.5.Final
2023:04:13 09:28:58.275 [main] WARN  org.hibernate.orm.deprecation - HHH90000021: Encountered deprecated setting [javax.persistence.sharedCache.mode], use [jakarta.persistence.sharedCache.mode] instead
2023:04:13 09:28:58.541 [main] INFO  com.zaxxer.hikari.HikariDataSource - HikariPool-1 - Starting...
2023:04:13 09:28:59.100 [main] INFO  com.zaxxer.hikari.pool.HikariPool - HikariPool-1 - Added connection com.mysql.cj.jdbc.ConnectionImpl@1da5c19d
2023:04:13 09:28:59.103 [main] INFO  com.zaxxer.hikari.HikariDataSource - HikariPool-1 - Start completed.
2023:04:13 09:28:59.155 [main] INFO  SQL dialect - HHH000400: Using dialect: org.hibernate.dialect.MySQLDialect
2023:04:13 09:29:00.373 [main] INFO  org.hibernate.engine.transaction.jta.platform.internal.JtaPlatformInitiator - HHH000490: Using JtaPlatform implementation: [org.hibernate.engine.transaction.jta.platform.internal.NoJtaPlatform]
2023:04:13 09:29:00.384 [main] INFO  org.springframework.orm.jpa.LocalContainerEntityManagerFactoryBean - Initialized JPA EntityManagerFactory for persistence unit 'default'
2023:04:13 09:29:00.988 [main] WARN  org.springframework.boot.autoconfigure.orm.jpa.JpaBaseConfiguration$JpaWebConfiguration - spring.jpa.open-in-view is enabled by default. Therefore, database queries may be performed during view rendering. Explicitly configure spring.jpa.open-in-view to disable this warning
2023:04:13 09:29:01.465 [main] INFO  org.springframework.security.web.DefaultSecurityFilterChain - Will secure any request with [org.springframework.security.web.session.DisableEncodeUrlFilter@22cca101, org.springframework.security.web.context.request.async.WebAsyncManagerIntegrationFilter@1722ede1, org.springframework.security.web.context.SecurityContextHolderFilter@569b3009, org.springframework.security.web.header.HeaderWriterFilter@72e5206, org.springframework.security.web.csrf.CsrfFilter@4e6add8d, org.springframework.security.web.authentication.logout.LogoutFilter@4cb939d5, org.springframework.security.oauth2.client.web.OAuth2AuthorizationRequestRedirectFilter@7305a443, org.springframework.security.oauth2.client.web.OAuth2LoginAuthenticationFilter@3c6d3ba, org.springframework.security.web.authentication.UsernamePasswordAuthenticationFilter@30b0d5a7, org.springframework.security.web.authentication.ui.DefaultLoginPageGeneratingFilter@5471342, org.springframework.security.web.authentication.ui.DefaultLogoutPageGeneratingFilter@307ba188, org.springframework.security.web.authentication.www.BasicAuthenticationFilter@4265cbed, org.springframework.security.web.savedrequest.RequestCacheAwareFilter@48cebb78, org.springframework.security.web.servletapi.SecurityContextHolderAwareRequestFilter@53bc6492, org.springframework.security.web.authentication.AnonymousAuthenticationFilter@34f3c920, org.springframework.security.web.access.ExceptionTranslationFilter@fdfd984, org.springframework.security.web.access.intercept.AuthorizationFilter@66831b14]
2023:04:13 09:29:01.931 [main] INFO  com.nnk.springboot.ServicesTest.BidListServiceTest - Started BidListServiceTest in 6.284 seconds (process running for 8.543)
2023:04:13 09:29:02.330 [SpringApplicationShutdownHook] INFO  org.springframework.orm.jpa.LocalContainerEntityManagerFactoryBean - Closing JPA EntityManagerFactory for persistence unit 'default'
2023:04:13 09:29:02.334 [SpringApplicationShutdownHook] INFO  com.zaxxer.hikari.HikariDataSource - HikariPool-1 - Shutdown initiated...
2023:04:13 09:29:02.346 [SpringApplicationShutdownHook] INFO  com.zaxxer.hikari.HikariDataSource - HikariPool-1 - Shutdown completed.
2023:04:13 09:34:51.071 [main] INFO  org.springframework.test.context.support.AnnotationConfigContextLoaderUtils - Could not detect default configuration classes for test class [com.nnk.springboot.ServicesTest.BidListServiceTest]: BidListServiceTest does not declare any static, non-private, non-final, nested classes annotated with @Configuration.
2023:04:13 09:34:51.185 [main] INFO  org.springframework.boot.test.context.SpringBootTestContextBootstrapper - Found @SpringBootConfiguration com.nnk.springboot.Application for test class com.nnk.springboot.ServicesTest.BidListServiceTest
2023:04:13 09:34:51.632 [background-preinit] INFO  org.hibernate.validator.internal.util.Version - HV000001: Hibernate Validator 8.0.0.Final
2023:04:13 09:34:51.660 [main] INFO  com.nnk.springboot.ServicesTest.BidListServiceTest - Starting BidListServiceTest using Java 19.0.2 with PID 27792 (started by ebonn in C:\Users\ebonn\projets\Poseidon\Poseiden-skeleton)
2023:04:13 09:34:51.665 [main] INFO  com.nnk.springboot.ServicesTest.BidListServiceTest - No active profile set, falling back to 1 default profile: "default"
2023:04:13 09:34:52.576 [main] INFO  org.springframework.data.repository.config.RepositoryConfigurationDelegate - Bootstrapping Spring Data JPA repositories in DEFAULT mode.
2023:04:13 09:34:52.648 [main] INFO  org.springframework.data.repository.config.RepositoryConfigurationDelegate - Finished Spring Data repository scanning in 64 ms. Found 6 JPA repository interfaces.
2023:04:13 09:34:53.386 [main] INFO  org.hibernate.jpa.internal.util.LogHelper - HHH000204: Processing PersistenceUnitInfo [name: default]
2023:04:13 09:34:53.438 [main] INFO  org.hibernate.Version - HHH000412: Hibernate ORM core version 6.1.5.Final
2023:04:13 09:34:53.646 [main] WARN  org.hibernate.orm.deprecation - HHH90000021: Encountered deprecated setting [javax.persistence.sharedCache.mode], use [jakarta.persistence.sharedCache.mode] instead
2023:04:13 09:34:53.923 [main] INFO  com.zaxxer.hikari.HikariDataSource - HikariPool-1 - Starting...
2023:04:13 09:34:54.312 [main] INFO  com.zaxxer.hikari.pool.HikariPool - HikariPool-1 - Added connection com.mysql.cj.jdbc.ConnectionImpl@edbc2bf
2023:04:13 09:34:54.314 [main] INFO  com.zaxxer.hikari.HikariDataSource - HikariPool-1 - Start completed.
2023:04:13 09:34:54.357 [main] INFO  SQL dialect - HHH000400: Using dialect: org.hibernate.dialect.MySQLDialect
2023:04:13 09:34:55.443 [main] INFO  org.hibernate.engine.transaction.jta.platform.internal.JtaPlatformInitiator - HHH000490: Using JtaPlatform implementation: [org.hibernate.engine.transaction.jta.platform.internal.NoJtaPlatform]
2023:04:13 09:34:55.452 [main] INFO  org.springframework.orm.jpa.LocalContainerEntityManagerFactoryBean - Initialized JPA EntityManagerFactory for persistence unit 'default'
2023:04:13 09:34:56.056 [main] WARN  org.springframework.boot.autoconfigure.orm.jpa.JpaBaseConfiguration$JpaWebConfiguration - spring.jpa.open-in-view is enabled by default. Therefore, database queries may be performed during view rendering. Explicitly configure spring.jpa.open-in-view to disable this warning
2023:04:13 09:34:56.526 [main] INFO  org.springframework.security.web.DefaultSecurityFilterChain - Will secure any request with [org.springframework.security.web.session.DisableEncodeUrlFilter@73bd146c, org.springframework.security.web.context.request.async.WebAsyncManagerIntegrationFilter@1ea78c72, org.springframework.security.web.context.SecurityContextHolderFilter@6e140753, org.springframework.security.web.header.HeaderWriterFilter@48cebb78, org.springframework.security.web.csrf.CsrfFilter@579cfcc4, org.springframework.security.web.authentication.logout.LogoutFilter@bb3487c, org.springframework.security.oauth2.client.web.OAuth2AuthorizationRequestRedirectFilter@765e5a55, org.springframework.security.oauth2.client.web.OAuth2LoginAuthenticationFilter@307ba188, org.springframework.security.web.authentication.UsernamePasswordAuthenticationFilter@335a45a8, org.springframework.security.web.authentication.ui.DefaultLoginPageGeneratingFilter@4ed90b04, org.springframework.security.web.authentication.ui.DefaultLogoutPageGeneratingFilter@3437fc4f, org.springframework.security.web.authentication.www.BasicAuthenticationFilter@6779959d, org.springframework.security.web.savedrequest.RequestCacheAwareFilter@1e834a5b, org.springframework.security.web.servletapi.SecurityContextHolderAwareRequestFilter@5471342, org.springframework.security.web.authentication.AnonymousAuthenticationFilter@42a198dd, org.springframework.security.web.access.ExceptionTranslationFilter@569b3009, org.springframework.security.web.access.intercept.AuthorizationFilter@22ea09b7]
2023:04:13 09:34:56.949 [main] INFO  com.nnk.springboot.ServicesTest.BidListServiceTest - Started BidListServiceTest in 5.619 seconds (process running for 7.427)
2023:04:13 09:34:57.319 [SpringApplicationShutdownHook] INFO  org.springframework.orm.jpa.LocalContainerEntityManagerFactoryBean - Closing JPA EntityManagerFactory for persistence unit 'default'
2023:04:13 09:34:57.322 [SpringApplicationShutdownHook] INFO  com.zaxxer.hikari.HikariDataSource - HikariPool-1 - Shutdown initiated...
2023:04:13 09:34:57.333 [SpringApplicationShutdownHook] INFO  com.zaxxer.hikari.HikariDataSource - HikariPool-1 - Shutdown completed.
2023:04:13 09:37:47.754 [main] INFO  org.springframework.test.context.support.AnnotationConfigContextLoaderUtils - Could not detect default configuration classes for test class [com.nnk.springboot.ServicesTest.BidListServiceTest]: BidListServiceTest does not declare any static, non-private, non-final, nested classes annotated with @Configuration.
2023:04:13 09:37:47.875 [main] INFO  org.springframework.boot.test.context.SpringBootTestContextBootstrapper - Found @SpringBootConfiguration com.nnk.springboot.Application for test class com.nnk.springboot.ServicesTest.BidListServiceTest
2023:04:13 09:37:48.250 [background-preinit] INFO  org.hibernate.validator.internal.util.Version - HV000001: Hibernate Validator 8.0.0.Final
2023:04:13 09:37:48.281 [main] INFO  com.nnk.springboot.ServicesTest.BidListServiceTest - Starting BidListServiceTest using Java 19.0.2 with PID 13848 (started by ebonn in C:\Users\ebonn\projets\Poseidon\Poseiden-skeleton)
2023:04:13 09:37:48.287 [main] INFO  com.nnk.springboot.ServicesTest.BidListServiceTest - No active profile set, falling back to 1 default profile: "default"
2023:04:13 09:37:49.257 [main] INFO  org.springframework.data.repository.config.RepositoryConfigurationDelegate - Bootstrapping Spring Data JPA repositories in DEFAULT mode.
2023:04:13 09:37:49.339 [main] INFO  org.springframework.data.repository.config.RepositoryConfigurationDelegate - Finished Spring Data repository scanning in 73 ms. Found 6 JPA repository interfaces.
2023:04:13 09:37:49.998 [main] INFO  org.hibernate.jpa.internal.util.LogHelper - HHH000204: Processing PersistenceUnitInfo [name: default]
2023:04:13 09:37:50.051 [main] INFO  org.hibernate.Version - HHH000412: Hibernate ORM core version 6.1.5.Final
2023:04:13 09:37:50.290 [main] WARN  org.hibernate.orm.deprecation - HHH90000021: Encountered deprecated setting [javax.persistence.sharedCache.mode], use [jakarta.persistence.sharedCache.mode] instead
2023:04:13 09:37:50.512 [main] INFO  com.zaxxer.hikari.HikariDataSource - HikariPool-1 - Starting...
2023:04:13 09:37:50.894 [main] INFO  com.zaxxer.hikari.pool.HikariPool - HikariPool-1 - Added connection com.mysql.cj.jdbc.ConnectionImpl@43ab0659
2023:04:13 09:37:50.896 [main] INFO  com.zaxxer.hikari.HikariDataSource - HikariPool-1 - Start completed.
2023:04:13 09:37:50.954 [main] INFO  SQL dialect - HHH000400: Using dialect: org.hibernate.dialect.MySQLDialect
2023:04:13 09:37:52.012 [main] INFO  org.hibernate.engine.transaction.jta.platform.internal.JtaPlatformInitiator - HHH000490: Using JtaPlatform implementation: [org.hibernate.engine.transaction.jta.platform.internal.NoJtaPlatform]
2023:04:13 09:37:52.020 [main] INFO  org.springframework.orm.jpa.LocalContainerEntityManagerFactoryBean - Initialized JPA EntityManagerFactory for persistence unit 'default'
2023:04:13 09:37:52.588 [main] WARN  org.springframework.boot.autoconfigure.orm.jpa.JpaBaseConfiguration$JpaWebConfiguration - spring.jpa.open-in-view is enabled by default. Therefore, database queries may be performed during view rendering. Explicitly configure spring.jpa.open-in-view to disable this warning
2023:04:13 09:37:53.047 [main] INFO  org.springframework.security.web.DefaultSecurityFilterChain - Will secure any request with [org.springframework.security.web.session.DisableEncodeUrlFilter@2c3f81ef, org.springframework.security.web.context.request.async.WebAsyncManagerIntegrationFilter@374013e8, org.springframework.security.web.context.SecurityContextHolderFilter@4ed90b04, org.springframework.security.web.header.HeaderWriterFilter@4e9d1119, org.springframework.security.web.csrf.CsrfFilter@4f2a0909, org.springframework.security.web.authentication.logout.LogoutFilter@36a7586f, org.springframework.security.oauth2.client.web.OAuth2AuthorizationRequestRedirectFilter@7bc239db, org.springframework.security.oauth2.client.web.OAuth2LoginAuthenticationFilter@403b7be3, org.springframework.security.web.authentication.UsernamePasswordAuthenticationFilter@4512f5f1, org.springframework.security.web.authentication.ui.DefaultLoginPageGeneratingFilter@386d41cb, org.springframework.security.web.authentication.ui.DefaultLogoutPageGeneratingFilter@712dd0b0, org.springframework.security.web.authentication.www.BasicAuthenticationFilter@4205d1c9, org.springframework.security.web.savedrequest.RequestCacheAwareFilter@7dd92a36, org.springframework.security.web.servletapi.SecurityContextHolderAwareRequestFilter@5f815f93, org.springframework.security.web.authentication.AnonymousAuthenticationFilter@6b3284, org.springframework.security.web.access.ExceptionTranslationFilter@5471342, org.springframework.security.web.access.intercept.AuthorizationFilter@6b23897a]
2023:04:13 09:37:53.487 [main] INFO  com.nnk.springboot.ServicesTest.BidListServiceTest - Started BidListServiceTest in 5.475 seconds (process running for 7.21)
2023:04:13 09:37:53.942 [SpringApplicationShutdownHook] INFO  org.springframework.orm.jpa.LocalContainerEntityManagerFactoryBean - Closing JPA EntityManagerFactory for persistence unit 'default'
2023:04:13 09:37:53.946 [SpringApplicationShutdownHook] INFO  com.zaxxer.hikari.HikariDataSource - HikariPool-1 - Shutdown initiated...
2023:04:13 09:37:53.961 [SpringApplicationShutdownHook] INFO  com.zaxxer.hikari.HikariDataSource - HikariPool-1 - Shutdown completed.
2023:04:13 09:39:10.212 [main] INFO  org.springframework.test.context.support.AnnotationConfigContextLoaderUtils - Could not detect default configuration classes for test class [com.nnk.springboot.ServicesTest.BidListServiceTest]: BidListServiceTest does not declare any static, non-private, non-final, nested classes annotated with @Configuration.
2023:04:13 09:39:10.350 [main] INFO  org.springframework.boot.test.context.SpringBootTestContextBootstrapper - Found @SpringBootConfiguration com.nnk.springboot.Application for test class com.nnk.springboot.ServicesTest.BidListServiceTest
2023:04:13 09:39:10.748 [background-preinit] INFO  org.hibernate.validator.internal.util.Version - HV000001: Hibernate Validator 8.0.0.Final
2023:04:13 09:39:10.773 [main] INFO  com.nnk.springboot.ServicesTest.BidListServiceTest - Starting BidListServiceTest using Java 19.0.2 with PID 2832 (started by ebonn in C:\Users\ebonn\projets\Poseidon\Poseiden-skeleton)
2023:04:13 09:39:10.778 [main] INFO  com.nnk.springboot.ServicesTest.BidListServiceTest - No active profile set, falling back to 1 default profile: "default"
2023:04:13 09:39:11.681 [main] INFO  org.springframework.data.repository.config.RepositoryConfigurationDelegate - Bootstrapping Spring Data JPA repositories in DEFAULT mode.
2023:04:13 09:39:11.761 [main] INFO  org.springframework.data.repository.config.RepositoryConfigurationDelegate - Finished Spring Data repository scanning in 70 ms. Found 6 JPA repository interfaces.
2023:04:13 09:39:12.411 [main] INFO  org.hibernate.jpa.internal.util.LogHelper - HHH000204: Processing PersistenceUnitInfo [name: default]
2023:04:13 09:39:12.470 [main] INFO  org.hibernate.Version - HHH000412: Hibernate ORM core version 6.1.5.Final
2023:04:13 09:39:12.680 [main] WARN  org.hibernate.orm.deprecation - HHH90000021: Encountered deprecated setting [javax.persistence.sharedCache.mode], use [jakarta.persistence.sharedCache.mode] instead
2023:04:13 09:39:12.933 [main] INFO  com.zaxxer.hikari.HikariDataSource - HikariPool-1 - Starting...
2023:04:13 09:39:13.312 [main] INFO  com.zaxxer.hikari.pool.HikariPool - HikariPool-1 - Added connection com.mysql.cj.jdbc.ConnectionImpl@62883f8a
2023:04:13 09:39:13.314 [main] INFO  com.zaxxer.hikari.HikariDataSource - HikariPool-1 - Start completed.
2023:04:13 09:39:13.363 [main] INFO  SQL dialect - HHH000400: Using dialect: org.hibernate.dialect.MySQLDialect
2023:04:13 09:39:14.670 [main] INFO  org.hibernate.engine.transaction.jta.platform.internal.JtaPlatformInitiator - HHH000490: Using JtaPlatform implementation: [org.hibernate.engine.transaction.jta.platform.internal.NoJtaPlatform]
2023:04:13 09:39:14.679 [main] INFO  org.springframework.orm.jpa.LocalContainerEntityManagerFactoryBean - Initialized JPA EntityManagerFactory for persistence unit 'default'
2023:04:13 09:39:15.328 [main] WARN  org.springframework.boot.autoconfigure.orm.jpa.JpaBaseConfiguration$JpaWebConfiguration - spring.jpa.open-in-view is enabled by default. Therefore, database queries may be performed during view rendering. Explicitly configure spring.jpa.open-in-view to disable this warning
2023:04:13 09:39:15.824 [main] INFO  org.springframework.security.web.DefaultSecurityFilterChain - Will secure any request with [org.springframework.security.web.session.DisableEncodeUrlFilter@3ed2a30c, org.springframework.security.web.context.request.async.WebAsyncManagerIntegrationFilter@adbc3bc, org.springframework.security.web.context.SecurityContextHolderFilter@fdfd984, org.springframework.security.web.header.HeaderWriterFilter@5e528476, org.springframework.security.web.csrf.CsrfFilter@713c8cbb, org.springframework.security.web.authentication.logout.LogoutFilter@643f8ebe, org.springframework.security.oauth2.client.web.OAuth2AuthorizationRequestRedirectFilter@6c4c32ff, org.springframework.security.oauth2.client.web.OAuth2LoginAuthenticationFilter@76685ab0, org.springframework.security.web.authentication.UsernamePasswordAuthenticationFilter@18ed8b75, org.springframework.security.web.authentication.ui.DefaultLoginPageGeneratingFilter@53bc6492, org.springframework.security.web.authentication.ui.DefaultLogoutPageGeneratingFilter@3c6d3ba, org.springframework.security.web.authentication.www.BasicAuthenticationFilter@66487713, org.springframework.security.web.savedrequest.RequestCacheAwareFilter@72e5206, org.springframework.security.web.servletapi.SecurityContextHolderAwareRequestFilter@23d0f6be, org.springframework.security.web.authentication.AnonymousAuthenticationFilter@5d3f583d, org.springframework.security.web.access.ExceptionTranslationFilter@4117e0c9, org.springframework.security.web.access.intercept.AuthorizationFilter@3c070ade]
2023:04:13 09:39:16.236 [main] INFO  com.nnk.springboot.ServicesTest.BidListServiceTest - Started BidListServiceTest in 5.745 seconds (process running for 7.636)
2023:04:13 09:39:16.631 [SpringApplicationShutdownHook] INFO  org.springframework.orm.jpa.LocalContainerEntityManagerFactoryBean - Closing JPA EntityManagerFactory for persistence unit 'default'
2023:04:13 09:39:16.635 [SpringApplicationShutdownHook] INFO  com.zaxxer.hikari.HikariDataSource - HikariPool-1 - Shutdown initiated...
2023:04:13 09:39:16.644 [SpringApplicationShutdownHook] INFO  com.zaxxer.hikari.HikariDataSource - HikariPool-1 - Shutdown completed.
2023:04:13 09:56:00.560 [main] INFO  org.springframework.test.context.support.AnnotationConfigContextLoaderUtils - Could not detect default configuration classes for test class [com.nnk.springboot.ServicesTest.BidListServiceTest]: BidListServiceTest does not declare any static, non-private, non-final, nested classes annotated with @Configuration.
2023:04:13 09:56:00.688 [main] INFO  org.springframework.boot.test.context.SpringBootTestContextBootstrapper - Found @SpringBootConfiguration com.nnk.springboot.Application for test class com.nnk.springboot.ServicesTest.BidListServiceTest
2023:04:13 09:56:01.089 [background-preinit] INFO  org.hibernate.validator.internal.util.Version - HV000001: Hibernate Validator 8.0.0.Final
2023:04:13 09:56:01.123 [main] INFO  com.nnk.springboot.ServicesTest.BidListServiceTest - Starting BidListServiceTest using Java 19.0.2 with PID 14464 (started by ebonn in C:\Users\ebonn\projets\Poseidon\Poseiden-skeleton)
2023:04:13 09:56:01.128 [main] INFO  com.nnk.springboot.ServicesTest.BidListServiceTest - No active profile set, falling back to 1 default profile: "default"
2023:04:13 09:56:02.028 [main] INFO  org.springframework.data.repository.config.RepositoryConfigurationDelegate - Bootstrapping Spring Data JPA repositories in DEFAULT mode.
2023:04:13 09:56:02.118 [main] INFO  org.springframework.data.repository.config.RepositoryConfigurationDelegate - Finished Spring Data repository scanning in 81 ms. Found 6 JPA repository interfaces.
2023:04:13 09:56:02.777 [main] INFO  org.hibernate.jpa.internal.util.LogHelper - HHH000204: Processing PersistenceUnitInfo [name: default]
2023:04:13 09:56:02.837 [main] INFO  org.hibernate.Version - HHH000412: Hibernate ORM core version 6.1.5.Final
2023:04:13 09:56:03.017 [main] WARN  org.hibernate.orm.deprecation - HHH90000021: Encountered deprecated setting [javax.persistence.sharedCache.mode], use [jakarta.persistence.sharedCache.mode] instead
2023:04:13 09:56:03.237 [main] INFO  com.zaxxer.hikari.HikariDataSource - HikariPool-1 - Starting...
2023:04:13 09:56:03.661 [main] INFO  com.zaxxer.hikari.pool.HikariPool - HikariPool-1 - Added connection com.mysql.cj.jdbc.ConnectionImpl@3e01796a
2023:04:13 09:56:03.664 [main] INFO  com.zaxxer.hikari.HikariDataSource - HikariPool-1 - Start completed.
2023:04:13 09:56:03.734 [main] INFO  SQL dialect - HHH000400: Using dialect: org.hibernate.dialect.MySQLDialect
2023:04:13 09:56:04.853 [main] INFO  org.hibernate.engine.transaction.jta.platform.internal.JtaPlatformInitiator - HHH000490: Using JtaPlatform implementation: [org.hibernate.engine.transaction.jta.platform.internal.NoJtaPlatform]
2023:04:13 09:56:04.861 [main] INFO  org.springframework.orm.jpa.LocalContainerEntityManagerFactoryBean - Initialized JPA EntityManagerFactory for persistence unit 'default'
2023:04:13 09:56:05.478 [main] WARN  org.springframework.boot.autoconfigure.orm.jpa.JpaBaseConfiguration$JpaWebConfiguration - spring.jpa.open-in-view is enabled by default. Therefore, database queries may be performed during view rendering. Explicitly configure spring.jpa.open-in-view to disable this warning
2023:04:13 09:56:05.939 [main] INFO  org.springframework.security.web.DefaultSecurityFilterChain - Will secure any request with [org.springframework.security.web.session.DisableEncodeUrlFilter@5924ea91, org.springframework.security.web.context.request.async.WebAsyncManagerIntegrationFilter@7bc239db, org.springframework.security.web.context.SecurityContextHolderFilter@313a3af8, org.springframework.security.web.header.HeaderWriterFilter@53bc6492, org.springframework.security.web.csrf.CsrfFilter@e9947af, org.springframework.security.web.authentication.logout.LogoutFilter@66831b14, org.springframework.security.oauth2.client.web.OAuth2AuthorizationRequestRedirectFilter@34f3c920, org.springframework.security.oauth2.client.web.OAuth2LoginAuthenticationFilter@1ea78c72, org.springframework.security.web.authentication.UsernamePasswordAuthenticationFilter@21cb5648, org.springframework.security.web.authentication.ui.DefaultLoginPageGeneratingFilter@551976c2, org.springframework.security.web.authentication.ui.DefaultLogoutPageGeneratingFilter@709c6768, org.springframework.security.web.authentication.www.BasicAuthenticationFilter@40dd2cfe, org.springframework.security.web.savedrequest.RequestCacheAwareFilter@5471342, org.springframework.security.web.servletapi.SecurityContextHolderAwareRequestFilter@6079d219, org.springframework.security.web.authentication.AnonymousAuthenticationFilter@3e356ed6, org.springframework.security.web.access.ExceptionTranslationFilter@4ad57db1, org.springframework.security.web.access.intercept.AuthorizationFilter@30b0d5a7]
2023:04:13 09:56:06.379 [main] INFO  com.nnk.springboot.ServicesTest.BidListServiceTest - Started BidListServiceTest in 5.555 seconds (process running for 7.436)
2023:04:13 09:56:06.770 [SpringApplicationShutdownHook] INFO  org.springframework.orm.jpa.LocalContainerEntityManagerFactoryBean - Closing JPA EntityManagerFactory for persistence unit 'default'
2023:04:13 09:56:06.773 [SpringApplicationShutdownHook] INFO  com.zaxxer.hikari.HikariDataSource - HikariPool-1 - Shutdown initiated...
2023:04:13 09:56:06.784 [SpringApplicationShutdownHook] INFO  com.zaxxer.hikari.HikariDataSource - HikariPool-1 - Shutdown completed.
2023:04:13 10:10:34.892 [main] INFO  org.springframework.test.context.support.AnnotationConfigContextLoaderUtils - Could not detect default configuration classes for test class [com.nnk.springboot.ServicesTest.BidListServiceTest]: BidListServiceTest does not declare any static, non-private, non-final, nested classes annotated with @Configuration.
2023:04:13 10:10:35.012 [main] INFO  org.springframework.boot.test.context.SpringBootTestContextBootstrapper - Found @SpringBootConfiguration com.nnk.springboot.Application for test class com.nnk.springboot.ServicesTest.BidListServiceTest
2023:04:13 10:10:35.442 [background-preinit] INFO  org.hibernate.validator.internal.util.Version - HV000001: Hibernate Validator 8.0.0.Final
2023:04:13 10:10:35.461 [main] INFO  com.nnk.springboot.ServicesTest.BidListServiceTest - Starting BidListServiceTest using Java 19.0.2 with PID 15632 (started by ebonn in C:\Users\ebonn\projets\Poseidon\Poseiden-skeleton)
2023:04:13 10:10:35.472 [main] INFO  com.nnk.springboot.ServicesTest.BidListServiceTest - No active profile set, falling back to 1 default profile: "default"
2023:04:13 10:10:36.351 [main] INFO  org.springframework.data.repository.config.RepositoryConfigurationDelegate - Bootstrapping Spring Data JPA repositories in DEFAULT mode.
2023:04:13 10:10:36.430 [main] INFO  org.springframework.data.repository.config.RepositoryConfigurationDelegate - Finished Spring Data repository scanning in 70 ms. Found 6 JPA repository interfaces.
2023:04:13 10:10:37.071 [main] INFO  org.hibernate.jpa.internal.util.LogHelper - HHH000204: Processing PersistenceUnitInfo [name: default]
2023:04:13 10:10:37.139 [main] INFO  org.hibernate.Version - HHH000412: Hibernate ORM core version 6.1.5.Final
2023:04:13 10:10:37.342 [main] WARN  org.hibernate.orm.deprecation - HHH90000021: Encountered deprecated setting [javax.persistence.sharedCache.mode], use [jakarta.persistence.sharedCache.mode] instead
2023:04:13 10:10:37.570 [main] INFO  com.zaxxer.hikari.HikariDataSource - HikariPool-1 - Starting...
2023:04:13 10:10:37.959 [main] INFO  com.zaxxer.hikari.pool.HikariPool - HikariPool-1 - Added connection com.mysql.cj.jdbc.ConnectionImpl@7a62d697
2023:04:13 10:10:37.961 [main] INFO  com.zaxxer.hikari.HikariDataSource - HikariPool-1 - Start completed.
2023:04:13 10:10:38.011 [main] INFO  SQL dialect - HHH000400: Using dialect: org.hibernate.dialect.MySQLDialect
2023:04:13 10:10:39.200 [main] INFO  org.hibernate.engine.transaction.jta.platform.internal.JtaPlatformInitiator - HHH000490: Using JtaPlatform implementation: [org.hibernate.engine.transaction.jta.platform.internal.NoJtaPlatform]
2023:04:13 10:10:39.208 [main] INFO  org.springframework.orm.jpa.LocalContainerEntityManagerFactoryBean - Initialized JPA EntityManagerFactory for persistence unit 'default'
2023:04:13 10:10:39.797 [main] WARN  org.springframework.boot.autoconfigure.orm.jpa.JpaBaseConfiguration$JpaWebConfiguration - spring.jpa.open-in-view is enabled by default. Therefore, database queries may be performed during view rendering. Explicitly configure spring.jpa.open-in-view to disable this warning
2023:04:13 10:10:40.396 [main] INFO  org.springframework.security.web.DefaultSecurityFilterChain - Will secure any request with [org.springframework.security.web.session.DisableEncodeUrlFilter@1ea78c72, org.springframework.security.web.context.request.async.WebAsyncManagerIntegrationFilter@3437fc4f, org.springframework.security.web.context.SecurityContextHolderFilter@53bc6492, org.springframework.security.web.header.HeaderWriterFilter@45c10678, org.springframework.security.web.csrf.CsrfFilter@57eb2555, org.springframework.security.web.authentication.logout.LogoutFilter@650997b0, org.springframework.security.oauth2.client.web.OAuth2AuthorizationRequestRedirectFilter@22cca101, org.springframework.security.oauth2.client.web.OAuth2LoginAuthenticationFilter@34f3c920, org.springframework.security.web.authentication.UsernamePasswordAuthenticationFilter@294c36b9, org.springframework.security.web.authentication.ui.DefaultLoginPageGeneratingFilter@686ace1f, org.springframework.security.web.authentication.ui.DefaultLogoutPageGeneratingFilter@42a198dd, org.springframework.security.web.authentication.www.BasicAuthenticationFilter@335a45a8, org.springframework.security.web.savedrequest.RequestCacheAwareFilter@7fda84cf, org.springframework.security.web.servletapi.SecurityContextHolderAwareRequestFilter@2e1003d9, org.springframework.security.web.authentication.AnonymousAuthenticationFilter@5924ea91, org.springframework.security.web.access.ExceptionTranslationFilter@23d0f6be, org.springframework.security.web.access.intercept.AuthorizationFilter@13f255ed]
2023:04:13 10:10:40.831 [main] INFO  com.nnk.springboot.ServicesTest.BidListServiceTest - Started BidListServiceTest in 5.67 seconds (process running for 7.528)
2023:04:13 10:10:41.343 [SpringApplicationShutdownHook] INFO  org.springframework.orm.jpa.LocalContainerEntityManagerFactoryBean - Closing JPA EntityManagerFactory for persistence unit 'default'
2023:04:13 10:10:41.347 [SpringApplicationShutdownHook] INFO  com.zaxxer.hikari.HikariDataSource - HikariPool-1 - Shutdown initiated...
2023:04:13 10:10:41.358 [SpringApplicationShutdownHook] INFO  com.zaxxer.hikari.HikariDataSource - HikariPool-1 - Shutdown completed.
2023:04:13 10:17:48.143 [main] INFO  org.springframework.test.context.support.AnnotationConfigContextLoaderUtils - Could not detect default configuration classes for test class [com.nnk.springboot.ServicesTest.BidListServiceTest]: BidListServiceTest does not declare any static, non-private, non-final, nested classes annotated with @Configuration.
2023:04:13 10:17:48.267 [main] INFO  org.springframework.boot.test.context.SpringBootTestContextBootstrapper - Found @SpringBootConfiguration com.nnk.springboot.Application for test class com.nnk.springboot.ServicesTest.BidListServiceTest
2023:04:13 10:17:48.685 [background-preinit] INFO  org.hibernate.validator.internal.util.Version - HV000001: Hibernate Validator 8.0.0.Final
2023:04:13 10:17:48.714 [main] INFO  com.nnk.springboot.ServicesTest.BidListServiceTest - Starting BidListServiceTest using Java 19.0.2 with PID 23492 (started by ebonn in C:\Users\ebonn\projets\Poseidon\Poseiden-skeleton)
2023:04:13 10:17:48.722 [main] INFO  com.nnk.springboot.ServicesTest.BidListServiceTest - No active profile set, falling back to 1 default profile: "default"
2023:04:13 10:17:49.639 [main] INFO  org.springframework.data.repository.config.RepositoryConfigurationDelegate - Bootstrapping Spring Data JPA repositories in DEFAULT mode.
2023:04:13 10:17:49.721 [main] INFO  org.springframework.data.repository.config.RepositoryConfigurationDelegate - Finished Spring Data repository scanning in 71 ms. Found 6 JPA repository interfaces.
2023:04:13 10:17:50.433 [main] INFO  org.hibernate.jpa.internal.util.LogHelper - HHH000204: Processing PersistenceUnitInfo [name: default]
2023:04:13 10:17:50.494 [main] INFO  org.hibernate.Version - HHH000412: Hibernate ORM core version 6.1.5.Final
2023:04:13 10:17:50.684 [main] WARN  org.hibernate.orm.deprecation - HHH90000021: Encountered deprecated setting [javax.persistence.sharedCache.mode], use [jakarta.persistence.sharedCache.mode] instead
2023:04:13 10:17:50.905 [main] INFO  com.zaxxer.hikari.HikariDataSource - HikariPool-1 - Starting...
2023:04:13 10:17:51.280 [main] INFO  com.zaxxer.hikari.pool.HikariPool - HikariPool-1 - Added connection com.mysql.cj.jdbc.ConnectionImpl@edbc2bf
2023:04:13 10:17:51.282 [main] INFO  com.zaxxer.hikari.HikariDataSource - HikariPool-1 - Start completed.
2023:04:13 10:17:51.344 [main] INFO  SQL dialect - HHH000400: Using dialect: org.hibernate.dialect.MySQLDialect
2023:04:13 10:17:52.421 [main] INFO  org.hibernate.engine.transaction.jta.platform.internal.JtaPlatformInitiator - HHH000490: Using JtaPlatform implementation: [org.hibernate.engine.transaction.jta.platform.internal.NoJtaPlatform]
2023:04:13 10:17:52.430 [main] INFO  org.springframework.orm.jpa.LocalContainerEntityManagerFactoryBean - Initialized JPA EntityManagerFactory for persistence unit 'default'
2023:04:13 10:17:53.025 [main] WARN  org.springframework.boot.autoconfigure.orm.jpa.JpaBaseConfiguration$JpaWebConfiguration - spring.jpa.open-in-view is enabled by default. Therefore, database queries may be performed during view rendering. Explicitly configure spring.jpa.open-in-view to disable this warning
2023:04:13 10:17:53.469 [main] INFO  org.springframework.security.web.DefaultSecurityFilterChain - Will secure any request with [org.springframework.security.web.session.DisableEncodeUrlFilter@73bd146c, org.springframework.security.web.context.request.async.WebAsyncManagerIntegrationFilter@1ea78c72, org.springframework.security.web.context.SecurityContextHolderFilter@6e140753, org.springframework.security.web.header.HeaderWriterFilter@48cebb78, org.springframework.security.web.csrf.CsrfFilter@579cfcc4, org.springframework.security.web.authentication.logout.LogoutFilter@bb3487c, org.springframework.security.oauth2.client.web.OAuth2AuthorizationRequestRedirectFilter@765e5a55, org.springframework.security.oauth2.client.web.OAuth2LoginAuthenticationFilter@307ba188, org.springframework.security.web.authentication.UsernamePasswordAuthenticationFilter@335a45a8, org.springframework.security.web.authentication.ui.DefaultLoginPageGeneratingFilter@4ed90b04, org.springframework.security.web.authentication.ui.DefaultLogoutPageGeneratingFilter@3437fc4f, org.springframework.security.web.authentication.www.BasicAuthenticationFilter@6779959d, org.springframework.security.web.savedrequest.RequestCacheAwareFilter@1e834a5b, org.springframework.security.web.servletapi.SecurityContextHolderAwareRequestFilter@5471342, org.springframework.security.web.authentication.AnonymousAuthenticationFilter@42a198dd, org.springframework.security.web.access.ExceptionTranslationFilter@569b3009, org.springframework.security.web.access.intercept.AuthorizationFilter@22ea09b7]
2023:04:13 10:17:53.962 [main] INFO  com.nnk.springboot.ServicesTest.BidListServiceTest - Started BidListServiceTest in 5.555 seconds (process running for 7.288)
2023:04:13 10:17:54.391 [SpringApplicationShutdownHook] INFO  org.springframework.orm.jpa.LocalContainerEntityManagerFactoryBean - Closing JPA EntityManagerFactory for persistence unit 'default'
2023:04:13 10:17:54.395 [SpringApplicationShutdownHook] INFO  com.zaxxer.hikari.HikariDataSource - HikariPool-1 - Shutdown initiated...
2023:04:13 10:17:54.406 [SpringApplicationShutdownHook] INFO  com.zaxxer.hikari.HikariDataSource - HikariPool-1 - Shutdown completed.
2023:04:13 10:47:39.417 [main] INFO  org.springframework.test.context.support.AnnotationConfigContextLoaderUtils - Could not detect default configuration classes for test class [com.nnk.springboot.ServicesTest.BidListServiceTest]: BidListServiceTest does not declare any static, non-private, non-final, nested classes annotated with @Configuration.
2023:04:13 10:47:39.545 [main] INFO  org.springframework.boot.test.context.SpringBootTestContextBootstrapper - Found @SpringBootConfiguration com.nnk.springboot.Application for test class com.nnk.springboot.ServicesTest.BidListServiceTest
2023:04:13 10:47:39.958 [background-preinit] INFO  org.hibernate.validator.internal.util.Version - HV000001: Hibernate Validator 8.0.0.Final
2023:04:13 10:47:39.992 [main] INFO  com.nnk.springboot.ServicesTest.BidListServiceTest - Starting BidListServiceTest using Java 19.0.2 with PID 10460 (started by ebonn in C:\Users\ebonn\projets\Poseidon\Poseiden-skeleton)
2023:04:13 10:47:39.998 [main] INFO  com.nnk.springboot.ServicesTest.BidListServiceTest - No active profile set, falling back to 1 default profile: "default"
2023:04:13 10:47:40.926 [main] INFO  org.springframework.data.repository.config.RepositoryConfigurationDelegate - Bootstrapping Spring Data JPA repositories in DEFAULT mode.
2023:04:13 10:47:41.013 [main] INFO  org.springframework.data.repository.config.RepositoryConfigurationDelegate - Finished Spring Data repository scanning in 79 ms. Found 6 JPA repository interfaces.
2023:04:13 10:47:41.695 [main] INFO  org.hibernate.jpa.internal.util.LogHelper - HHH000204: Processing PersistenceUnitInfo [name: default]
2023:04:13 10:47:41.762 [main] INFO  org.hibernate.Version - HHH000412: Hibernate ORM core version 6.1.5.Final
2023:04:13 10:47:41.952 [main] WARN  org.hibernate.orm.deprecation - HHH90000021: Encountered deprecated setting [javax.persistence.sharedCache.mode], use [jakarta.persistence.sharedCache.mode] instead
2023:04:13 10:47:42.172 [main] INFO  com.zaxxer.hikari.HikariDataSource - HikariPool-1 - Starting...
2023:04:13 10:47:42.564 [main] INFO  com.zaxxer.hikari.pool.HikariPool - HikariPool-1 - Added connection com.mysql.cj.jdbc.ConnectionImpl@25e6c22a
2023:04:13 10:47:42.565 [main] INFO  com.zaxxer.hikari.HikariDataSource - HikariPool-1 - Start completed.
2023:04:13 10:47:42.636 [main] INFO  SQL dialect - HHH000400: Using dialect: org.hibernate.dialect.MySQLDialect
2023:04:13 10:47:43.941 [main] INFO  org.hibernate.engine.transaction.jta.platform.internal.JtaPlatformInitiator - HHH000490: Using JtaPlatform implementation: [org.hibernate.engine.transaction.jta.platform.internal.NoJtaPlatform]
2023:04:13 10:47:43.953 [main] INFO  org.springframework.orm.jpa.LocalContainerEntityManagerFactoryBean - Initialized JPA EntityManagerFactory for persistence unit 'default'
2023:04:13 10:47:44.550 [main] WARN  org.springframework.boot.autoconfigure.orm.jpa.JpaBaseConfiguration$JpaWebConfiguration - spring.jpa.open-in-view is enabled by default. Therefore, database queries may be performed during view rendering. Explicitly configure spring.jpa.open-in-view to disable this warning
2023:04:13 10:47:45.013 [main] INFO  org.springframework.security.web.DefaultSecurityFilterChain - Will secure any request with [org.springframework.security.web.session.DisableEncodeUrlFilter@1ea78c72, org.springframework.security.web.context.request.async.WebAsyncManagerIntegrationFilter@3437fc4f, org.springframework.security.web.context.SecurityContextHolderFilter@53bc6492, org.springframework.security.web.header.HeaderWriterFilter@45c10678, org.springframework.security.web.csrf.CsrfFilter@57eb2555, org.springframework.security.web.authentication.logout.LogoutFilter@650997b0, org.springframework.security.oauth2.client.web.OAuth2AuthorizationRequestRedirectFilter@22cca101, org.springframework.security.oauth2.client.web.OAuth2LoginAuthenticationFilter@34f3c920, org.springframework.security.web.authentication.UsernamePasswordAuthenticationFilter@294c36b9, org.springframework.security.web.authentication.ui.DefaultLoginPageGeneratingFilter@686ace1f, org.springframework.security.web.authentication.ui.DefaultLogoutPageGeneratingFilter@42a198dd, org.springframework.security.web.authentication.www.BasicAuthenticationFilter@335a45a8, org.springframework.security.web.savedrequest.RequestCacheAwareFilter@7fda84cf, org.springframework.security.web.servletapi.SecurityContextHolderAwareRequestFilter@2e1003d9, org.springframework.security.web.authentication.AnonymousAuthenticationFilter@5924ea91, org.springframework.security.web.access.ExceptionTranslationFilter@23d0f6be, org.springframework.security.web.access.intercept.AuthorizationFilter@13f255ed]
2023:04:13 10:47:45.477 [main] INFO  com.nnk.springboot.ServicesTest.BidListServiceTest - Started BidListServiceTest in 5.792 seconds (process running for 7.686)
2023:04:13 10:47:45.873 [SpringApplicationShutdownHook] INFO  org.springframework.orm.jpa.LocalContainerEntityManagerFactoryBean - Closing JPA EntityManagerFactory for persistence unit 'default'
2023:04:13 10:47:45.877 [SpringApplicationShutdownHook] INFO  com.zaxxer.hikari.HikariDataSource - HikariPool-1 - Shutdown initiated...
2023:04:13 10:47:45.889 [SpringApplicationShutdownHook] INFO  com.zaxxer.hikari.HikariDataSource - HikariPool-1 - Shutdown completed.
2023:04:13 11:22:24.745 [main] INFO  org.springframework.test.context.support.AnnotationConfigContextLoaderUtils - Could not detect default configuration classes for test class [com.nnk.springboot.ServicesTest.CurvePointServiceTests]: CurvePointServiceTests does not declare any static, non-private, non-final, nested classes annotated with @Configuration.
2023:04:13 11:22:24.850 [main] INFO  org.springframework.boot.test.context.SpringBootTestContextBootstrapper - Found @SpringBootConfiguration com.nnk.springboot.Application for test class com.nnk.springboot.ServicesTest.CurvePointServiceTests
2023:04:13 11:22:25.377 [background-preinit] INFO  org.hibernate.validator.internal.util.Version - HV000001: Hibernate Validator 8.0.0.Final
2023:04:13 11:22:25.403 [main] INFO  com.nnk.springboot.ServicesTest.CurvePointServiceTests - Starting CurvePointServiceTests using Java 19.0.2 with PID 20992 (started by ebonn in C:\Users\ebonn\projets\Poseidon\Poseiden-skeleton)
2023:04:13 11:22:25.412 [main] INFO  com.nnk.springboot.ServicesTest.CurvePointServiceTests - No active profile set, falling back to 1 default profile: "default"
2023:04:13 11:22:26.295 [main] INFO  org.springframework.data.repository.config.RepositoryConfigurationDelegate - Bootstrapping Spring Data JPA repositories in DEFAULT mode.
2023:04:13 11:22:26.399 [main] INFO  org.springframework.data.repository.config.RepositoryConfigurationDelegate - Finished Spring Data repository scanning in 91 ms. Found 6 JPA repository interfaces.
2023:04:13 11:22:27.059 [main] INFO  org.hibernate.jpa.internal.util.LogHelper - HHH000204: Processing PersistenceUnitInfo [name: default]
2023:04:13 11:22:27.114 [main] INFO  org.hibernate.Version - HHH000412: Hibernate ORM core version 6.1.5.Final
2023:04:13 11:22:27.159 [main] WARN  org.hibernate.orm.deprecation - HHH90000021: Encountered deprecated setting [javax.persistence.sharedCache.mode], use [jakarta.persistence.sharedCache.mode] instead
2023:04:13 11:22:27.322 [main] INFO  com.zaxxer.hikari.HikariDataSource - HikariPool-1 - Starting...
2023:04:13 11:22:27.657 [main] INFO  com.zaxxer.hikari.pool.HikariPool - HikariPool-1 - Added connection com.mysql.cj.jdbc.ConnectionImpl@7c03f9d0
2023:04:13 11:22:27.659 [main] INFO  com.zaxxer.hikari.HikariDataSource - HikariPool-1 - Start completed.
2023:04:13 11:22:27.711 [main] INFO  SQL dialect - HHH000400: Using dialect: org.hibernate.dialect.MySQLDialect
2023:04:13 11:22:28.662 [main] INFO  org.hibernate.engine.transaction.jta.platform.internal.JtaPlatformInitiator - HHH000490: Using JtaPlatform implementation: [org.hibernate.engine.transaction.jta.platform.internal.NoJtaPlatform]
2023:04:13 11:22:28.674 [main] INFO  org.springframework.orm.jpa.LocalContainerEntityManagerFactoryBean - Initialized JPA EntityManagerFactory for persistence unit 'default'
2023:04:13 11:22:29.306 [main] WARN  org.springframework.boot.autoconfigure.orm.jpa.JpaBaseConfiguration$JpaWebConfiguration - spring.jpa.open-in-view is enabled by default. Therefore, database queries may be performed during view rendering. Explicitly configure spring.jpa.open-in-view to disable this warning
2023:04:13 11:22:29.797 [main] INFO  org.springframework.security.web.DefaultSecurityFilterChain - Will secure any request with [org.springframework.security.web.session.DisableEncodeUrlFilter@34de8c9f, org.springframework.security.web.context.request.async.WebAsyncManagerIntegrationFilter@137a70f1, org.springframework.security.web.context.SecurityContextHolderFilter@33490054, org.springframework.security.web.header.HeaderWriterFilter@6f28a07e, org.springframework.security.web.csrf.CsrfFilter@7a59780b, org.springframework.security.web.authentication.logout.LogoutFilter@6b5c4b75, org.springframework.security.oauth2.client.web.OAuth2AuthorizationRequestRedirectFilter@76ea1cb5, org.springframework.security.oauth2.client.web.OAuth2LoginAuthenticationFilter@5f4f198c, org.springframework.security.web.authentication.UsernamePasswordAuthenticationFilter@4ecc4b43, org.springframework.security.web.authentication.ui.DefaultLoginPageGeneratingFilter@19993ed, org.springframework.security.web.authentication.ui.DefaultLogoutPageGeneratingFilter@5f1bd673, org.springframework.security.web.authentication.www.BasicAuthenticationFilter@4e7e7763, org.springframework.security.web.savedrequest.RequestCacheAwareFilter@51bd10f0, org.springframework.security.web.servletapi.SecurityContextHolderAwareRequestFilter@5f1eff72, org.springframework.security.web.authentication.AnonymousAuthenticationFilter@54351197, org.springframework.security.web.access.ExceptionTranslationFilter@2df40273, org.springframework.security.web.access.intercept.AuthorizationFilter@12544a50]
2023:04:13 11:22:30.281 [main] INFO  com.nnk.springboot.ServicesTest.CurvePointServiceTests - Started CurvePointServiceTests in 5.241 seconds (process running for 7.687)
2023:04:13 11:22:30.453 [main] ERROR org.springframework.test.context.TestContextManager - Caught exception while allowing TestExecutionListener [org.springframework.boot.test.mock.mockito.MockitoTestExecutionListener@6b02909d] to prepare test instance [com.nnk.springboot.ServicesTest.CurvePointServiceTests@655008a2]
org.mockito.exceptions.misusing.InvalidUseOfMatchersException: 
Misplaced or misused argument matcher detected here:

-> at com.nnk.springboot.ServicesTest.CurvePointServiceTests.validateNewBidListTest(CurvePointServiceTests.java:74)
-> at com.nnk.springboot.ServicesTest.CurvePointServiceTests.findByIdTest(CurvePointServiceTests.java:58)

You cannot use argument matchers outside of verification or stubbing.
Examples of correct usage of argument matchers:
    when(mock.get(anyInt())).thenReturn(null);
    doThrow(new RuntimeException()).when(mock).someVoidMethod(any());
    verify(mock).someMethod(contains("foo"))

This message may appear after an NullPointerException if the last matcher is returning an object 
like any() but the stubbed method signature expect a primitive argument, in this case,
use primitive alternatives.
    when(mock.get(any())); // bad use, will raise NPE
    when(mock.get(anyInt())); // correct usage use

Also, this error might show up because you use argument matchers with methods that cannot be mocked.
Following methods *cannot* be stubbed/verified: final/private/equals()/hashCode().
Mocking methods declared on non-public parent classes is not supported.

	at org.springframework.boot.test.mock.mockito.MockitoTestExecutionListener.initMocks(MockitoTestExecutionListener.java:83) ~[spring-boot-test-3.0.0.jar:3.0.0]
	at org.springframework.boot.test.mock.mockito.MockitoTestExecutionListener.prepareTestInstance(MockitoTestExecutionListener.java:60) ~[spring-boot-test-3.0.0.jar:3.0.0]
	at org.springframework.test.context.TestContextManager.prepareTestInstance(TestContextManager.java:249) ~[spring-test-6.0.2.jar:6.0.2]
	at org.springframework.test.context.junit.jupiter.SpringExtension.postProcessTestInstance(SpringExtension.java:138) ~[spring-test-6.0.2.jar:6.0.2]
	at org.junit.jupiter.engine.descriptor.ClassBasedTestDescriptor.lambda$invokeTestInstancePostProcessors$10(ClassBasedTestDescriptor.java:377) ~[junit-jupiter-engine-5.9.1.jar:5.9.1]
	at org.junit.jupiter.engine.descriptor.ClassBasedTestDescriptor.executeAndMaskThrowable(ClassBasedTestDescriptor.java:382) ~[junit-jupiter-engine-5.9.1.jar:5.9.1]
	at org.junit.jupiter.engine.descriptor.ClassBasedTestDescriptor.lambda$invokeTestInstancePostProcessors$11(ClassBasedTestDescriptor.java:377) ~[junit-jupiter-engine-5.9.1.jar:5.9.1]
	at java.util.stream.ReferencePipeline$3$1.accept(ReferencePipeline.java:197) ~[?:?]
	at java.util.stream.ReferencePipeline$2$1.accept(ReferencePipeline.java:179) ~[?:?]
	at java.util.ArrayList$ArrayListSpliterator.forEachRemaining(ArrayList.java:1625) ~[?:?]
	at java.util.stream.AbstractPipeline.copyInto(AbstractPipeline.java:509) ~[?:?]
	at java.util.stream.AbstractPipeline.wrapAndCopyInto(AbstractPipeline.java:499) ~[?:?]
	at java.util.stream.StreamSpliterators$WrappingSpliterator.forEachRemaining(StreamSpliterators.java:310) ~[?:?]
	at java.util.stream.Streams$ConcatSpliterator.forEachRemaining(Streams.java:735) ~[?:?]
	at java.util.stream.ReferencePipeline$Head.forEach(ReferencePipeline.java:762) ~[?:?]
	at org.junit.jupiter.engine.descriptor.ClassBasedTestDescriptor.invokeTestInstancePostProcessors(ClassBasedTestDescriptor.java:376) ~[junit-jupiter-engine-5.9.1.jar:5.9.1]
	at org.junit.jupiter.engine.descriptor.ClassBasedTestDescriptor.lambda$instantiateAndPostProcessTestInstance$6(ClassBasedTestDescriptor.java:289) ~[junit-jupiter-engine-5.9.1.jar:5.9.1]
	at org.junit.platform.engine.support.hierarchical.ThrowableCollector.execute(ThrowableCollector.java:73) ~[junit-platform-engine-1.9.1.jar:1.9.1]
	at org.junit.jupiter.engine.descriptor.ClassBasedTestDescriptor.instantiateAndPostProcessTestInstance(ClassBasedTestDescriptor.java:288) ~[junit-jupiter-engine-5.9.1.jar:5.9.1]
	at org.junit.jupiter.engine.descriptor.ClassBasedTestDescriptor.lambda$testInstancesProvider$4(ClassBasedTestDescriptor.java:278) ~[junit-jupiter-engine-5.9.1.jar:5.9.1]
	at java.util.Optional.orElseGet(Optional.java:364) ~[?:?]
	at org.junit.jupiter.engine.descriptor.ClassBasedTestDescriptor.lambda$testInstancesProvider$5(ClassBasedTestDescriptor.java:277) ~[junit-jupiter-engine-5.9.1.jar:5.9.1]
	at org.junit.jupiter.engine.execution.TestInstancesProvider.getTestInstances(TestInstancesProvider.java:31) ~[junit-jupiter-engine-5.9.1.jar:5.9.1]
	at org.junit.jupiter.engine.descriptor.ClassBasedTestDescriptor.lambda$before$2(ClassBasedTestDescriptor.java:203) ~[junit-jupiter-engine-5.9.1.jar:5.9.1]
	at org.junit.platform.engine.support.hierarchical.ThrowableCollector.execute(ThrowableCollector.java:73) ~[junit-platform-engine-1.9.1.jar:1.9.1]
	at org.junit.jupiter.engine.descriptor.ClassBasedTestDescriptor.before(ClassBasedTestDescriptor.java:202) ~[junit-jupiter-engine-5.9.1.jar:5.9.1]
	at org.junit.jupiter.engine.descriptor.ClassBasedTestDescriptor.before(ClassBasedTestDescriptor.java:84) ~[junit-jupiter-engine-5.9.1.jar:5.9.1]
	at org.junit.platform.engine.support.hierarchical.NodeTestTask.lambda$executeRecursively$6(NodeTestTask.java:148) ~[junit-platform-engine-1.9.1.jar:1.9.1]
	at org.junit.platform.engine.support.hierarchical.ThrowableCollector.execute(ThrowableCollector.java:73) ~[junit-platform-engine-1.9.1.jar:1.9.1]
	at org.junit.platform.engine.support.hierarchical.NodeTestTask.lambda$executeRecursively$8(NodeTestTask.java:141) ~[junit-platform-engine-1.9.1.jar:1.9.1]
	at org.junit.platform.engine.support.hierarchical.Node.around(Node.java:137) ~[junit-platform-engine-1.9.1.jar:1.9.1]
	at org.junit.platform.engine.support.hierarchical.NodeTestTask.lambda$executeRecursively$9(NodeTestTask.java:139) ~[junit-platform-engine-1.9.1.jar:1.9.1]
	at org.junit.platform.engine.support.hierarchical.ThrowableCollector.execute(ThrowableCollector.java:73) ~[junit-platform-engine-1.9.1.jar:1.9.1]
	at org.junit.platform.engine.support.hierarchical.NodeTestTask.executeRecursively(NodeTestTask.java:138) ~[junit-platform-engine-1.9.1.jar:1.9.1]
	at org.junit.platform.engine.support.hierarchical.NodeTestTask.execute(NodeTestTask.java:95) ~[junit-platform-engine-1.9.1.jar:1.9.1]
	at java.util.ArrayList.forEach(ArrayList.java:1511) ~[?:?]
	at org.junit.platform.engine.support.hierarchical.SameThreadHierarchicalTestExecutorService.invokeAll(SameThreadHierarchicalTestExecutorService.java:41) ~[junit-platform-engine-1.9.1.jar:1.9.1]
	at org.junit.platform.engine.support.hierarchical.NodeTestTask.lambda$executeRecursively$6(NodeTestTask.java:155) ~[junit-platform-engine-1.9.1.jar:1.9.1]
	at org.junit.platform.engine.support.hierarchical.ThrowableCollector.execute(ThrowableCollector.java:73) ~[junit-platform-engine-1.9.1.jar:1.9.1]
	at org.junit.platform.engine.support.hierarchical.NodeTestTask.lambda$executeRecursively$8(NodeTestTask.java:141) ~[junit-platform-engine-1.9.1.jar:1.9.1]
	at org.junit.platform.engine.support.hierarchical.Node.around(Node.java:137) ~[junit-platform-engine-1.9.1.jar:1.9.1]
	at org.junit.platform.engine.support.hierarchical.NodeTestTask.lambda$executeRecursively$9(NodeTestTask.java:139) ~[junit-platform-engine-1.9.1.jar:1.9.1]
	at org.junit.platform.engine.support.hierarchical.ThrowableCollector.execute(ThrowableCollector.java:73) ~[junit-platform-engine-1.9.1.jar:1.9.1]
	at org.junit.platform.engine.support.hierarchical.NodeTestTask.executeRecursively(NodeTestTask.java:138) ~[junit-platform-engine-1.9.1.jar:1.9.1]
	at org.junit.platform.engine.support.hierarchical.NodeTestTask.execute(NodeTestTask.java:95) ~[junit-platform-engine-1.9.1.jar:1.9.1]
	at org.junit.platform.engine.support.hierarchical.SameThreadHierarchicalTestExecutorService.submit(SameThreadHierarchicalTestExecutorService.java:35) ~[junit-platform-engine-1.9.1.jar:1.9.1]
	at org.junit.platform.engine.support.hierarchical.HierarchicalTestExecutor.execute(HierarchicalTestExecutor.java:57) ~[junit-platform-engine-1.9.1.jar:1.9.1]
	at org.junit.platform.engine.support.hierarchical.HierarchicalTestEngine.execute(HierarchicalTestEngine.java:54) ~[junit-platform-engine-1.9.1.jar:1.9.1]
	at org.junit.platform.launcher.core.EngineExecutionOrchestrator.execute(EngineExecutionOrchestrator.java:147) ~[junit-platform-launcher-1.9.1.jar:1.9.1]
	at org.junit.platform.launcher.core.EngineExecutionOrchestrator.execute(EngineExecutionOrchestrator.java:127) ~[junit-platform-launcher-1.9.1.jar:1.9.1]
	at org.junit.platform.launcher.core.EngineExecutionOrchestrator.execute(EngineExecutionOrchestrator.java:90) ~[junit-platform-launcher-1.9.1.jar:1.9.1]
	at org.junit.platform.launcher.core.EngineExecutionOrchestrator.lambda$execute$0(EngineExecutionOrchestrator.java:55) ~[junit-platform-launcher-1.9.1.jar:1.9.1]
	at org.junit.platform.launcher.core.EngineExecutionOrchestrator.withInterceptedStreams(EngineExecutionOrchestrator.java:102) ~[junit-platform-launcher-1.9.1.jar:1.9.1]
	at org.junit.platform.launcher.core.EngineExecutionOrchestrator.execute(EngineExecutionOrchestrator.java:54) ~[junit-platform-launcher-1.9.1.jar:1.9.1]
	at org.junit.platform.launcher.core.DefaultLauncher.execute(DefaultLauncher.java:114) ~[junit-platform-launcher-1.9.1.jar:1.9.1]
	at org.junit.platform.launcher.core.DefaultLauncher.execute(DefaultLauncher.java:86) ~[junit-platform-launcher-1.9.1.jar:1.9.1]
	at org.junit.platform.launcher.core.DefaultLauncherSession$DelegatingLauncher.execute(DefaultLauncherSession.java:86) ~[junit-platform-launcher-1.9.1.jar:1.9.1]
	at org.junit.platform.launcher.core.SessionPerRequestLauncher.execute(SessionPerRequestLauncher.java:53) ~[junit-platform-launcher-1.9.1.jar:1.9.1]
	at com.intellij.junit5.JUnit5IdeaTestRunner.startRunnerWithArgs(JUnit5IdeaTestRunner.java:57) ~[junit5-rt.jar:?]
	at com.intellij.rt.junit.IdeaTestRunner$Repeater$1.execute(IdeaTestRunner.java:38) ~[junit-rt.jar:?]
	at com.intellij.rt.execution.junit.TestsRepeater.repeat(TestsRepeater.java:11) ~[idea_rt.jar:?]
	at com.intellij.rt.junit.IdeaTestRunner$Repeater.startRunnerWithArgs(IdeaTestRunner.java:35) ~[junit-rt.jar:?]
	at com.intellij.rt.junit.JUnitStarter.prepareStreamsAndStart(JUnitStarter.java:235) ~[junit-rt.jar:?]
	at com.intellij.rt.junit.JUnitStarter.main(JUnitStarter.java:54) ~[junit-rt.jar:?]
2023:04:13 11:22:30.472 [SpringApplicationShutdownHook] INFO  org.springframework.orm.jpa.LocalContainerEntityManagerFactoryBean - Closing JPA EntityManagerFactory for persistence unit 'default'
2023:04:13 11:22:30.475 [SpringApplicationShutdownHook] INFO  com.zaxxer.hikari.HikariDataSource - HikariPool-1 - Shutdown initiated...
2023:04:13 11:22:30.484 [SpringApplicationShutdownHook] INFO  com.zaxxer.hikari.HikariDataSource - HikariPool-1 - Shutdown completed.
2023:04:13 11:28:33.386 [main] INFO  org.springframework.test.context.support.AnnotationConfigContextLoaderUtils - Could not detect default configuration classes for test class [com.nnk.springboot.ServicesTest.CurvePointServiceTests]: CurvePointServiceTests does not declare any static, non-private, non-final, nested classes annotated with @Configuration.
2023:04:13 11:28:33.501 [main] INFO  org.springframework.boot.test.context.SpringBootTestContextBootstrapper - Found @SpringBootConfiguration com.nnk.springboot.Application for test class com.nnk.springboot.ServicesTest.CurvePointServiceTests
2023:04:13 11:28:33.995 [background-preinit] INFO  org.hibernate.validator.internal.util.Version - HV000001: Hibernate Validator 8.0.0.Final
2023:04:13 11:28:34.028 [main] INFO  com.nnk.springboot.ServicesTest.CurvePointServiceTests - Starting CurvePointServiceTests using Java 19.0.2 with PID 26256 (started by ebonn in C:\Users\ebonn\projets\Poseidon\Poseiden-skeleton)
2023:04:13 11:28:34.032 [main] INFO  com.nnk.springboot.ServicesTest.CurvePointServiceTests - No active profile set, falling back to 1 default profile: "default"
2023:04:13 11:28:34.951 [main] INFO  org.springframework.data.repository.config.RepositoryConfigurationDelegate - Bootstrapping Spring Data JPA repositories in DEFAULT mode.
2023:04:13 11:28:35.049 [main] INFO  org.springframework.data.repository.config.RepositoryConfigurationDelegate - Finished Spring Data repository scanning in 84 ms. Found 6 JPA repository interfaces.
2023:04:13 11:28:35.747 [main] INFO  org.hibernate.jpa.internal.util.LogHelper - HHH000204: Processing PersistenceUnitInfo [name: default]
2023:04:13 11:28:35.817 [main] INFO  org.hibernate.Version - HHH000412: Hibernate ORM core version 6.1.5.Final
2023:04:13 11:28:36.050 [main] WARN  org.hibernate.orm.deprecation - HHH90000021: Encountered deprecated setting [javax.persistence.sharedCache.mode], use [jakarta.persistence.sharedCache.mode] instead
2023:04:13 11:28:36.265 [main] INFO  com.zaxxer.hikari.HikariDataSource - HikariPool-1 - Starting...
2023:04:13 11:28:36.675 [main] INFO  com.zaxxer.hikari.pool.HikariPool - HikariPool-1 - Added connection com.mysql.cj.jdbc.ConnectionImpl@7a62d697
2023:04:13 11:28:36.678 [main] INFO  com.zaxxer.hikari.HikariDataSource - HikariPool-1 - Start completed.
2023:04:13 11:28:36.736 [main] INFO  SQL dialect - HHH000400: Using dialect: org.hibernate.dialect.MySQLDialect
2023:04:13 11:28:37.938 [main] INFO  org.hibernate.engine.transaction.jta.platform.internal.JtaPlatformInitiator - HHH000490: Using JtaPlatform implementation: [org.hibernate.engine.transaction.jta.platform.internal.NoJtaPlatform]
2023:04:13 11:28:37.949 [main] INFO  org.springframework.orm.jpa.LocalContainerEntityManagerFactoryBean - Initialized JPA EntityManagerFactory for persistence unit 'default'
2023:04:13 11:28:38.653 [main] WARN  org.springframework.boot.autoconfigure.orm.jpa.JpaBaseConfiguration$JpaWebConfiguration - spring.jpa.open-in-view is enabled by default. Therefore, database queries may be performed during view rendering. Explicitly configure spring.jpa.open-in-view to disable this warning
2023:04:13 11:28:39.286 [main] INFO  org.springframework.security.web.DefaultSecurityFilterChain - Will secure any request with [org.springframework.security.web.session.DisableEncodeUrlFilter@7bc239db, org.springframework.security.web.context.request.async.WebAsyncManagerIntegrationFilter@709c6768, org.springframework.security.web.context.SecurityContextHolderFilter@19240b9, org.springframework.security.web.header.HeaderWriterFilter@1e834a5b, org.springframework.security.web.csrf.CsrfFilter@d60aa4, org.springframework.security.web.authentication.logout.LogoutFilter@4f1ea463, org.springframework.security.oauth2.client.web.OAuth2AuthorizationRequestRedirectFilter@73f0b216, org.springframework.security.oauth2.client.web.OAuth2LoginAuthenticationFilter@3437fc4f, org.springframework.security.web.authentication.UsernamePasswordAuthenticationFilter@69fa5536, org.springframework.security.web.authentication.ui.DefaultLoginPageGeneratingFilter@6bbd4048, org.springframework.security.web.authentication.ui.DefaultLogoutPageGeneratingFilter@3e356ed6, org.springframework.security.web.authentication.www.BasicAuthenticationFilter@21cb5648, org.springframework.security.web.savedrequest.RequestCacheAwareFilter@2e1003d9, org.springframework.security.web.servletapi.SecurityContextHolderAwareRequestFilter@4ed90b04, org.springframework.security.web.authentication.AnonymousAuthenticationFilter@403b7be3, org.springframework.security.web.access.ExceptionTranslationFilter@6e140753, org.springframework.security.web.access.intercept.AuthorizationFilter@31ecb361]
2023:04:13 11:28:39.758 [main] INFO  com.nnk.springboot.ServicesTest.CurvePointServiceTests - Started CurvePointServiceTests in 6.09 seconds (process running for 7.948)
2023:04:13 11:28:40.254 [SpringApplicationShutdownHook] INFO  org.springframework.orm.jpa.LocalContainerEntityManagerFactoryBean - Closing JPA EntityManagerFactory for persistence unit 'default'
2023:04:13 11:28:40.258 [SpringApplicationShutdownHook] INFO  com.zaxxer.hikari.HikariDataSource - HikariPool-1 - Shutdown initiated...
2023:04:13 11:28:40.282 [SpringApplicationShutdownHook] INFO  com.zaxxer.hikari.HikariDataSource - HikariPool-1 - Shutdown completed.
2023:04:13 15:44:18.694 [main] INFO  org.springframework.test.context.support.AnnotationConfigContextLoaderUtils - Could not detect default configuration classes for test class [com.nnk.springboot.ServicesTest.CurvePointServiceTests]: CurvePointServiceTests does not declare any static, non-private, non-final, nested classes annotated with @Configuration.
2023:04:13 15:44:19.023 [main] INFO  org.springframework.boot.test.context.SpringBootTestContextBootstrapper - Found @SpringBootConfiguration com.nnk.springboot.Application for test class com.nnk.springboot.ServicesTest.CurvePointServiceTests
2023:04:13 15:44:19.936 [background-preinit] INFO  org.hibernate.validator.internal.util.Version - HV000001: Hibernate Validator 8.0.0.Final
2023:04:13 15:44:19.977 [main] INFO  com.nnk.springboot.ServicesTest.CurvePointServiceTests - Starting CurvePointServiceTests using Java 19.0.2 with PID 20308 (started by ebonn in C:\Users\ebonn\projets\Poseidon\Poseiden-skeleton)
2023:04:13 15:44:19.983 [main] INFO  com.nnk.springboot.ServicesTest.CurvePointServiceTests - No active profile set, falling back to 1 default profile: "default"
2023:04:13 15:44:21.939 [main] INFO  org.springframework.data.repository.config.RepositoryConfigurationDelegate - Bootstrapping Spring Data JPA repositories in DEFAULT mode.
2023:04:13 15:44:22.088 [main] INFO  org.springframework.data.repository.config.RepositoryConfigurationDelegate - Finished Spring Data repository scanning in 127 ms. Found 6 JPA repository interfaces.
2023:04:13 15:44:23.187 [main] INFO  org.hibernate.jpa.internal.util.LogHelper - HHH000204: Processing PersistenceUnitInfo [name: default]
2023:04:13 15:44:23.345 [main] INFO  org.hibernate.Version - HHH000412: Hibernate ORM core version 6.1.5.Final
2023:04:13 15:44:23.743 [main] WARN  org.hibernate.orm.deprecation - HHH90000021: Encountered deprecated setting [javax.persistence.sharedCache.mode], use [jakarta.persistence.sharedCache.mode] instead
2023:04:13 15:44:24.153 [main] INFO  com.zaxxer.hikari.HikariDataSource - HikariPool-1 - Starting...
2023:04:13 15:44:25.614 [main] INFO  com.zaxxer.hikari.pool.HikariPool - HikariPool-1 - Added connection com.mysql.cj.jdbc.ConnectionImpl@e91facf
2023:04:13 15:44:25.629 [main] INFO  com.zaxxer.hikari.HikariDataSource - HikariPool-1 - Start completed.
2023:04:13 15:44:25.914 [main] INFO  SQL dialect - HHH000400: Using dialect: org.hibernate.dialect.MySQLDialect
2023:04:13 15:44:29.846 [main] INFO  org.hibernate.engine.transaction.jta.platform.internal.JtaPlatformInitiator - HHH000490: Using JtaPlatform implementation: [org.hibernate.engine.transaction.jta.platform.internal.NoJtaPlatform]
2023:04:13 15:44:29.909 [main] INFO  org.springframework.orm.jpa.LocalContainerEntityManagerFactoryBean - Initialized JPA EntityManagerFactory for persistence unit 'default'
2023:04:13 15:44:31.887 [main] WARN  org.springframework.boot.autoconfigure.orm.jpa.JpaBaseConfiguration$JpaWebConfiguration - spring.jpa.open-in-view is enabled by default. Therefore, database queries may be performed during view rendering. Explicitly configure spring.jpa.open-in-view to disable this warning
2023:04:13 15:44:33.693 [main] INFO  org.springframework.security.web.DefaultSecurityFilterChain - Will secure any request with [org.springframework.security.web.session.DisableEncodeUrlFilter@709c6768, org.springframework.security.web.context.request.async.WebAsyncManagerIntegrationFilter@3e356ed6, org.springframework.security.web.context.SecurityContextHolderFilter@5471342, org.springframework.security.web.header.HeaderWriterFilter@7fda84cf, org.springframework.security.web.csrf.CsrfFilter@30942f54, org.springframework.security.web.authentication.logout.LogoutFilter@3a641f6, org.springframework.security.oauth2.client.web.OAuth2AuthorizationRequestRedirectFilter@73bd146c, org.springframework.security.oauth2.client.web.OAuth2LoginAuthenticationFilter@42a198dd, org.springframework.security.web.authentication.UsernamePasswordAuthenticationFilter@1ee5792a, org.springframework.security.web.authentication.ui.DefaultLoginPageGeneratingFilter@5f815f93, org.springframework.security.web.authentication.ui.DefaultLogoutPageGeneratingFilter@403b7be3, org.springframework.security.web.authentication.www.BasicAuthenticationFilter@69fa5536, org.springframework.security.web.savedrequest.RequestCacheAwareFilter@4e9d1119, org.springframework.security.web.servletapi.SecurityContextHolderAwareRequestFilter@686ace1f, org.springframework.security.web.authentication.AnonymousAuthenticationFilter@2a5d9ede, org.springframework.security.web.access.ExceptionTranslationFilter@53bc6492, org.springframework.security.web.access.intercept.AuthorizationFilter@3d84f113]
2023:04:13 15:44:35.037 [main] INFO  com.nnk.springboot.ServicesTest.CurvePointServiceTests - Started CurvePointServiceTests in 15.632 seconds (process running for 18.884)
2023:04:13 15:44:36.666 [SpringApplicationShutdownHook] INFO  org.springframework.orm.jpa.LocalContainerEntityManagerFactoryBean - Closing JPA EntityManagerFactory for persistence unit 'default'
2023:04:13 15:44:36.677 [SpringApplicationShutdownHook] INFO  com.zaxxer.hikari.HikariDataSource - HikariPool-1 - Shutdown initiated...
2023:04:13 15:44:36.699 [SpringApplicationShutdownHook] INFO  com.zaxxer.hikari.HikariDataSource - HikariPool-1 - Shutdown completed.
2023:04:13 17:20:09.580 [main] INFO  org.springframework.test.context.support.AnnotationConfigContextLoaderUtils - Could not detect default configuration classes for test class [com.nnk.springboot.ServicesTest.RuleServiceTests]: RuleServiceTests does not declare any static, non-private, non-final, nested classes annotated with @Configuration.
2023:04:13 17:20:09.798 [main] INFO  org.springframework.boot.test.context.SpringBootTestContextBootstrapper - Found @SpringBootConfiguration com.nnk.springboot.Application for test class com.nnk.springboot.ServicesTest.RuleServiceTests
2023:04:13 17:20:10.537 [background-preinit] INFO  org.hibernate.validator.internal.util.Version - HV000001: Hibernate Validator 8.0.0.Final
2023:04:13 17:20:10.597 [main] INFO  com.nnk.springboot.ServicesTest.RuleServiceTests - Starting RuleServiceTests using Java 19.0.2 with PID 21208 (started by ebonn in C:\Users\ebonn\projets\Poseidon\Poseiden-skeleton)
2023:04:13 17:20:10.619 [main] INFO  com.nnk.springboot.ServicesTest.RuleServiceTests - No active profile set, falling back to 1 default profile: "default"
2023:04:13 17:20:12.793 [main] INFO  org.springframework.data.repository.config.RepositoryConfigurationDelegate - Bootstrapping Spring Data JPA repositories in DEFAULT mode.
2023:04:13 17:20:12.979 [main] INFO  org.springframework.data.repository.config.RepositoryConfigurationDelegate - Finished Spring Data repository scanning in 161 ms. Found 6 JPA repository interfaces.
2023:04:13 17:20:14.409 [main] INFO  org.hibernate.jpa.internal.util.LogHelper - HHH000204: Processing PersistenceUnitInfo [name: default]
2023:04:13 17:20:14.561 [main] INFO  org.hibernate.Version - HHH000412: Hibernate ORM core version 6.1.5.Final
2023:04:13 17:20:15.027 [main] WARN  org.hibernate.orm.deprecation - HHH90000021: Encountered deprecated setting [javax.persistence.sharedCache.mode], use [jakarta.persistence.sharedCache.mode] instead
2023:04:13 17:20:15.470 [main] INFO  com.zaxxer.hikari.HikariDataSource - HikariPool-1 - Starting...
2023:04:13 17:20:16.243 [main] INFO  com.zaxxer.hikari.pool.HikariPool - HikariPool-1 - Added connection com.mysql.cj.jdbc.ConnectionImpl@3e4f2300
2023:04:13 17:20:16.248 [main] INFO  com.zaxxer.hikari.HikariDataSource - HikariPool-1 - Start completed.
2023:04:13 17:20:16.362 [main] INFO  SQL dialect - HHH000400: Using dialect: org.hibernate.dialect.MySQLDialect
2023:04:13 17:20:18.708 [main] INFO  org.hibernate.engine.transaction.jta.platform.internal.JtaPlatformInitiator - HHH000490: Using JtaPlatform implementation: [org.hibernate.engine.transaction.jta.platform.internal.NoJtaPlatform]
2023:04:13 17:20:18.735 [main] INFO  org.springframework.orm.jpa.LocalContainerEntityManagerFactoryBean - Initialized JPA EntityManagerFactory for persistence unit 'default'
2023:04:13 17:20:20.156 [main] WARN  org.springframework.boot.autoconfigure.orm.jpa.JpaBaseConfiguration$JpaWebConfiguration - spring.jpa.open-in-view is enabled by default. Therefore, database queries may be performed during view rendering. Explicitly configure spring.jpa.open-in-view to disable this warning
2023:04:13 17:20:21.695 [main] INFO  org.springframework.security.web.DefaultSecurityFilterChain - Will secure any request with [org.springframework.security.web.session.DisableEncodeUrlFilter@1722ede1, org.springframework.security.web.context.request.async.WebAsyncManagerIntegrationFilter@307ba188, org.springframework.security.web.context.SecurityContextHolderFilter@23d0f6be, org.springframework.security.web.header.HeaderWriterFilter@4615bc00, org.springframework.security.web.csrf.CsrfFilter@23974cac, org.springframework.security.web.authentication.logout.LogoutFilter@30b0f674, org.springframework.security.oauth2.client.web.OAuth2AuthorizationRequestRedirectFilter@3ed2a30c, org.springframework.security.oauth2.client.web.OAuth2LoginAuthenticationFilter@5d3f583d, org.springframework.security.web.authentication.UsernamePasswordAuthenticationFilter@31ecb361, org.springframework.security.web.authentication.ui.DefaultLoginPageGeneratingFilter@2e1003d9, org.springframework.security.web.authentication.ui.DefaultLogoutPageGeneratingFilter@34f3c920, org.springframework.security.web.authentication.www.BasicAuthenticationFilter@30b0d5a7, org.springframework.security.web.savedrequest.RequestCacheAwareFilter@45c10678, org.springframework.security.web.servletapi.SecurityContextHolderAwareRequestFilter@1e834a5b, org.springframework.security.web.authentication.AnonymousAuthenticationFilter@73f0b216, org.springframework.security.web.access.ExceptionTranslationFilter@45e49d3d, org.springframework.security.web.access.intercept.AuthorizationFilter@4f1ea463]
2023:04:13 17:20:22.863 [main] INFO  com.nnk.springboot.ServicesTest.RuleServiceTests - Started RuleServiceTests in 12.825 seconds (process running for 16.546)
2023:04:13 17:20:23.992 [SpringApplicationShutdownHook] INFO  org.springframework.orm.jpa.LocalContainerEntityManagerFactoryBean - Closing JPA EntityManagerFactory for persistence unit 'default'
2023:04:13 17:20:24.003 [SpringApplicationShutdownHook] INFO  com.zaxxer.hikari.HikariDataSource - HikariPool-1 - Shutdown initiated...
2023:04:13 17:20:24.055 [SpringApplicationShutdownHook] INFO  com.zaxxer.hikari.HikariDataSource - HikariPool-1 - Shutdown completed.
2023:04:13 17:42:34.162 [main] INFO  org.springframework.test.context.support.AnnotationConfigContextLoaderUtils - Could not detect default configuration classes for test class [com.nnk.springboot.ServicesTest.TradeServiceTests]: TradeServiceTests does not declare any static, non-private, non-final, nested classes annotated with @Configuration.
2023:04:13 17:42:34.485 [main] INFO  org.springframework.boot.test.context.SpringBootTestContextBootstrapper - Found @SpringBootConfiguration com.nnk.springboot.Application for test class com.nnk.springboot.ServicesTest.TradeServiceTests
2023:04:13 17:42:35.348 [background-preinit] INFO  org.hibernate.validator.internal.util.Version - HV000001: Hibernate Validator 8.0.0.Final
2023:04:13 17:42:35.419 [main] INFO  com.nnk.springboot.ServicesTest.TradeServiceTests - Starting TradeServiceTests using Java 19.0.2 with PID 26836 (started by ebonn in C:\Users\ebonn\projets\Poseidon\Poseiden-skeleton)
2023:04:13 17:42:35.430 [main] INFO  com.nnk.springboot.ServicesTest.TradeServiceTests - No active profile set, falling back to 1 default profile: "default"
2023:04:13 17:42:38.145 [main] INFO  org.springframework.data.repository.config.RepositoryConfigurationDelegate - Bootstrapping Spring Data JPA repositories in DEFAULT mode.
2023:04:13 17:42:38.380 [main] INFO  org.springframework.data.repository.config.RepositoryConfigurationDelegate - Finished Spring Data repository scanning in 197 ms. Found 6 JPA repository interfaces.
2023:04:13 17:42:40.402 [main] INFO  org.hibernate.jpa.internal.util.LogHelper - HHH000204: Processing PersistenceUnitInfo [name: default]
2023:04:13 17:42:40.578 [main] INFO  org.hibernate.Version - HHH000412: Hibernate ORM core version 6.1.5.Final
2023:04:13 17:42:41.382 [main] WARN  org.hibernate.orm.deprecation - HHH90000021: Encountered deprecated setting [javax.persistence.sharedCache.mode], use [jakarta.persistence.sharedCache.mode] instead
2023:04:13 17:42:42.015 [main] INFO  com.zaxxer.hikari.HikariDataSource - HikariPool-1 - Starting...
2023:04:13 17:42:43.344 [main] INFO  com.zaxxer.hikari.pool.HikariPool - HikariPool-1 - Added connection com.mysql.cj.jdbc.ConnectionImpl@6bf0f70a
2023:04:13 17:42:43.350 [main] INFO  com.zaxxer.hikari.HikariDataSource - HikariPool-1 - Start completed.
2023:04:13 17:42:43.552 [main] INFO  SQL dialect - HHH000400: Using dialect: org.hibernate.dialect.MySQLDialect
2023:04:13 17:42:47.848 [main] INFO  org.hibernate.engine.transaction.jta.platform.internal.JtaPlatformInitiator - HHH000490: Using JtaPlatform implementation: [org.hibernate.engine.transaction.jta.platform.internal.NoJtaPlatform]
2023:04:13 17:42:47.883 [main] INFO  org.springframework.orm.jpa.LocalContainerEntityManagerFactoryBean - Initialized JPA EntityManagerFactory for persistence unit 'default'
2023:04:13 17:42:49.775 [main] WARN  org.springframework.boot.autoconfigure.orm.jpa.JpaBaseConfiguration$JpaWebConfiguration - spring.jpa.open-in-view is enabled by default. Therefore, database queries may be performed during view rendering. Explicitly configure spring.jpa.open-in-view to disable this warning
2023:04:13 17:42:51.209 [main] INFO  org.springframework.security.web.DefaultSecurityFilterChain - Will secure any request with [org.springframework.security.web.session.DisableEncodeUrlFilter@5924ea91, org.springframework.security.web.context.request.async.WebAsyncManagerIntegrationFilter@7bc239db, org.springframework.security.web.context.SecurityContextHolderFilter@313a3af8, org.springframework.security.web.header.HeaderWriterFilter@53bc6492, org.springframework.security.web.csrf.CsrfFilter@e9947af, org.springframework.security.web.authentication.logout.LogoutFilter@66831b14, org.springframework.security.oauth2.client.web.OAuth2AuthorizationRequestRedirectFilter@34f3c920, org.springframework.security.oauth2.client.web.OAuth2LoginAuthenticationFilter@1ea78c72, org.springframework.security.web.authentication.UsernamePasswordAuthenticationFilter@21cb5648, org.springframework.security.web.authentication.ui.DefaultLoginPageGeneratingFilter@551976c2, org.springframework.security.web.authentication.ui.DefaultLogoutPageGeneratingFilter@709c6768, org.springframework.security.web.authentication.www.BasicAuthenticationFilter@40dd2cfe, org.springframework.security.web.savedrequest.RequestCacheAwareFilter@5471342, org.springframework.security.web.servletapi.SecurityContextHolderAwareRequestFilter@6079d219, org.springframework.security.web.authentication.AnonymousAuthenticationFilter@3e356ed6, org.springframework.security.web.access.ExceptionTranslationFilter@4ad57db1, org.springframework.security.web.access.intercept.AuthorizationFilter@30b0d5a7]
2023:04:13 17:42:52.576 [main] INFO  com.nnk.springboot.ServicesTest.TradeServiceTests - Started TradeServiceTests in 17.807 seconds (process running for 21.916)
2023:04:13 17:42:53.980 [SpringApplicationShutdownHook] INFO  org.springframework.orm.jpa.LocalContainerEntityManagerFactoryBean - Closing JPA EntityManagerFactory for persistence unit 'default'
2023:04:13 17:42:53.990 [SpringApplicationShutdownHook] INFO  com.zaxxer.hikari.HikariDataSource - HikariPool-1 - Shutdown initiated...
2023:04:13 17:42:54.037 [SpringApplicationShutdownHook] INFO  com.zaxxer.hikari.HikariDataSource - HikariPool-1 - Shutdown completed.
2023:04:13 21:58:02.150 [main] INFO  org.springframework.test.context.support.AnnotationConfigContextLoaderUtils - Could not detect default configuration classes for test class [com.nnk.springboot.ServicesTest.BidListServiceTest]: BidListServiceTest does not declare any static, non-private, non-final, nested classes annotated with @Configuration.
2023:04:13 21:58:02.911 [main] INFO  org.springframework.boot.test.context.SpringBootTestContextBootstrapper - Found @SpringBootConfiguration com.nnk.springboot.Application for test class com.nnk.springboot.ServicesTest.BidListServiceTest
2023:04:13 21:58:04.944 [background-preinit] INFO  org.hibernate.validator.internal.util.Version - HV000001: Hibernate Validator 8.0.0.Final
2023:04:13 21:58:05.094 [main] INFO  com.nnk.springboot.ServicesTest.BidListServiceTest - Starting BidListServiceTest using Java 19.0.2 with PID 25212 (started by ebonn in C:\Users\ebonn\projets\Poseidon\Poseiden-skeleton)
2023:04:13 21:58:05.104 [main] INFO  com.nnk.springboot.ServicesTest.BidListServiceTest - No active profile set, falling back to 1 default profile: "default"
2023:04:13 21:58:08.772 [main] INFO  org.springframework.data.repository.config.RepositoryConfigurationDelegate - Bootstrapping Spring Data JPA repositories in DEFAULT mode.
2023:04:13 21:58:09.155 [main] INFO  org.springframework.data.repository.config.RepositoryConfigurationDelegate - Finished Spring Data repository scanning in 339 ms. Found 6 JPA repository interfaces.
2023:04:13 21:58:11.426 [main] INFO  org.hibernate.jpa.internal.util.LogHelper - HHH000204: Processing PersistenceUnitInfo [name: default]
2023:04:13 21:58:11.707 [main] INFO  org.hibernate.Version - HHH000412: Hibernate ORM core version 6.1.5.Final
2023:04:13 21:58:12.763 [main] WARN  org.hibernate.orm.deprecation - HHH90000021: Encountered deprecated setting [javax.persistence.sharedCache.mode], use [jakarta.persistence.sharedCache.mode] instead
2023:04:13 21:58:13.756 [main] INFO  com.zaxxer.hikari.HikariDataSource - HikariPool-1 - Starting...
2023:04:13 21:58:15.294 [main] INFO  com.zaxxer.hikari.pool.HikariPool - HikariPool-1 - Added connection com.mysql.cj.jdbc.ConnectionImpl@704a0f9
2023:04:13 21:58:15.307 [main] INFO  com.zaxxer.hikari.HikariDataSource - HikariPool-1 - Start completed.
2023:04:13 21:58:15.584 [main] INFO  SQL dialect - HHH000400: Using dialect: org.hibernate.dialect.MySQLDialect
2023:04:13 21:58:19.537 [main] INFO  org.hibernate.engine.transaction.jta.platform.internal.JtaPlatformInitiator - HHH000490: Using JtaPlatform implementation: [org.hibernate.engine.transaction.jta.platform.internal.NoJtaPlatform]
2023:04:13 21:58:19.609 [main] INFO  org.springframework.orm.jpa.LocalContainerEntityManagerFactoryBean - Initialized JPA EntityManagerFactory for persistence unit 'default'
2023:04:13 21:58:21.740 [main] WARN  org.springframework.boot.autoconfigure.orm.jpa.JpaBaseConfiguration$JpaWebConfiguration - spring.jpa.open-in-view is enabled by default. Therefore, database queries may be performed during view rendering. Explicitly configure spring.jpa.open-in-view to disable this warning
2023:04:13 21:58:23.585 [main] INFO  org.springframework.security.web.DefaultSecurityFilterChain - Will secure any request with [org.springframework.security.web.session.DisableEncodeUrlFilter@2cd27045, org.springframework.security.web.context.request.async.WebAsyncManagerIntegrationFilter@2d1e49b3, org.springframework.security.web.context.SecurityContextHolderFilter@26ffaf39, org.springframework.security.web.header.HeaderWriterFilter@6e5ffaee, org.springframework.security.web.csrf.CsrfFilter@4be1d672, org.springframework.security.web.authentication.logout.LogoutFilter@344b890f, org.springframework.security.oauth2.client.web.OAuth2AuthorizationRequestRedirectFilter@7864521c, org.springframework.security.oauth2.client.web.OAuth2LoginAuthenticationFilter@d81898d, org.springframework.security.web.authentication.UsernamePasswordAuthenticationFilter@2f0100cf, org.springframework.security.web.authentication.ui.DefaultLoginPageGeneratingFilter@22e9c62b, org.springframework.security.web.authentication.ui.DefaultLogoutPageGeneratingFilter@5f07212c, org.springframework.security.web.authentication.www.BasicAuthenticationFilter@3a1a08f9, org.springframework.security.web.savedrequest.RequestCacheAwareFilter@73270956, org.springframework.security.web.servletapi.SecurityContextHolderAwareRequestFilter@3bda38b5, org.springframework.security.web.authentication.AnonymousAuthenticationFilter@2f43b557, org.springframework.security.web.access.ExceptionTranslationFilter@45f675a4, org.springframework.security.web.access.intercept.AuthorizationFilter@368ea8a3]
2023:04:13 21:58:25.085 [main] INFO  com.nnk.springboot.ServicesTest.BidListServiceTest - Started BidListServiceTest in 21.433 seconds (process running for 29.796)
2023:04:13 21:58:26.482 [main] INFO  org.springframework.test.context.support.AnnotationConfigContextLoaderUtils - Could not detect default configuration classes for test class [com.nnk.springboot.ServicesTest.CurvePointServiceTests]: CurvePointServiceTests does not declare any static, non-private, non-final, nested classes annotated with @Configuration.
2023:04:13 21:58:26.486 [main] INFO  org.springframework.boot.test.context.SpringBootTestContextBootstrapper - Found @SpringBootConfiguration com.nnk.springboot.Application for test class com.nnk.springboot.ServicesTest.CurvePointServiceTests
2023:04:13 21:58:26.700 [main] INFO  org.springframework.test.context.support.AnnotationConfigContextLoaderUtils - Could not detect default configuration classes for test class [com.nnk.springboot.ServicesTest.RatingServiceTests]: RatingServiceTests does not declare any static, non-private, non-final, nested classes annotated with @Configuration.
2023:04:13 21:58:26.708 [main] INFO  org.springframework.boot.test.context.SpringBootTestContextBootstrapper - Found @SpringBootConfiguration com.nnk.springboot.Application for test class com.nnk.springboot.ServicesTest.RatingServiceTests
2023:04:13 21:58:26.965 [main] INFO  org.springframework.test.context.support.AnnotationConfigContextLoaderUtils - Could not detect default configuration classes for test class [com.nnk.springboot.ServicesTest.RuleServiceTests]: RuleServiceTests does not declare any static, non-private, non-final, nested classes annotated with @Configuration.
2023:04:13 21:58:26.971 [main] INFO  org.springframework.boot.test.context.SpringBootTestContextBootstrapper - Found @SpringBootConfiguration com.nnk.springboot.Application for test class com.nnk.springboot.ServicesTest.RuleServiceTests
2023:04:13 21:58:27.148 [main] INFO  org.springframework.test.context.support.AnnotationConfigContextLoaderUtils - Could not detect default configuration classes for test class [com.nnk.springboot.ServicesTest.TradeServiceTests]: TradeServiceTests does not declare any static, non-private, non-final, nested classes annotated with @Configuration.
2023:04:13 21:58:27.153 [main] INFO  org.springframework.boot.test.context.SpringBootTestContextBootstrapper - Found @SpringBootConfiguration com.nnk.springboot.Application for test class com.nnk.springboot.ServicesTest.TradeServiceTests
2023:04:13 21:58:27.364 [main] INFO  org.springframework.test.context.support.AnnotationConfigContextLoaderUtils - Could not detect default configuration classes for test class [com.nnk.springboot.ServicesTest.UserServiceTest]: UserServiceTest does not declare any static, non-private, non-final, nested classes annotated with @Configuration.
2023:04:13 21:58:27.367 [main] INFO  org.springframework.boot.test.context.SpringBootTestContextBootstrapper - Found @SpringBootConfiguration com.nnk.springboot.Application for test class com.nnk.springboot.ServicesTest.UserServiceTest
2023:04:13 21:58:27.551 [SpringApplicationShutdownHook] INFO  org.springframework.orm.jpa.LocalContainerEntityManagerFactoryBean - Closing JPA EntityManagerFactory for persistence unit 'default'
2023:04:13 21:58:27.932 [SpringApplicationShutdownHook] INFO  com.zaxxer.hikari.HikariDataSource - HikariPool-1 - Shutdown initiated...
2023:04:13 21:58:27.954 [SpringApplicationShutdownHook] INFO  com.zaxxer.hikari.HikariDataSource - HikariPool-1 - Shutdown completed.
