2023:04:17 13:07:07.843 [main] INFO  org.springframework.test.context.support.AnnotationConfigContextLoaderUtils - Could not detect default configuration classes for test class [com.nnk.springboot.ServicesTest.UserServiceTest]: UserServiceTest does not declare any static, non-private, non-final, nested classes annotated with @Configuration.
2023:04:17 13:07:08.017 [main] INFO  org.springframework.boot.test.context.SpringBootTestContextBootstrapper - Found @SpringBootConfiguration com.nnk.springboot.Application for test class com.nnk.springboot.ServicesTest.UserServiceTest
2023:04:17 13:07:08.542 [background-preinit] INFO  org.hibernate.validator.internal.util.Version - HV000001: Hibernate Validator 8.0.0.Final
2023:04:17 13:07:08.570 [main] INFO  com.nnk.springboot.ServicesTest.UserServiceTest - Starting UserServiceTest using Java 19.0.2 with PID 5952 (started by ebonn in C:\Users\ebonn\projets\Poseidon\Poseiden-skeleton)
2023:04:17 13:07:08.577 [main] INFO  com.nnk.springboot.ServicesTest.UserServiceTest - No active profile set, falling back to 1 default profile: "default"
2023:04:17 13:07:09.646 [main] INFO  org.springframework.data.repository.config.RepositoryConfigurationDelegate - Bootstrapping Spring Data JPA repositories in DEFAULT mode.
2023:04:17 13:07:09.738 [main] INFO  org.springframework.data.repository.config.RepositoryConfigurationDelegate - Finished Spring Data repository scanning in 80 ms. Found 6 JPA repository interfaces.
2023:04:17 13:07:10.391 [main] INFO  org.hibernate.jpa.internal.util.LogHelper - HHH000204: Processing PersistenceUnitInfo [name: default]
2023:04:17 13:07:10.471 [main] INFO  org.hibernate.Version - HHH000412: Hibernate ORM core version 6.1.5.Final
2023:04:17 13:07:10.713 [main] WARN  org.hibernate.orm.deprecation - HHH90000021: Encountered deprecated setting [javax.persistence.sharedCache.mode], use [jakarta.persistence.sharedCache.mode] instead
2023:04:17 13:07:10.963 [main] INFO  com.zaxxer.hikari.HikariDataSource - HikariPool-1 - Starting...
2023:04:17 13:07:11.413 [main] INFO  com.zaxxer.hikari.pool.HikariPool - HikariPool-1 - Added connection com.mysql.cj.jdbc.ConnectionImpl@1f5d7fd5
2023:04:17 13:07:11.415 [main] INFO  com.zaxxer.hikari.HikariDataSource - HikariPool-1 - Start completed.
2023:04:17 13:07:11.494 [main] INFO  SQL dialect - HHH000400: Using dialect: org.hibernate.dialect.MySQLDialect
2023:04:17 13:07:12.678 [main] INFO  org.hibernate.engine.transaction.jta.platform.internal.JtaPlatformInitiator - HHH000490: Using JtaPlatform implementation: [org.hibernate.engine.transaction.jta.platform.internal.NoJtaPlatform]
2023:04:17 13:07:12.689 [main] INFO  org.springframework.orm.jpa.LocalContainerEntityManagerFactoryBean - Initialized JPA EntityManagerFactory for persistence unit 'default'
2023:04:17 13:07:13.472 [main] WARN  org.springframework.boot.autoconfigure.orm.jpa.JpaBaseConfiguration$JpaWebConfiguration - spring.jpa.open-in-view is enabled by default. Therefore, database queries may be performed during view rendering. Explicitly configure spring.jpa.open-in-view to disable this warning
2023:04:17 13:07:14.002 [main] INFO  org.springframework.security.web.DefaultSecurityFilterChain - Will secure any request with [org.springframework.security.web.session.DisableEncodeUrlFilter@5c450960, org.springframework.security.web.context.request.async.WebAsyncManagerIntegrationFilter@7c5fbde4, org.springframework.security.web.context.SecurityContextHolderFilter@21d561c9, org.springframework.security.web.header.HeaderWriterFilter@273e622f, org.springframework.security.web.csrf.CsrfFilter@1bd5b1c8, org.springframework.security.web.authentication.logout.LogoutFilter@1db7c267, org.springframework.security.oauth2.client.web.OAuth2AuthorizationRequestRedirectFilter@35fd03d9, org.springframework.security.oauth2.client.web.OAuth2LoginAuthenticationFilter@3652dd19, org.springframework.security.web.authentication.UsernamePasswordAuthenticationFilter@28be7db5, org.springframework.security.web.authentication.ui.DefaultLoginPageGeneratingFilter@3ba8fbc8, org.springframework.security.web.authentication.ui.DefaultLogoutPageGeneratingFilter@7021bb55, org.springframework.security.web.authentication.www.BasicAuthenticationFilter@466bf366, org.springframework.security.web.savedrequest.RequestCacheAwareFilter@2bef33e7, org.springframework.security.web.servletapi.SecurityContextHolderAwareRequestFilter@40dcbf7, org.springframework.security.web.authentication.AnonymousAuthenticationFilter@6023b54f, org.springframework.security.web.access.ExceptionTranslationFilter@25dacc5a, org.springframework.security.web.access.intercept.AuthorizationFilter@381f05a9]
2023:04:17 13:07:14.414 [main] INFO  com.nnk.springboot.ServicesTest.UserServiceTest - Started UserServiceTest in 6.206 seconds (process running for 8.245)
2023:04:17 13:07:14.923 [SpringApplicationShutdownHook] INFO  org.springframework.orm.jpa.LocalContainerEntityManagerFactoryBean - Closing JPA EntityManagerFactory for persistence unit 'default'
2023:04:17 13:07:14.925 [SpringApplicationShutdownHook] INFO  com.zaxxer.hikari.HikariDataSource - HikariPool-1 - Shutdown initiated...
2023:04:17 13:07:14.935 [SpringApplicationShutdownHook] INFO  com.zaxxer.hikari.HikariDataSource - HikariPool-1 - Shutdown completed.
2023:04:17 13:08:12.432 [main] INFO  org.springframework.test.context.support.AnnotationConfigContextLoaderUtils - Could not detect default configuration classes for test class [com.nnk.springboot.ServicesTest.UserServiceTest]: UserServiceTest does not declare any static, non-private, non-final, nested classes annotated with @Configuration.
2023:04:17 13:08:12.559 [main] INFO  org.springframework.boot.test.context.SpringBootTestContextBootstrapper - Found @SpringBootConfiguration com.nnk.springboot.Application for test class com.nnk.springboot.ServicesTest.UserServiceTest
2023:04:17 13:08:12.972 [background-preinit] INFO  org.hibernate.validator.internal.util.Version - HV000001: Hibernate Validator 8.0.0.Final
2023:04:17 13:08:13.000 [main] INFO  com.nnk.springboot.ServicesTest.UserServiceTest - Starting UserServiceTest using Java 19.0.2 with PID 20180 (started by ebonn in C:\Users\ebonn\projets\Poseidon\Poseiden-skeleton)
2023:04:17 13:08:13.006 [main] INFO  com.nnk.springboot.ServicesTest.UserServiceTest - No active profile set, falling back to 1 default profile: "default"
2023:04:17 13:08:14.004 [main] INFO  org.springframework.data.repository.config.RepositoryConfigurationDelegate - Bootstrapping Spring Data JPA repositories in DEFAULT mode.
2023:04:17 13:08:14.083 [main] INFO  org.springframework.data.repository.config.RepositoryConfigurationDelegate - Finished Spring Data repository scanning in 71 ms. Found 6 JPA repository interfaces.
2023:04:17 13:08:14.714 [main] INFO  org.hibernate.jpa.internal.util.LogHelper - HHH000204: Processing PersistenceUnitInfo [name: default]
2023:04:17 13:08:14.777 [main] INFO  org.hibernate.Version - HHH000412: Hibernate ORM core version 6.1.5.Final
2023:04:17 13:08:14.988 [main] WARN  org.hibernate.orm.deprecation - HHH90000021: Encountered deprecated setting [javax.persistence.sharedCache.mode], use [jakarta.persistence.sharedCache.mode] instead
2023:04:17 13:08:15.237 [main] INFO  com.zaxxer.hikari.HikariDataSource - HikariPool-1 - Starting...
2023:04:17 13:08:15.633 [main] INFO  com.zaxxer.hikari.pool.HikariPool - HikariPool-1 - Added connection com.mysql.cj.jdbc.ConnectionImpl@42b43a6
2023:04:17 13:08:15.635 [main] INFO  com.zaxxer.hikari.HikariDataSource - HikariPool-1 - Start completed.
2023:04:17 13:08:15.682 [main] INFO  SQL dialect - HHH000400: Using dialect: org.hibernate.dialect.MySQLDialect
2023:04:17 13:08:16.795 [main] INFO  org.hibernate.engine.transaction.jta.platform.internal.JtaPlatformInitiator - HHH000490: Using JtaPlatform implementation: [org.hibernate.engine.transaction.jta.platform.internal.NoJtaPlatform]
2023:04:17 13:08:16.805 [main] INFO  org.springframework.orm.jpa.LocalContainerEntityManagerFactoryBean - Initialized JPA EntityManagerFactory for persistence unit 'default'
2023:04:17 13:08:17.433 [main] WARN  org.springframework.boot.autoconfigure.orm.jpa.JpaBaseConfiguration$JpaWebConfiguration - spring.jpa.open-in-view is enabled by default. Therefore, database queries may be performed during view rendering. Explicitly configure spring.jpa.open-in-view to disable this warning
2023:04:17 13:08:17.912 [main] INFO  org.springframework.security.web.DefaultSecurityFilterChain - Will secure any request with [org.springframework.security.web.session.DisableEncodeUrlFilter@42bbd21c, org.springframework.security.web.context.request.async.WebAsyncManagerIntegrationFilter@57f1fbae, org.springframework.security.web.context.SecurityContextHolderFilter@3ba8fbc8, org.springframework.security.web.header.HeaderWriterFilter@19565b5, org.springframework.security.web.csrf.CsrfFilter@4791d904, org.springframework.security.web.authentication.logout.LogoutFilter@79827e71, org.springframework.security.oauth2.client.web.OAuth2AuthorizationRequestRedirectFilter@15e881c0, org.springframework.security.oauth2.client.web.OAuth2LoginAuthenticationFilter@4ceb368b, org.springframework.security.web.authentication.UsernamePasswordAuthenticationFilter@66694050, org.springframework.security.web.authentication.ui.DefaultLoginPageGeneratingFilter@ec67be1, org.springframework.security.web.authentication.ui.DefaultLogoutPageGeneratingFilter@28901fe7, org.springframework.security.web.authentication.www.BasicAuthenticationFilter@cbd3871, org.springframework.security.web.savedrequest.RequestCacheAwareFilter@55da6bf, org.springframework.security.web.servletapi.SecurityContextHolderAwareRequestFilter@6bb46040, org.springframework.security.web.authentication.AnonymousAuthenticationFilter@289b7efe, org.springframework.security.web.access.ExceptionTranslationFilter@40dcbf7, org.springframework.security.web.access.intercept.AuthorizationFilter@2ac00dc9]
2023:04:17 13:08:18.371 [main] INFO  com.nnk.springboot.ServicesTest.UserServiceTest - Started UserServiceTest in 5.64 seconds (process running for 7.461)
2023:04:17 13:08:18.787 [SpringApplicationShutdownHook] INFO  org.springframework.orm.jpa.LocalContainerEntityManagerFactoryBean - Closing JPA EntityManagerFactory for persistence unit 'default'
2023:04:17 13:08:18.790 [SpringApplicationShutdownHook] INFO  com.zaxxer.hikari.HikariDataSource - HikariPool-1 - Shutdown initiated...
2023:04:17 13:08:18.803 [SpringApplicationShutdownHook] INFO  com.zaxxer.hikari.HikariDataSource - HikariPool-1 - Shutdown completed.
2023:04:17 13:10:49.383 [main] INFO  org.springframework.test.context.support.AnnotationConfigContextLoaderUtils - Could not detect default configuration classes for test class [com.nnk.springboot.ServicesTest.UserServiceTest]: UserServiceTest does not declare any static, non-private, non-final, nested classes annotated with @Configuration.
2023:04:17 13:10:49.510 [main] INFO  org.springframework.boot.test.context.SpringBootTestContextBootstrapper - Found @SpringBootConfiguration com.nnk.springboot.Application for test class com.nnk.springboot.ServicesTest.UserServiceTest
2023:04:17 13:10:49.959 [background-preinit] INFO  org.hibernate.validator.internal.util.Version - HV000001: Hibernate Validator 8.0.0.Final
2023:04:17 13:10:49.977 [main] INFO  com.nnk.springboot.ServicesTest.UserServiceTest - Starting UserServiceTest using Java 19.0.2 with PID 2156 (started by ebonn in C:\Users\ebonn\projets\Poseidon\Poseiden-skeleton)
2023:04:17 13:10:49.986 [main] INFO  com.nnk.springboot.ServicesTest.UserServiceTest - No active profile set, falling back to 1 default profile: "default"
2023:04:17 13:10:50.861 [main] INFO  org.springframework.data.repository.config.RepositoryConfigurationDelegate - Bootstrapping Spring Data JPA repositories in DEFAULT mode.
2023:04:17 13:10:50.939 [main] INFO  org.springframework.data.repository.config.RepositoryConfigurationDelegate - Finished Spring Data repository scanning in 70 ms. Found 6 JPA repository interfaces.
2023:04:17 13:10:51.635 [main] INFO  org.hibernate.jpa.internal.util.LogHelper - HHH000204: Processing PersistenceUnitInfo [name: default]
2023:04:17 13:10:51.698 [main] INFO  org.hibernate.Version - HHH000412: Hibernate ORM core version 6.1.5.Final
2023:04:17 13:10:51.919 [main] WARN  org.hibernate.orm.deprecation - HHH90000021: Encountered deprecated setting [javax.persistence.sharedCache.mode], use [jakarta.persistence.sharedCache.mode] instead
2023:04:17 13:10:52.120 [main] INFO  com.zaxxer.hikari.HikariDataSource - HikariPool-1 - Starting...
2023:04:17 13:10:52.485 [main] INFO  com.zaxxer.hikari.pool.HikariPool - HikariPool-1 - Added connection com.mysql.cj.jdbc.ConnectionImpl@4cd5fc46
2023:04:17 13:10:52.486 [main] INFO  com.zaxxer.hikari.HikariDataSource - HikariPool-1 - Start completed.
2023:04:17 13:10:52.537 [main] INFO  SQL dialect - HHH000400: Using dialect: org.hibernate.dialect.MySQLDialect
2023:04:17 13:10:53.695 [main] INFO  org.hibernate.engine.transaction.jta.platform.internal.JtaPlatformInitiator - HHH000490: Using JtaPlatform implementation: [org.hibernate.engine.transaction.jta.platform.internal.NoJtaPlatform]
2023:04:17 13:10:53.703 [main] INFO  org.springframework.orm.jpa.LocalContainerEntityManagerFactoryBean - Initialized JPA EntityManagerFactory for persistence unit 'default'
2023:04:17 13:10:54.299 [main] WARN  org.springframework.boot.autoconfigure.orm.jpa.JpaBaseConfiguration$JpaWebConfiguration - spring.jpa.open-in-view is enabled by default. Therefore, database queries may be performed during view rendering. Explicitly configure spring.jpa.open-in-view to disable this warning
2023:04:17 13:10:54.832 [main] INFO  org.springframework.security.web.DefaultSecurityFilterChain - Will secure any request with [org.springframework.security.web.session.DisableEncodeUrlFilter@eb77241, org.springframework.security.web.context.request.async.WebAsyncManagerIntegrationFilter@197da701, org.springframework.security.web.context.SecurityContextHolderFilter@167ccc3c, org.springframework.security.web.header.HeaderWriterFilter@52cda4bd, org.springframework.security.web.csrf.CsrfFilter@52dc71b2, org.springframework.security.web.authentication.logout.LogoutFilter@2898c70d, org.springframework.security.oauth2.client.web.OAuth2AuthorizationRequestRedirectFilter@5dcec8e9, org.springframework.security.oauth2.client.web.OAuth2LoginAuthenticationFilter@1851f19f, org.springframework.security.web.authentication.UsernamePasswordAuthenticationFilter@375682a5, org.springframework.security.web.authentication.ui.DefaultLoginPageGeneratingFilter@5bd191c2, org.springframework.security.web.authentication.ui.DefaultLogoutPageGeneratingFilter@35fd03d9, org.springframework.security.web.authentication.www.BasicAuthenticationFilter@381f05a9, org.springframework.security.web.savedrequest.RequestCacheAwareFilter@3e242137, org.springframework.security.web.servletapi.SecurityContextHolderAwareRequestFilter@380cd266, org.springframework.security.web.authentication.AnonymousAuthenticationFilter@77737e3e, org.springframework.security.web.access.ExceptionTranslationFilter@1e60890c, org.springframework.security.web.access.intercept.AuthorizationFilter@516370c1]
2023:04:17 13:10:55.267 [main] INFO  com.nnk.springboot.ServicesTest.UserServiceTest - Started UserServiceTest in 5.587 seconds (process running for 7.42)
2023:04:17 13:10:55.732 [SpringApplicationShutdownHook] INFO  org.springframework.orm.jpa.LocalContainerEntityManagerFactoryBean - Closing JPA EntityManagerFactory for persistence unit 'default'
2023:04:17 13:10:55.735 [SpringApplicationShutdownHook] INFO  com.zaxxer.hikari.HikariDataSource - HikariPool-1 - Shutdown initiated...
2023:04:17 13:10:55.747 [SpringApplicationShutdownHook] INFO  com.zaxxer.hikari.HikariDataSource - HikariPool-1 - Shutdown completed.
2023:04:17 13:12:18.666 [main] INFO  org.springframework.test.context.support.AnnotationConfigContextLoaderUtils - Could not detect default configuration classes for test class [com.nnk.springboot.ServicesTest.UserServiceTest]: UserServiceTest does not declare any static, non-private, non-final, nested classes annotated with @Configuration.
2023:04:17 13:12:18.789 [main] INFO  org.springframework.boot.test.context.SpringBootTestContextBootstrapper - Found @SpringBootConfiguration com.nnk.springboot.Application for test class com.nnk.springboot.ServicesTest.UserServiceTest
2023:04:17 13:12:19.206 [background-preinit] INFO  org.hibernate.validator.internal.util.Version - HV000001: Hibernate Validator 8.0.0.Final
2023:04:17 13:12:19.229 [main] INFO  com.nnk.springboot.ServicesTest.UserServiceTest - Starting UserServiceTest using Java 19.0.2 with PID 11248 (started by ebonn in C:\Users\ebonn\projets\Poseidon\Poseiden-skeleton)
2023:04:17 13:12:19.240 [main] INFO  com.nnk.springboot.ServicesTest.UserServiceTest - No active profile set, falling back to 1 default profile: "default"
2023:04:17 13:12:20.158 [main] INFO  org.springframework.data.repository.config.RepositoryConfigurationDelegate - Bootstrapping Spring Data JPA repositories in DEFAULT mode.
2023:04:17 13:12:20.234 [main] INFO  org.springframework.data.repository.config.RepositoryConfigurationDelegate - Finished Spring Data repository scanning in 68 ms. Found 6 JPA repository interfaces.
2023:04:17 13:12:20.887 [main] INFO  org.hibernate.jpa.internal.util.LogHelper - HHH000204: Processing PersistenceUnitInfo [name: default]
2023:04:17 13:12:20.954 [main] INFO  org.hibernate.Version - HHH000412: Hibernate ORM core version 6.1.5.Final
2023:04:17 13:12:21.157 [main] WARN  org.hibernate.orm.deprecation - HHH90000021: Encountered deprecated setting [javax.persistence.sharedCache.mode], use [jakarta.persistence.sharedCache.mode] instead
2023:04:17 13:12:21.354 [main] INFO  com.zaxxer.hikari.HikariDataSource - HikariPool-1 - Starting...
2023:04:17 13:12:21.741 [main] INFO  com.zaxxer.hikari.pool.HikariPool - HikariPool-1 - Added connection com.mysql.cj.jdbc.ConnectionImpl@2e0652ab
2023:04:17 13:12:21.743 [main] INFO  com.zaxxer.hikari.HikariDataSource - HikariPool-1 - Start completed.
2023:04:17 13:12:21.800 [main] INFO  SQL dialect - HHH000400: Using dialect: org.hibernate.dialect.MySQLDialect
2023:04:17 13:12:22.942 [main] INFO  org.hibernate.engine.transaction.jta.platform.internal.JtaPlatformInitiator - HHH000490: Using JtaPlatform implementation: [org.hibernate.engine.transaction.jta.platform.internal.NoJtaPlatform]
2023:04:17 13:12:22.952 [main] INFO  org.springframework.orm.jpa.LocalContainerEntityManagerFactoryBean - Initialized JPA EntityManagerFactory for persistence unit 'default'
2023:04:17 13:12:23.601 [main] WARN  org.springframework.boot.autoconfigure.orm.jpa.JpaBaseConfiguration$JpaWebConfiguration - spring.jpa.open-in-view is enabled by default. Therefore, database queries may be performed during view rendering. Explicitly configure spring.jpa.open-in-view to disable this warning
2023:04:17 13:12:24.088 [main] INFO  org.springframework.security.web.DefaultSecurityFilterChain - Will secure any request with [org.springframework.security.web.session.DisableEncodeUrlFilter@6f0df74, org.springframework.security.web.context.request.async.WebAsyncManagerIntegrationFilter@42bbd21c, org.springframework.security.web.context.SecurityContextHolderFilter@407ff25f, org.springframework.security.web.header.HeaderWriterFilter@53850535, org.springframework.security.web.csrf.CsrfFilter@672549f3, org.springframework.security.web.authentication.logout.LogoutFilter@375682a5, org.springframework.security.oauth2.client.web.OAuth2AuthorizationRequestRedirectFilter@14d9ae22, org.springframework.security.oauth2.client.web.OAuth2LoginAuthenticationFilter@159a32a4, org.springframework.security.web.authentication.UsernamePasswordAuthenticationFilter@cbd3871, org.springframework.security.web.authentication.ui.DefaultLoginPageGeneratingFilter@2898c70d, org.springframework.security.web.authentication.ui.DefaultLogoutPageGeneratingFilter@57f1fbae, org.springframework.security.web.authentication.www.BasicAuthenticationFilter@4f09d998, org.springframework.security.web.savedrequest.RequestCacheAwareFilter@113a89c5, org.springframework.security.web.servletapi.SecurityContextHolderAwareRequestFilter@3b446d7, org.springframework.security.web.authentication.AnonymousAuthenticationFilter@28901fe7, org.springframework.security.web.access.ExceptionTranslationFilter@56afbace, org.springframework.security.web.access.intercept.AuthorizationFilter@700596f9]
2023:04:17 13:12:24.536 [main] INFO  com.nnk.springboot.ServicesTest.UserServiceTest - Started UserServiceTest in 5.588 seconds (process running for 7.424)
2023:04:17 13:12:24.967 [SpringApplicationShutdownHook] INFO  org.springframework.orm.jpa.LocalContainerEntityManagerFactoryBean - Closing JPA EntityManagerFactory for persistence unit 'default'
2023:04:17 13:12:24.970 [SpringApplicationShutdownHook] INFO  com.zaxxer.hikari.HikariDataSource - HikariPool-1 - Shutdown initiated...
2023:04:17 13:12:24.982 [SpringApplicationShutdownHook] INFO  com.zaxxer.hikari.HikariDataSource - HikariPool-1 - Shutdown completed.
2023:04:17 13:25:31.698 [main] INFO  org.springframework.test.context.support.AnnotationConfigContextLoaderUtils - Could not detect default configuration classes for test class [com.nnk.springboot.ServicesTest.UserServiceTest]: UserServiceTest does not declare any static, non-private, non-final, nested classes annotated with @Configuration.
2023:04:17 13:25:31.822 [main] INFO  org.springframework.boot.test.context.SpringBootTestContextBootstrapper - Found @SpringBootConfiguration com.nnk.springboot.Application for test class com.nnk.springboot.ServicesTest.UserServiceTest
2023:04:17 13:25:32.226 [background-preinit] INFO  org.hibernate.validator.internal.util.Version - HV000001: Hibernate Validator 8.0.0.Final
2023:04:17 13:25:32.253 [main] INFO  com.nnk.springboot.ServicesTest.UserServiceTest - Starting UserServiceTest using Java 19.0.2 with PID 18384 (started by ebonn in C:\Users\ebonn\projets\Poseidon\Poseiden-skeleton)
2023:04:17 13:25:32.257 [main] INFO  com.nnk.springboot.ServicesTest.UserServiceTest - No active profile set, falling back to 1 default profile: "default"
2023:04:17 13:25:33.163 [main] INFO  org.springframework.data.repository.config.RepositoryConfigurationDelegate - Bootstrapping Spring Data JPA repositories in DEFAULT mode.
2023:04:17 13:25:33.261 [main] INFO  org.springframework.data.repository.config.RepositoryConfigurationDelegate - Finished Spring Data repository scanning in 87 ms. Found 6 JPA repository interfaces.
2023:04:17 13:25:33.970 [main] INFO  org.hibernate.jpa.internal.util.LogHelper - HHH000204: Processing PersistenceUnitInfo [name: default]
2023:04:17 13:25:34.024 [main] INFO  org.hibernate.Version - HHH000412: Hibernate ORM core version 6.1.5.Final
2023:04:17 13:25:34.233 [main] WARN  org.hibernate.orm.deprecation - HHH90000021: Encountered deprecated setting [javax.persistence.sharedCache.mode], use [jakarta.persistence.sharedCache.mode] instead
2023:04:17 13:25:34.459 [main] INFO  com.zaxxer.hikari.HikariDataSource - HikariPool-1 - Starting...
2023:04:17 13:25:34.886 [main] INFO  com.zaxxer.hikari.pool.HikariPool - HikariPool-1 - Added connection com.mysql.cj.jdbc.ConnectionImpl@2e0652ab
2023:04:17 13:25:34.888 [main] INFO  com.zaxxer.hikari.HikariDataSource - HikariPool-1 - Start completed.
2023:04:17 13:25:34.953 [main] INFO  SQL dialect - HHH000400: Using dialect: org.hibernate.dialect.MySQLDialect
2023:04:17 13:25:36.057 [main] INFO  org.hibernate.engine.transaction.jta.platform.internal.JtaPlatformInitiator - HHH000490: Using JtaPlatform implementation: [org.hibernate.engine.transaction.jta.platform.internal.NoJtaPlatform]
2023:04:17 13:25:36.066 [main] INFO  org.springframework.orm.jpa.LocalContainerEntityManagerFactoryBean - Initialized JPA EntityManagerFactory for persistence unit 'default'
2023:04:17 13:25:36.663 [main] WARN  org.springframework.boot.autoconfigure.orm.jpa.JpaBaseConfiguration$JpaWebConfiguration - spring.jpa.open-in-view is enabled by default. Therefore, database queries may be performed during view rendering. Explicitly configure spring.jpa.open-in-view to disable this warning
2023:04:17 13:25:37.101 [main] INFO  org.springframework.security.web.DefaultSecurityFilterChain - Will secure any request with [org.springframework.security.web.session.DisableEncodeUrlFilter@6f0df74, org.springframework.security.web.context.request.async.WebAsyncManagerIntegrationFilter@42bbd21c, org.springframework.security.web.context.SecurityContextHolderFilter@407ff25f, org.springframework.security.web.header.HeaderWriterFilter@53850535, org.springframework.security.web.csrf.CsrfFilter@672549f3, org.springframework.security.web.authentication.logout.LogoutFilter@375682a5, org.springframework.security.oauth2.client.web.OAuth2AuthorizationRequestRedirectFilter@14d9ae22, org.springframework.security.oauth2.client.web.OAuth2LoginAuthenticationFilter@159a32a4, org.springframework.security.web.authentication.UsernamePasswordAuthenticationFilter@cbd3871, org.springframework.security.web.authentication.ui.DefaultLoginPageGeneratingFilter@2898c70d, org.springframework.security.web.authentication.ui.DefaultLogoutPageGeneratingFilter@57f1fbae, org.springframework.security.web.authentication.www.BasicAuthenticationFilter@4f09d998, org.springframework.security.web.savedrequest.RequestCacheAwareFilter@113a89c5, org.springframework.security.web.servletapi.SecurityContextHolderAwareRequestFilter@3b446d7, org.springframework.security.web.authentication.AnonymousAuthenticationFilter@28901fe7, org.springframework.security.web.access.ExceptionTranslationFilter@56afbace, org.springframework.security.web.access.intercept.AuthorizationFilter@700596f9]
2023:04:17 13:25:37.503 [main] INFO  com.nnk.springboot.ServicesTest.UserServiceTest - Started UserServiceTest in 5.54 seconds (process running for 7.258)
2023:04:17 13:25:37.901 [SpringApplicationShutdownHook] INFO  org.springframework.orm.jpa.LocalContainerEntityManagerFactoryBean - Closing JPA EntityManagerFactory for persistence unit 'default'
2023:04:17 13:25:37.906 [SpringApplicationShutdownHook] INFO  com.zaxxer.hikari.HikariDataSource - HikariPool-1 - Shutdown initiated...
2023:04:17 13:25:37.915 [SpringApplicationShutdownHook] INFO  com.zaxxer.hikari.HikariDataSource - HikariPool-1 - Shutdown completed.
2023:04:17 13:35:26.344 [main] INFO  org.springframework.test.context.support.AnnotationConfigContextLoaderUtils - Could not detect default configuration classes for test class [com.nnk.springboot.ServicesTest.UserServiceTest]: UserServiceTest does not declare any static, non-private, non-final, nested classes annotated with @Configuration.
2023:04:17 13:35:26.470 [main] INFO  org.springframework.boot.test.context.SpringBootTestContextBootstrapper - Found @SpringBootConfiguration com.nnk.springboot.Application for test class com.nnk.springboot.ServicesTest.UserServiceTest
2023:04:17 13:35:26.911 [background-preinit] INFO  org.hibernate.validator.internal.util.Version - HV000001: Hibernate Validator 8.0.0.Final
2023:04:17 13:35:26.941 [main] INFO  com.nnk.springboot.ServicesTest.UserServiceTest - Starting UserServiceTest using Java 19.0.2 with PID 14520 (started by ebonn in C:\Users\ebonn\projets\Poseidon\Poseiden-skeleton)
2023:04:17 13:35:26.950 [main] INFO  com.nnk.springboot.ServicesTest.UserServiceTest - No active profile set, falling back to 1 default profile: "default"
2023:04:17 13:35:28.044 [main] INFO  org.springframework.data.repository.config.RepositoryConfigurationDelegate - Bootstrapping Spring Data JPA repositories in DEFAULT mode.
2023:04:17 13:35:28.157 [main] INFO  org.springframework.data.repository.config.RepositoryConfigurationDelegate - Finished Spring Data repository scanning in 102 ms. Found 6 JPA repository interfaces.
2023:04:17 13:35:29.006 [main] INFO  org.hibernate.jpa.internal.util.LogHelper - HHH000204: Processing PersistenceUnitInfo [name: default]
2023:04:17 13:35:29.086 [main] INFO  org.hibernate.Version - HHH000412: Hibernate ORM core version 6.1.5.Final
2023:04:17 13:35:29.326 [main] WARN  org.hibernate.orm.deprecation - HHH90000021: Encountered deprecated setting [javax.persistence.sharedCache.mode], use [jakarta.persistence.sharedCache.mode] instead
2023:04:17 13:35:29.655 [main] INFO  com.zaxxer.hikari.HikariDataSource - HikariPool-1 - Starting...
2023:04:17 13:35:30.115 [main] INFO  com.zaxxer.hikari.pool.HikariPool - HikariPool-1 - Added connection com.mysql.cj.jdbc.ConnectionImpl@7c8df667
2023:04:17 13:35:30.117 [main] INFO  com.zaxxer.hikari.HikariDataSource - HikariPool-1 - Start completed.
2023:04:17 13:35:30.177 [main] INFO  SQL dialect - HHH000400: Using dialect: org.hibernate.dialect.MySQLDialect
2023:04:17 13:35:31.368 [main] INFO  org.hibernate.engine.transaction.jta.platform.internal.JtaPlatformInitiator - HHH000490: Using JtaPlatform implementation: [org.hibernate.engine.transaction.jta.platform.internal.NoJtaPlatform]
2023:04:17 13:35:31.379 [main] INFO  org.springframework.orm.jpa.LocalContainerEntityManagerFactoryBean - Initialized JPA EntityManagerFactory for persistence unit 'default'
2023:04:17 13:35:32.038 [main] WARN  org.springframework.boot.autoconfigure.orm.jpa.JpaBaseConfiguration$JpaWebConfiguration - spring.jpa.open-in-view is enabled by default. Therefore, database queries may be performed during view rendering. Explicitly configure spring.jpa.open-in-view to disable this warning
2023:04:17 13:35:32.510 [main] INFO  org.springframework.security.web.DefaultSecurityFilterChain - Will secure any request with [org.springframework.security.web.session.DisableEncodeUrlFilter@42e32feb, org.springframework.security.web.context.request.async.WebAsyncManagerIntegrationFilter@3652dd19, org.springframework.security.web.context.SecurityContextHolderFilter@55b7f9f1, org.springframework.security.web.header.HeaderWriterFilter@292b7a02, org.springframework.security.web.csrf.CsrfFilter@726d0482, org.springframework.security.web.authentication.logout.LogoutFilter@5ab1107d, org.springframework.security.oauth2.client.web.OAuth2AuthorizationRequestRedirectFilter@33f3ebfc, org.springframework.security.oauth2.client.web.OAuth2LoginAuthenticationFilter@197da701, org.springframework.security.web.authentication.UsernamePasswordAuthenticationFilter@7f922523, org.springframework.security.web.authentication.ui.DefaultLoginPageGeneratingFilter@53850535, org.springframework.security.web.authentication.ui.DefaultLogoutPageGeneratingFilter@6b6cf3c1, org.springframework.security.web.authentication.www.BasicAuthenticationFilter@7cd2d3b6, org.springframework.security.web.savedrequest.RequestCacheAwareFilter@380cd266, org.springframework.security.web.servletapi.SecurityContextHolderAwareRequestFilter@2bef33e7, org.springframework.security.web.authentication.AnonymousAuthenticationFilter@702e21c, org.springframework.security.web.access.ExceptionTranslationFilter@5a183fa6, org.springframework.security.web.access.intercept.AuthorizationFilter@3956e933]
2023:04:17 13:35:32.970 [main] INFO  com.nnk.springboot.ServicesTest.UserServiceTest - Started UserServiceTest in 6.343 seconds (process running for 8.363)
2023:04:17 13:35:33.510 [SpringApplicationShutdownHook] INFO  org.springframework.orm.jpa.LocalContainerEntityManagerFactoryBean - Closing JPA EntityManagerFactory for persistence unit 'default'
2023:04:17 13:35:33.513 [SpringApplicationShutdownHook] INFO  com.zaxxer.hikari.HikariDataSource - HikariPool-1 - Shutdown initiated...
2023:04:17 13:35:33.530 [SpringApplicationShutdownHook] INFO  com.zaxxer.hikari.HikariDataSource - HikariPool-1 - Shutdown completed.
