2023:04:15 15:51:20.724 [main] INFO  org.springframework.test.context.support.AnnotationConfigContextLoaderUtils - Could not detect default configuration classes for test class [com.nnk.springboot.controllersTest.UserControllerTest]: UserControllerTest does not declare any static, non-private, non-final, nested classes annotated with @Configuration.
2023:04:15 15:51:20.919 [main] INFO  org.springframework.boot.test.context.SpringBootTestContextBootstrapper - Found @SpringBootConfiguration com.nnk.springboot.Application for test class com.nnk.springboot.controllersTest.UserControllerTest
2023:04:15 15:51:21.338 [background-preinit] INFO  org.hibernate.validator.internal.util.Version - HV000001: Hibernate Validator 8.0.0.Final
2023:04:15 15:51:21.367 [main] INFO  com.nnk.springboot.controllersTest.UserControllerTest - Starting UserControllerTest using Java 19.0.2 with PID 13596 (started by ebonn in C:\Users\ebonn\projets\Poseidon\Poseiden-skeleton)
2023:04:15 15:51:21.372 [main] INFO  com.nnk.springboot.controllersTest.UserControllerTest - No active profile set, falling back to 1 default profile: "default"
2023:04:15 15:51:22.314 [main] INFO  org.springframework.data.repository.config.RepositoryConfigurationDelegate - Bootstrapping Spring Data JPA repositories in DEFAULT mode.
2023:04:15 15:51:22.403 [main] INFO  org.springframework.data.repository.config.RepositoryConfigurationDelegate - Finished Spring Data repository scanning in 79 ms. Found 6 JPA repository interfaces.
2023:04:15 15:51:23.081 [main] INFO  org.hibernate.jpa.internal.util.LogHelper - HHH000204: Processing PersistenceUnitInfo [name: default]
2023:04:15 15:51:23.143 [main] INFO  org.hibernate.Version - HHH000412: Hibernate ORM core version 6.1.5.Final
2023:04:15 15:51:23.354 [main] WARN  org.hibernate.orm.deprecation - HHH90000021: Encountered deprecated setting [javax.persistence.sharedCache.mode], use [jakarta.persistence.sharedCache.mode] instead
2023:04:15 15:51:23.574 [main] INFO  com.zaxxer.hikari.HikariDataSource - HikariPool-1 - Starting...
2023:04:15 15:51:23.919 [main] INFO  com.zaxxer.hikari.pool.HikariPool - HikariPool-1 - Added connection com.mysql.cj.jdbc.ConnectionImpl@19a7906c
2023:04:15 15:51:23.921 [main] INFO  com.zaxxer.hikari.HikariDataSource - HikariPool-1 - Start completed.
2023:04:15 15:51:23.974 [main] INFO  SQL dialect - HHH000400: Using dialect: org.hibernate.dialect.MySQLDialect
2023:04:15 15:51:25.018 [main] INFO  org.hibernate.engine.transaction.jta.platform.internal.JtaPlatformInitiator - HHH000490: Using JtaPlatform implementation: [org.hibernate.engine.transaction.jta.platform.internal.NoJtaPlatform]
2023:04:15 15:51:25.029 [main] INFO  org.springframework.orm.jpa.LocalContainerEntityManagerFactoryBean - Initialized JPA EntityManagerFactory for persistence unit 'default'
2023:04:15 15:51:25.591 [main] WARN  org.springframework.boot.autoconfigure.orm.jpa.JpaBaseConfiguration$JpaWebConfiguration - spring.jpa.open-in-view is enabled by default. Therefore, database queries may be performed during view rendering. Explicitly configure spring.jpa.open-in-view to disable this warning
2023:04:15 15:51:26.134 [main] INFO  org.springframework.security.web.DefaultSecurityFilterChain - Will secure any request with [org.springframework.security.web.session.DisableEncodeUrlFilter@3c00da24, org.springframework.security.web.context.request.async.WebAsyncManagerIntegrationFilter@430dbcb0, org.springframework.security.web.context.SecurityContextHolderFilter@386d41cb, org.springframework.security.web.header.HeaderWriterFilter@643f8ebe, org.springframework.security.web.csrf.CsrfFilter@72e5206, org.springframework.security.web.authentication.logout.LogoutFilter@21cb5648, org.springframework.security.oauth2.client.web.OAuth2AuthorizationRequestRedirectFilter@67e37d25, org.springframework.security.oauth2.client.web.OAuth2LoginAuthenticationFilter@2e2a2b07, org.springframework.security.web.authentication.UsernamePasswordAuthenticationFilter@7bbe5548, org.springframework.security.web.authentication.ui.DefaultLoginPageGeneratingFilter@66831b14, org.springframework.security.web.authentication.ui.DefaultLogoutPageGeneratingFilter@726d0482, org.springframework.security.web.authentication.www.BasicAuthenticationFilter@76685ab0, org.springframework.security.web.savedrequest.RequestCacheAwareFilter@4cb939d5, org.springframework.security.web.servletapi.SecurityContextHolderAwareRequestFilter@3c070ade, org.springframework.security.web.authentication.AnonymousAuthenticationFilter@15ab0461, org.springframework.security.web.access.ExceptionTranslationFilter@5f815f93, org.springframework.security.web.access.intercept.AuthorizationFilter@3bfead8d]
2023:04:15 15:51:26.528 [main] INFO  com.nnk.springboot.controllersTest.UserControllerTest - Started UserControllerTest in 5.439 seconds (process running for 7.391)
2023:04:15 15:51:26.865 [main] INFO  com.nnk.springboot.MyAppLogger - REQUEST /user/list
2023:04:15 15:51:26.890 [SpringApplicationShutdownHook] INFO  org.springframework.orm.jpa.LocalContainerEntityManagerFactoryBean - Closing JPA EntityManagerFactory for persistence unit 'default'
2023:04:15 15:51:26.893 [SpringApplicationShutdownHook] INFO  com.zaxxer.hikari.HikariDataSource - HikariPool-1 - Shutdown initiated...
2023:04:15 15:51:26.904 [SpringApplicationShutdownHook] INFO  com.zaxxer.hikari.HikariDataSource - HikariPool-1 - Shutdown completed.
2023:04:15 16:03:50.138 [main] INFO  org.springframework.test.context.support.AnnotationConfigContextLoaderUtils - Could not detect default configuration classes for test class [com.nnk.springboot.controllersTest.RatingControllerTest]: RatingControllerTest does not declare any static, non-private, non-final, nested classes annotated with @Configuration.
2023:04:15 16:03:50.260 [main] INFO  org.springframework.boot.test.context.SpringBootTestContextBootstrapper - Found @SpringBootConfiguration com.nnk.springboot.Application for test class com.nnk.springboot.controllersTest.RatingControllerTest
2023:04:15 16:03:50.680 [background-preinit] INFO  org.hibernate.validator.internal.util.Version - HV000001: Hibernate Validator 8.0.0.Final
2023:04:15 16:03:50.710 [main] INFO  com.nnk.springboot.controllersTest.RatingControllerTest - Starting RatingControllerTest using Java 19.0.2 with PID 14108 (started by ebonn in C:\Users\ebonn\projets\Poseidon\Poseiden-skeleton)
2023:04:15 16:03:50.722 [main] INFO  com.nnk.springboot.controllersTest.RatingControllerTest - No active profile set, falling back to 1 default profile: "default"
2023:04:15 16:03:51.662 [main] INFO  org.springframework.data.repository.config.RepositoryConfigurationDelegate - Bootstrapping Spring Data JPA repositories in DEFAULT mode.
2023:04:15 16:03:51.745 [main] INFO  org.springframework.data.repository.config.RepositoryConfigurationDelegate - Finished Spring Data repository scanning in 73 ms. Found 6 JPA repository interfaces.
2023:04:15 16:03:52.422 [main] INFO  org.hibernate.jpa.internal.util.LogHelper - HHH000204: Processing PersistenceUnitInfo [name: default]
2023:04:15 16:03:52.490 [main] INFO  org.hibernate.Version - HHH000412: Hibernate ORM core version 6.1.5.Final
2023:04:15 16:03:52.700 [main] WARN  org.hibernate.orm.deprecation - HHH90000021: Encountered deprecated setting [javax.persistence.sharedCache.mode], use [jakarta.persistence.sharedCache.mode] instead
2023:04:15 16:03:52.934 [main] INFO  com.zaxxer.hikari.HikariDataSource - HikariPool-1 - Starting...
2023:04:15 16:03:53.327 [main] INFO  com.zaxxer.hikari.pool.HikariPool - HikariPool-1 - Added connection com.mysql.cj.jdbc.ConnectionImpl@5f3ddc86
2023:04:15 16:03:53.328 [main] INFO  com.zaxxer.hikari.HikariDataSource - HikariPool-1 - Start completed.
2023:04:15 16:03:53.385 [main] INFO  SQL dialect - HHH000400: Using dialect: org.hibernate.dialect.MySQLDialect
2023:04:15 16:03:54.443 [main] INFO  org.hibernate.engine.transaction.jta.platform.internal.JtaPlatformInitiator - HHH000490: Using JtaPlatform implementation: [org.hibernate.engine.transaction.jta.platform.internal.NoJtaPlatform]
2023:04:15 16:03:54.452 [main] INFO  org.springframework.orm.jpa.LocalContainerEntityManagerFactoryBean - Initialized JPA EntityManagerFactory for persistence unit 'default'
2023:04:15 16:03:55.066 [main] WARN  org.springframework.boot.autoconfigure.orm.jpa.JpaBaseConfiguration$JpaWebConfiguration - spring.jpa.open-in-view is enabled by default. Therefore, database queries may be performed during view rendering. Explicitly configure spring.jpa.open-in-view to disable this warning
2023:04:15 16:03:55.519 [main] INFO  org.springframework.security.web.DefaultSecurityFilterChain - Will secure any request with [org.springframework.security.web.session.DisableEncodeUrlFilter@769c80d1, org.springframework.security.web.context.request.async.WebAsyncManagerIntegrationFilter@3f0c2eff, org.springframework.security.web.context.SecurityContextHolderFilter@30b0d5a7, org.springframework.security.web.header.HeaderWriterFilter@13f255ed, org.springframework.security.web.csrf.CsrfFilter@686ace1f, org.springframework.security.web.authentication.logout.LogoutFilter@3ed2a30c, org.springframework.security.oauth2.client.web.OAuth2AuthorizationRequestRedirectFilter@3be2ef56, org.springframework.security.oauth2.client.web.OAuth2LoginAuthenticationFilter@4791d904, org.springframework.security.web.authentication.UsernamePasswordAuthenticationFilter@403b7be3, org.springframework.security.web.authentication.ui.DefaultLoginPageGeneratingFilter@1ee5792a, org.springframework.security.web.authentication.ui.DefaultLogoutPageGeneratingFilter@7cddc50f, org.springframework.security.web.authentication.www.BasicAuthenticationFilter@3e356ed6, org.springframework.security.web.savedrequest.RequestCacheAwareFilter@3d84f113, org.springframework.security.web.servletapi.SecurityContextHolderAwareRequestFilter@294c36b9, org.springframework.security.web.authentication.AnonymousAuthenticationFilter@1e60890c, org.springframework.security.web.access.ExceptionTranslationFilter@18ed8b75, org.springframework.security.web.access.intercept.AuthorizationFilter@73f0b216]
2023:04:15 16:03:55.978 [main] INFO  com.nnk.springboot.controllersTest.RatingControllerTest - Started RatingControllerTest in 5.569 seconds (process running for 7.355)
2023:04:15 16:03:56.390 [main] INFO  com.nnk.springboot.MyAppLogger - POST /rating/validate
2023:04:15 16:03:56.393 [main] ERROR com.nnk.springboot.MyAppLogger - rating to create has errors
2023:04:15 16:03:56.420 [SpringApplicationShutdownHook] INFO  org.springframework.orm.jpa.LocalContainerEntityManagerFactoryBean - Closing JPA EntityManagerFactory for persistence unit 'default'
2023:04:15 16:03:56.422 [SpringApplicationShutdownHook] INFO  com.zaxxer.hikari.HikariDataSource - HikariPool-1 - Shutdown initiated...
2023:04:15 16:03:56.438 [SpringApplicationShutdownHook] INFO  com.zaxxer.hikari.HikariDataSource - HikariPool-1 - Shutdown completed.
2023:04:15 16:16:06.621 [main] INFO  org.springframework.test.context.support.AnnotationConfigContextLoaderUtils - Could not detect default configuration classes for test class [com.nnk.springboot.controllersTest.UserControllerTest]: UserControllerTest does not declare any static, non-private, non-final, nested classes annotated with @Configuration.
2023:04:15 16:16:06.738 [main] INFO  org.springframework.boot.test.context.SpringBootTestContextBootstrapper - Found @SpringBootConfiguration com.nnk.springboot.Application for test class com.nnk.springboot.controllersTest.UserControllerTest
2023:04:15 16:16:07.142 [background-preinit] INFO  org.hibernate.validator.internal.util.Version - HV000001: Hibernate Validator 8.0.0.Final
2023:04:15 16:16:07.173 [main] INFO  com.nnk.springboot.controllersTest.UserControllerTest - Starting UserControllerTest using Java 19.0.2 with PID 5344 (started by ebonn in C:\Users\ebonn\projets\Poseidon\Poseiden-skeleton)
2023:04:15 16:16:07.183 [main] INFO  com.nnk.springboot.controllersTest.UserControllerTest - No active profile set, falling back to 1 default profile: "default"
2023:04:15 16:16:08.087 [main] INFO  org.springframework.data.repository.config.RepositoryConfigurationDelegate - Bootstrapping Spring Data JPA repositories in DEFAULT mode.
2023:04:15 16:16:08.169 [main] INFO  org.springframework.data.repository.config.RepositoryConfigurationDelegate - Finished Spring Data repository scanning in 72 ms. Found 6 JPA repository interfaces.
2023:04:15 16:16:08.895 [main] INFO  org.hibernate.jpa.internal.util.LogHelper - HHH000204: Processing PersistenceUnitInfo [name: default]
2023:04:15 16:16:08.973 [main] INFO  org.hibernate.Version - HHH000412: Hibernate ORM core version 6.1.5.Final
2023:04:15 16:16:09.164 [main] WARN  org.hibernate.orm.deprecation - HHH90000021: Encountered deprecated setting [javax.persistence.sharedCache.mode], use [jakarta.persistence.sharedCache.mode] instead
2023:04:15 16:16:09.379 [main] INFO  com.zaxxer.hikari.HikariDataSource - HikariPool-1 - Starting...
2023:04:15 16:16:09.751 [main] INFO  com.zaxxer.hikari.pool.HikariPool - HikariPool-1 - Added connection com.mysql.cj.jdbc.ConnectionImpl@25e6c22a
2023:04:15 16:16:09.754 [main] INFO  com.zaxxer.hikari.HikariDataSource - HikariPool-1 - Start completed.
2023:04:15 16:16:09.817 [main] INFO  SQL dialect - HHH000400: Using dialect: org.hibernate.dialect.MySQLDialect
2023:04:15 16:16:10.921 [main] INFO  org.hibernate.engine.transaction.jta.platform.internal.JtaPlatformInitiator - HHH000490: Using JtaPlatform implementation: [org.hibernate.engine.transaction.jta.platform.internal.NoJtaPlatform]
2023:04:15 16:16:10.932 [main] INFO  org.springframework.orm.jpa.LocalContainerEntityManagerFactoryBean - Initialized JPA EntityManagerFactory for persistence unit 'default'
2023:04:15 16:16:11.532 [main] WARN  org.springframework.boot.autoconfigure.orm.jpa.JpaBaseConfiguration$JpaWebConfiguration - spring.jpa.open-in-view is enabled by default. Therefore, database queries may be performed during view rendering. Explicitly configure spring.jpa.open-in-view to disable this warning
2023:04:15 16:16:11.966 [main] INFO  org.springframework.security.web.DefaultSecurityFilterChain - Will secure any request with [org.springframework.security.web.session.DisableEncodeUrlFilter@2e2a2b07, org.springframework.security.web.context.request.async.WebAsyncManagerIntegrationFilter@52dc71b2, org.springframework.security.web.context.SecurityContextHolderFilter@643f8ebe, org.springframework.security.web.header.HeaderWriterFilter@6bbd4048, org.springframework.security.web.csrf.CsrfFilter@281d3ce7, org.springframework.security.web.authentication.logout.LogoutFilter@294c36b9, org.springframework.security.oauth2.client.web.OAuth2AuthorizationRequestRedirectFilter@712dd0b0, org.springframework.security.oauth2.client.web.OAuth2LoginAuthenticationFilter@67e37d25, org.springframework.security.web.authentication.UsernamePasswordAuthenticationFilter@5a1a5521, org.springframework.security.web.authentication.ui.DefaultLoginPageGeneratingFilter@650997b0, org.springframework.security.web.authentication.ui.DefaultLogoutPageGeneratingFilter@e1d2781, org.springframework.security.web.authentication.www.BasicAuthenticationFilter@6c4c32ff, org.springframework.security.web.savedrequest.RequestCacheAwareFilter@30a99b85, org.springframework.security.web.servletapi.SecurityContextHolderAwareRequestFilter@30b0f674, org.springframework.security.web.authentication.AnonymousAuthenticationFilter@3c00da24, org.springframework.security.web.access.ExceptionTranslationFilter@531ed68e, org.springframework.security.web.access.intercept.AuthorizationFilter@4205d1c9]
2023:04:15 16:16:12.402 [main] INFO  com.nnk.springboot.controllersTest.UserControllerTest - Started UserControllerTest in 5.515 seconds (process running for 7.35)
2023:04:15 16:16:12.769 [SpringApplicationShutdownHook] INFO  org.springframework.orm.jpa.LocalContainerEntityManagerFactoryBean - Closing JPA EntityManagerFactory for persistence unit 'default'
2023:04:15 16:16:12.773 [SpringApplicationShutdownHook] INFO  com.zaxxer.hikari.HikariDataSource - HikariPool-1 - Shutdown initiated...
2023:04:15 16:16:12.782 [SpringApplicationShutdownHook] INFO  com.zaxxer.hikari.HikariDataSource - HikariPool-1 - Shutdown completed.
2023:04:15 17:04:40.082 [main] INFO  org.springframework.test.context.support.AnnotationConfigContextLoaderUtils - Could not detect default configuration classes for test class [com.nnk.springboot.controllersTest.UserControllerTest]: UserControllerTest does not declare any static, non-private, non-final, nested classes annotated with @Configuration.
2023:04:15 17:04:40.195 [main] INFO  org.springframework.boot.test.context.SpringBootTestContextBootstrapper - Found @SpringBootConfiguration com.nnk.springboot.Application for test class com.nnk.springboot.controllersTest.UserControllerTest
2023:04:15 17:04:40.591 [background-preinit] INFO  org.hibernate.validator.internal.util.Version - HV000001: Hibernate Validator 8.0.0.Final
2023:04:15 17:04:40.609 [main] INFO  com.nnk.springboot.controllersTest.UserControllerTest - Starting UserControllerTest using Java 19.0.2 with PID 21556 (started by ebonn in C:\Users\ebonn\projets\Poseidon\Poseiden-skeleton)
2023:04:15 17:04:40.620 [main] INFO  com.nnk.springboot.controllersTest.UserControllerTest - No active profile set, falling back to 1 default profile: "default"
2023:04:15 17:04:41.600 [main] INFO  org.springframework.data.repository.config.RepositoryConfigurationDelegate - Bootstrapping Spring Data JPA repositories in DEFAULT mode.
2023:04:15 17:04:41.680 [main] INFO  org.springframework.data.repository.config.RepositoryConfigurationDelegate - Finished Spring Data repository scanning in 72 ms. Found 6 JPA repository interfaces.
2023:04:15 17:04:42.301 [main] INFO  org.hibernate.jpa.internal.util.LogHelper - HHH000204: Processing PersistenceUnitInfo [name: default]
2023:04:15 17:04:42.378 [main] INFO  org.hibernate.Version - HHH000412: Hibernate ORM core version 6.1.5.Final
2023:04:15 17:04:42.584 [main] WARN  org.hibernate.orm.deprecation - HHH90000021: Encountered deprecated setting [javax.persistence.sharedCache.mode], use [jakarta.persistence.sharedCache.mode] instead
2023:04:15 17:04:42.822 [main] INFO  com.zaxxer.hikari.HikariDataSource - HikariPool-1 - Starting...
2023:04:15 17:04:43.211 [main] INFO  com.zaxxer.hikari.pool.HikariPool - HikariPool-1 - Added connection com.mysql.cj.jdbc.ConnectionImpl@74830d73
2023:04:15 17:04:43.213 [main] INFO  com.zaxxer.hikari.HikariDataSource - HikariPool-1 - Start completed.
2023:04:15 17:04:43.271 [main] INFO  SQL dialect - HHH000400: Using dialect: org.hibernate.dialect.MySQLDialect
2023:04:15 17:04:44.366 [main] INFO  org.hibernate.engine.transaction.jta.platform.internal.JtaPlatformInitiator - HHH000490: Using JtaPlatform implementation: [org.hibernate.engine.transaction.jta.platform.internal.NoJtaPlatform]
2023:04:15 17:04:44.374 [main] INFO  org.springframework.orm.jpa.LocalContainerEntityManagerFactoryBean - Initialized JPA EntityManagerFactory for persistence unit 'default'
2023:04:15 17:04:44.953 [main] WARN  org.springframework.boot.autoconfigure.orm.jpa.JpaBaseConfiguration$JpaWebConfiguration - spring.jpa.open-in-view is enabled by default. Therefore, database queries may be performed during view rendering. Explicitly configure spring.jpa.open-in-view to disable this warning
2023:04:15 17:04:45.418 [main] INFO  org.springframework.security.web.DefaultSecurityFilterChain - Will secure any request with [org.springframework.security.web.session.DisableEncodeUrlFilter@614d01b, org.springframework.security.web.context.request.async.WebAsyncManagerIntegrationFilter@3be2ef56, org.springframework.security.web.context.SecurityContextHolderFilter@3a641f6, org.springframework.security.web.header.HeaderWriterFilter@77e24d3c, org.springframework.security.web.csrf.CsrfFilter@19240b9, org.springframework.security.web.authentication.logout.LogoutFilter@760ac834, org.springframework.security.oauth2.client.web.OAuth2AuthorizationRequestRedirectFilter@569026df, org.springframework.security.oauth2.client.web.OAuth2LoginAuthenticationFilter@7828bc6b, org.springframework.security.web.authentication.UsernamePasswordAuthenticationFilter@1ea78c72, org.springframework.security.web.authentication.ui.DefaultLoginPageGeneratingFilter@6779959d, org.springframework.security.web.authentication.ui.DefaultLogoutPageGeneratingFilter@5a8149f6, org.springframework.security.web.authentication.www.BasicAuthenticationFilter@73bd146c, org.springframework.security.web.savedrequest.RequestCacheAwareFilter@18ed8b75, org.springframework.security.web.servletapi.SecurityContextHolderAwareRequestFilter@4265cbed, org.springframework.security.web.authentication.AnonymousAuthenticationFilter@672549f3, org.springframework.security.web.access.ExceptionTranslationFilter@650997b0, org.springframework.security.web.access.intercept.AuthorizationFilter@3c6d3ba]
2023:04:15 17:04:45.881 [main] INFO  com.nnk.springboot.controllersTest.UserControllerTest - Started UserControllerTest in 5.539 seconds (process running for 7.314)
2023:04:15 17:04:46.279 [main] INFO  com.nnk.springboot.MyAppLogger - POST /user/validate for username 
2023:04:15 17:04:46.368 [main] INFO  com.nnk.springboot.MyAppLogger - user saved / list of users added to model
2023:04:15 17:04:46.397 [SpringApplicationShutdownHook] INFO  org.springframework.orm.jpa.LocalContainerEntityManagerFactoryBean - Closing JPA EntityManagerFactory for persistence unit 'default'
2023:04:15 17:04:46.399 [SpringApplicationShutdownHook] INFO  com.zaxxer.hikari.HikariDataSource - HikariPool-1 - Shutdown initiated...
2023:04:15 17:04:46.411 [SpringApplicationShutdownHook] INFO  com.zaxxer.hikari.HikariDataSource - HikariPool-1 - Shutdown completed.
2023:04:15 17:17:19.664 [main] INFO  org.springframework.test.context.support.AnnotationConfigContextLoaderUtils - Could not detect default configuration classes for test class [com.nnk.springboot.controllersTest.UserControllerTest]: UserControllerTest does not declare any static, non-private, non-final, nested classes annotated with @Configuration.
2023:04:15 17:17:19.770 [main] INFO  org.springframework.boot.test.context.SpringBootTestContextBootstrapper - Found @SpringBootConfiguration com.nnk.springboot.Application for test class com.nnk.springboot.controllersTest.UserControllerTest
2023:04:15 17:17:20.172 [background-preinit] INFO  org.hibernate.validator.internal.util.Version - HV000001: Hibernate Validator 8.0.0.Final
2023:04:15 17:17:20.203 [main] INFO  com.nnk.springboot.controllersTest.UserControllerTest - Starting UserControllerTest using Java 19.0.2 with PID 21052 (started by ebonn in C:\Users\ebonn\projets\Poseidon\Poseiden-skeleton)
2023:04:15 17:17:20.211 [main] INFO  com.nnk.springboot.controllersTest.UserControllerTest - No active profile set, falling back to 1 default profile: "default"
2023:04:15 17:17:21.176 [main] INFO  org.springframework.data.repository.config.RepositoryConfigurationDelegate - Bootstrapping Spring Data JPA repositories in DEFAULT mode.
2023:04:15 17:17:21.253 [main] INFO  org.springframework.data.repository.config.RepositoryConfigurationDelegate - Finished Spring Data repository scanning in 67 ms. Found 6 JPA repository interfaces.
2023:04:15 17:17:21.899 [main] INFO  org.hibernate.jpa.internal.util.LogHelper - HHH000204: Processing PersistenceUnitInfo [name: default]
2023:04:15 17:17:21.971 [main] INFO  org.hibernate.Version - HHH000412: Hibernate ORM core version 6.1.5.Final
2023:04:15 17:17:22.186 [main] WARN  org.hibernate.orm.deprecation - HHH90000021: Encountered deprecated setting [javax.persistence.sharedCache.mode], use [jakarta.persistence.sharedCache.mode] instead
2023:04:15 17:17:22.427 [main] INFO  com.zaxxer.hikari.HikariDataSource - HikariPool-1 - Starting...
2023:04:15 17:17:22.777 [main] INFO  com.zaxxer.hikari.pool.HikariPool - HikariPool-1 - Added connection com.mysql.cj.jdbc.ConnectionImpl@5310e451
2023:04:15 17:17:22.779 [main] INFO  com.zaxxer.hikari.HikariDataSource - HikariPool-1 - Start completed.
2023:04:15 17:17:22.837 [main] INFO  SQL dialect - HHH000400: Using dialect: org.hibernate.dialect.MySQLDialect
2023:04:15 17:17:23.903 [main] INFO  org.hibernate.engine.transaction.jta.platform.internal.JtaPlatformInitiator - HHH000490: Using JtaPlatform implementation: [org.hibernate.engine.transaction.jta.platform.internal.NoJtaPlatform]
2023:04:15 17:17:23.913 [main] INFO  org.springframework.orm.jpa.LocalContainerEntityManagerFactoryBean - Initialized JPA EntityManagerFactory for persistence unit 'default'
2023:04:15 17:17:24.474 [main] WARN  org.springframework.boot.autoconfigure.orm.jpa.JpaBaseConfiguration$JpaWebConfiguration - spring.jpa.open-in-view is enabled by default. Therefore, database queries may be performed during view rendering. Explicitly configure spring.jpa.open-in-view to disable this warning
2023:04:15 17:17:24.937 [main] INFO  org.springframework.security.web.DefaultSecurityFilterChain - Will secure any request with [org.springframework.security.web.session.DisableEncodeUrlFilter@2f59cb6f, org.springframework.security.web.context.request.async.WebAsyncManagerIntegrationFilter@60cbba57, org.springframework.security.web.context.SecurityContextHolderFilter@66831b14, org.springframework.security.web.header.HeaderWriterFilter@650997b0, org.springframework.security.web.csrf.CsrfFilter@7fda84cf, org.springframework.security.web.authentication.logout.LogoutFilter@5f662dd, org.springframework.security.oauth2.client.web.OAuth2AuthorizationRequestRedirectFilter@186fc6e, org.springframework.security.oauth2.client.web.OAuth2LoginAuthenticationFilter@7896e96a, org.springframework.security.web.authentication.UsernamePasswordAuthenticationFilter@73f0b216, org.springframework.security.web.authentication.ui.DefaultLoginPageGeneratingFilter@3d84f113, org.springframework.security.web.authentication.ui.DefaultLogoutPageGeneratingFilter@614d01b, org.springframework.security.web.authentication.www.BasicAuthenticationFilter@34f3c920, org.springframework.security.web.savedrequest.RequestCacheAwareFilter@3a641f6, org.springframework.security.web.servletapi.SecurityContextHolderAwareRequestFilter@13f255ed, org.springframework.security.web.authentication.AnonymousAuthenticationFilter@3be2ef56, org.springframework.security.web.access.ExceptionTranslationFilter@3c070ade, org.springframework.security.web.access.intercept.AuthorizationFilter@3ed2a30c]
2023:04:15 17:17:25.333 [main] INFO  com.nnk.springboot.controllersTest.UserControllerTest - Started UserControllerTest in 5.418 seconds (process running for 7.104)
2023:04:15 17:17:25.685 [main] INFO  com.nnk.springboot.MyAppLogger - POST /user/validate for username 
2023:04:15 17:17:25.781 [main] INFO  com.nnk.springboot.MyAppLogger - user saved / list of users added to model
2023:04:15 17:17:25.840 [SpringApplicationShutdownHook] INFO  org.springframework.orm.jpa.LocalContainerEntityManagerFactoryBean - Closing JPA EntityManagerFactory for persistence unit 'default'
2023:04:15 17:17:25.844 [SpringApplicationShutdownHook] INFO  com.zaxxer.hikari.HikariDataSource - HikariPool-1 - Shutdown initiated...
2023:04:15 17:17:25.854 [SpringApplicationShutdownHook] INFO  com.zaxxer.hikari.HikariDataSource - HikariPool-1 - Shutdown completed.
2023:04:15 17:19:08.110 [main] INFO  org.springframework.test.context.support.AnnotationConfigContextLoaderUtils - Could not detect default configuration classes for test class [com.nnk.springboot.controllersTest.UserControllerTest]: UserControllerTest does not declare any static, non-private, non-final, nested classes annotated with @Configuration.
2023:04:15 17:19:08.220 [main] INFO  org.springframework.boot.test.context.SpringBootTestContextBootstrapper - Found @SpringBootConfiguration com.nnk.springboot.Application for test class com.nnk.springboot.controllersTest.UserControllerTest
2023:04:15 17:19:08.629 [background-preinit] INFO  org.hibernate.validator.internal.util.Version - HV000001: Hibernate Validator 8.0.0.Final
2023:04:15 17:19:08.657 [main] INFO  com.nnk.springboot.controllersTest.UserControllerTest - Starting UserControllerTest using Java 19.0.2 with PID 20452 (started by ebonn in C:\Users\ebonn\projets\Poseidon\Poseiden-skeleton)
2023:04:15 17:19:08.668 [main] INFO  com.nnk.springboot.controllersTest.UserControllerTest - No active profile set, falling back to 1 default profile: "default"
2023:04:15 17:19:09.522 [main] INFO  org.springframework.data.repository.config.RepositoryConfigurationDelegate - Bootstrapping Spring Data JPA repositories in DEFAULT mode.
2023:04:15 17:19:09.600 [main] INFO  org.springframework.data.repository.config.RepositoryConfigurationDelegate - Finished Spring Data repository scanning in 69 ms. Found 6 JPA repository interfaces.
2023:04:15 17:19:10.224 [main] INFO  org.hibernate.jpa.internal.util.LogHelper - HHH000204: Processing PersistenceUnitInfo [name: default]
2023:04:15 17:19:10.280 [main] INFO  org.hibernate.Version - HHH000412: Hibernate ORM core version 6.1.5.Final
2023:04:15 17:19:10.500 [main] WARN  org.hibernate.orm.deprecation - HHH90000021: Encountered deprecated setting [javax.persistence.sharedCache.mode], use [jakarta.persistence.sharedCache.mode] instead
2023:04:15 17:19:10.760 [main] INFO  com.zaxxer.hikari.HikariDataSource - HikariPool-1 - Starting...
2023:04:15 17:19:11.206 [main] INFO  com.zaxxer.hikari.pool.HikariPool - HikariPool-1 - Added connection com.mysql.cj.jdbc.ConnectionImpl@5310e451
2023:04:15 17:19:11.208 [main] INFO  com.zaxxer.hikari.HikariDataSource - HikariPool-1 - Start completed.
2023:04:15 17:19:11.267 [main] INFO  SQL dialect - HHH000400: Using dialect: org.hibernate.dialect.MySQLDialect
2023:04:15 17:19:12.324 [main] INFO  org.hibernate.engine.transaction.jta.platform.internal.JtaPlatformInitiator - HHH000490: Using JtaPlatform implementation: [org.hibernate.engine.transaction.jta.platform.internal.NoJtaPlatform]
2023:04:15 17:19:12.337 [main] INFO  org.springframework.orm.jpa.LocalContainerEntityManagerFactoryBean - Initialized JPA EntityManagerFactory for persistence unit 'default'
2023:04:15 17:19:12.895 [main] WARN  org.springframework.boot.autoconfigure.orm.jpa.JpaBaseConfiguration$JpaWebConfiguration - spring.jpa.open-in-view is enabled by default. Therefore, database queries may be performed during view rendering. Explicitly configure spring.jpa.open-in-view to disable this warning
2023:04:15 17:19:13.349 [main] INFO  org.springframework.security.web.DefaultSecurityFilterChain - Will secure any request with [org.springframework.security.web.session.DisableEncodeUrlFilter@2f59cb6f, org.springframework.security.web.context.request.async.WebAsyncManagerIntegrationFilter@60cbba57, org.springframework.security.web.context.SecurityContextHolderFilter@66831b14, org.springframework.security.web.header.HeaderWriterFilter@650997b0, org.springframework.security.web.csrf.CsrfFilter@7fda84cf, org.springframework.security.web.authentication.logout.LogoutFilter@5f662dd, org.springframework.security.oauth2.client.web.OAuth2AuthorizationRequestRedirectFilter@186fc6e, org.springframework.security.oauth2.client.web.OAuth2LoginAuthenticationFilter@7896e96a, org.springframework.security.web.authentication.UsernamePasswordAuthenticationFilter@73f0b216, org.springframework.security.web.authentication.ui.DefaultLoginPageGeneratingFilter@3d84f113, org.springframework.security.web.authentication.ui.DefaultLogoutPageGeneratingFilter@614d01b, org.springframework.security.web.authentication.www.BasicAuthenticationFilter@34f3c920, org.springframework.security.web.savedrequest.RequestCacheAwareFilter@3a641f6, org.springframework.security.web.servletapi.SecurityContextHolderAwareRequestFilter@13f255ed, org.springframework.security.web.authentication.AnonymousAuthenticationFilter@3be2ef56, org.springframework.security.web.access.ExceptionTranslationFilter@3c070ade, org.springframework.security.web.access.intercept.AuthorizationFilter@3ed2a30c]
2023:04:15 17:19:13.762 [main] INFO  com.nnk.springboot.controllersTest.UserControllerTest - Started UserControllerTest in 5.395 seconds (process running for 7.132)
2023:04:15 17:19:14.100 [main] INFO  com.nnk.springboot.MyAppLogger - POST /user/validate for username 
2023:04:15 17:19:14.202 [main] INFO  com.nnk.springboot.MyAppLogger - user saved / list of users added to model
2023:04:15 17:19:14.233 [SpringApplicationShutdownHook] INFO  org.springframework.orm.jpa.LocalContainerEntityManagerFactoryBean - Closing JPA EntityManagerFactory for persistence unit 'default'
2023:04:15 17:19:14.235 [SpringApplicationShutdownHook] INFO  com.zaxxer.hikari.HikariDataSource - HikariPool-1 - Shutdown initiated...
2023:04:15 17:19:14.250 [SpringApplicationShutdownHook] INFO  com.zaxxer.hikari.HikariDataSource - HikariPool-1 - Shutdown completed.
2023:04:15 18:55:51.584 [main] INFO  org.springframework.test.context.support.AnnotationConfigContextLoaderUtils - Could not detect default configuration classes for test class [com.nnk.springboot.controllersTest.UserControllerTest]: UserControllerTest does not declare any static, non-private, non-final, nested classes annotated with @Configuration.
2023:04:15 18:55:51.721 [main] INFO  org.springframework.boot.test.context.SpringBootTestContextBootstrapper - Found @SpringBootConfiguration com.nnk.springboot.Application for test class com.nnk.springboot.controllersTest.UserControllerTest
2023:04:15 18:55:52.139 [background-preinit] INFO  org.hibernate.validator.internal.util.Version - HV000001: Hibernate Validator 8.0.0.Final
2023:04:15 18:55:52.177 [main] INFO  com.nnk.springboot.controllersTest.UserControllerTest - Starting UserControllerTest using Java 19.0.2 with PID 11268 (started by ebonn in C:\Users\ebonn\projets\Poseidon\Poseiden-skeleton)
2023:04:15 18:55:52.182 [main] INFO  com.nnk.springboot.controllersTest.UserControllerTest - No active profile set, falling back to 1 default profile: "default"
2023:04:15 18:55:53.062 [main] INFO  org.springframework.data.repository.config.RepositoryConfigurationDelegate - Bootstrapping Spring Data JPA repositories in DEFAULT mode.
2023:04:15 18:55:53.162 [main] INFO  org.springframework.data.repository.config.RepositoryConfigurationDelegate - Finished Spring Data repository scanning in 83 ms. Found 6 JPA repository interfaces.
2023:04:15 18:55:53.843 [main] INFO  org.hibernate.jpa.internal.util.LogHelper - HHH000204: Processing PersistenceUnitInfo [name: default]
2023:04:15 18:55:53.934 [main] INFO  org.hibernate.Version - HHH000412: Hibernate ORM core version 6.1.5.Final
2023:04:15 18:55:54.144 [main] WARN  org.hibernate.orm.deprecation - HHH90000021: Encountered deprecated setting [javax.persistence.sharedCache.mode], use [jakarta.persistence.sharedCache.mode] instead
2023:04:15 18:55:54.360 [main] INFO  com.zaxxer.hikari.HikariDataSource - HikariPool-1 - Starting...
2023:04:15 18:55:54.706 [main] INFO  com.zaxxer.hikari.pool.HikariPool - HikariPool-1 - Added connection com.mysql.cj.jdbc.ConnectionImpl@5604b85
2023:04:15 18:55:54.709 [main] INFO  com.zaxxer.hikari.HikariDataSource - HikariPool-1 - Start completed.
2023:04:15 18:55:54.765 [main] INFO  SQL dialect - HHH000400: Using dialect: org.hibernate.dialect.MySQLDialect
2023:04:15 18:55:55.887 [main] INFO  org.hibernate.engine.transaction.jta.platform.internal.JtaPlatformInitiator - HHH000490: Using JtaPlatform implementation: [org.hibernate.engine.transaction.jta.platform.internal.NoJtaPlatform]
2023:04:15 18:55:55.898 [main] INFO  org.springframework.orm.jpa.LocalContainerEntityManagerFactoryBean - Initialized JPA EntityManagerFactory for persistence unit 'default'
2023:04:15 18:55:56.504 [main] WARN  org.springframework.boot.autoconfigure.orm.jpa.JpaBaseConfiguration$JpaWebConfiguration - spring.jpa.open-in-view is enabled by default. Therefore, database queries may be performed during view rendering. Explicitly configure spring.jpa.open-in-view to disable this warning
2023:04:15 18:55:56.996 [main] INFO  org.springframework.security.web.DefaultSecurityFilterChain - Will secure any request with [org.springframework.security.web.session.DisableEncodeUrlFilter@289b7efe, org.springframework.security.web.context.request.async.WebAsyncManagerIntegrationFilter@34ac72c3, org.springframework.security.web.context.SecurityContextHolderFilter@3a0f5141, org.springframework.security.web.header.HeaderWriterFilter@3ba8fbc8, org.springframework.security.web.csrf.CsrfFilter@769c80d1, org.springframework.security.web.authentication.logout.LogoutFilter@7f922523, org.springframework.security.oauth2.client.web.OAuth2AuthorizationRequestRedirectFilter@4ceb368b, org.springframework.security.oauth2.client.web.OAuth2LoginAuthenticationFilter@42bbd21c, org.springframework.security.web.authentication.UsernamePasswordAuthenticationFilter@674c01ce, org.springframework.security.web.authentication.ui.DefaultLoginPageGeneratingFilter@5ab1107d, org.springframework.security.web.authentication.ui.DefaultLogoutPageGeneratingFilter@6cd8c373, org.springframework.security.web.authentication.www.BasicAuthenticationFilter@2d7df55, org.springframework.security.web.savedrequest.RequestCacheAwareFilter@3b446d7, org.springframework.security.web.servletapi.SecurityContextHolderAwareRequestFilter@60660d21, org.springframework.security.web.authentication.AnonymousAuthenticationFilter@449f9628, org.springframework.security.web.access.ExceptionTranslationFilter@2ac7c683, org.springframework.security.web.access.intercept.AuthorizationFilter@344f4a82]
2023:04:15 18:55:57.506 [main] INFO  com.nnk.springboot.controllersTest.UserControllerTest - Started UserControllerTest in 5.631 seconds (process running for 7.537)
2023:04:15 18:55:57.824 [main] INFO  com.nnk.springboot.MyAppLogger - POST /user/validate for username 
2023:04:15 18:55:57.930 [main] INFO  com.nnk.springboot.MyAppLogger - user saved / list of users added to model
2023:04:15 18:55:57.970 [SpringApplicationShutdownHook] INFO  org.springframework.orm.jpa.LocalContainerEntityManagerFactoryBean - Closing JPA EntityManagerFactory for persistence unit 'default'
2023:04:15 18:55:57.974 [SpringApplicationShutdownHook] INFO  com.zaxxer.hikari.HikariDataSource - HikariPool-1 - Shutdown initiated...
2023:04:15 18:55:57.986 [SpringApplicationShutdownHook] INFO  com.zaxxer.hikari.HikariDataSource - HikariPool-1 - Shutdown completed.
2023:04:15 19:00:37.345 [main] INFO  org.springframework.test.context.support.AnnotationConfigContextLoaderUtils - Could not detect default configuration classes for test class [com.nnk.springboot.controllersTest.RatingControllerTest]: RatingControllerTest does not declare any static, non-private, non-final, nested classes annotated with @Configuration.
2023:04:15 19:00:37.486 [main] INFO  org.springframework.boot.test.context.SpringBootTestContextBootstrapper - Found @SpringBootConfiguration com.nnk.springboot.Application for test class com.nnk.springboot.controllersTest.RatingControllerTest
2023:04:15 19:00:37.899 [background-preinit] INFO  org.hibernate.validator.internal.util.Version - HV000001: Hibernate Validator 8.0.0.Final
2023:04:15 19:00:37.927 [main] INFO  com.nnk.springboot.controllersTest.RatingControllerTest - Starting RatingControllerTest using Java 19.0.2 with PID 16880 (started by ebonn in C:\Users\ebonn\projets\Poseidon\Poseiden-skeleton)
2023:04:15 19:00:37.932 [main] INFO  com.nnk.springboot.controllersTest.RatingControllerTest - No active profile set, falling back to 1 default profile: "default"
2023:04:15 19:00:38.837 [main] INFO  org.springframework.data.repository.config.RepositoryConfigurationDelegate - Bootstrapping Spring Data JPA repositories in DEFAULT mode.
2023:04:15 19:00:38.935 [main] INFO  org.springframework.data.repository.config.RepositoryConfigurationDelegate - Finished Spring Data repository scanning in 86 ms. Found 6 JPA repository interfaces.
2023:04:15 19:00:39.573 [main] INFO  org.hibernate.jpa.internal.util.LogHelper - HHH000204: Processing PersistenceUnitInfo [name: default]
2023:04:15 19:00:39.644 [main] INFO  org.hibernate.Version - HHH000412: Hibernate ORM core version 6.1.5.Final
2023:04:15 19:00:39.852 [main] WARN  org.hibernate.orm.deprecation - HHH90000021: Encountered deprecated setting [javax.persistence.sharedCache.mode], use [jakarta.persistence.sharedCache.mode] instead
2023:04:15 19:00:40.089 [main] INFO  com.zaxxer.hikari.HikariDataSource - HikariPool-1 - Starting...
2023:04:15 19:00:40.439 [main] INFO  com.zaxxer.hikari.pool.HikariPool - HikariPool-1 - Added connection com.mysql.cj.jdbc.ConnectionImpl@5df7a065
2023:04:15 19:00:40.441 [main] INFO  com.zaxxer.hikari.HikariDataSource - HikariPool-1 - Start completed.
2023:04:15 19:00:40.498 [main] INFO  SQL dialect - HHH000400: Using dialect: org.hibernate.dialect.MySQLDialect
2023:04:15 19:00:41.656 [main] INFO  org.hibernate.engine.transaction.jta.platform.internal.JtaPlatformInitiator - HHH000490: Using JtaPlatform implementation: [org.hibernate.engine.transaction.jta.platform.internal.NoJtaPlatform]
2023:04:15 19:00:41.665 [main] INFO  org.springframework.orm.jpa.LocalContainerEntityManagerFactoryBean - Initialized JPA EntityManagerFactory for persistence unit 'default'
2023:04:15 19:00:42.302 [main] WARN  org.springframework.boot.autoconfigure.orm.jpa.JpaBaseConfiguration$JpaWebConfiguration - spring.jpa.open-in-view is enabled by default. Therefore, database queries may be performed during view rendering. Explicitly configure spring.jpa.open-in-view to disable this warning
2023:04:15 19:00:42.759 [main] INFO  org.springframework.security.web.DefaultSecurityFilterChain - Will secure any request with [org.springframework.security.web.session.DisableEncodeUrlFilter@34ac72c3, org.springframework.security.web.context.request.async.WebAsyncManagerIntegrationFilter@6cd8c373, org.springframework.security.web.context.SecurityContextHolderFilter@46059b73, org.springframework.security.web.header.HeaderWriterFilter@113a89c5, org.springframework.security.web.csrf.CsrfFilter@3f0c2eff, org.springframework.security.web.authentication.logout.LogoutFilter@1509bd56, org.springframework.security.oauth2.client.web.OAuth2AuthorizationRequestRedirectFilter@1ddc5857, org.springframework.security.oauth2.client.web.OAuth2LoginAuthenticationFilter@57f1fbae, org.springframework.security.web.authentication.UsernamePasswordAuthenticationFilter@4b8ba6b7, org.springframework.security.web.authentication.ui.DefaultLoginPageGeneratingFilter@671561b9, org.springframework.security.web.authentication.ui.DefaultLogoutPageGeneratingFilter@449f9628, org.springframework.security.web.authentication.www.BasicAuthenticationFilter@674c01ce, org.springframework.security.web.savedrequest.RequestCacheAwareFilter@6bb46040, org.springframework.security.web.servletapi.SecurityContextHolderAwareRequestFilter@2898c70d, org.springframework.security.web.authentication.AnonymousAuthenticationFilter@37806ccb, org.springframework.security.web.access.ExceptionTranslationFilter@407ff25f, org.springframework.security.web.access.intercept.AuthorizationFilter@1ecbb787]
2023:04:15 19:00:43.213 [main] INFO  com.nnk.springboot.controllersTest.RatingControllerTest - Started RatingControllerTest in 5.58 seconds (process running for 7.488)
2023:04:15 19:00:43.571 [main] INFO  com.nnk.springboot.MyAppLogger - POST /rating/validate
2023:04:15 19:00:43.574 [main] ERROR com.nnk.springboot.MyAppLogger - rating to create has errors
2023:04:15 19:00:43.601 [SpringApplicationShutdownHook] INFO  org.springframework.orm.jpa.LocalContainerEntityManagerFactoryBean - Closing JPA EntityManagerFactory for persistence unit 'default'
2023:04:15 19:00:43.605 [SpringApplicationShutdownHook] INFO  com.zaxxer.hikari.HikariDataSource - HikariPool-1 - Shutdown initiated...
2023:04:15 19:00:43.617 [SpringApplicationShutdownHook] INFO  com.zaxxer.hikari.HikariDataSource - HikariPool-1 - Shutdown completed.
2023:04:15 19:08:56.791 [main] INFO  org.springframework.test.context.support.AnnotationConfigContextLoaderUtils - Could not detect default configuration classes for test class [com.nnk.springboot.controllersTest.UserControllerTest]: UserControllerTest does not declare any static, non-private, non-final, nested classes annotated with @Configuration.
2023:04:15 19:08:56.903 [main] INFO  org.springframework.boot.test.context.SpringBootTestContextBootstrapper - Found @SpringBootConfiguration com.nnk.springboot.Application for test class com.nnk.springboot.controllersTest.UserControllerTest
2023:04:15 19:08:57.308 [background-preinit] INFO  org.hibernate.validator.internal.util.Version - HV000001: Hibernate Validator 8.0.0.Final
2023:04:15 19:08:57.333 [main] INFO  com.nnk.springboot.controllersTest.UserControllerTest - Starting UserControllerTest using Java 19.0.2 with PID 9332 (started by ebonn in C:\Users\ebonn\projets\Poseidon\Poseiden-skeleton)
2023:04:15 19:08:57.338 [main] INFO  com.nnk.springboot.controllersTest.UserControllerTest - No active profile set, falling back to 1 default profile: "default"
2023:04:15 19:08:58.214 [main] INFO  org.springframework.data.repository.config.RepositoryConfigurationDelegate - Bootstrapping Spring Data JPA repositories in DEFAULT mode.
2023:04:15 19:08:58.296 [main] INFO  org.springframework.data.repository.config.RepositoryConfigurationDelegate - Finished Spring Data repository scanning in 71 ms. Found 6 JPA repository interfaces.
2023:04:15 19:08:58.895 [main] INFO  org.hibernate.jpa.internal.util.LogHelper - HHH000204: Processing PersistenceUnitInfo [name: default]
2023:04:15 19:08:58.957 [main] INFO  org.hibernate.Version - HHH000412: Hibernate ORM core version 6.1.5.Final
2023:04:15 19:08:59.152 [main] WARN  org.hibernate.orm.deprecation - HHH90000021: Encountered deprecated setting [javax.persistence.sharedCache.mode], use [jakarta.persistence.sharedCache.mode] instead
2023:04:15 19:08:59.370 [main] INFO  com.zaxxer.hikari.HikariDataSource - HikariPool-1 - Starting...
2023:04:15 19:08:59.791 [main] INFO  com.zaxxer.hikari.pool.HikariPool - HikariPool-1 - Added connection com.mysql.cj.jdbc.ConnectionImpl@516c20de
2023:04:15 19:08:59.792 [main] INFO  com.zaxxer.hikari.HikariDataSource - HikariPool-1 - Start completed.
2023:04:15 19:08:59.849 [main] INFO  SQL dialect - HHH000400: Using dialect: org.hibernate.dialect.MySQLDialect
2023:04:15 19:09:00.979 [main] INFO  org.hibernate.engine.transaction.jta.platform.internal.JtaPlatformInitiator - HHH000490: Using JtaPlatform implementation: [org.hibernate.engine.transaction.jta.platform.internal.NoJtaPlatform]
2023:04:15 19:09:00.989 [main] INFO  org.springframework.orm.jpa.LocalContainerEntityManagerFactoryBean - Initialized JPA EntityManagerFactory for persistence unit 'default'
2023:04:15 19:09:01.642 [main] WARN  org.springframework.boot.autoconfigure.orm.jpa.JpaBaseConfiguration$JpaWebConfiguration - spring.jpa.open-in-view is enabled by default. Therefore, database queries may be performed during view rendering. Explicitly configure spring.jpa.open-in-view to disable this warning
2023:04:15 19:09:02.087 [main] INFO  org.springframework.security.web.DefaultSecurityFilterChain - Will secure any request with [org.springframework.security.web.session.DisableEncodeUrlFilter@e1d2781, org.springframework.security.web.context.request.async.WebAsyncManagerIntegrationFilter@3c00da24, org.springframework.security.web.context.SecurityContextHolderFilter@30a99b85, org.springframework.security.web.header.HeaderWriterFilter@7a8e484b, org.springframework.security.web.csrf.CsrfFilter@45e49d3d, org.springframework.security.web.authentication.logout.LogoutFilter@40dd2cfe, org.springframework.security.oauth2.client.web.OAuth2AuthorizationRequestRedirectFilter@500beb9f, org.springframework.security.oauth2.client.web.OAuth2LoginAuthenticationFilter@21f27bb5, org.springframework.security.web.authentication.UsernamePasswordAuthenticationFilter@76685ab0, org.springframework.security.web.authentication.ui.DefaultLoginPageGeneratingFilter@77e24d3c, org.springframework.security.web.authentication.ui.DefaultLogoutPageGeneratingFilter@430dbcb0, org.springframework.security.web.authentication.www.BasicAuthenticationFilter@5603632c, org.springframework.security.web.savedrequest.RequestCacheAwareFilter@20bf7206, org.springframework.security.web.servletapi.SecurityContextHolderAwareRequestFilter@39f5eba4, org.springframework.security.web.authentication.AnonymousAuthenticationFilter@726d0482, org.springframework.security.web.access.ExceptionTranslationFilter@6bbd4048, org.springframework.security.web.access.intercept.AuthorizationFilter@2a22e7e2]
2023:04:15 19:09:02.562 [main] INFO  com.nnk.springboot.controllersTest.UserControllerTest - Started UserControllerTest in 5.517 seconds (process running for 7.323)
2023:04:15 19:09:02.912 [main] INFO  com.nnk.springboot.MyAppLogger - POST /user/validate for username 
2023:04:15 19:09:03.003 [main] INFO  com.nnk.springboot.MyAppLogger - user saved / list of users added to model
2023:04:15 19:09:03.029 [SpringApplicationShutdownHook] INFO  org.springframework.orm.jpa.LocalContainerEntityManagerFactoryBean - Closing JPA EntityManagerFactory for persistence unit 'default'
2023:04:15 19:09:03.035 [SpringApplicationShutdownHook] INFO  com.zaxxer.hikari.HikariDataSource - HikariPool-1 - Shutdown initiated...
2023:04:15 19:09:03.045 [SpringApplicationShutdownHook] INFO  com.zaxxer.hikari.HikariDataSource - HikariPool-1 - Shutdown completed.
2023:04:15 19:11:15.836 [main] INFO  org.springframework.test.context.support.AnnotationConfigContextLoaderUtils - Could not detect default configuration classes for test class [com.nnk.springboot.controllersTest.UserControllerTest]: UserControllerTest does not declare any static, non-private, non-final, nested classes annotated with @Configuration.
2023:04:15 19:11:15.985 [main] INFO  org.springframework.boot.test.context.SpringBootTestContextBootstrapper - Found @SpringBootConfiguration com.nnk.springboot.Application for test class com.nnk.springboot.controllersTest.UserControllerTest
2023:04:15 19:11:16.430 [background-preinit] INFO  org.hibernate.validator.internal.util.Version - HV000001: Hibernate Validator 8.0.0.Final
2023:04:15 19:11:16.464 [main] INFO  com.nnk.springboot.controllersTest.UserControllerTest - Starting UserControllerTest using Java 19.0.2 with PID 18164 (started by ebonn in C:\Users\ebonn\projets\Poseidon\Poseiden-skeleton)
2023:04:15 19:11:16.468 [main] INFO  com.nnk.springboot.controllersTest.UserControllerTest - No active profile set, falling back to 1 default profile: "default"
2023:04:15 19:11:17.407 [main] INFO  org.springframework.data.repository.config.RepositoryConfigurationDelegate - Bootstrapping Spring Data JPA repositories in DEFAULT mode.
2023:04:15 19:11:17.496 [main] INFO  org.springframework.data.repository.config.RepositoryConfigurationDelegate - Finished Spring Data repository scanning in 76 ms. Found 6 JPA repository interfaces.
2023:04:15 19:11:18.130 [main] INFO  org.hibernate.jpa.internal.util.LogHelper - HHH000204: Processing PersistenceUnitInfo [name: default]
2023:04:15 19:11:18.228 [main] INFO  org.hibernate.Version - HHH000412: Hibernate ORM core version 6.1.5.Final
2023:04:15 19:11:18.440 [main] WARN  org.hibernate.orm.deprecation - HHH90000021: Encountered deprecated setting [javax.persistence.sharedCache.mode], use [jakarta.persistence.sharedCache.mode] instead
2023:04:15 19:11:18.630 [main] INFO  com.zaxxer.hikari.HikariDataSource - HikariPool-1 - Starting...
2023:04:15 19:11:19.027 [main] INFO  com.zaxxer.hikari.pool.HikariPool - HikariPool-1 - Added connection com.mysql.cj.jdbc.ConnectionImpl@4a890fdd
2023:04:15 19:11:19.029 [main] INFO  com.zaxxer.hikari.HikariDataSource - HikariPool-1 - Start completed.
2023:04:15 19:11:19.076 [main] INFO  SQL dialect - HHH000400: Using dialect: org.hibernate.dialect.MySQLDialect
2023:04:15 19:11:20.175 [main] INFO  org.hibernate.engine.transaction.jta.platform.internal.JtaPlatformInitiator - HHH000490: Using JtaPlatform implementation: [org.hibernate.engine.transaction.jta.platform.internal.NoJtaPlatform]
2023:04:15 19:11:20.185 [main] INFO  org.springframework.orm.jpa.LocalContainerEntityManagerFactoryBean - Initialized JPA EntityManagerFactory for persistence unit 'default'
2023:04:15 19:11:20.710 [main] WARN  org.springframework.boot.autoconfigure.orm.jpa.JpaBaseConfiguration$JpaWebConfiguration - spring.jpa.open-in-view is enabled by default. Therefore, database queries may be performed during view rendering. Explicitly configure spring.jpa.open-in-view to disable this warning
2023:04:15 19:11:21.247 [main] INFO  org.springframework.security.web.DefaultSecurityFilterChain - Will secure any request with [org.springframework.security.web.session.DisableEncodeUrlFilter@15e881c0, org.springframework.security.web.context.request.async.WebAsyncManagerIntegrationFilter@68ee7b3b, org.springframework.security.web.context.SecurityContextHolderFilter@56afbace, org.springframework.security.web.header.HeaderWriterFilter@2bef33e7, org.springframework.security.web.csrf.CsrfFilter@2f59cb6f, org.springframework.security.web.authentication.logout.LogoutFilter@3956e933, org.springframework.security.oauth2.client.web.OAuth2AuthorizationRequestRedirectFilter@702e21c, org.springframework.security.oauth2.client.web.OAuth2LoginAuthenticationFilter@7021bb55, org.springframework.security.web.authentication.UsernamePasswordAuthenticationFilter@344f4a82, org.springframework.security.web.authentication.ui.DefaultLoginPageGeneratingFilter@3b446d7, org.springframework.security.web.authentication.ui.DefaultLogoutPageGeneratingFilter@159a32a4, org.springframework.security.web.authentication.www.BasicAuthenticationFilter@68a1bb31, org.springframework.security.web.savedrequest.RequestCacheAwareFilter@53850535, org.springframework.security.web.servletapi.SecurityContextHolderAwareRequestFilter@3ba8fbc8, org.springframework.security.web.authentication.AnonymousAuthenticationFilter@4ceb368b, org.springframework.security.web.access.ExceptionTranslationFilter@21d561c9, org.springframework.security.web.access.intercept.AuthorizationFilter@7f922523]
2023:04:15 19:11:21.681 [main] INFO  com.nnk.springboot.controllersTest.UserControllerTest - Started UserControllerTest in 5.517 seconds (process running for 7.438)
2023:04:15 19:11:22.021 [main] INFO  com.nnk.springboot.MyAppLogger - POST /user/validate for username 
2023:04:15 19:11:22.109 [main] INFO  com.nnk.springboot.MyAppLogger - user saved / list of users added to model
2023:04:15 19:11:22.153 [SpringApplicationShutdownHook] INFO  org.springframework.orm.jpa.LocalContainerEntityManagerFactoryBean - Closing JPA EntityManagerFactory for persistence unit 'default'
2023:04:15 19:11:22.155 [SpringApplicationShutdownHook] INFO  com.zaxxer.hikari.HikariDataSource - HikariPool-1 - Shutdown initiated...
2023:04:15 19:11:22.171 [SpringApplicationShutdownHook] INFO  com.zaxxer.hikari.HikariDataSource - HikariPool-1 - Shutdown completed.
2023:04:15 19:12:28.828 [main] INFO  org.springframework.test.context.support.AnnotationConfigContextLoaderUtils - Could not detect default configuration classes for test class [com.nnk.springboot.controllersTest.UserControllerTest]: UserControllerTest does not declare any static, non-private, non-final, nested classes annotated with @Configuration.
2023:04:15 19:12:28.941 [main] INFO  org.springframework.boot.test.context.SpringBootTestContextBootstrapper - Found @SpringBootConfiguration com.nnk.springboot.Application for test class com.nnk.springboot.controllersTest.UserControllerTest
2023:04:15 19:12:29.332 [background-preinit] INFO  org.hibernate.validator.internal.util.Version - HV000001: Hibernate Validator 8.0.0.Final
2023:04:15 19:12:29.356 [main] INFO  com.nnk.springboot.controllersTest.UserControllerTest - Starting UserControllerTest using Java 19.0.2 with PID 11172 (started by ebonn in C:\Users\ebonn\projets\Poseidon\Poseiden-skeleton)
2023:04:15 19:12:29.376 [main] INFO  com.nnk.springboot.controllersTest.UserControllerTest - No active profile set, falling back to 1 default profile: "default"
2023:04:15 19:12:30.231 [main] INFO  org.springframework.data.repository.config.RepositoryConfigurationDelegate - Bootstrapping Spring Data JPA repositories in DEFAULT mode.
2023:04:15 19:12:30.316 [main] INFO  org.springframework.data.repository.config.RepositoryConfigurationDelegate - Finished Spring Data repository scanning in 74 ms. Found 6 JPA repository interfaces.
2023:04:15 19:12:31.011 [main] INFO  org.hibernate.jpa.internal.util.LogHelper - HHH000204: Processing PersistenceUnitInfo [name: default]
2023:04:15 19:12:31.077 [main] INFO  org.hibernate.Version - HHH000412: Hibernate ORM core version 6.1.5.Final
2023:04:15 19:12:31.267 [main] WARN  org.hibernate.orm.deprecation - HHH90000021: Encountered deprecated setting [javax.persistence.sharedCache.mode], use [jakarta.persistence.sharedCache.mode] instead
2023:04:15 19:12:31.482 [main] INFO  com.zaxxer.hikari.HikariDataSource - HikariPool-1 - Starting...
2023:04:15 19:12:31.834 [main] INFO  com.zaxxer.hikari.pool.HikariPool - HikariPool-1 - Added connection com.mysql.cj.jdbc.ConnectionImpl@5310e451
2023:04:15 19:12:31.836 [main] INFO  com.zaxxer.hikari.HikariDataSource - HikariPool-1 - Start completed.
2023:04:15 19:12:31.930 [main] INFO  SQL dialect - HHH000400: Using dialect: org.hibernate.dialect.MySQLDialect
2023:04:15 19:12:33.055 [main] INFO  org.hibernate.engine.transaction.jta.platform.internal.JtaPlatformInitiator - HHH000490: Using JtaPlatform implementation: [org.hibernate.engine.transaction.jta.platform.internal.NoJtaPlatform]
2023:04:15 19:12:33.063 [main] INFO  org.springframework.orm.jpa.LocalContainerEntityManagerFactoryBean - Initialized JPA EntityManagerFactory for persistence unit 'default'
2023:04:15 19:12:33.652 [main] WARN  org.springframework.boot.autoconfigure.orm.jpa.JpaBaseConfiguration$JpaWebConfiguration - spring.jpa.open-in-view is enabled by default. Therefore, database queries may be performed during view rendering. Explicitly configure spring.jpa.open-in-view to disable this warning
2023:04:15 19:12:34.125 [main] INFO  org.springframework.security.web.DefaultSecurityFilterChain - Will secure any request with [org.springframework.security.web.session.DisableEncodeUrlFilter@2f59cb6f, org.springframework.security.web.context.request.async.WebAsyncManagerIntegrationFilter@60cbba57, org.springframework.security.web.context.SecurityContextHolderFilter@66831b14, org.springframework.security.web.header.HeaderWriterFilter@650997b0, org.springframework.security.web.csrf.CsrfFilter@7fda84cf, org.springframework.security.web.authentication.logout.LogoutFilter@5f662dd, org.springframework.security.oauth2.client.web.OAuth2AuthorizationRequestRedirectFilter@186fc6e, org.springframework.security.oauth2.client.web.OAuth2LoginAuthenticationFilter@7896e96a, org.springframework.security.web.authentication.UsernamePasswordAuthenticationFilter@73f0b216, org.springframework.security.web.authentication.ui.DefaultLoginPageGeneratingFilter@3d84f113, org.springframework.security.web.authentication.ui.DefaultLogoutPageGeneratingFilter@614d01b, org.springframework.security.web.authentication.www.BasicAuthenticationFilter@34f3c920, org.springframework.security.web.savedrequest.RequestCacheAwareFilter@3a641f6, org.springframework.security.web.servletapi.SecurityContextHolderAwareRequestFilter@13f255ed, org.springframework.security.web.authentication.AnonymousAuthenticationFilter@3be2ef56, org.springframework.security.web.access.ExceptionTranslationFilter@3c070ade, org.springframework.security.web.access.intercept.AuthorizationFilter@3ed2a30c]
2023:04:15 19:12:34.562 [main] INFO  com.nnk.springboot.controllersTest.UserControllerTest - Started UserControllerTest in 5.472 seconds (process running for 7.189)
2023:04:15 19:12:34.900 [main] INFO  com.nnk.springboot.MyAppLogger - POST /user/validate for username 
2023:04:15 19:12:34.901 [main] INFO  com.nnk.springboot.MyAppLogger - no errors in user
2023:04:15 19:12:34.990 [main] INFO  com.nnk.springboot.MyAppLogger - user saved / list of users added to model
2023:04:15 19:12:35.018 [SpringApplicationShutdownHook] INFO  org.springframework.orm.jpa.LocalContainerEntityManagerFactoryBean - Closing JPA EntityManagerFactory for persistence unit 'default'
2023:04:15 19:12:35.022 [SpringApplicationShutdownHook] INFO  com.zaxxer.hikari.HikariDataSource - HikariPool-1 - Shutdown initiated...
2023:04:15 19:12:35.031 [SpringApplicationShutdownHook] INFO  com.zaxxer.hikari.HikariDataSource - HikariPool-1 - Shutdown completed.
2023:04:15 19:21:44.294 [main] INFO  org.springframework.test.context.support.AnnotationConfigContextLoaderUtils - Could not detect default configuration classes for test class [com.nnk.springboot.controllersTest.UserControllerTest]: UserControllerTest does not declare any static, non-private, non-final, nested classes annotated with @Configuration.
2023:04:15 19:21:44.407 [main] INFO  org.springframework.boot.test.context.SpringBootTestContextBootstrapper - Found @SpringBootConfiguration com.nnk.springboot.Application for test class com.nnk.springboot.controllersTest.UserControllerTest
2023:04:15 19:21:44.795 [background-preinit] INFO  org.hibernate.validator.internal.util.Version - HV000001: Hibernate Validator 8.0.0.Final
2023:04:15 19:21:44.819 [main] INFO  com.nnk.springboot.controllersTest.UserControllerTest - Starting UserControllerTest using Java 19.0.2 with PID 22156 (started by ebonn in C:\Users\ebonn\projets\Poseidon\Poseiden-skeleton)
2023:04:15 19:21:44.829 [main] INFO  com.nnk.springboot.controllersTest.UserControllerTest - No active profile set, falling back to 1 default profile: "default"
2023:04:15 19:21:45.711 [main] INFO  org.springframework.data.repository.config.RepositoryConfigurationDelegate - Bootstrapping Spring Data JPA repositories in DEFAULT mode.
2023:04:15 19:21:45.807 [main] INFO  org.springframework.data.repository.config.RepositoryConfigurationDelegate - Finished Spring Data repository scanning in 87 ms. Found 6 JPA repository interfaces.
2023:04:15 19:21:46.469 [main] INFO  org.hibernate.jpa.internal.util.LogHelper - HHH000204: Processing PersistenceUnitInfo [name: default]
2023:04:15 19:21:46.541 [main] INFO  org.hibernate.Version - HHH000412: Hibernate ORM core version 6.1.5.Final
2023:04:15 19:21:46.742 [main] WARN  org.hibernate.orm.deprecation - HHH90000021: Encountered deprecated setting [javax.persistence.sharedCache.mode], use [jakarta.persistence.sharedCache.mode] instead
2023:04:15 19:21:46.967 [main] INFO  com.zaxxer.hikari.HikariDataSource - HikariPool-1 - Starting...
2023:04:15 19:21:47.347 [main] INFO  com.zaxxer.hikari.pool.HikariPool - HikariPool-1 - Added connection com.mysql.cj.jdbc.ConnectionImpl@644947ee
2023:04:15 19:21:47.349 [main] INFO  com.zaxxer.hikari.HikariDataSource - HikariPool-1 - Start completed.
2023:04:15 19:21:47.422 [main] INFO  SQL dialect - HHH000400: Using dialect: org.hibernate.dialect.MySQLDialect
2023:04:15 19:21:48.455 [main] INFO  org.hibernate.engine.transaction.jta.platform.internal.JtaPlatformInitiator - HHH000490: Using JtaPlatform implementation: [org.hibernate.engine.transaction.jta.platform.internal.NoJtaPlatform]
2023:04:15 19:21:48.463 [main] INFO  org.springframework.orm.jpa.LocalContainerEntityManagerFactoryBean - Initialized JPA EntityManagerFactory for persistence unit 'default'
2023:04:15 19:21:49.089 [main] WARN  org.springframework.boot.autoconfigure.orm.jpa.JpaBaseConfiguration$JpaWebConfiguration - spring.jpa.open-in-view is enabled by default. Therefore, database queries may be performed during view rendering. Explicitly configure spring.jpa.open-in-view to disable this warning
2023:04:15 19:21:49.556 [main] INFO  org.springframework.security.web.DefaultSecurityFilterChain - Will secure any request with [org.springframework.security.web.session.DisableEncodeUrlFilter@614d01b, org.springframework.security.web.context.request.async.WebAsyncManagerIntegrationFilter@3be2ef56, org.springframework.security.web.context.SecurityContextHolderFilter@3a641f6, org.springframework.security.web.header.HeaderWriterFilter@77e24d3c, org.springframework.security.web.csrf.CsrfFilter@19240b9, org.springframework.security.web.authentication.logout.LogoutFilter@760ac834, org.springframework.security.oauth2.client.web.OAuth2AuthorizationRequestRedirectFilter@569026df, org.springframework.security.oauth2.client.web.OAuth2LoginAuthenticationFilter@7828bc6b, org.springframework.security.web.authentication.UsernamePasswordAuthenticationFilter@1ea78c72, org.springframework.security.web.authentication.ui.DefaultLoginPageGeneratingFilter@6779959d, org.springframework.security.web.authentication.ui.DefaultLogoutPageGeneratingFilter@5a8149f6, org.springframework.security.web.authentication.www.BasicAuthenticationFilter@73bd146c, org.springframework.security.web.savedrequest.RequestCacheAwareFilter@18ed8b75, org.springframework.security.web.servletapi.SecurityContextHolderAwareRequestFilter@4265cbed, org.springframework.security.web.authentication.AnonymousAuthenticationFilter@672549f3, org.springframework.security.web.access.ExceptionTranslationFilter@650997b0, org.springframework.security.web.access.intercept.AuthorizationFilter@3c6d3ba]
2023:04:15 19:21:49.954 [main] INFO  com.nnk.springboot.controllersTest.UserControllerTest - Started UserControllerTest in 5.406 seconds (process running for 7.16)
2023:04:15 19:21:50.316 [main] INFO  com.nnk.springboot.MyAppLogger - POST /user/validate for username 
2023:04:15 19:21:50.318 [main] INFO  com.nnk.springboot.MyAppLogger - no errors in user
2023:04:15 19:21:50.405 [main] INFO  com.nnk.springboot.MyAppLogger - user saved / list of users added to model
2023:04:15 19:21:50.439 [SpringApplicationShutdownHook] INFO  org.springframework.orm.jpa.LocalContainerEntityManagerFactoryBean - Closing JPA EntityManagerFactory for persistence unit 'default'
2023:04:15 19:21:50.442 [SpringApplicationShutdownHook] INFO  com.zaxxer.hikari.HikariDataSource - HikariPool-1 - Shutdown initiated...
2023:04:15 19:21:50.453 [SpringApplicationShutdownHook] INFO  com.zaxxer.hikari.HikariDataSource - HikariPool-1 - Shutdown completed.
2023:04:15 19:22:09.288 [main] INFO  org.springframework.test.context.support.AnnotationConfigContextLoaderUtils - Could not detect default configuration classes for test class [com.nnk.springboot.controllersTest.UserControllerTest]: UserControllerTest does not declare any static, non-private, non-final, nested classes annotated with @Configuration.
2023:04:15 19:22:09.400 [main] INFO  org.springframework.boot.test.context.SpringBootTestContextBootstrapper - Found @SpringBootConfiguration com.nnk.springboot.Application for test class com.nnk.springboot.controllersTest.UserControllerTest
2023:04:15 19:22:09.798 [background-preinit] INFO  org.hibernate.validator.internal.util.Version - HV000001: Hibernate Validator 8.0.0.Final
2023:04:15 19:22:09.818 [main] INFO  com.nnk.springboot.controllersTest.UserControllerTest - Starting UserControllerTest using Java 19.0.2 with PID 5684 (started by ebonn in C:\Users\ebonn\projets\Poseidon\Poseiden-skeleton)
2023:04:15 19:22:09.832 [main] INFO  com.nnk.springboot.controllersTest.UserControllerTest - No active profile set, falling back to 1 default profile: "default"
2023:04:15 19:22:10.683 [main] INFO  org.springframework.data.repository.config.RepositoryConfigurationDelegate - Bootstrapping Spring Data JPA repositories in DEFAULT mode.
2023:04:15 19:22:10.778 [main] INFO  org.springframework.data.repository.config.RepositoryConfigurationDelegate - Finished Spring Data repository scanning in 86 ms. Found 6 JPA repository interfaces.
2023:04:15 19:22:11.464 [main] INFO  org.hibernate.jpa.internal.util.LogHelper - HHH000204: Processing PersistenceUnitInfo [name: default]
2023:04:15 19:22:11.525 [main] INFO  org.hibernate.Version - HHH000412: Hibernate ORM core version 6.1.5.Final
2023:04:15 19:22:11.724 [main] WARN  org.hibernate.orm.deprecation - HHH90000021: Encountered deprecated setting [javax.persistence.sharedCache.mode], use [jakarta.persistence.sharedCache.mode] instead
2023:04:15 19:22:11.956 [main] INFO  com.zaxxer.hikari.HikariDataSource - HikariPool-1 - Starting...
2023:04:15 19:22:12.357 [main] INFO  com.zaxxer.hikari.pool.HikariPool - HikariPool-1 - Added connection com.mysql.cj.jdbc.ConnectionImpl@644947ee
2023:04:15 19:22:12.358 [main] INFO  com.zaxxer.hikari.HikariDataSource - HikariPool-1 - Start completed.
2023:04:15 19:22:12.405 [main] INFO  SQL dialect - HHH000400: Using dialect: org.hibernate.dialect.MySQLDialect
2023:04:15 19:22:13.452 [main] INFO  org.hibernate.engine.transaction.jta.platform.internal.JtaPlatformInitiator - HHH000490: Using JtaPlatform implementation: [org.hibernate.engine.transaction.jta.platform.internal.NoJtaPlatform]
2023:04:15 19:22:13.460 [main] INFO  org.springframework.orm.jpa.LocalContainerEntityManagerFactoryBean - Initialized JPA EntityManagerFactory for persistence unit 'default'
2023:04:15 19:22:14.026 [main] WARN  org.springframework.boot.autoconfigure.orm.jpa.JpaBaseConfiguration$JpaWebConfiguration - spring.jpa.open-in-view is enabled by default. Therefore, database queries may be performed during view rendering. Explicitly configure spring.jpa.open-in-view to disable this warning
2023:04:15 19:22:14.499 [main] INFO  org.springframework.security.web.DefaultSecurityFilterChain - Will secure any request with [org.springframework.security.web.session.DisableEncodeUrlFilter@614d01b, org.springframework.security.web.context.request.async.WebAsyncManagerIntegrationFilter@3be2ef56, org.springframework.security.web.context.SecurityContextHolderFilter@3a641f6, org.springframework.security.web.header.HeaderWriterFilter@77e24d3c, org.springframework.security.web.csrf.CsrfFilter@19240b9, org.springframework.security.web.authentication.logout.LogoutFilter@760ac834, org.springframework.security.oauth2.client.web.OAuth2AuthorizationRequestRedirectFilter@569026df, org.springframework.security.oauth2.client.web.OAuth2LoginAuthenticationFilter@7828bc6b, org.springframework.security.web.authentication.UsernamePasswordAuthenticationFilter@1ea78c72, org.springframework.security.web.authentication.ui.DefaultLoginPageGeneratingFilter@6779959d, org.springframework.security.web.authentication.ui.DefaultLogoutPageGeneratingFilter@5a8149f6, org.springframework.security.web.authentication.www.BasicAuthenticationFilter@73bd146c, org.springframework.security.web.savedrequest.RequestCacheAwareFilter@18ed8b75, org.springframework.security.web.servletapi.SecurityContextHolderAwareRequestFilter@4265cbed, org.springframework.security.web.authentication.AnonymousAuthenticationFilter@672549f3, org.springframework.security.web.access.ExceptionTranslationFilter@650997b0, org.springframework.security.web.access.intercept.AuthorizationFilter@3c6d3ba]
2023:04:15 19:22:14.880 [main] INFO  com.nnk.springboot.controllersTest.UserControllerTest - Started UserControllerTest in 5.339 seconds (process running for 7.046)
2023:04:15 19:22:15.225 [main] INFO  com.nnk.springboot.MyAppLogger - POST /user/validate for username 
2023:04:15 19:22:15.254 [SpringApplicationShutdownHook] INFO  org.springframework.orm.jpa.LocalContainerEntityManagerFactoryBean - Closing JPA EntityManagerFactory for persistence unit 'default'
2023:04:15 19:22:15.257 [SpringApplicationShutdownHook] INFO  com.zaxxer.hikari.HikariDataSource - HikariPool-1 - Shutdown initiated...
2023:04:15 19:22:15.266 [SpringApplicationShutdownHook] INFO  com.zaxxer.hikari.HikariDataSource - HikariPool-1 - Shutdown completed.
2023:04:15 19:26:12.883 [main] INFO  org.springframework.test.context.support.AnnotationConfigContextLoaderUtils - Could not detect default configuration classes for test class [com.nnk.springboot.controllersTest.UserControllerTest]: UserControllerTest does not declare any static, non-private, non-final, nested classes annotated with @Configuration.
2023:04:15 19:26:12.994 [main] INFO  org.springframework.boot.test.context.SpringBootTestContextBootstrapper - Found @SpringBootConfiguration com.nnk.springboot.Application for test class com.nnk.springboot.controllersTest.UserControllerTest
2023:04:15 19:26:13.391 [background-preinit] INFO  org.hibernate.validator.internal.util.Version - HV000001: Hibernate Validator 8.0.0.Final
2023:04:15 19:26:13.416 [main] INFO  com.nnk.springboot.controllersTest.UserControllerTest - Starting UserControllerTest using Java 19.0.2 with PID 7344 (started by ebonn in C:\Users\ebonn\projets\Poseidon\Poseiden-skeleton)
2023:04:15 19:26:13.422 [main] INFO  com.nnk.springboot.controllersTest.UserControllerTest - No active profile set, falling back to 1 default profile: "default"
2023:04:15 19:26:14.264 [main] INFO  org.springframework.data.repository.config.RepositoryConfigurationDelegate - Bootstrapping Spring Data JPA repositories in DEFAULT mode.
2023:04:15 19:26:14.354 [main] INFO  org.springframework.data.repository.config.RepositoryConfigurationDelegate - Finished Spring Data repository scanning in 80 ms. Found 6 JPA repository interfaces.
2023:04:15 19:26:15.012 [main] INFO  org.hibernate.jpa.internal.util.LogHelper - HHH000204: Processing PersistenceUnitInfo [name: default]
2023:04:15 19:26:15.061 [main] INFO  org.hibernate.Version - HHH000412: Hibernate ORM core version 6.1.5.Final
2023:04:15 19:26:15.247 [main] WARN  org.hibernate.orm.deprecation - HHH90000021: Encountered deprecated setting [javax.persistence.sharedCache.mode], use [jakarta.persistence.sharedCache.mode] instead
2023:04:15 19:26:15.454 [main] INFO  com.zaxxer.hikari.HikariDataSource - HikariPool-1 - Starting...
2023:04:15 19:26:15.849 [main] INFO  com.zaxxer.hikari.pool.HikariPool - HikariPool-1 - Added connection com.mysql.cj.jdbc.ConnectionImpl@644947ee
2023:04:15 19:26:15.851 [main] INFO  com.zaxxer.hikari.HikariDataSource - HikariPool-1 - Start completed.
2023:04:15 19:26:15.915 [main] INFO  SQL dialect - HHH000400: Using dialect: org.hibernate.dialect.MySQLDialect
2023:04:15 19:26:17.006 [main] INFO  org.hibernate.engine.transaction.jta.platform.internal.JtaPlatformInitiator - HHH000490: Using JtaPlatform implementation: [org.hibernate.engine.transaction.jta.platform.internal.NoJtaPlatform]
2023:04:15 19:26:17.015 [main] INFO  org.springframework.orm.jpa.LocalContainerEntityManagerFactoryBean - Initialized JPA EntityManagerFactory for persistence unit 'default'
2023:04:15 19:26:17.672 [main] WARN  org.springframework.boot.autoconfigure.orm.jpa.JpaBaseConfiguration$JpaWebConfiguration - spring.jpa.open-in-view is enabled by default. Therefore, database queries may be performed during view rendering. Explicitly configure spring.jpa.open-in-view to disable this warning
2023:04:15 19:26:18.097 [main] INFO  org.springframework.security.web.DefaultSecurityFilterChain - Will secure any request with [org.springframework.security.web.session.DisableEncodeUrlFilter@614d01b, org.springframework.security.web.context.request.async.WebAsyncManagerIntegrationFilter@3be2ef56, org.springframework.security.web.context.SecurityContextHolderFilter@3a641f6, org.springframework.security.web.header.HeaderWriterFilter@77e24d3c, org.springframework.security.web.csrf.CsrfFilter@19240b9, org.springframework.security.web.authentication.logout.LogoutFilter@760ac834, org.springframework.security.oauth2.client.web.OAuth2AuthorizationRequestRedirectFilter@569026df, org.springframework.security.oauth2.client.web.OAuth2LoginAuthenticationFilter@7828bc6b, org.springframework.security.web.authentication.UsernamePasswordAuthenticationFilter@1ea78c72, org.springframework.security.web.authentication.ui.DefaultLoginPageGeneratingFilter@6779959d, org.springframework.security.web.authentication.ui.DefaultLogoutPageGeneratingFilter@5a8149f6, org.springframework.security.web.authentication.www.BasicAuthenticationFilter@73bd146c, org.springframework.security.web.savedrequest.RequestCacheAwareFilter@18ed8b75, org.springframework.security.web.servletapi.SecurityContextHolderAwareRequestFilter@4265cbed, org.springframework.security.web.authentication.AnonymousAuthenticationFilter@672549f3, org.springframework.security.web.access.ExceptionTranslationFilter@650997b0, org.springframework.security.web.access.intercept.AuthorizationFilter@3c6d3ba]
2023:04:15 19:26:18.452 [main] INFO  com.nnk.springboot.controllersTest.UserControllerTest - Started UserControllerTest in 5.311 seconds (process running for 7.038)
2023:04:15 19:26:18.782 [main] INFO  com.nnk.springboot.MyAppLogger - POST /user/validate for username firstName
2023:04:15 19:26:18.795 [main] INFO  com.nnk.springboot.MyAppLogger - no errors in user
2023:04:15 19:26:18.884 [main] INFO  com.nnk.springboot.MyAppLogger - user firstNamesaved / list of users added to model
2023:04:15 19:26:18.906 [SpringApplicationShutdownHook] INFO  org.springframework.orm.jpa.LocalContainerEntityManagerFactoryBean - Closing JPA EntityManagerFactory for persistence unit 'default'
2023:04:15 19:26:18.913 [SpringApplicationShutdownHook] INFO  com.zaxxer.hikari.HikariDataSource - HikariPool-1 - Shutdown initiated...
2023:04:15 19:26:18.922 [SpringApplicationShutdownHook] INFO  com.zaxxer.hikari.HikariDataSource - HikariPool-1 - Shutdown completed.
