2023:04:21 08:24:03.792 [main] INFO  org.springframework.test.context.support.AnnotationConfigContextLoaderUtils - Could not detect default configuration classes for test class [com.nnk.springboot.controllersTest.AccessControllerTests]: AccessControllerTests does not declare any static, non-private, non-final, nested classes annotated with @Configuration.
2023:04:21 08:24:04.019 [main] INFO  org.springframework.boot.test.context.SpringBootTestContextBootstrapper - Found @SpringBootConfiguration com.nnk.springboot.Application for test class com.nnk.springboot.controllersTest.AccessControllerTests
2023:04:21 08:24:04.533 [background-preinit] INFO  org.hibernate.validator.internal.util.Version - HV000001: Hibernate Validator 8.0.0.Final
2023:04:21 08:24:04.611 [main] INFO  com.nnk.springboot.controllersTest.AccessControllerTests - Starting AccessControllerTests using Java 19.0.2 with PID 3452 (started by ebonn in C:\Users\ebonn\projets\Poseidon\Poseiden-skeleton)
2023:04:21 08:24:04.616 [main] INFO  com.nnk.springboot.controllersTest.AccessControllerTests - No active profile set, falling back to 1 default profile: "default"
2023:04:21 08:24:05.965 [main] INFO  org.springframework.data.repository.config.RepositoryConfigurationDelegate - Bootstrapping Spring Data JPA repositories in DEFAULT mode.
2023:04:21 08:24:06.071 [main] INFO  org.springframework.data.repository.config.RepositoryConfigurationDelegate - Finished Spring Data repository scanning in 93 ms. Found 6 JPA repository interfaces.
2023:04:21 08:24:06.918 [main] INFO  org.hibernate.jpa.internal.util.LogHelper - HHH000204: Processing PersistenceUnitInfo [name: default]
2023:04:21 08:24:07.021 [main] INFO  org.hibernate.Version - HHH000412: Hibernate ORM core version 6.1.5.Final
2023:04:21 08:24:07.276 [main] WARN  org.hibernate.orm.deprecation - HHH90000021: Encountered deprecated setting [javax.persistence.sharedCache.mode], use [jakarta.persistence.sharedCache.mode] instead
2023:04:21 08:24:07.507 [main] INFO  com.zaxxer.hikari.HikariDataSource - HikariPool-1 - Starting...
2023:04:21 08:24:07.996 [main] INFO  com.zaxxer.hikari.pool.HikariPool - HikariPool-1 - Added connection com.mysql.cj.jdbc.ConnectionImpl@7fcc3745
2023:04:21 08:24:07.999 [main] INFO  com.zaxxer.hikari.HikariDataSource - HikariPool-1 - Start completed.
2023:04:21 08:24:08.072 [main] INFO  SQL dialect - HHH000400: Using dialect: org.hibernate.dialect.MySQLDialect
2023:04:21 08:24:09.317 [main] INFO  org.hibernate.engine.transaction.jta.platform.internal.JtaPlatformInitiator - HHH000490: Using JtaPlatform implementation: [org.hibernate.engine.transaction.jta.platform.internal.NoJtaPlatform]
2023:04:21 08:24:09.327 [main] INFO  org.springframework.orm.jpa.LocalContainerEntityManagerFactoryBean - Initialized JPA EntityManagerFactory for persistence unit 'default'
2023:04:21 08:24:09.991 [main] WARN  org.springframework.boot.autoconfigure.orm.jpa.JpaBaseConfiguration$JpaWebConfiguration - spring.jpa.open-in-view is enabled by default. Therefore, database queries may be performed during view rendering. Explicitly configure spring.jpa.open-in-view to disable this warning
2023:04:21 08:24:10.665 [main] INFO  org.springframework.security.web.DefaultSecurityFilterChain - Will secure any request with [org.springframework.security.web.session.DisableEncodeUrlFilter@1c2273f6, org.springframework.security.web.context.request.async.WebAsyncManagerIntegrationFilter@411e567e, org.springframework.security.web.context.SecurityContextHolderFilter@159a32a4, org.springframework.security.web.header.HeaderWriterFilter@14d9ae22, org.springframework.security.web.csrf.CsrfFilter@66694050, org.springframework.security.web.authentication.logout.LogoutFilter@154cbb46, org.springframework.security.oauth2.client.web.OAuth2AuthorizationRequestRedirectFilter@1bdb6b36, org.springframework.security.oauth2.client.web.OAuth2LoginAuthenticationFilter@259f0fdb, org.springframework.security.web.authentication.UsernamePasswordAuthenticationFilter@3344c1d7, org.springframework.security.web.authentication.ui.DefaultLoginPageGeneratingFilter@37806ccb, org.springframework.security.web.authentication.ui.DefaultLogoutPageGeneratingFilter@4e58eda2, org.springframework.security.web.authentication.www.BasicAuthenticationFilter@30d3f583, org.springframework.security.web.savedrequest.RequestCacheAwareFilter@1ddc5857, org.springframework.security.web.servletapi.SecurityContextHolderAwareRequestFilter@28901fe7, org.springframework.security.web.authentication.AnonymousAuthenticationFilter@75f9a35a, org.springframework.security.web.access.ExceptionTranslationFilter@7021bb55, org.springframework.security.web.access.intercept.AuthorizationFilter@e594c46]
2023:04:21 08:24:11.170 [main] INFO  org.springframework.boot.test.mock.web.SpringBootMockServletContext - Initializing Spring TestDispatcherServlet ''
2023:04:21 08:24:11.170 [main] INFO  org.springframework.test.web.servlet.TestDispatcherServlet - Initializing Servlet ''
2023:04:21 08:24:11.172 [main] INFO  org.springframework.test.web.servlet.TestDispatcherServlet - Completed initialization in 1 ms
2023:04:21 08:24:11.204 [main] INFO  com.nnk.springboot.controllersTest.AccessControllerTests - Started AccessControllerTests in 6.98 seconds (process running for 9.507)
2023:04:21 08:24:11.496 [main] INFO  com.nnk.springboot.MyAppLogger - REQUEST /
2023:04:21 08:24:11.789 [SpringApplicationShutdownHook] INFO  org.springframework.orm.jpa.LocalContainerEntityManagerFactoryBean - Closing JPA EntityManagerFactory for persistence unit 'default'
2023:04:21 08:24:11.794 [SpringApplicationShutdownHook] INFO  com.zaxxer.hikari.HikariDataSource - HikariPool-1 - Shutdown initiated...
2023:04:21 08:24:11.806 [SpringApplicationShutdownHook] INFO  com.zaxxer.hikari.HikariDataSource - HikariPool-1 - Shutdown completed.
2023:04:21 09:28:25.165 [main] INFO  org.springframework.test.context.support.AnnotationConfigContextLoaderUtils - Could not detect default configuration classes for test class [com.nnk.springboot.controllersTest.AccessControllerTests]: AccessControllerTests does not declare any static, non-private, non-final, nested classes annotated with @Configuration.
2023:04:21 09:28:25.415 [main] INFO  org.springframework.boot.test.context.SpringBootTestContextBootstrapper - Found @SpringBootConfiguration com.nnk.springboot.Application for test class com.nnk.springboot.controllersTest.AccessControllerTests
2023:04:21 09:28:25.818 [background-preinit] INFO  org.hibernate.validator.internal.util.Version - HV000001: Hibernate Validator 8.0.0.Final
2023:04:21 09:28:25.880 [main] INFO  com.nnk.springboot.controllersTest.AccessControllerTests - Starting AccessControllerTests using Java 19.0.2 with PID 21076 (started by ebonn in C:\Users\ebonn\projets\Poseidon\Poseiden-skeleton)
2023:04:21 09:28:25.883 [main] INFO  com.nnk.springboot.controllersTest.AccessControllerTests - No active profile set, falling back to 1 default profile: "default"
2023:04:21 09:28:26.982 [main] INFO  org.springframework.data.repository.config.RepositoryConfigurationDelegate - Bootstrapping Spring Data JPA repositories in DEFAULT mode.
2023:04:21 09:28:27.079 [main] INFO  org.springframework.data.repository.config.RepositoryConfigurationDelegate - Finished Spring Data repository scanning in 82 ms. Found 6 JPA repository interfaces.
2023:04:21 09:28:27.750 [main] INFO  org.hibernate.jpa.internal.util.LogHelper - HHH000204: Processing PersistenceUnitInfo [name: default]
2023:04:21 09:28:27.828 [main] INFO  org.hibernate.Version - HHH000412: Hibernate ORM core version 6.1.5.Final
2023:04:21 09:28:28.028 [main] WARN  org.hibernate.orm.deprecation - HHH90000021: Encountered deprecated setting [javax.persistence.sharedCache.mode], use [jakarta.persistence.sharedCache.mode] instead
2023:04:21 09:28:28.238 [main] INFO  com.zaxxer.hikari.HikariDataSource - HikariPool-1 - Starting...
2023:04:21 09:28:28.607 [main] INFO  com.zaxxer.hikari.pool.HikariPool - HikariPool-1 - Added connection com.mysql.cj.jdbc.ConnectionImpl@13f4048e
2023:04:21 09:28:28.610 [main] INFO  com.zaxxer.hikari.HikariDataSource - HikariPool-1 - Start completed.
2023:04:21 09:28:28.661 [main] INFO  SQL dialect - HHH000400: Using dialect: org.hibernate.dialect.MySQLDialect
2023:04:21 09:28:29.761 [main] INFO  org.hibernate.engine.transaction.jta.platform.internal.JtaPlatformInitiator - HHH000490: Using JtaPlatform implementation: [org.hibernate.engine.transaction.jta.platform.internal.NoJtaPlatform]
2023:04:21 09:28:29.770 [main] INFO  org.springframework.orm.jpa.LocalContainerEntityManagerFactoryBean - Initialized JPA EntityManagerFactory for persistence unit 'default'
2023:04:21 09:28:30.447 [main] WARN  org.springframework.boot.autoconfigure.orm.jpa.JpaBaseConfiguration$JpaWebConfiguration - spring.jpa.open-in-view is enabled by default. Therefore, database queries may be performed during view rendering. Explicitly configure spring.jpa.open-in-view to disable this warning
2023:04:21 09:28:30.919 [main] INFO  org.springframework.security.web.DefaultSecurityFilterChain - Will secure any request with [org.springframework.security.web.session.DisableEncodeUrlFilter@74eae1e0, org.springframework.security.web.context.request.async.WebAsyncManagerIntegrationFilter@3c3357c7, org.springframework.security.web.context.SecurityContextHolderFilter@6b6cf3c1, org.springframework.security.web.header.HeaderWriterFilter@77737e3e, org.springframework.security.web.csrf.CsrfFilter@2ac00dc9, org.springframework.security.web.authentication.logout.LogoutFilter@4d86f330, org.springframework.security.oauth2.client.web.OAuth2AuthorizationRequestRedirectFilter@480fb706, org.springframework.security.oauth2.client.web.OAuth2LoginAuthenticationFilter@251db193, org.springframework.security.web.authentication.UsernamePasswordAuthenticationFilter@e594c46, org.springframework.security.web.authentication.ui.DefaultLoginPageGeneratingFilter@1ddc5857, org.springframework.security.web.authentication.ui.DefaultLogoutPageGeneratingFilter@506d7fed, org.springframework.security.web.authentication.www.BasicAuthenticationFilter@158b8d10, org.springframework.security.web.savedrequest.RequestCacheAwareFilter@5c450960, org.springframework.security.web.servletapi.SecurityContextHolderAwareRequestFilter@14d9ae22, org.springframework.security.web.authentication.AnonymousAuthenticationFilter@1bdb6b36, org.springframework.security.web.access.ExceptionTranslationFilter@197da701, org.springframework.security.web.access.intercept.AuthorizationFilter@154cbb46]
2023:04:21 09:28:31.409 [main] INFO  org.springframework.boot.test.mock.web.SpringBootMockServletContext - Initializing Spring TestDispatcherServlet ''
2023:04:21 09:28:31.409 [main] INFO  org.springframework.test.web.servlet.TestDispatcherServlet - Initializing Servlet ''
2023:04:21 09:28:31.410 [main] INFO  org.springframework.test.web.servlet.TestDispatcherServlet - Completed initialization in 1 ms
2023:04:21 09:28:31.437 [main] INFO  com.nnk.springboot.controllersTest.AccessControllerTests - Started AccessControllerTests in 5.879 seconds (process running for 8.161)
2023:04:21 09:28:31.763 [main] INFO  com.nnk.springboot.MyAppLogger - REQUEST /
2023:04:21 09:28:31.987 [SpringApplicationShutdownHook] INFO  org.springframework.orm.jpa.LocalContainerEntityManagerFactoryBean - Closing JPA EntityManagerFactory for persistence unit 'default'
2023:04:21 09:28:31.992 [SpringApplicationShutdownHook] INFO  com.zaxxer.hikari.HikariDataSource - HikariPool-1 - Shutdown initiated...
2023:04:21 09:28:32.002 [SpringApplicationShutdownHook] INFO  com.zaxxer.hikari.HikariDataSource - HikariPool-1 - Shutdown completed.
