2024-02-11 21:35:11 [background-preinit] INFO  o.h.v.i.u.Version                                  - HV000001: Hibernate Validator 8.0.0.Final
2024-02-11 21:35:11 [main] INFO  c.n.s.Application                                  - Starting Application using Java 17.0.9 with PID 24140 (C:\Users\kls_k\OneDrive\Claudiu - hors connexion\WorkJavaVisualCode\CompletBackend\JavaDA_PROJECT7_RESTAPI\Poseiden-skeleton\target\classes started by kls_k in C:\Users\kls_k\OneDrive\Claudiu - hors connexion\WorkJavaVisualCode\CompletBackend\JavaDA_PROJECT7_RESTAPI\Poseiden-skeleton\src\main\java\com\nnk\springboot\controllers)
2024-02-11 21:35:11 [main] INFO  c.n.s.Application                                  - No active profile set, falling back to 1 default profile: "default"
2024-02-11 21:35:12 [main] INFO  o.s.d.r.c.RepositoryConfigurationDelegate          - Bootstrapping Spring Data JPA repositories in DEFAULT mode.
2024-02-11 21:35:12 [main] INFO  o.s.d.r.c.RepositoryConfigurationDelegate          - Finished Spring Data repository scanning in 78 ms. Found 6 JPA repository interfaces.
2024-02-11 21:35:13 [main] INFO  o.s.b.w.e.t.TomcatWebServer                        - Tomcat initialized with port(s): 8080 (http)
2024-02-11 21:35:13 [main] INFO  o.a.c.h.Http11NioProtocol                          - Initializing ProtocolHandler ["http-nio-8080"]
2024-02-11 21:35:13 [main] INFO  o.a.c.c.StandardService                            - Starting service [Tomcat]
2024-02-11 21:35:13 [main] INFO  o.a.c.c.StandardEngine                             - Starting Servlet engine: [Apache Tomcat/10.1.8]
2024-02-11 21:35:13 [main] INFO  o.a.c.c.C.[.[.[/]                                  - Initializing Spring embedded WebApplicationContext
2024-02-11 21:35:13 [main] INFO  o.s.b.w.s.c.ServletWebServerApplicationContext     - Root WebApplicationContext: initialization completed in 1880 ms
2024-02-11 21:35:13 [main] INFO  c.z.h.HikariDataSource                             - HikariPool-1 - Starting...
2024-02-11 21:35:14 [main] INFO  c.z.h.p.HikariPool                                 - HikariPool-1 - Added connection com.mysql.cj.jdbc.ConnectionImpl@58164e9a
2024-02-11 21:35:14 [main] INFO  c.z.h.HikariDataSource                             - HikariPool-1 - Start completed.
2024-02-11 21:35:14 [main] INFO  o.h.j.i.u.LogHelper                                - HHH000204: Processing PersistenceUnitInfo [name: default]
2024-02-11 21:35:14 [main] INFO  o.h.Version                                        - HHH000412: Hibernate ORM core version 6.1.7.Final
2024-02-11 21:35:14 [main] INFO  SQL dialect                                        - HHH000400: Using dialect: org.hibernate.dialect.MySQLDialect
2024-02-11 21:35:15 [main] INFO  o.h.e.t.j.p.i.JtaPlatformInitiator                 - HHH000490: Using JtaPlatform implementation: [org.hibernate.engine.transaction.jta.platform.internal.NoJtaPlatform]
2024-02-11 21:35:15 [main] INFO  o.s.o.j.LocalContainerEntityManagerFactoryBean     - Initialized JPA EntityManagerFactory for persistence unit 'default'
2024-02-11 21:35:16 [main] WARN  o.s.b.a.o.j.JpaBaseConfiguration$JpaWebConfiguration - spring.jpa.open-in-view is enabled by default. Therefore, database queries may be performed during view rendering. Explicitly configure spring.jpa.open-in-view to disable this warning
2024-02-11 21:35:16 [main] WARN  o.s.b.w.s.c.AnnotationConfigServletWebServerApplicationContext - Exception encountered during context initialization - cancelling refresh attempt: org.springframework.beans.factory.UnsatisfiedDependencyException: Error creating bean with name 'org.springframework.security.config.annotation.web.configuration.WebSecurityConfiguration': Unsatisfied dependency expressed through method 'setFilterChains' parameter 0: Error creating bean with name 'filterChain' defined in class path resource [com/nnk/springboot/configuration/SpringSecurityConfig.class]: Failed to instantiate [org.springframework.security.web.SecurityFilterChain]: Factory method 'filterChain' threw exception with message: Error creating bean with name 'mvcHandlerMappingIntrospector' defined in class path resource [org/springframework/boot/autoconfigure/web/servlet/WebMvcAutoConfiguration$EnableWebMvcConfiguration.class]: Error creating bean with name 'requestMappingHandlerMapping' defined in class path resource [org/springframework/boot/autoconfigure/web/servlet/WebMvcAutoConfiguration$EnableWebMvcConfiguration.class]: Ambiguous mapping. Cannot map 'loginController' method 
com.nnk.springboot.controllers.LoginController#appLogout(Model, Principal, HttpServletRequest, HttpServletResponse)
to {POST [/app/app-logout]}: There is already 'loginController' bean method
com.nnk.springboot.controllers.LoginController#appLogoutPost(Model, Principal, HttpServletRequest, HttpServletResponse) mapped.
2024-02-11 21:35:16 [main] INFO  o.s.o.j.LocalContainerEntityManagerFactoryBean     - Closing JPA EntityManagerFactory for persistence unit 'default'
2024-02-11 21:35:16 [main] INFO  c.z.h.HikariDataSource                             - HikariPool-1 - Shutdown initiated...
2024-02-11 21:35:16 [main] INFO  c.z.h.HikariDataSource                             - HikariPool-1 - Shutdown completed.
2024-02-11 21:35:16 [main] INFO  o.a.c.c.StandardService                            - Stopping service [Tomcat]
2024-02-11 21:35:16 [main] INFO  o.s.b.a.l.ConditionEvaluationReportLogger          - 

Error starting ApplicationContext. To display the condition evaluation report re-run your application with 'debug' enabled.
2024-02-11 21:35:16 [main] ERROR o.s.b.SpringApplication                            - Application run failed
org.springframework.beans.factory.UnsatisfiedDependencyException: Error creating bean with name 'org.springframework.security.config.annotation.web.configuration.WebSecurityConfiguration': Unsatisfied dependency expressed through method 'setFilterChains' parameter 0: Error creating bean with name 'filterChain' defined in class path resource [com/nnk/springboot/configuration/SpringSecurityConfig.class]: Failed to instantiate [org.springframework.security.web.SecurityFilterChain]: Factory method 'filterChain' threw exception with message: Error creating bean with name 'mvcHandlerMappingIntrospector' defined in class path resource [org/springframework/boot/autoconfigure/web/servlet/WebMvcAutoConfiguration$EnableWebMvcConfiguration.class]: Error creating bean with name 'requestMappingHandlerMapping' defined in class path resource [org/springframework/boot/autoconfigure/web/servlet/WebMvcAutoConfiguration$EnableWebMvcConfiguration.class]: Ambiguous mapping. Cannot map 'loginController' method 
com.nnk.springboot.controllers.LoginController#appLogout(Model, Principal, HttpServletRequest, HttpServletResponse)
to {POST [/app/app-logout]}: There is already 'loginController' bean method
com.nnk.springboot.controllers.LoginController#appLogoutPost(Model, Principal, HttpServletRequest, HttpServletResponse) mapped.
	at org.springframework.beans.factory.annotation.AutowiredAnnotationBeanPostProcessor$AutowiredMethodElement.resolveMethodArguments(AutowiredAnnotationBeanPostProcessor.java:818) ~[spring-beans-6.0.8.jar:6.0.8]
	at org.springframework.beans.factory.annotation.AutowiredAnnotationBeanPostProcessor$AutowiredMethodElement.inject(AutowiredAnnotationBeanPostProcessor.java:770) ~[spring-beans-6.0.8.jar:6.0.8]
	at org.springframework.beans.factory.annotation.InjectionMetadata.inject(InjectionMetadata.java:133) ~[spring-beans-6.0.8.jar:6.0.8]
	at org.springframework.beans.factory.annotation.AutowiredAnnotationBeanPostProcessor.postProcessProperties(AutowiredAnnotationBeanPostProcessor.java:482) ~[spring-beans-6.0.8.jar:6.0.8]
	at org.springframework.beans.factory.support.AbstractAutowireCapableBeanFactory.populateBean(AbstractAutowireCapableBeanFactory.java:1416) ~[spring-beans-6.0.8.jar:6.0.8]
	at org.springframework.beans.factory.support.AbstractAutowireCapableBeanFactory.doCreateBean(AbstractAutowireCapableBeanFactory.java:597) ~[spring-beans-6.0.8.jar:6.0.8]
	at org.springframework.beans.factory.support.AbstractAutowireCapableBeanFactory.createBean(AbstractAutowireCapableBeanFactory.java:520) ~[spring-beans-6.0.8.jar:6.0.8]
	at org.springframework.beans.factory.support.AbstractBeanFactory.lambda$doGetBean$0(AbstractBeanFactory.java:326) ~[spring-beans-6.0.8.jar:6.0.8]
	at org.springframework.beans.factory.support.DefaultSingletonBeanRegistry.getSingleton(DefaultSingletonBeanRegistry.java:234) ~[spring-beans-6.0.8.jar:6.0.8]
	at org.springframework.beans.factory.support.AbstractBeanFactory.doGetBean(AbstractBeanFactory.java:324) ~[spring-beans-6.0.8.jar:6.0.8]
	at org.springframework.beans.factory.support.AbstractBeanFactory.getBean(AbstractBeanFactory.java:200) ~[spring-beans-6.0.8.jar:6.0.8]
	at org.springframework.beans.factory.support.DefaultListableBeanFactory.preInstantiateSingletons(DefaultListableBeanFactory.java:973) ~[spring-beans-6.0.8.jar:6.0.8]
	at org.springframework.context.support.AbstractApplicationContext.finishBeanFactoryInitialization(AbstractApplicationContext.java:917) ~[spring-context-6.0.8.jar:6.0.8]
	at org.springframework.context.support.AbstractApplicationContext.refresh(AbstractApplicationContext.java:584) ~[spring-context-6.0.8.jar:6.0.8]
	at org.springframework.boot.web.servlet.context.ServletWebServerApplicationContext.refresh(ServletWebServerApplicationContext.java:146) ~[spring-boot-3.0.6.jar:3.0.6]
	at org.springframework.boot.SpringApplication.refresh(SpringApplication.java:732) ~[spring-boot-3.0.6.jar:3.0.6]
	at org.springframework.boot.SpringApplication.refreshContext(SpringApplication.java:434) ~[spring-boot-3.0.6.jar:3.0.6]
	at org.springframework.boot.SpringApplication.run(SpringApplication.java:310) ~[spring-boot-3.0.6.jar:3.0.6]
	at org.springframework.boot.SpringApplication.run(SpringApplication.java:1304) ~[spring-boot-3.0.6.jar:3.0.6]
	at org.springframework.boot.SpringApplication.run(SpringApplication.java:1293) ~[spring-boot-3.0.6.jar:3.0.6]
	at com.nnk.springboot.Application.main(Application.java:12) ~[classes/:?]
Caused by: org.springframework.beans.factory.BeanCreationException: Error creating bean with name 'filterChain' defined in class path resource [com/nnk/springboot/configuration/SpringSecurityConfig.class]: Failed to instantiate [org.springframework.security.web.SecurityFilterChain]: Factory method 'filterChain' threw exception with message: Error creating bean with name 'mvcHandlerMappingIntrospector' defined in class path resource [org/springframework/boot/autoconfigure/web/servlet/WebMvcAutoConfiguration$EnableWebMvcConfiguration.class]: Error creating bean with name 'requestMappingHandlerMapping' defined in class path resource [org/springframework/boot/autoconfigure/web/servlet/WebMvcAutoConfiguration$EnableWebMvcConfiguration.class]: Ambiguous mapping. Cannot map 'loginController' method 
com.nnk.springboot.controllers.LoginController#appLogout(Model, Principal, HttpServletRequest, HttpServletResponse)
to {POST [/app/app-logout]}: There is already 'loginController' bean method
com.nnk.springboot.controllers.LoginController#appLogoutPost(Model, Principal, HttpServletRequest, HttpServletResponse) mapped.
	at org.springframework.beans.factory.support.ConstructorResolver.instantiate(ConstructorResolver.java:659) ~[spring-beans-6.0.8.jar:6.0.8]
	at org.springframework.beans.factory.support.ConstructorResolver.instantiateUsingFactoryMethod(ConstructorResolver.java:647) ~[spring-beans-6.0.8.jar:6.0.8]
	at org.springframework.beans.factory.support.AbstractAutowireCapableBeanFactory.instantiateUsingFactoryMethod(AbstractAutowireCapableBeanFactory.java:1332) ~[spring-beans-6.0.8.jar:6.0.8]
	at org.springframework.beans.factory.support.AbstractAutowireCapableBeanFactory.createBeanInstance(AbstractAutowireCapableBeanFactory.java:1162) ~[spring-beans-6.0.8.jar:6.0.8]
	at org.springframework.beans.factory.support.AbstractAutowireCapableBeanFactory.doCreateBean(AbstractAutowireCapableBeanFactory.java:560) ~[spring-beans-6.0.8.jar:6.0.8]
	at org.springframework.beans.factory.support.AbstractAutowireCapableBeanFactory.createBean(AbstractAutowireCapableBeanFactory.java:520) ~[spring-beans-6.0.8.jar:6.0.8]
	at org.springframework.beans.factory.support.AbstractBeanFactory.lambda$doGetBean$0(AbstractBeanFactory.java:326) ~[spring-beans-6.0.8.jar:6.0.8]
	at org.springframework.beans.factory.support.DefaultSingletonBeanRegistry.getSingleton(DefaultSingletonBeanRegistry.java:234) ~[spring-beans-6.0.8.jar:6.0.8]
	at org.springframework.beans.factory.support.AbstractBeanFactory.doGetBean(AbstractBeanFactory.java:324) ~[spring-beans-6.0.8.jar:6.0.8]
	at org.springframework.beans.factory.support.AbstractBeanFactory.getBean(AbstractBeanFactory.java:200) ~[spring-beans-6.0.8.jar:6.0.8]
	at org.springframework.beans.factory.config.DependencyDescriptor.resolveCandidate(DependencyDescriptor.java:254) ~[spring-beans-6.0.8.jar:6.0.8]
	at org.springframework.beans.factory.support.DefaultListableBeanFactory.addCandidateEntry(DefaultListableBeanFactory.java:1633) ~[spring-beans-6.0.8.jar:6.0.8]
	at org.springframework.beans.factory.support.DefaultListableBeanFactory.findAutowireCandidates(DefaultListableBeanFactory.java:1597) ~[spring-beans-6.0.8.jar:6.0.8]
	at org.springframework.beans.factory.support.DefaultListableBeanFactory.resolveMultipleBeans(DefaultListableBeanFactory.java:1488) ~[spring-beans-6.0.8.jar:6.0.8]
	at org.springframework.beans.factory.support.DefaultListableBeanFactory.doResolveDependency(DefaultListableBeanFactory.java:1375) ~[spring-beans-6.0.8.jar:6.0.8]
	at org.springframework.beans.factory.support.DefaultListableBeanFactory.resolveDependency(DefaultListableBeanFactory.java:1337) ~[spring-beans-6.0.8.jar:6.0.8]
	at org.springframework.beans.factory.annotation.AutowiredAnnotationBeanPostProcessor$AutowiredMethodElement.resolveMethodArguments(AutowiredAnnotationBeanPostProcessor.java:810) ~[spring-beans-6.0.8.jar:6.0.8]
	... 20 more
Caused by: org.springframework.beans.BeanInstantiationException: Failed to instantiate [org.springframework.security.web.SecurityFilterChain]: Factory method 'filterChain' threw exception with message: Error creating bean with name 'mvcHandlerMappingIntrospector' defined in class path resource [org/springframework/boot/autoconfigure/web/servlet/WebMvcAutoConfiguration$EnableWebMvcConfiguration.class]: Error creating bean with name 'requestMappingHandlerMapping' defined in class path resource [org/springframework/boot/autoconfigure/web/servlet/WebMvcAutoConfiguration$EnableWebMvcConfiguration.class]: Ambiguous mapping. Cannot map 'loginController' method 
com.nnk.springboot.controllers.LoginController#appLogout(Model, Principal, HttpServletRequest, HttpServletResponse)
to {POST [/app/app-logout]}: There is already 'loginController' bean method
com.nnk.springboot.controllers.LoginController#appLogoutPost(Model, Principal, HttpServletRequest, HttpServletResponse) mapped.
	at org.springframework.beans.factory.support.SimpleInstantiationStrategy.instantiate(SimpleInstantiationStrategy.java:171) ~[spring-beans-6.0.8.jar:6.0.8]
	at org.springframework.beans.factory.support.ConstructorResolver.instantiate(ConstructorResolver.java:655) ~[spring-beans-6.0.8.jar:6.0.8]
	at org.springframework.beans.factory.support.ConstructorResolver.instantiateUsingFactoryMethod(ConstructorResolver.java:647) ~[spring-beans-6.0.8.jar:6.0.8]
	at org.springframework.beans.factory.support.AbstractAutowireCapableBeanFactory.instantiateUsingFactoryMethod(AbstractAutowireCapableBeanFactory.java:1332) ~[spring-beans-6.0.8.jar:6.0.8]
	at org.springframework.beans.factory.support.AbstractAutowireCapableBeanFactory.createBeanInstance(AbstractAutowireCapableBeanFactory.java:1162) ~[spring-beans-6.0.8.jar:6.0.8]
	at org.springframework.beans.factory.support.AbstractAutowireCapableBeanFactory.doCreateBean(AbstractAutowireCapableBeanFactory.java:560) ~[spring-beans-6.0.8.jar:6.0.8]
	at org.springframework.beans.factory.support.AbstractAutowireCapableBeanFactory.createBean(AbstractAutowireCapableBeanFactory.java:520) ~[spring-beans-6.0.8.jar:6.0.8]
	at org.springframework.beans.factory.support.AbstractBeanFactory.lambda$doGetBean$0(AbstractBeanFactory.java:326) ~[spring-beans-6.0.8.jar:6.0.8]
	at org.springframework.beans.factory.support.DefaultSingletonBeanRegistry.getSingleton(DefaultSingletonBeanRegistry.java:234) ~[spring-beans-6.0.8.jar:6.0.8]
	at org.springframework.beans.factory.support.AbstractBeanFactory.doGetBean(AbstractBeanFactory.java:324) ~[spring-beans-6.0.8.jar:6.0.8]
	at org.springframework.beans.factory.support.AbstractBeanFactory.getBean(AbstractBeanFactory.java:200) ~[spring-beans-6.0.8.jar:6.0.8]
	at org.springframework.beans.factory.config.DependencyDescriptor.resolveCandidate(DependencyDescriptor.java:254) ~[spring-beans-6.0.8.jar:6.0.8]
	at org.springframework.beans.factory.support.DefaultListableBeanFactory.addCandidateEntry(DefaultListableBeanFactory.java:1633) ~[spring-beans-6.0.8.jar:6.0.8]
	at org.springframework.beans.factory.support.DefaultListableBeanFactory.findAutowireCandidates(DefaultListableBeanFactory.java:1597) ~[spring-beans-6.0.8.jar:6.0.8]
	at org.springframework.beans.factory.support.DefaultListableBeanFactory.resolveMultipleBeans(DefaultListableBeanFactory.java:1488) ~[spring-beans-6.0.8.jar:6.0.8]
	at org.springframework.beans.factory.support.DefaultListableBeanFactory.doResolveDependency(DefaultListableBeanFactory.java:1375) ~[spring-beans-6.0.8.jar:6.0.8]
	at org.springframework.beans.factory.support.DefaultListableBeanFactory.resolveDependency(DefaultListableBeanFactory.java:1337) ~[spring-beans-6.0.8.jar:6.0.8]
	at org.springframework.beans.factory.annotation.AutowiredAnnotationBeanPostProcessor$AutowiredMethodElement.resolveMethodArguments(AutowiredAnnotationBeanPostProcessor.java:810) ~[spring-beans-6.0.8.jar:6.0.8]
	... 20 more
Caused by: org.springframework.beans.factory.BeanCreationException: Error creating bean with name 'mvcHandlerMappingIntrospector' defined in class path resource [org/springframework/boot/autoconfigure/web/servlet/WebMvcAutoConfiguration$EnableWebMvcConfiguration.class]: Error creating bean with name 'requestMappingHandlerMapping' defined in class path resource [org/springframework/boot/autoconfigure/web/servlet/WebMvcAutoConfiguration$EnableWebMvcConfiguration.class]: Ambiguous mapping. Cannot map 'loginController' method 
com.nnk.springboot.controllers.LoginController#appLogout(Model, Principal, HttpServletRequest, HttpServletResponse)
to {POST [/app/app-logout]}: There is already 'loginController' bean method
com.nnk.springboot.controllers.LoginController#appLogoutPost(Model, Principal, HttpServletRequest, HttpServletResponse) mapped.
	at org.springframework.beans.factory.support.AbstractAutowireCapableBeanFactory.initializeBean(AbstractAutowireCapableBeanFactory.java:1770) ~[spring-beans-6.0.8.jar:6.0.8]
	at org.springframework.beans.factory.support.AbstractAutowireCapableBeanFactory.doCreateBean(AbstractAutowireCapableBeanFactory.java:598) ~[spring-beans-6.0.8.jar:6.0.8]
	at org.springframework.beans.factory.support.AbstractAutowireCapableBeanFactory.createBean(AbstractAutowireCapableBeanFactory.java:520) ~[spring-beans-6.0.8.jar:6.0.8]
	at org.springframework.beans.factory.support.AbstractBeanFactory.lambda$doGetBean$0(AbstractBeanFactory.java:326) ~[spring-beans-6.0.8.jar:6.0.8]
	at org.springframework.beans.factory.support.DefaultSingletonBeanRegistry.getSingleton(DefaultSingletonBeanRegistry.java:234) ~[spring-beans-6.0.8.jar:6.0.8]
	at org.springframework.beans.factory.support.AbstractBeanFactory.doGetBean(AbstractBeanFactory.java:324) ~[spring-beans-6.0.8.jar:6.0.8]
	at org.springframework.beans.factory.support.AbstractBeanFactory.getBean(AbstractBeanFactory.java:205) ~[spring-beans-6.0.8.jar:6.0.8]
	at org.springframework.context.support.AbstractApplicationContext.getBean(AbstractApplicationContext.java:1138) ~[spring-context-6.0.8.jar:6.0.8]
	at org.springframework.security.config.annotation.web.AbstractRequestMatcherRegistry.createMvcMatchers(AbstractRequestMatcherRegistry.java:106) ~[spring-security-config-6.0.3.jar:6.0.3]
	at org.springframework.security.config.annotation.web.AbstractRequestMatcherRegistry.requestMatchers(AbstractRequestMatcherRegistry.java:184) ~[spring-security-config-6.0.3.jar:6.0.3]
	at org.springframework.security.config.annotation.web.AbstractRequestMatcherRegistry.requestMatchers(AbstractRequestMatcherRegistry.java:211) ~[spring-security-config-6.0.3.jar:6.0.3]
	at com.nnk.springboot.configuration.SpringSecurityConfig.lambda$0(SpringSecurityConfig.java:28) ~[classes/:?]
	at org.springframework.security.config.annotation.web.builders.HttpSecurity.authorizeHttpRequests(HttpSecurity.java:1424) ~[spring-security-config-6.0.3.jar:6.0.3]
	at com.nnk.springboot.configuration.SpringSecurityConfig.filterChain(SpringSecurityConfig.java:27) ~[classes/:?]
	at com.nnk.springboot.configuration.SpringSecurityConfig$$SpringCGLIB$$0.CGLIB$filterChain$1(<generated>) ~[classes/:?]
	at com.nnk.springboot.configuration.SpringSecurityConfig$$SpringCGLIB$$2.invoke(<generated>) ~[classes/:?]
	at org.springframework.cglib.proxy.MethodProxy.invokeSuper(MethodProxy.java:258) ~[spring-core-6.0.8.jar:6.0.8]
	at org.springframework.context.annotation.ConfigurationClassEnhancer$BeanMethodInterceptor.intercept(ConfigurationClassEnhancer.java:331) ~[spring-context-6.0.8.jar:6.0.8]
	at com.nnk.springboot.configuration.SpringSecurityConfig$$SpringCGLIB$$0.filterChain(<generated>) ~[classes/:?]
	at jdk.internal.reflect.NativeMethodAccessorImpl.invoke0(Native Method) ~[?:?]
	at jdk.internal.reflect.NativeMethodAccessorImpl.invoke(NativeMethodAccessorImpl.java:77) ~[?:?]
	at jdk.internal.reflect.DelegatingMethodAccessorImpl.invoke(DelegatingMethodAccessorImpl.java:43) ~[?:?]
	at java.lang.reflect.Method.invoke(Method.java:568) ~[?:?]
	at org.springframework.beans.factory.support.SimpleInstantiationStrategy.instantiate(SimpleInstantiationStrategy.java:139) ~[spring-beans-6.0.8.jar:6.0.8]
	at org.springframework.beans.factory.support.ConstructorResolver.instantiate(ConstructorResolver.java:655) ~[spring-beans-6.0.8.jar:6.0.8]
	at org.springframework.beans.factory.support.ConstructorResolver.instantiateUsingFactoryMethod(ConstructorResolver.java:647) ~[spring-beans-6.0.8.jar:6.0.8]
	at org.springframework.beans.factory.support.AbstractAutowireCapableBeanFactory.instantiateUsingFactoryMethod(AbstractAutowireCapableBeanFactory.java:1332) ~[spring-beans-6.0.8.jar:6.0.8]
	at org.springframework.beans.factory.support.AbstractAutowireCapableBeanFactory.createBeanInstance(AbstractAutowireCapableBeanFactory.java:1162) ~[spring-beans-6.0.8.jar:6.0.8]
	at org.springframework.beans.factory.support.AbstractAutowireCapableBeanFactory.doCreateBean(AbstractAutowireCapableBeanFactory.java:560) ~[spring-beans-6.0.8.jar:6.0.8]
	at org.springframework.beans.factory.support.AbstractAutowireCapableBeanFactory.createBean(AbstractAutowireCapableBeanFactory.java:520) ~[spring-beans-6.0.8.jar:6.0.8]
	at org.springframework.beans.factory.support.AbstractBeanFactory.lambda$doGetBean$0(AbstractBeanFactory.java:326) ~[spring-beans-6.0.8.jar:6.0.8]
	at org.springframework.beans.factory.support.DefaultSingletonBeanRegistry.getSingleton(DefaultSingletonBeanRegistry.java:234) ~[spring-beans-6.0.8.jar:6.0.8]
	at org.springframework.beans.factory.support.AbstractBeanFactory.doGetBean(AbstractBeanFactory.java:324) ~[spring-beans-6.0.8.jar:6.0.8]
	at org.springframework.beans.factory.support.AbstractBeanFactory.getBean(AbstractBeanFactory.java:200) ~[spring-beans-6.0.8.jar:6.0.8]
	at org.springframework.beans.factory.config.DependencyDescriptor.resolveCandidate(DependencyDescriptor.java:254) ~[spring-beans-6.0.8.jar:6.0.8]
	at org.springframework.beans.factory.support.DefaultListableBeanFactory.addCandidateEntry(DefaultListableBeanFactory.java:1633) ~[spring-beans-6.0.8.jar:6.0.8]
	at org.springframework.beans.factory.support.DefaultListableBeanFactory.findAutowireCandidates(DefaultListableBeanFactory.java:1597) ~[spring-beans-6.0.8.jar:6.0.8]
	at org.springframework.beans.factory.support.DefaultListableBeanFactory.resolveMultipleBeans(DefaultListableBeanFactory.java:1488) ~[spring-beans-6.0.8.jar:6.0.8]
	at org.springframework.beans.factory.support.DefaultListableBeanFactory.doResolveDependency(DefaultListableBeanFactory.java:1375) ~[spring-beans-6.0.8.jar:6.0.8]
	at org.springframework.beans.factory.support.DefaultListableBeanFactory.resolveDependency(DefaultListableBeanFactory.java:1337) ~[spring-beans-6.0.8.jar:6.0.8]
	at org.springframework.beans.factory.annotation.AutowiredAnnotationBeanPostProcessor$AutowiredMethodElement.resolveMethodArguments(AutowiredAnnotationBeanPostProcessor.java:810) ~[spring-beans-6.0.8.jar:6.0.8]
	... 20 more
Caused by: org.springframework.beans.factory.BeanCreationException: Error creating bean with name 'requestMappingHandlerMapping' defined in class path resource [org/springframework/boot/autoconfigure/web/servlet/WebMvcAutoConfiguration$EnableWebMvcConfiguration.class]: Ambiguous mapping. Cannot map 'loginController' method 
com.nnk.springboot.controllers.LoginController#appLogout(Model, Principal, HttpServletRequest, HttpServletResponse)
to {POST [/app/app-logout]}: There is already 'loginController' bean method
com.nnk.springboot.controllers.LoginController#appLogoutPost(Model, Principal, HttpServletRequest, HttpServletResponse) mapped.
	at org.springframework.beans.factory.support.AbstractAutowireCapableBeanFactory.initializeBean(AbstractAutowireCapableBeanFactory.java:1770) ~[spring-beans-6.0.8.jar:6.0.8]
	at org.springframework.beans.factory.support.AbstractAutowireCapableBeanFactory.doCreateBean(AbstractAutowireCapableBeanFactory.java:598) ~[spring-beans-6.0.8.jar:6.0.8]
	at org.springframework.beans.factory.support.AbstractAutowireCapableBeanFactory.createBean(AbstractAutowireCapableBeanFactory.java:520) ~[spring-beans-6.0.8.jar:6.0.8]
	at org.springframework.beans.factory.support.AbstractBeanFactory.lambda$doGetBean$0(AbstractBeanFactory.java:326) ~[spring-beans-6.0.8.jar:6.0.8]
	at org.springframework.beans.factory.support.DefaultSingletonBeanRegistry.getSingleton(DefaultSingletonBeanRegistry.java:234) ~[spring-beans-6.0.8.jar:6.0.8]
	at org.springframework.beans.factory.support.AbstractBeanFactory.doGetBean(AbstractBeanFactory.java:324) ~[spring-beans-6.0.8.jar:6.0.8]
	at org.springframework.beans.factory.support.AbstractBeanFactory.getBean(AbstractBeanFactory.java:200) ~[spring-beans-6.0.8.jar:6.0.8]
	at org.springframework.beans.factory.support.DefaultListableBeanFactory.getBeansOfType(DefaultListableBeanFactory.java:663) ~[spring-beans-6.0.8.jar:6.0.8]
	at org.springframework.context.support.AbstractApplicationContext.getBeansOfType(AbstractApplicationContext.java:1286) ~[spring-context-6.0.8.jar:6.0.8]
	at org.springframework.beans.factory.BeanFactoryUtils.beansOfTypeIncludingAncestors(BeanFactoryUtils.java:368) ~[spring-beans-6.0.8.jar:6.0.8]
	at org.springframework.web.servlet.handler.HandlerMappingIntrospector.initHandlerMappings(HandlerMappingIntrospector.java:109) ~[spring-webmvc-6.0.8.jar:6.0.8]
	at org.springframework.web.servlet.handler.HandlerMappingIntrospector.afterPropertiesSet(HandlerMappingIntrospector.java:97) ~[spring-webmvc-6.0.8.jar:6.0.8]
	at org.springframework.beans.factory.support.AbstractAutowireCapableBeanFactory.invokeInitMethods(AbstractAutowireCapableBeanFactory.java:1816) ~[spring-beans-6.0.8.jar:6.0.8]
	at org.springframework.beans.factory.support.AbstractAutowireCapableBeanFactory.initializeBean(AbstractAutowireCapableBeanFactory.java:1766) ~[spring-beans-6.0.8.jar:6.0.8]
	at org.springframework.beans.factory.support.AbstractAutowireCapableBeanFactory.doCreateBean(AbstractAutowireCapableBeanFactory.java:598) ~[spring-beans-6.0.8.jar:6.0.8]
	at org.springframework.beans.factory.support.AbstractAutowireCapableBeanFactory.createBean(AbstractAutowireCapableBeanFactory.java:520) ~[spring-beans-6.0.8.jar:6.0.8]
	at org.springframework.beans.factory.support.AbstractBeanFactory.lambda$doGetBean$0(AbstractBeanFactory.java:326) ~[spring-beans-6.0.8.jar:6.0.8]
	at org.springframework.beans.factory.support.DefaultSingletonBeanRegistry.getSingleton(DefaultSingletonBeanRegistry.java:234) ~[spring-beans-6.0.8.jar:6.0.8]
	at org.springframework.beans.factory.support.AbstractBeanFactory.doGetBean(AbstractBeanFactory.java:324) ~[spring-beans-6.0.8.jar:6.0.8]
	at org.springframework.beans.factory.support.AbstractBeanFactory.getBean(AbstractBeanFactory.java:205) ~[spring-beans-6.0.8.jar:6.0.8]
	at org.springframework.context.support.AbstractApplicationContext.getBean(AbstractApplicationContext.java:1138) ~[spring-context-6.0.8.jar:6.0.8]
	at org.springframework.security.config.annotation.web.AbstractRequestMatcherRegistry.createMvcMatchers(AbstractRequestMatcherRegistry.java:106) ~[spring-security-config-6.0.3.jar:6.0.3]
	at org.springframework.security.config.annotation.web.AbstractRequestMatcherRegistry.requestMatchers(AbstractRequestMatcherRegistry.java:184) ~[spring-security-config-6.0.3.jar:6.0.3]
	at org.springframework.security.config.annotation.web.AbstractRequestMatcherRegistry.requestMatchers(AbstractRequestMatcherRegistry.java:211) ~[spring-security-config-6.0.3.jar:6.0.3]
	at com.nnk.springboot.configuration.SpringSecurityConfig.lambda$0(SpringSecurityConfig.java:28) ~[classes/:?]
	at org.springframework.security.config.annotation.web.builders.HttpSecurity.authorizeHttpRequests(HttpSecurity.java:1424) ~[spring-security-config-6.0.3.jar:6.0.3]
	at com.nnk.springboot.configuration.SpringSecurityConfig.filterChain(SpringSecurityConfig.java:27) ~[classes/:?]
	at com.nnk.springboot.configuration.SpringSecurityConfig$$SpringCGLIB$$0.CGLIB$filterChain$1(<generated>) ~[classes/:?]
	at com.nnk.springboot.configuration.SpringSecurityConfig$$SpringCGLIB$$2.invoke(<generated>) ~[classes/:?]
	at org.springframework.cglib.proxy.MethodProxy.invokeSuper(MethodProxy.java:258) ~[spring-core-6.0.8.jar:6.0.8]
	at org.springframework.context.annotation.ConfigurationClassEnhancer$BeanMethodInterceptor.intercept(ConfigurationClassEnhancer.java:331) ~[spring-context-6.0.8.jar:6.0.8]
	at com.nnk.springboot.configuration.SpringSecurityConfig$$SpringCGLIB$$0.filterChain(<generated>) ~[classes/:?]
	at jdk.internal.reflect.NativeMethodAccessorImpl.invoke0(Native Method) ~[?:?]
	at jdk.internal.reflect.NativeMethodAccessorImpl.invoke(NativeMethodAccessorImpl.java:77) ~[?:?]
	at jdk.internal.reflect.DelegatingMethodAccessorImpl.invoke(DelegatingMethodAccessorImpl.java:43) ~[?:?]
	at java.lang.reflect.Method.invoke(Method.java:568) ~[?:?]
	at org.springframework.beans.factory.support.SimpleInstantiationStrategy.instantiate(SimpleInstantiationStrategy.java:139) ~[spring-beans-6.0.8.jar:6.0.8]
	at org.springframework.beans.factory.support.ConstructorResolver.instantiate(ConstructorResolver.java:655) ~[spring-beans-6.0.8.jar:6.0.8]
	at org.springframework.beans.factory.support.ConstructorResolver.instantiateUsingFactoryMethod(ConstructorResolver.java:647) ~[spring-beans-6.0.8.jar:6.0.8]
	at org.springframework.beans.factory.support.AbstractAutowireCapableBeanFactory.instantiateUsingFactoryMethod(AbstractAutowireCapableBeanFactory.java:1332) ~[spring-beans-6.0.8.jar:6.0.8]
	at org.springframework.beans.factory.support.AbstractAutowireCapableBeanFactory.createBeanInstance(AbstractAutowireCapableBeanFactory.java:1162) ~[spring-beans-6.0.8.jar:6.0.8]
	at org.springframework.beans.factory.support.AbstractAutowireCapableBeanFactory.doCreateBean(AbstractAutowireCapableBeanFactory.java:560) ~[spring-beans-6.0.8.jar:6.0.8]
	at org.springframework.beans.factory.support.AbstractAutowireCapableBeanFactory.createBean(AbstractAutowireCapableBeanFactory.java:520) ~[spring-beans-6.0.8.jar:6.0.8]
	at org.springframework.beans.factory.support.AbstractBeanFactory.lambda$doGetBean$0(AbstractBeanFactory.java:326) ~[spring-beans-6.0.8.jar:6.0.8]
	at org.springframework.beans.factory.support.DefaultSingletonBeanRegistry.getSingleton(DefaultSingletonBeanRegistry.java:234) ~[spring-beans-6.0.8.jar:6.0.8]
	at org.springframework.beans.factory.support.AbstractBeanFactory.doGetBean(AbstractBeanFactory.java:324) ~[spring-beans-6.0.8.jar:6.0.8]
	at org.springframework.beans.factory.support.AbstractBeanFactory.getBean(AbstractBeanFactory.java:200) ~[spring-beans-6.0.8.jar:6.0.8]
	at org.springframework.beans.factory.config.DependencyDescriptor.resolveCandidate(DependencyDescriptor.java:254) ~[spring-beans-6.0.8.jar:6.0.8]
	at org.springframework.beans.factory.support.DefaultListableBeanFactory.addCandidateEntry(DefaultListableBeanFactory.java:1633) ~[spring-beans-6.0.8.jar:6.0.8]
	at org.springframework.beans.factory.support.DefaultListableBeanFactory.findAutowireCandidates(DefaultListableBeanFactory.java:1597) ~[spring-beans-6.0.8.jar:6.0.8]
	at org.springframework.beans.factory.support.DefaultListableBeanFactory.resolveMultipleBeans(DefaultListableBeanFactory.java:1488) ~[spring-beans-6.0.8.jar:6.0.8]
	at org.springframework.beans.factory.support.DefaultListableBeanFactory.doResolveDependency(DefaultListableBeanFactory.java:1375) ~[spring-beans-6.0.8.jar:6.0.8]
	at org.springframework.beans.factory.support.DefaultListableBeanFactory.resolveDependency(DefaultListableBeanFactory.java:1337) ~[spring-beans-6.0.8.jar:6.0.8]
	at org.springframework.beans.factory.annotation.AutowiredAnnotationBeanPostProcessor$AutowiredMethodElement.resolveMethodArguments(AutowiredAnnotationBeanPostProcessor.java:810) ~[spring-beans-6.0.8.jar:6.0.8]
	... 20 more
Caused by: java.lang.IllegalStateException: Ambiguous mapping. Cannot map 'loginController' method 
com.nnk.springboot.controllers.LoginController#appLogout(Model, Principal, HttpServletRequest, HttpServletResponse)
to {POST [/app/app-logout]}: There is already 'loginController' bean method
com.nnk.springboot.controllers.LoginController#appLogoutPost(Model, Principal, HttpServletRequest, HttpServletResponse) mapped.
	at org.springframework.web.servlet.handler.AbstractHandlerMethodMapping$MappingRegistry.validateMethodMapping(AbstractHandlerMethodMapping.java:667) ~[spring-webmvc-6.0.8.jar:6.0.8]
	at org.springframework.web.servlet.handler.AbstractHandlerMethodMapping$MappingRegistry.register(AbstractHandlerMethodMapping.java:633) ~[spring-webmvc-6.0.8.jar:6.0.8]
	at org.springframework.web.servlet.handler.AbstractHandlerMethodMapping.registerHandlerMethod(AbstractHandlerMethodMapping.java:331) ~[spring-webmvc-6.0.8.jar:6.0.8]
	at org.springframework.web.servlet.mvc.method.annotation.RequestMappingHandlerMapping.registerHandlerMethod(RequestMappingHandlerMapping.java:438) ~[spring-webmvc-6.0.8.jar:6.0.8]
	at org.springframework.web.servlet.mvc.method.annotation.RequestMappingHandlerMapping.registerHandlerMethod(RequestMappingHandlerMapping.java:76) ~[spring-webmvc-6.0.8.jar:6.0.8]
	at org.springframework.web.servlet.handler.AbstractHandlerMethodMapping.lambda$detectHandlerMethods$2(AbstractHandlerMethodMapping.java:298) ~[spring-webmvc-6.0.8.jar:6.0.8]
	at java.util.LinkedHashMap.forEach(LinkedHashMap.java:721) ~[?:?]
	at org.springframework.web.servlet.handler.AbstractHandlerMethodMapping.detectHandlerMethods(AbstractHandlerMethodMapping.java:296) ~[spring-webmvc-6.0.8.jar:6.0.8]
	at org.springframework.web.servlet.handler.AbstractHandlerMethodMapping.processCandidateBean(AbstractHandlerMethodMapping.java:265) ~[spring-webmvc-6.0.8.jar:6.0.8]
	at org.springframework.web.servlet.handler.AbstractHandlerMethodMapping.initHandlerMethods(AbstractHandlerMethodMapping.java:224) ~[spring-webmvc-6.0.8.jar:6.0.8]
	at org.springframework.web.servlet.handler.AbstractHandlerMethodMapping.afterPropertiesSet(AbstractHandlerMethodMapping.java:212) ~[spring-webmvc-6.0.8.jar:6.0.8]
	at org.springframework.web.servlet.mvc.method.annotation.RequestMappingHandlerMapping.afterPropertiesSet(RequestMappingHandlerMapping.java:225) ~[spring-webmvc-6.0.8.jar:6.0.8]
	at org.springframework.beans.factory.support.AbstractAutowireCapableBeanFactory.invokeInitMethods(AbstractAutowireCapableBeanFactory.java:1816) ~[spring-beans-6.0.8.jar:6.0.8]
	at org.springframework.beans.factory.support.AbstractAutowireCapableBeanFactory.initializeBean(AbstractAutowireCapableBeanFactory.java:1766) ~[spring-beans-6.0.8.jar:6.0.8]
	at org.springframework.beans.factory.support.AbstractAutowireCapableBeanFactory.doCreateBean(AbstractAutowireCapableBeanFactory.java:598) ~[spring-beans-6.0.8.jar:6.0.8]
	at org.springframework.beans.factory.support.AbstractAutowireCapableBeanFactory.createBean(AbstractAutowireCapableBeanFactory.java:520) ~[spring-beans-6.0.8.jar:6.0.8]
	at org.springframework.beans.factory.support.AbstractBeanFactory.lambda$doGetBean$0(AbstractBeanFactory.java:326) ~[spring-beans-6.0.8.jar:6.0.8]
	at org.springframework.beans.factory.support.DefaultSingletonBeanRegistry.getSingleton(DefaultSingletonBeanRegistry.java:234) ~[spring-beans-6.0.8.jar:6.0.8]
	at org.springframework.beans.factory.support.AbstractBeanFactory.doGetBean(AbstractBeanFactory.java:324) ~[spring-beans-6.0.8.jar:6.0.8]
	at org.springframework.beans.factory.support.AbstractBeanFactory.getBean(AbstractBeanFactory.java:200) ~[spring-beans-6.0.8.jar:6.0.8]
	at org.springframework.beans.factory.support.DefaultListableBeanFactory.getBeansOfType(DefaultListableBeanFactory.java:663) ~[spring-beans-6.0.8.jar:6.0.8]
	at org.springframework.context.support.AbstractApplicationContext.getBeansOfType(AbstractApplicationContext.java:1286) ~[spring-context-6.0.8.jar:6.0.8]
	at org.springframework.beans.factory.BeanFactoryUtils.beansOfTypeIncludingAncestors(BeanFactoryUtils.java:368) ~[spring-beans-6.0.8.jar:6.0.8]
	at org.springframework.web.servlet.handler.HandlerMappingIntrospector.initHandlerMappings(HandlerMappingIntrospector.java:109) ~[spring-webmvc-6.0.8.jar:6.0.8]
	at org.springframework.web.servlet.handler.HandlerMappingIntrospector.afterPropertiesSet(HandlerMappingIntrospector.java:97) ~[spring-webmvc-6.0.8.jar:6.0.8]
	at org.springframework.beans.factory.support.AbstractAutowireCapableBeanFactory.invokeInitMethods(AbstractAutowireCapableBeanFactory.java:1816) ~[spring-beans-6.0.8.jar:6.0.8]
	at org.springframework.beans.factory.support.AbstractAutowireCapableBeanFactory.initializeBean(AbstractAutowireCapableBeanFactory.java:1766) ~[spring-beans-6.0.8.jar:6.0.8]
	at org.springframework.beans.factory.support.AbstractAutowireCapableBeanFactory.doCreateBean(AbstractAutowireCapableBeanFactory.java:598) ~[spring-beans-6.0.8.jar:6.0.8]
	at org.springframework.beans.factory.support.AbstractAutowireCapableBeanFactory.createBean(AbstractAutowireCapableBeanFactory.java:520) ~[spring-beans-6.0.8.jar:6.0.8]
	at org.springframework.beans.factory.support.AbstractBeanFactory.lambda$doGetBean$0(AbstractBeanFactory.java:326) ~[spring-beans-6.0.8.jar:6.0.8]
	at org.springframework.beans.factory.support.DefaultSingletonBeanRegistry.getSingleton(DefaultSingletonBeanRegistry.java:234) ~[spring-beans-6.0.8.jar:6.0.8]
	at org.springframework.beans.factory.support.AbstractBeanFactory.doGetBean(AbstractBeanFactory.java:324) ~[spring-beans-6.0.8.jar:6.0.8]
	at org.springframework.beans.factory.support.AbstractBeanFactory.getBean(AbstractBeanFactory.java:205) ~[spring-beans-6.0.8.jar:6.0.8]
	at org.springframework.context.support.AbstractApplicationContext.getBean(AbstractApplicationContext.java:1138) ~[spring-context-6.0.8.jar:6.0.8]
	at org.springframework.security.config.annotation.web.AbstractRequestMatcherRegistry.createMvcMatchers(AbstractRequestMatcherRegistry.java:106) ~[spring-security-config-6.0.3.jar:6.0.3]
	at org.springframework.security.config.annotation.web.AbstractRequestMatcherRegistry.requestMatchers(AbstractRequestMatcherRegistry.java:184) ~[spring-security-config-6.0.3.jar:6.0.3]
	at org.springframework.security.config.annotation.web.AbstractRequestMatcherRegistry.requestMatchers(AbstractRequestMatcherRegistry.java:211) ~[spring-security-config-6.0.3.jar:6.0.3]
	at com.nnk.springboot.configuration.SpringSecurityConfig.lambda$0(SpringSecurityConfig.java:28) ~[classes/:?]
	at org.springframework.security.config.annotation.web.builders.HttpSecurity.authorizeHttpRequests(HttpSecurity.java:1424) ~[spring-security-config-6.0.3.jar:6.0.3]
	at com.nnk.springboot.configuration.SpringSecurityConfig.filterChain(SpringSecurityConfig.java:27) ~[classes/:?]
	at com.nnk.springboot.configuration.SpringSecurityConfig$$SpringCGLIB$$0.CGLIB$filterChain$1(<generated>) ~[classes/:?]
	at com.nnk.springboot.configuration.SpringSecurityConfig$$SpringCGLIB$$2.invoke(<generated>) ~[classes/:?]
	at org.springframework.cglib.proxy.MethodProxy.invokeSuper(MethodProxy.java:258) ~[spring-core-6.0.8.jar:6.0.8]
	at org.springframework.context.annotation.ConfigurationClassEnhancer$BeanMethodInterceptor.intercept(ConfigurationClassEnhancer.java:331) ~[spring-context-6.0.8.jar:6.0.8]
	at com.nnk.springboot.configuration.SpringSecurityConfig$$SpringCGLIB$$0.filterChain(<generated>) ~[classes/:?]
	at jdk.internal.reflect.NativeMethodAccessorImpl.invoke0(Native Method) ~[?:?]
	at jdk.internal.reflect.NativeMethodAccessorImpl.invoke(NativeMethodAccessorImpl.java:77) ~[?:?]
	at jdk.internal.reflect.DelegatingMethodAccessorImpl.invoke(DelegatingMethodAccessorImpl.java:43) ~[?:?]
	at java.lang.reflect.Method.invoke(Method.java:568) ~[?:?]
	at org.springframework.beans.factory.support.SimpleInstantiationStrategy.instantiate(SimpleInstantiationStrategy.java:139) ~[spring-beans-6.0.8.jar:6.0.8]
	at org.springframework.beans.factory.support.ConstructorResolver.instantiate(ConstructorResolver.java:655) ~[spring-beans-6.0.8.jar:6.0.8]
	at org.springframework.beans.factory.support.ConstructorResolver.instantiateUsingFactoryMethod(ConstructorResolver.java:647) ~[spring-beans-6.0.8.jar:6.0.8]
	at org.springframework.beans.factory.support.AbstractAutowireCapableBeanFactory.instantiateUsingFactoryMethod(AbstractAutowireCapableBeanFactory.java:1332) ~[spring-beans-6.0.8.jar:6.0.8]
	at org.springframework.beans.factory.support.AbstractAutowireCapableBeanFactory.createBeanInstance(AbstractAutowireCapableBeanFactory.java:1162) ~[spring-beans-6.0.8.jar:6.0.8]
	at org.springframework.beans.factory.support.AbstractAutowireCapableBeanFactory.doCreateBean(AbstractAutowireCapableBeanFactory.java:560) ~[spring-beans-6.0.8.jar:6.0.8]
	at org.springframework.beans.factory.support.AbstractAutowireCapableBeanFactory.createBean(AbstractAutowireCapableBeanFactory.java:520) ~[spring-beans-6.0.8.jar:6.0.8]
	at org.springframework.beans.factory.support.AbstractBeanFactory.lambda$doGetBean$0(AbstractBeanFactory.java:326) ~[spring-beans-6.0.8.jar:6.0.8]
	at org.springframework.beans.factory.support.DefaultSingletonBeanRegistry.getSingleton(DefaultSingletonBeanRegistry.java:234) ~[spring-beans-6.0.8.jar:6.0.8]
	at org.springframework.beans.factory.support.AbstractBeanFactory.doGetBean(AbstractBeanFactory.java:324) ~[spring-beans-6.0.8.jar:6.0.8]
	at org.springframework.beans.factory.support.AbstractBeanFactory.getBean(AbstractBeanFactory.java:200) ~[spring-beans-6.0.8.jar:6.0.8]
	at org.springframework.beans.factory.config.DependencyDescriptor.resolveCandidate(DependencyDescriptor.java:254) ~[spring-beans-6.0.8.jar:6.0.8]
	at org.springframework.beans.factory.support.DefaultListableBeanFactory.addCandidateEntry(DefaultListableBeanFactory.java:1633) ~[spring-beans-6.0.8.jar:6.0.8]
	at org.springframework.beans.factory.support.DefaultListableBeanFactory.findAutowireCandidates(DefaultListableBeanFactory.java:1597) ~[spring-beans-6.0.8.jar:6.0.8]
	at org.springframework.beans.factory.support.DefaultListableBeanFactory.resolveMultipleBeans(DefaultListableBeanFactory.java:1488) ~[spring-beans-6.0.8.jar:6.0.8]
	at org.springframework.beans.factory.support.DefaultListableBeanFactory.doResolveDependency(DefaultListableBeanFactory.java:1375) ~[spring-beans-6.0.8.jar:6.0.8]
	at org.springframework.beans.factory.support.DefaultListableBeanFactory.resolveDependency(DefaultListableBeanFactory.java:1337) ~[spring-beans-6.0.8.jar:6.0.8]
	at org.springframework.beans.factory.annotation.AutowiredAnnotationBeanPostProcessor$AutowiredMethodElement.resolveMethodArguments(AutowiredAnnotationBeanPostProcessor.java:810) ~[spring-beans-6.0.8.jar:6.0.8]
	... 20 more
2024-02-11 21:36:14 [background-preinit] INFO  o.h.v.i.u.Version                                  - HV000001: Hibernate Validator 8.0.0.Final
2024-02-11 21:36:14 [main] INFO  c.n.s.Application                                  - Starting Application using Java 17.0.9 with PID 8128 (C:\Users\kls_k\OneDrive\Claudiu - hors connexion\WorkJavaVisualCode\CompletBackend\JavaDA_PROJECT7_RESTAPI\Poseiden-skeleton\target\classes started by kls_k in C:\Users\kls_k\OneDrive\Claudiu - hors connexion\WorkJavaVisualCode\CompletBackend\JavaDA_PROJECT7_RESTAPI\Poseiden-skeleton\src\main\java\com\nnk\springboot\controllers)
2024-02-11 21:36:14 [main] INFO  c.n.s.Application                                  - No active profile set, falling back to 1 default profile: "default"
2024-02-11 21:36:15 [main] INFO  o.s.d.r.c.RepositoryConfigurationDelegate          - Bootstrapping Spring Data JPA repositories in DEFAULT mode.
2024-02-11 21:36:15 [main] INFO  o.s.d.r.c.RepositoryConfigurationDelegate          - Finished Spring Data repository scanning in 59 ms. Found 6 JPA repository interfaces.
2024-02-11 21:36:16 [main] INFO  o.s.b.w.e.t.TomcatWebServer                        - Tomcat initialized with port(s): 8080 (http)
2024-02-11 21:36:16 [main] INFO  o.a.c.h.Http11NioProtocol                          - Initializing ProtocolHandler ["http-nio-8080"]
2024-02-11 21:36:16 [main] INFO  o.a.c.c.StandardService                            - Starting service [Tomcat]
2024-02-11 21:36:16 [main] INFO  o.a.c.c.StandardEngine                             - Starting Servlet engine: [Apache Tomcat/10.1.8]
2024-02-11 21:36:16 [main] INFO  o.a.c.c.C.[.[.[/]                                  - Initializing Spring embedded WebApplicationContext
2024-02-11 21:36:16 [main] INFO  o.s.b.w.s.c.ServletWebServerApplicationContext     - Root WebApplicationContext: initialization completed in 1511 ms
2024-02-11 21:36:16 [main] INFO  c.z.h.HikariDataSource                             - HikariPool-1 - Starting...
2024-02-11 21:36:16 [main] INFO  c.z.h.p.HikariPool                                 - HikariPool-1 - Added connection com.mysql.cj.jdbc.ConnectionImpl@58164e9a
2024-02-11 21:36:16 [main] INFO  c.z.h.HikariDataSource                             - HikariPool-1 - Start completed.
2024-02-11 21:36:16 [main] INFO  o.h.j.i.u.LogHelper                                - HHH000204: Processing PersistenceUnitInfo [name: default]
2024-02-11 21:36:16 [main] INFO  o.h.Version                                        - HHH000412: Hibernate ORM core version 6.1.7.Final
2024-02-11 21:36:17 [main] INFO  SQL dialect                                        - HHH000400: Using dialect: org.hibernate.dialect.MySQLDialect
2024-02-11 21:36:17 [main] INFO  o.h.e.t.j.p.i.JtaPlatformInitiator                 - HHH000490: Using JtaPlatform implementation: [org.hibernate.engine.transaction.jta.platform.internal.NoJtaPlatform]
2024-02-11 21:36:17 [main] INFO  o.s.o.j.LocalContainerEntityManagerFactoryBean     - Initialized JPA EntityManagerFactory for persistence unit 'default'
2024-02-11 21:36:18 [main] WARN  o.s.b.a.o.j.JpaBaseConfiguration$JpaWebConfiguration - spring.jpa.open-in-view is enabled by default. Therefore, database queries may be performed during view rendering. Explicitly configure spring.jpa.open-in-view to disable this warning
2024-02-11 21:36:18 [main] INFO  o.s.s.w.DefaultSecurityFilterChain                 - Will secure any request with [org.springframework.security.web.session.DisableEncodeUrlFilter@54fbaa65, org.springframework.security.web.context.request.async.WebAsyncManagerIntegrationFilter@48e3017a, org.springframework.security.web.context.SecurityContextHolderFilter@33efa7d4, org.springframework.security.web.header.HeaderWriterFilter@481f698f, org.springframework.security.web.csrf.CsrfFilter@76c2d002, org.springframework.security.web.authentication.logout.LogoutFilter@3bf4b018, org.springframework.security.web.authentication.UsernamePasswordAuthenticationFilter@d408c5d, org.springframework.security.web.savedrequest.RequestCacheAwareFilter@356cb230, org.springframework.security.web.servletapi.SecurityContextHolderAwareRequestFilter@50b78155, org.springframework.security.web.authentication.AnonymousAuthenticationFilter@4a937d43, org.springframework.security.web.access.ExceptionTranslationFilter@4b99f2ed, org.springframework.security.web.access.intercept.AuthorizationFilter@178617da]
2024-02-11 21:36:18 [main] INFO  o.a.c.h.Http11NioProtocol                          - Starting ProtocolHandler ["http-nio-8080"]
2024-02-11 21:36:18 [main] INFO  o.s.b.w.e.t.TomcatWebServer                        - Tomcat started on port(s): 8080 (http) with context path ''
2024-02-11 21:36:18 [main] INFO  c.n.s.Application                                  - Started Application in 4.675 seconds (process running for 7.975)
2024-02-11 21:36:25 [http-nio-8080-exec-2] INFO  o.a.c.c.C.[.[.[/]                                  - Initializing Spring DispatcherServlet 'dispatcherServlet'
2024-02-11 21:36:25 [http-nio-8080-exec-2] INFO  o.s.w.s.DispatcherServlet                          - Initializing Servlet 'dispatcherServlet'
2024-02-11 21:36:25 [http-nio-8080-exec-2] INFO  o.s.w.s.DispatcherServlet                          - Completed initialization in 1 ms
2024-02-11 21:36:25 [http-nio-8080-exec-3] INFO  c.n.s.c.LoginController                            - URI active : /login Code response : 200 OK
2024-02-11 21:36:32 [http-nio-8080-exec-5] DEBUG c.n.s.s.UsersService                               - Request URL: http://localhost:8080/app/login List of users is : [com.nnk.springboot.domain.Users@7a60074b, com.nnk.springboot.domain.Users@14ba3fd]
2024-02-11 21:36:32 [http-nio-8080-exec-5] DEBUG c.n.s.s.UsersService                               - Request URL: http://localhost:8080/app/login User name is : admin Administrator demo9
2024-02-11 21:36:32 [http-nio-8080-exec-5] DEBUG c.n.s.s.MyUserDetailService                        - Request URL: http://localhost:8080/app/login User Name is : admin
2024-02-11 21:36:32 [http-nio-8080-exec-5] DEBUG c.n.s.s.MyUserDetailService                        - Request URL: http://localhost:8080/app/login The user name : admin Administrator demo9 has the authoritie ADMIN
2024-02-11 21:36:32 [http-nio-8080-exec-10] INFO  c.n.s.c.LoginController                            - User name : admin
Request Method: <[GET]> /app/login/ok
Request URL: http://localhost:8080/app/login/ok
Response Code :  200 OK
2024-02-11 21:36:39 [http-nio-8080-exec-8] INFO  c.n.s.c.BidListController                          - User name : admin
Request Method: <[GET]> /bidList/list
Request URL: http://localhost:8080/bidList/list
Response Code :  200 OK
2024-02-11 21:36:45 [http-nio-8080-exec-9] INFO  c.n.s.c.LoginController                            - User name : admin
Request Method: <[POST]> /app/app-logout
Request URL: http://localhost:8080/app/app-logout
Response Code :  200 OK
2024-02-11 21:36:51 [http-nio-8080-exec-2] INFO  c.n.s.c.BidListController                          - User name : admin
Request Method: <[GET]> /bidList/list
Request URL: http://localhost:8080/bidList/list
Response Code :  200 OK
2024-02-12 07:31:23 [background-preinit] INFO  o.h.v.i.u.Version                                  - HV000001: Hibernate Validator 8.0.0.Final
2024-02-12 07:31:23 [main] INFO  c.n.s.Application                                  - Starting Application using Java 17.0.9 with PID 20752 (C:\Users\kls_k\OneDrive\Claudiu - hors connexion\WorkJavaVisualCode\CompletBackend\JavaDA_PROJECT7_RESTAPI\Poseiden-skeleton\target\classes started by kls_k in C:\Users\kls_k\OneDrive\Claudiu - hors connexion\WorkJavaVisualCode\CompletBackend\JavaDA_PROJECT7_RESTAPI\Poseiden-skeleton\src\main\java\com\nnk\springboot\controllers)
2024-02-12 07:31:23 [main] INFO  c.n.s.Application                                  - No active profile set, falling back to 1 default profile: "default"
2024-02-12 07:31:23 [main] INFO  o.s.d.r.c.RepositoryConfigurationDelegate          - Bootstrapping Spring Data JPA repositories in DEFAULT mode.
2024-02-12 07:31:24 [main] INFO  o.s.d.r.c.RepositoryConfigurationDelegate          - Finished Spring Data repository scanning in 91 ms. Found 6 JPA repository interfaces.
2024-02-12 07:31:24 [main] INFO  o.s.b.w.e.t.TomcatWebServer                        - Tomcat initialized with port(s): 8080 (http)
2024-02-12 07:31:24 [main] INFO  o.a.c.h.Http11NioProtocol                          - Initializing ProtocolHandler ["http-nio-8080"]
2024-02-12 07:31:24 [main] INFO  o.a.c.c.StandardService                            - Starting service [Tomcat]
2024-02-12 07:31:24 [main] INFO  o.a.c.c.StandardEngine                             - Starting Servlet engine: [Apache Tomcat/10.1.8]
2024-02-12 07:31:25 [main] INFO  o.a.c.c.C.[.[.[/]                                  - Initializing Spring embedded WebApplicationContext
2024-02-12 07:31:25 [main] INFO  o.s.b.w.s.c.ServletWebServerApplicationContext     - Root WebApplicationContext: initialization completed in 1808 ms
2024-02-12 07:31:25 [main] INFO  c.z.h.HikariDataSource                             - HikariPool-1 - Starting...
2024-02-12 07:31:25 [main] INFO  c.z.h.p.HikariPool                                 - HikariPool-1 - Added connection com.mysql.cj.jdbc.ConnectionImpl@7871d261
2024-02-12 07:31:25 [main] INFO  c.z.h.HikariDataSource                             - HikariPool-1 - Start completed.
2024-02-12 07:31:25 [main] INFO  o.h.j.i.u.LogHelper                                - HHH000204: Processing PersistenceUnitInfo [name: default]
2024-02-12 07:31:25 [main] INFO  o.h.Version                                        - HHH000412: Hibernate ORM core version 6.1.7.Final
2024-02-12 07:31:26 [main] INFO  SQL dialect                                        - HHH000400: Using dialect: org.hibernate.dialect.MySQLDialect
2024-02-12 07:31:27 [main] INFO  o.h.e.t.j.p.i.JtaPlatformInitiator                 - HHH000490: Using JtaPlatform implementation: [org.hibernate.engine.transaction.jta.platform.internal.NoJtaPlatform]
2024-02-12 07:31:27 [main] INFO  o.s.o.j.LocalContainerEntityManagerFactoryBean     - Initialized JPA EntityManagerFactory for persistence unit 'default'
2024-02-12 07:31:28 [main] WARN  o.s.b.a.o.j.JpaBaseConfiguration$JpaWebConfiguration - spring.jpa.open-in-view is enabled by default. Therefore, database queries may be performed during view rendering. Explicitly configure spring.jpa.open-in-view to disable this warning
2024-02-12 07:31:29 [main] INFO  o.s.s.w.DefaultSecurityFilterChain                 - Will secure any request with [org.springframework.security.web.session.DisableEncodeUrlFilter@49bf5ec8, org.springframework.security.web.context.request.async.WebAsyncManagerIntegrationFilter@18174bd9, org.springframework.security.web.context.SecurityContextHolderFilter@61c11339, org.springframework.security.web.header.HeaderWriterFilter@356cb230, org.springframework.security.web.csrf.CsrfFilter@768f2398, org.springframework.security.web.authentication.logout.LogoutFilter@5af47414, org.springframework.security.web.authentication.UsernamePasswordAuthenticationFilter@48e3017a, org.springframework.security.web.savedrequest.RequestCacheAwareFilter@5d3d5242, org.springframework.security.web.servletapi.SecurityContextHolderAwareRequestFilter@1a5c0b8, org.springframework.security.web.authentication.AnonymousAuthenticationFilter@3af6d7a7, org.springframework.security.web.access.ExceptionTranslationFilter@33efa7d4, org.springframework.security.web.access.intercept.AuthorizationFilter@54fbaa65]
2024-02-12 07:31:29 [main] INFO  o.a.c.h.Http11NioProtocol                          - Starting ProtocolHandler ["http-nio-8080"]
2024-02-12 07:31:29 [main] INFO  o.s.b.w.e.t.TomcatWebServer                        - Tomcat started on port(s): 8080 (http) with context path ''
2024-02-12 07:31:29 [main] INFO  c.n.s.Application                                  - Started Application in 7.036 seconds (process running for 12.185)
2024-02-12 07:31:39 [http-nio-8080-exec-3] INFO  o.a.c.c.C.[.[.[/]                                  - Initializing Spring DispatcherServlet 'dispatcherServlet'
2024-02-12 07:31:39 [http-nio-8080-exec-3] INFO  o.s.w.s.DispatcherServlet                          - Initializing Servlet 'dispatcherServlet'
2024-02-12 07:31:39 [http-nio-8080-exec-3] INFO  o.s.w.s.DispatcherServlet                          - Completed initialization in 6 ms
2024-02-12 07:31:39 [http-nio-8080-exec-1] INFO  c.n.s.c.LoginController                            - URI active : /login Code response : 200 OK
2024-02-12 07:31:40 [http-nio-8080-exec-4] INFO  c.n.s.c.LoginController                            - URI active : /login Code response : 200 OK
2024-02-12 07:31:47 [http-nio-8080-exec-7] DEBUG c.n.s.s.UsersService                               - Request URL: http://localhost:8080/app/login List of users is : [com.nnk.springboot.domain.Users@4ea38d0e, com.nnk.springboot.domain.Users@7117a6f4, com.nnk.springboot.domain.Users@621d2837]
2024-02-12 07:31:47 [http-nio-8080-exec-7] DEBUG c.n.s.s.UsersService                               - Request URL: http://localhost:8080/app/login User name is : admin Administrator demo9
2024-02-12 07:31:47 [http-nio-8080-exec-7] DEBUG c.n.s.s.MyUserDetailService                        - Request URL: http://localhost:8080/app/login User Name is : admin
2024-02-12 07:31:47 [http-nio-8080-exec-7] DEBUG c.n.s.s.MyUserDetailService                        - Request URL: http://localhost:8080/app/login The user name : admin Administrator demo9 has the authoritie ADMIN
2024-02-12 07:31:47 [http-nio-8080-exec-5] INFO  c.n.s.c.LoginController                            - User name : admin
Request Method: <[GET]> /app/login/ok
Request URL: http://localhost:8080/app/login/ok
Response Code :  200 OK
2024-02-12 07:31:51 [http-nio-8080-exec-10] INFO  c.n.s.c.UserController                             - User name : admin
Request Method: <[GET]> /user/list
Request URL: http://localhost:8080/user/list
Response Code :  200 OK
2024-02-12 07:32:00 [http-nio-8080-exec-1] INFO  c.n.s.c.UserController                             - User name : admin
Request Method: <[GET]> /user/add
Request URL: http://localhost:8080/user/add
Response Code :  200 OK
2024-02-12 07:32:17 [http-nio-8080-exec-6] INFO  c.n.s.s.ValidInput                                 - Le mot de passe ne respecte pas les consignes
2024-02-12 07:32:17 [http-nio-8080-exec-6] INFO  c.n.s.c.UserController                             - User name : admin
Request Method: <[POST]> /user/validate
Request URL: http://localhost:8080/user/validate
Response Code :  200 OK
2024-02-12 07:32:47 [http-nio-8080-exec-7] INFO  c.n.s.s.ValidInput                                 - Le mot de passe a au moins 8 caractres ; il comporte au moins 1 majuscule et 1 chiffreet il a au moins un symbole (les chiffres + les lettres font moins que la totalit des caractres)
2024-02-12 07:32:47 [http-nio-8080-exec-7] INFO  c.n.s.c.UserController                             - User name : admin
Request Method: <[POST]> /user/validate
Request URL: http://localhost:8080/user/validate
Response Code :  201 CREATED
2024-02-12 07:32:47 [http-nio-8080-exec-5] INFO  c.n.s.c.UserController                             - User name : admin
Request Method: <[GET]> /user/list
Request URL: http://localhost:8080/user/list
Response Code :  200 OK
2024-02-12 18:14:51 [background-preinit] INFO  o.h.v.i.u.Version                                  - HV000001: Hibernate Validator 8.0.0.Final
2024-02-12 18:14:51 [main] INFO  c.n.s.Application                                  - Starting Application using Java 17.0.9 with PID 20836 (C:\Users\kls_k\OneDrive\Claudiu - hors connexion\WorkJavaVisualCode\CompletBackend\JavaDA_PROJECT7_RESTAPI\Poseiden-skeleton\target\classes started by kls_k in C:\Users\kls_k\OneDrive\Claudiu - hors connexion\WorkJavaVisualCode\CompletBackend\JavaDA_PROJECT7_RESTAPI\Poseiden-skeleton\src\main\java\com\nnk\springboot\controllers)
2024-02-12 18:14:51 [main] INFO  c.n.s.Application                                  - No active profile set, falling back to 1 default profile: "default"
2024-02-12 18:14:52 [main] INFO  o.s.d.r.c.RepositoryConfigurationDelegate          - Bootstrapping Spring Data JPA repositories in DEFAULT mode.
2024-02-12 18:14:52 [main] INFO  o.s.d.r.c.RepositoryConfigurationDelegate          - Finished Spring Data repository scanning in 88 ms. Found 6 JPA repository interfaces.
2024-02-12 18:14:53 [main] INFO  o.s.b.w.e.t.TomcatWebServer                        - Tomcat initialized with port(s): 8080 (http)
2024-02-12 18:14:53 [main] INFO  o.a.c.h.Http11NioProtocol                          - Initializing ProtocolHandler ["http-nio-8080"]
2024-02-12 18:14:53 [main] INFO  o.a.c.c.StandardService                            - Starting service [Tomcat]
2024-02-12 18:14:53 [main] INFO  o.a.c.c.StandardEngine                             - Starting Servlet engine: [Apache Tomcat/10.1.8]
2024-02-12 18:14:53 [main] INFO  o.a.c.c.C.[.[.[/]                                  - Initializing Spring embedded WebApplicationContext
2024-02-12 18:14:53 [main] INFO  o.s.b.w.s.c.ServletWebServerApplicationContext     - Root WebApplicationContext: initialization completed in 2040 ms
2024-02-12 18:14:54 [main] INFO  c.z.h.HikariDataSource                             - HikariPool-1 - Starting...
2024-02-12 18:14:54 [main] INFO  c.z.h.p.HikariPool                                 - HikariPool-1 - Added connection com.mysql.cj.jdbc.ConnectionImpl@5fb7ab9c
2024-02-12 18:14:54 [main] INFO  c.z.h.HikariDataSource                             - HikariPool-1 - Start completed.
2024-02-12 18:14:54 [main] INFO  o.h.j.i.u.LogHelper                                - HHH000204: Processing PersistenceUnitInfo [name: default]
2024-02-12 18:14:54 [main] INFO  o.h.Version                                        - HHH000412: Hibernate ORM core version 6.1.7.Final
2024-02-12 18:14:55 [main] INFO  SQL dialect                                        - HHH000400: Using dialect: org.hibernate.dialect.MySQLDialect
2024-02-12 18:14:56 [main] INFO  o.h.e.t.j.p.i.JtaPlatformInitiator                 - HHH000490: Using JtaPlatform implementation: [org.hibernate.engine.transaction.jta.platform.internal.NoJtaPlatform]
2024-02-12 18:14:56 [main] INFO  o.s.o.j.LocalContainerEntityManagerFactoryBean     - Initialized JPA EntityManagerFactory for persistence unit 'default'
2024-02-12 18:14:56 [main] WARN  o.s.b.a.o.j.JpaBaseConfiguration$JpaWebConfiguration - spring.jpa.open-in-view is enabled by default. Therefore, database queries may be performed during view rendering. Explicitly configure spring.jpa.open-in-view to disable this warning
2024-02-12 18:14:57 [main] INFO  o.s.s.w.DefaultSecurityFilterChain                 - Will secure any request with [org.springframework.security.web.session.DisableEncodeUrlFilter@4446a191, org.springframework.security.web.context.request.async.WebAsyncManagerIntegrationFilter@2ef812b, org.springframework.security.web.context.SecurityContextHolderFilter@10264cb0, org.springframework.security.web.header.HeaderWriterFilter@54fbaa65, org.springframework.security.web.csrf.CsrfFilter@7f97e963, org.springframework.security.web.authentication.logout.LogoutFilter@62eb918, org.springframework.security.web.authentication.UsernamePasswordAuthenticationFilter@3c7f8c25, org.springframework.security.web.savedrequest.RequestCacheAwareFilter@49bf5ec8, org.springframework.security.web.servletapi.SecurityContextHolderAwareRequestFilter@18174bd9, org.springframework.security.web.authentication.AnonymousAuthenticationFilter@5e0602ff, org.springframework.security.web.access.ExceptionTranslationFilter@7acf07b2, org.springframework.security.web.access.intercept.AuthorizationFilter@46e38c28]
2024-02-12 18:14:57 [main] INFO  o.a.c.h.Http11NioProtocol                          - Starting ProtocolHandler ["http-nio-8080"]
2024-02-12 18:14:57 [main] INFO  o.s.b.w.e.t.TomcatWebServer                        - Tomcat started on port(s): 8080 (http) with context path ''
2024-02-12 18:14:57 [main] INFO  c.n.s.Application                                  - Started Application in 6.313 seconds (process running for 9.528)
2024-02-12 18:15:04 [http-nio-8080-exec-1] INFO  o.a.c.c.C.[.[.[/]                                  - Initializing Spring DispatcherServlet 'dispatcherServlet'
2024-02-12 18:15:04 [http-nio-8080-exec-1] INFO  o.s.w.s.DispatcherServlet                          - Initializing Servlet 'dispatcherServlet'
2024-02-12 18:15:04 [http-nio-8080-exec-1] INFO  o.s.w.s.DispatcherServlet                          - Completed initialization in 1 ms
2024-02-12 18:15:04 [http-nio-8080-exec-3] INFO  c.n.s.c.LoginController                            - URI active : /login Code response : 200 OK
2024-02-12 18:15:05 [http-nio-8080-exec-4] INFO  c.n.s.c.LoginController                            - URI active : /login Code response : 200 OK
2024-02-12 18:15:12 [http-nio-8080-exec-6] DEBUG c.n.s.s.UsersService                               - Request URL: http://localhost:8080/app/login List of users is : [com.nnk.springboot.domain.Users@53c521d7, com.nnk.springboot.domain.Users@5326bb4e, com.nnk.springboot.domain.Users@30509b4a, com.nnk.springboot.domain.Users@5e73a228, com.nnk.springboot.domain.Users@47f9630f]
2024-02-12 18:15:12 [http-nio-8080-exec-6] DEBUG c.n.s.s.UsersService                               - Request URL: http://localhost:8080/app/login User name is : admin Administrator demo9
2024-02-12 18:15:12 [http-nio-8080-exec-6] DEBUG c.n.s.s.MyUserDetailService                        - Request URL: http://localhost:8080/app/login User Name is : admin
2024-02-12 18:15:12 [http-nio-8080-exec-6] DEBUG c.n.s.s.MyUserDetailService                        - Request URL: http://localhost:8080/app/login The user name : admin Administrator demo9 has the authoritie ADMIN
